[2025-01-12T19:08:16.782+0000] {taskinstance.py:1956} INFO - Dependencies all met for dep_context=non-requeueable deps ti=<TaskInstance: insert_date.sql_md_exchange_rate_d manual__2025-01-12T19:08:00.058404+00:00 [queued]>
[2025-01-12T19:08:16.799+0000] {taskinstance.py:1956} INFO - Dependencies all met for dep_context=requeueable deps ti=<TaskInstance: insert_date.sql_md_exchange_rate_d manual__2025-01-12T19:08:00.058404+00:00 [queued]>
[2025-01-12T19:08:16.800+0000] {taskinstance.py:2170} INFO - Starting attempt 1 of 3
[2025-01-12T19:08:17.006+0000] {taskinstance.py:2191} INFO - Executing <Task(SQLExecuteQueryOperator): sql_md_exchange_rate_d> on 2025-01-12 19:08:00.058404+00:00
[2025-01-12T19:08:17.015+0000] {standard_task_runner.py:60} INFO - Started process 6965 to run task
[2025-01-12T19:08:17.020+0000] {standard_task_runner.py:87} INFO - Running: ['***', 'tasks', 'run', 'insert_date', 'sql_md_exchange_rate_d', 'manual__2025-01-12T19:08:00.058404+00:00', '--job-id', '2647', '--raw', '--subdir', 'DAGS_FOLDER/insert_data.py', '--cfg-path', '/tmp/tmpxvwq8odd']
[2025-01-12T19:08:17.029+0000] {standard_task_runner.py:88} INFO - Job 2647: Subtask sql_md_exchange_rate_d
[2025-01-12T19:08:17.092+0000] {task_command.py:423} INFO - Running <TaskInstance: insert_date.sql_md_exchange_rate_d manual__2025-01-12T19:08:00.058404+00:00 [running]> on host 711845a6becd
[2025-01-12T19:08:17.202+0000] {taskinstance.py:2480} INFO - Exporting env vars: AIRFLOW_CTX_DAG_OWNER='budanovsa' AIRFLOW_CTX_DAG_ID='insert_date' AIRFLOW_CTX_TASK_ID='sql_md_exchange_rate_d' AIRFLOW_CTX_EXECUTION_DATE='2025-01-12T19:08:00.058404+00:00' AIRFLOW_CTX_TRY_NUMBER='1' AIRFLOW_CTX_DAG_RUN_ID='manual__2025-01-12T19:08:00.058404+00:00'
[2025-01-12T19:08:17.204+0000] {sql.py:276} INFO - Executing: INSERT INTO ds.md_exchange_rate_d( 
    data_actual_date
    ,data_actual_end_date
    ,currency_rk
	,reduced_cource
	,code_iso_num
)
SELECT distinct
    to_date(merd."DATA_ACTUAL_DATE", 'YYYY-mm-dd') as data_actual_date
    , to_date(merd."DATA_ACTUAL_END_DATE", 'YYYY-mm-dd') as data_actual_end_date
	, merd."CURRENCY_RK"
	, merd."REDUCED_COURCE"
	, merd."CODE_ISO_NUM"
FROM stage.md_exchange_rate_d merd
WHERE merd."DATA_ACTUAL_DATE" IS NOT NULL
   AND merd."CURRENCY_RK" IS NOT NULL
on conflict on constraint md_exchange_rate_d_pkey do update
	set data_actual_end_date=excluded.data_actual_end_date
		,reduced_cource=excluded.reduced_cource
		,code_iso_num=excluded.code_iso_num; 
[2025-01-12T19:08:17.215+0000] {base.py:83} INFO - Using connection ID 'postgres-db' for task execution.
[2025-01-12T19:08:17.226+0000] {base.py:83} INFO - Using connection ID 'postgres-db' for task execution.
[2025-01-12T19:08:17.409+0000] {sql.py:450} INFO - Running statement: INSERT INTO ds.md_exchange_rate_d( 
    data_actual_date
    ,data_actual_end_date
    ,currency_rk
	,reduced_cource
	,code_iso_num
)
SELECT distinct
    to_date(merd."DATA_ACTUAL_DATE", 'YYYY-mm-dd') as data_actual_date
    , to_date(merd."DATA_ACTUAL_END_DATE", 'YYYY-mm-dd') as data_actual_end_date
	, merd."CURRENCY_RK"
	, merd."REDUCED_COURCE"
	, merd."CODE_ISO_NUM"
FROM stage.md_exchange_rate_d merd
WHERE merd."DATA_ACTUAL_DATE" IS NOT NULL
   AND merd."CURRENCY_RK" IS NOT NULL
on conflict on constraint md_exchange_rate_d_pkey do update
	set data_actual_end_date=excluded.data_actual_end_date
		,reduced_cource=excluded.reduced_cource
		,code_iso_num=excluded.code_iso_num; , parameters: None
[2025-01-12T19:08:17.516+0000] {sql.py:459} INFO - Rows affected: 460
[2025-01-12T19:08:17.539+0000] {taskinstance.py:1138} INFO - Marking task as SUCCESS. dag_id=insert_date, task_id=sql_md_exchange_rate_d, execution_date=20250112T190800, start_date=20250112T190816, end_date=20250112T190817
[2025-01-12T19:08:17.544+0000] {base.py:83} INFO - Using connection ID 'postgres-db' for task execution.
[2025-01-12T19:08:17.626+0000] {sql.py:450} INFO - Running statement: 
        INSERT INTO log.logt (execution_datetime, event_datetime, event_name)
        VALUES ('2025-01-12 19:08:00.058404', '2025-01-12T19:08:17.540604', 'sql_md_exchange_rate_d');
    , parameters: None
[2025-01-12T19:08:17.632+0000] {sql.py:459} INFO - Rows affected: 1
[2025-01-12T19:08:17.714+0000] {local_task_job_runner.py:234} INFO - Task exited with return code 0
[2025-01-12T19:08:17.756+0000] {taskinstance.py:3280} INFO - 0 downstream tasks scheduled from follow-on schedule check
