[2025-01-12T16:51:24.553+0000] {taskinstance.py:1956} INFO - Dependencies all met for dep_context=non-requeueable deps ti=<TaskInstance: insert_date.sql_ft_posting_f manual__2025-01-12T16:51:14.106276+00:00 [queued]>
[2025-01-12T16:51:24.568+0000] {taskinstance.py:1956} INFO - Dependencies all met for dep_context=requeueable deps ti=<TaskInstance: insert_date.sql_ft_posting_f manual__2025-01-12T16:51:14.106276+00:00 [queued]>
[2025-01-12T16:51:24.569+0000] {taskinstance.py:2170} INFO - Starting attempt 1 of 3
[2025-01-12T16:51:24.961+0000] {taskinstance.py:2191} INFO - Executing <Task(SQLExecuteQueryOperator): sql_ft_posting_f> on 2025-01-12 16:51:14.106276+00:00
[2025-01-12T16:51:24.968+0000] {standard_task_runner.py:60} INFO - Started process 4274 to run task
[2025-01-12T16:51:24.973+0000] {standard_task_runner.py:87} INFO - Running: ['***', 'tasks', 'run', 'insert_date', 'sql_ft_posting_f', 'manual__2025-01-12T16:51:14.106276+00:00', '--job-id', '2413', '--raw', '--subdir', 'DAGS_FOLDER/insert_data.py', '--cfg-path', '/tmp/tmp_ekab6la']
[2025-01-12T16:51:24.976+0000] {standard_task_runner.py:88} INFO - Job 2413: Subtask sql_ft_posting_f
[2025-01-12T16:51:25.032+0000] {task_command.py:423} INFO - Running <TaskInstance: insert_date.sql_ft_posting_f manual__2025-01-12T16:51:14.106276+00:00 [running]> on host 711845a6becd
[2025-01-12T16:51:25.870+0000] {taskinstance.py:2480} INFO - Exporting env vars: AIRFLOW_CTX_DAG_OWNER='budanovsa' AIRFLOW_CTX_DAG_ID='insert_date' AIRFLOW_CTX_TASK_ID='sql_ft_posting_f' AIRFLOW_CTX_EXECUTION_DATE='2025-01-12T16:51:14.106276+00:00' AIRFLOW_CTX_TRY_NUMBER='1' AIRFLOW_CTX_DAG_RUN_ID='manual__2025-01-12T16:51:14.106276+00:00'
[2025-01-12T16:51:25.871+0000] {sql.py:276} INFO - Executing: truncate table ds.ft_posting_f;

INSERT INTO ds.ft_posting_f(
      credit_account_rk
    , debet_account_rk
    , credit_amount
    , debet_amount
    , oper_date
)
SELECT fpf."CREDIT_ACCOUNT_RK"
    , fpf."DEBET_ACCOUNT_RK" 
    , fpf."CREDIT_AMOUNT" 
    , fpf."DEBET_AMOUNT" 
    , to_date(fpf."OPER_DATE", 'dd.mm.YYYY') as oper_date
FROM stage.ft_posting_f fpf
 WHERE fpf."CREDIT_ACCOUNT_RK" IS NOT NULL
AND fpf."DEBET_ACCOUNT_RK" IS NOT NULL; 
[2025-01-12T16:51:25.881+0000] {base.py:83} INFO - Using connection ID 'postgres-db' for task execution.
[2025-01-12T16:51:25.895+0000] {base.py:83} INFO - Using connection ID 'postgres-db' for task execution.
[2025-01-12T16:51:25.970+0000] {sql.py:450} INFO - Running statement: truncate table ds.ft_posting_f;

INSERT INTO ds.ft_posting_f(
      credit_account_rk
    , debet_account_rk
    , credit_amount
    , debet_amount
    , oper_date
)
SELECT fpf."CREDIT_ACCOUNT_RK"
    , fpf."DEBET_ACCOUNT_RK" 
    , fpf."CREDIT_AMOUNT" 
    , fpf."DEBET_AMOUNT" 
    , to_date(fpf."OPER_DATE", 'dd.mm.YYYY') as oper_date
FROM stage.ft_posting_f fpf
 WHERE fpf."CREDIT_ACCOUNT_RK" IS NOT NULL
AND fpf."DEBET_ACCOUNT_RK" IS NOT NULL; , parameters: None
[2025-01-12T16:51:26.345+0000] {sql.py:459} INFO - Rows affected: 101676
[2025-01-12T16:51:26.362+0000] {taskinstance.py:1138} INFO - Marking task as SUCCESS. dag_id=insert_date, task_id=sql_ft_posting_f, execution_date=20250112T165114, start_date=20250112T165124, end_date=20250112T165126
[2025-01-12T16:51:26.365+0000] {base.py:83} INFO - Using connection ID 'postgres-db' for task execution.
[2025-01-12T16:51:26.401+0000] {sql.py:450} INFO - Running statement: 
        INSERT INTO log.logt (execution_datetime, event_datetime, event_name)
        VALUES ('2025-01-12 16:51:14.106276', '2025-01-12T16:51:26.363596', 'sql_ft_posting_f');
    , parameters: None
[2025-01-12T16:51:26.403+0000] {sql.py:459} INFO - Rows affected: 1
[2025-01-12T16:51:26.450+0000] {local_task_job_runner.py:234} INFO - Task exited with return code 0
[2025-01-12T16:51:26.467+0000] {taskinstance.py:3280} INFO - 0 downstream tasks scheduled from follow-on schedule check
