[2025-01-12T17:30:24.227+0000] {taskinstance.py:1956} INFO - Dependencies all met for dep_context=non-requeueable deps ti=<TaskInstance: insert_date.start_log manual__2025-01-12T17:30:21.502132+00:00 [queued]>
[2025-01-12T17:30:24.234+0000] {taskinstance.py:1956} INFO - Dependencies all met for dep_context=requeueable deps ti=<TaskInstance: insert_date.start_log manual__2025-01-12T17:30:21.502132+00:00 [queued]>
[2025-01-12T17:30:24.235+0000] {taskinstance.py:2170} INFO - Starting attempt 1 of 3
[2025-01-12T17:30:24.340+0000] {taskinstance.py:2191} INFO - Executing <Task(PythonOperator): start_log> on 2025-01-12 17:30:21.502132+00:00
[2025-01-12T17:30:24.344+0000] {standard_task_runner.py:60} INFO - Started process 5327 to run task
[2025-01-12T17:30:24.347+0000] {standard_task_runner.py:87} INFO - Running: ['***', 'tasks', 'run', 'insert_date', 'start_log', 'manual__2025-01-12T17:30:21.502132+00:00', '--job-id', '2577', '--raw', '--subdir', 'DAGS_FOLDER/insert_data.py', '--cfg-path', '/tmp/tmpqe1dydg2']
[2025-01-12T17:30:24.349+0000] {standard_task_runner.py:88} INFO - Job 2577: Subtask start_log
[2025-01-12T17:30:24.385+0000] {task_command.py:423} INFO - Running <TaskInstance: insert_date.start_log manual__2025-01-12T17:30:21.502132+00:00 [running]> on host 711845a6becd
[2025-01-12T17:30:24.456+0000] {taskinstance.py:2480} INFO - Exporting env vars: AIRFLOW_CTX_DAG_OWNER='budanovsa' AIRFLOW_CTX_DAG_ID='insert_date' AIRFLOW_CTX_TASK_ID='start_log' AIRFLOW_CTX_EXECUTION_DATE='2025-01-12T17:30:21.502132+00:00' AIRFLOW_CTX_TRY_NUMBER='1' AIRFLOW_CTX_DAG_RUN_ID='manual__2025-01-12T17:30:21.502132+00:00'
[2025-01-12T17:30:24.519+0000] {taskinstance.py:2698} ERROR - Task failed with exception
Traceback (most recent call last):
  File "/home/airflow/.local/lib/python3.8/site-packages/airflow/models/taskinstance.py", line 433, in _execute_task
    result = execute_callable(context=context, **execute_callable_kwargs)
  File "/home/airflow/.local/lib/python3.8/site-packages/airflow/operators/python.py", line 199, in execute
    return_value = self.execute_callable()
  File "/home/airflow/.local/lib/python3.8/site-packages/airflow/operators/python.py", line 216, in execute_callable
    return self.python_callable(*self.op_args, **self.op_kwargs)
  File "/opt/airflow/dags/insert_data.py", line 70, in start_log
    time.sleep(5)
AttributeError: 'builtin_function_or_method' object has no attribute 'sleep'
[2025-01-12T17:30:24.531+0000] {taskinstance.py:1138} INFO - Marking task as UP_FOR_RETRY. dag_id=insert_date, task_id=start_log, execution_date=20250112T173021, start_date=20250112T173024, end_date=20250112T173024
[2025-01-12T17:30:24.543+0000] {standard_task_runner.py:107} ERROR - Failed to execute job 2577 for task start_log ('builtin_function_or_method' object has no attribute 'sleep'; 5327)
[2025-01-12T17:30:24.559+0000] {local_task_job_runner.py:234} INFO - Task exited with return code 1
[2025-01-12T17:30:24.594+0000] {taskinstance.py:3280} INFO - 0 downstream tasks scheduled from follow-on schedule check
