[2025-01-10T14:56:17.370+0000] {taskinstance.py:1956} INFO - Dependencies all met for dep_context=non-requeueable deps ti=<TaskInstance: insert_date.create_log_sheme manual__2025-01-10T14:56:15.087790+00:00 [queued]>
[2025-01-10T14:56:17.384+0000] {taskinstance.py:1956} INFO - Dependencies all met for dep_context=requeueable deps ti=<TaskInstance: insert_date.create_log_sheme manual__2025-01-10T14:56:15.087790+00:00 [queued]>
[2025-01-10T14:56:17.385+0000] {taskinstance.py:2170} INFO - Starting attempt 1 of 3
[2025-01-10T14:56:17.583+0000] {taskinstance.py:2191} INFO - Executing <Task(SQLExecuteQueryOperator): create_log_sheme> on 2025-01-10 14:56:15.087790+00:00
[2025-01-10T14:56:17.590+0000] {standard_task_runner.py:60} INFO - Started process 1013 to run task
[2025-01-10T14:56:17.595+0000] {standard_task_runner.py:87} INFO - Running: ['***', 'tasks', 'run', 'insert_date', 'create_log_sheme', 'manual__2025-01-10T14:56:15.087790+00:00', '--job-id', '1537', '--raw', '--subdir', 'DAGS_FOLDER/insert_data.py', '--cfg-path', '/tmp/tmpnm_w_5u8']
[2025-01-10T14:56:17.598+0000] {standard_task_runner.py:88} INFO - Job 1537: Subtask create_log_sheme
[2025-01-10T14:56:17.668+0000] {task_command.py:423} INFO - Running <TaskInstance: insert_date.create_log_sheme manual__2025-01-10T14:56:15.087790+00:00 [running]> on host 711845a6becd
[2025-01-10T14:56:17.769+0000] {taskinstance.py:2480} INFO - Exporting env vars: AIRFLOW_CTX_DAG_OWNER='budanovsa' AIRFLOW_CTX_DAG_ID='insert_date' AIRFLOW_CTX_TASK_ID='create_log_sheme' AIRFLOW_CTX_EXECUTION_DATE='2025-01-10T14:56:15.087790+00:00' AIRFLOW_CTX_TRY_NUMBER='1' AIRFLOW_CTX_DAG_RUN_ID='manual__2025-01-10T14:56:15.087790+00:00'
[2025-01-10T14:56:17.770+0000] {sql.py:276} INFO - Executing: create schema if not exists "log";

create table if not exists
	log.csv_to_dag (
		execution_datetime TIMESTAMP not null,
		event_datetime TIMESTAMP not null,
		event_name VARCHAR(30) not null,
		event_status VARCHAR(30)
);
[2025-01-10T14:56:17.782+0000] {base.py:83} INFO - Using connection ID 'postgres-db' for task execution.
[2025-01-10T14:56:17.792+0000] {base.py:83} INFO - Using connection ID 'postgres-db' for task execution.
[2025-01-10T14:56:17.875+0000] {sql.py:450} INFO - Running statement: create schema if not exists "log";

create table if not exists
	log.csv_to_dag (
		execution_datetime TIMESTAMP not null,
		event_datetime TIMESTAMP not null,
		event_name VARCHAR(30) not null,
		event_status VARCHAR(30)
);, parameters: None
[2025-01-10T14:56:17.892+0000] {taskinstance.py:1138} INFO - Marking task as SUCCESS. dag_id=insert_date, task_id=create_log_sheme, execution_date=20250110T145615, start_date=20250110T145617, end_date=20250110T145617
[2025-01-10T14:56:17.896+0000] {base.py:83} INFO - Using connection ID 'postgres-db' for task execution.
[2025-01-10T14:56:17.964+0000] {sql.py:450} INFO - Running statement: 
        INSERT INTO log.logt (execution_datetime, event_datetime, event_name)
        VALUES ('2025-01-10T14:56:15.087790', '2025-01-10T14:56:17.893157', 'create_log_sheme');
    , parameters: None
[2025-01-10T14:56:17.969+0000] {taskinstance.py:1116} ERROR - Error when executing uploading_logs callback
Traceback (most recent call last):
  File "/home/airflow/.local/lib/python3.8/site-packages/airflow/models/taskinstance.py", line 1113, in _run_finished_callback
    callback(context)
  File "/opt/airflow/dags/insert_data.py", line 51, in uploading_logs
    postgres_hook.run(query)
  File "/home/airflow/.local/lib/python3.8/site-packages/airflow/providers/common/sql/hooks/sql.py", line 398, in run
    self._run_command(cur, sql_statement, parameters)
  File "/home/airflow/.local/lib/python3.8/site-packages/airflow/providers/common/sql/hooks/sql.py", line 455, in _run_command
    cur.execute(sql_statement)
psycopg2.errors.UndefinedTable: ОШИБКА:  отношение "log.logt" не существует
LINE 2:         INSERT INTO log.logt (execution_datetime, event_date...
                            ^

[2025-01-10T14:56:18.049+0000] {local_task_job_runner.py:234} INFO - Task exited with return code 0
[2025-01-10T14:56:18.100+0000] {taskinstance.py:3280} INFO - 0 downstream tasks scheduled from follow-on schedule check
