[2025-01-07T13:08:20.373+0000] {taskinstance.py:1956} INFO - Dependencies all met for dep_context=non-requeueable deps ti=<TaskInstance: insert_date.sql_md_ledger_account_s scheduled__2025-01-06T00:00:00+00:00 [queued]>
[2025-01-07T13:08:20.426+0000] {taskinstance.py:1956} INFO - Dependencies all met for dep_context=requeueable deps ti=<TaskInstance: insert_date.sql_md_ledger_account_s scheduled__2025-01-06T00:00:00+00:00 [queued]>
[2025-01-07T13:08:20.428+0000] {taskinstance.py:2170} INFO - Starting attempt 1 of 3
[2025-01-07T13:08:21.016+0000] {taskinstance.py:2191} INFO - Executing <Task(SQLExecuteQueryOperator): sql_md_ledger_account_s> on 2025-01-06 00:00:00+00:00
[2025-01-07T13:08:21.037+0000] {standard_task_runner.py:60} INFO - Started process 228 to run task
[2025-01-07T13:08:21.054+0000] {standard_task_runner.py:87} INFO - Running: ['***', 'tasks', 'run', 'insert_date', 'sql_md_ledger_account_s', 'scheduled__2025-01-06T00:00:00+00:00', '--job-id', '851', '--raw', '--subdir', 'DAGS_FOLDER/insert_data.py', '--cfg-path', '/tmp/tmpta3ues32']
[2025-01-07T13:08:21.064+0000] {standard_task_runner.py:88} INFO - Job 851: Subtask sql_md_ledger_account_s
[2025-01-07T13:08:21.481+0000] {task_command.py:423} INFO - Running <TaskInstance: insert_date.sql_md_ledger_account_s scheduled__2025-01-06T00:00:00+00:00 [running]> on host 25a397655cc7
[2025-01-07T13:08:22.281+0000] {taskinstance.py:2480} INFO - Exporting env vars: AIRFLOW_CTX_DAG_OWNER='budanovsa' AIRFLOW_CTX_DAG_ID='insert_date' AIRFLOW_CTX_TASK_ID='sql_md_ledger_account_s' AIRFLOW_CTX_EXECUTION_DATE='2025-01-06T00:00:00+00:00' AIRFLOW_CTX_TRY_NUMBER='1' AIRFLOW_CTX_DAG_RUN_ID='scheduled__2025-01-06T00:00:00+00:00'
[2025-01-07T13:08:22.298+0000] {sql.py:276} INFO - Executing: INSERT INTO dsl.md_ledger_account_s( 
    chapter
    ,chapter_name
	,section_number
	,section_name
	,subsection_name
	,ledger1_account
	,ledger1_account_name
	,ledger_account 
	,ledger_account_name 
	,characteristic
	,start_date
	,end_date
)
SELECT
	mlas."CHAPTER"
	, mlas."CHAPTER_NAME"
	, mlas."SECTION_NUMBER"
	, mlas."SECTION_NAME"
	, mlas."SUBSECTION_NAME"
	, mlas."LEDGER1_ACCOUNT"
	, mlas."LEDGER1_ACCOUNT_NAME"
	, mlas."LEDGER_ACCOUNT"
	, mlas."LEDGER_ACCOUNT_NAME"
	, mlas."CHARACTERISTIC"
	, to_date(mlas."START_DATE", '%Y-%m-%d')
	, to_date(mlas."END_DATE", '%Y-%m-%d')
  FROM stage.md_ledger_account_s mlas
 WHERE mlas."LEDGER_ACCOUNT" IS NOT NULL
   AND mlas."START_DATE" IS NOT NULL; 
[2025-01-07T13:08:22.380+0000] {base.py:83} INFO - Using connection ID 'postgres-db' for task execution.
[2025-01-07T13:08:22.452+0000] {base.py:83} INFO - Using connection ID 'postgres-db' for task execution.
[2025-01-07T13:08:22.636+0000] {sql.py:450} INFO - Running statement: INSERT INTO dsl.md_ledger_account_s( 
    chapter
    ,chapter_name
	,section_number
	,section_name
	,subsection_name
	,ledger1_account
	,ledger1_account_name
	,ledger_account 
	,ledger_account_name 
	,characteristic
	,start_date
	,end_date
)
SELECT
	mlas."CHAPTER"
	, mlas."CHAPTER_NAME"
	, mlas."SECTION_NUMBER"
	, mlas."SECTION_NAME"
	, mlas."SUBSECTION_NAME"
	, mlas."LEDGER1_ACCOUNT"
	, mlas."LEDGER1_ACCOUNT_NAME"
	, mlas."LEDGER_ACCOUNT"
	, mlas."LEDGER_ACCOUNT_NAME"
	, mlas."CHARACTERISTIC"
	, to_date(mlas."START_DATE", '%Y-%m-%d')
	, to_date(mlas."END_DATE", '%Y-%m-%d')
  FROM stage.md_ledger_account_s mlas
 WHERE mlas."LEDGER_ACCOUNT" IS NOT NULL
   AND mlas."START_DATE" IS NOT NULL; , parameters: None
[2025-01-07T13:08:22.657+0000] {sql.py:459} INFO - Rows affected: 270
[2025-01-07T13:08:22.737+0000] {taskinstance.py:1138} INFO - Marking task as SUCCESS. dag_id=insert_date, task_id=sql_md_ledger_account_s, execution_date=20250106T000000, start_date=20250107T130820, end_date=20250107T130822
[2025-01-07T13:08:22.844+0000] {local_task_job_runner.py:234} INFO - Task exited with return code 0
[2025-01-07T13:08:23.179+0000] {taskinstance.py:3280} INFO - 0 downstream tasks scheduled from follow-on schedule check
