[2025-01-12T16:57:23.266+0000] {taskinstance.py:1956} INFO - Dependencies all met for dep_context=non-requeueable deps ti=<TaskInstance: insert_date.ft_balance_f manual__2025-01-12T16:57:18.512735+00:00 [queued]>
[2025-01-12T16:57:23.284+0000] {taskinstance.py:1956} INFO - Dependencies all met for dep_context=requeueable deps ti=<TaskInstance: insert_date.ft_balance_f manual__2025-01-12T16:57:18.512735+00:00 [queued]>
[2025-01-12T16:57:23.285+0000] {taskinstance.py:2170} INFO - Starting attempt 1 of 3
[2025-01-12T16:57:23.572+0000] {taskinstance.py:2191} INFO - Executing <Task(PythonOperator): ft_balance_f> on 2025-01-12 16:57:18.512735+00:00
[2025-01-12T16:57:23.579+0000] {standard_task_runner.py:60} INFO - Started process 4512 to run task
[2025-01-12T16:57:23.585+0000] {standard_task_runner.py:87} INFO - Running: ['***', 'tasks', 'run', 'insert_date', 'ft_balance_f', 'manual__2025-01-12T16:57:18.512735+00:00', '--job-id', '2463', '--raw', '--subdir', 'DAGS_FOLDER/insert_data.py', '--cfg-path', '/tmp/tmp2bj94rt6']
[2025-01-12T16:57:23.591+0000] {standard_task_runner.py:88} INFO - Job 2463: Subtask ft_balance_f
[2025-01-12T16:57:23.676+0000] {task_command.py:423} INFO - Running <TaskInstance: insert_date.ft_balance_f manual__2025-01-12T16:57:18.512735+00:00 [running]> on host 711845a6becd
[2025-01-12T16:57:23.835+0000] {taskinstance.py:2480} INFO - Exporting env vars: AIRFLOW_CTX_DAG_OWNER='budanovsa' AIRFLOW_CTX_DAG_ID='insert_date' AIRFLOW_CTX_TASK_ID='ft_balance_f' AIRFLOW_CTX_EXECUTION_DATE='2025-01-12T16:57:18.512735+00:00' AIRFLOW_CTX_TRY_NUMBER='1' AIRFLOW_CTX_DAG_RUN_ID='manual__2025-01-12T16:57:18.512735+00:00'
[2025-01-12T16:57:23.872+0000] {base.py:83} INFO - Using connection ID 'postgres-db' for task execution.
[2025-01-12T16:57:24.021+0000] {python.py:201} INFO - Done. Returned value was: None
[2025-01-12T16:57:24.049+0000] {taskinstance.py:1138} INFO - Marking task as SUCCESS. dag_id=insert_date, task_id=ft_balance_f, execution_date=20250112T165718, start_date=20250112T165723, end_date=20250112T165724
[2025-01-12T16:57:24.059+0000] {base.py:83} INFO - Using connection ID 'postgres-db' for task execution.
[2025-01-12T16:57:24.132+0000] {sql.py:450} INFO - Running statement: 
        INSERT INTO log.logt (execution_datetime, event_datetime, event_name)
        VALUES ('2025-01-12 16:57:18.512735', '2025-01-12T16:57:24.050893', 'ft_balance_f');
    , parameters: None
[2025-01-12T16:57:24.135+0000] {sql.py:459} INFO - Rows affected: 1
[2025-01-12T16:57:24.204+0000] {local_task_job_runner.py:234} INFO - Task exited with return code 0
[2025-01-12T16:57:24.312+0000] {taskinstance.py:3280} INFO - 0 downstream tasks scheduled from follow-on schedule check
