[2025-01-12T13:53:10.955+0000] {taskinstance.py:1956} INFO - Dependencies all met for dep_context=non-requeueable deps ti=<TaskInstance: insert_date.md_account_d manual__2025-01-12T13:53:08.128159+00:00 [queued]>
[2025-01-12T13:53:10.966+0000] {taskinstance.py:1956} INFO - Dependencies all met for dep_context=requeueable deps ti=<TaskInstance: insert_date.md_account_d manual__2025-01-12T13:53:08.128159+00:00 [queued]>
[2025-01-12T13:53:10.967+0000] {taskinstance.py:2170} INFO - Starting attempt 1 of 3
[2025-01-12T13:53:11.155+0000] {taskinstance.py:2191} INFO - Executing <Task(PythonOperator): md_account_d> on 2025-01-12 13:53:08.128159+00:00
[2025-01-12T13:53:11.163+0000] {standard_task_runner.py:60} INFO - Started process 1660 to run task
[2025-01-12T13:53:11.170+0000] {standard_task_runner.py:87} INFO - Running: ['***', 'tasks', 'run', 'insert_date', 'md_account_d', 'manual__2025-01-12T13:53:08.128159+00:00', '--job-id', '2137', '--raw', '--subdir', 'DAGS_FOLDER/insert_data.py', '--cfg-path', '/tmp/tmpd5xn6jux']
[2025-01-12T13:53:11.175+0000] {standard_task_runner.py:88} INFO - Job 2137: Subtask md_account_d
[2025-01-12T13:53:11.257+0000] {task_command.py:423} INFO - Running <TaskInstance: insert_date.md_account_d manual__2025-01-12T13:53:08.128159+00:00 [running]> on host 711845a6becd
[2025-01-12T13:53:11.435+0000] {taskinstance.py:2480} INFO - Exporting env vars: AIRFLOW_CTX_DAG_OWNER='budanovsa' AIRFLOW_CTX_DAG_ID='insert_date' AIRFLOW_CTX_TASK_ID='md_account_d' AIRFLOW_CTX_EXECUTION_DATE='2025-01-12T13:53:08.128159+00:00' AIRFLOW_CTX_TRY_NUMBER='1' AIRFLOW_CTX_DAG_RUN_ID='manual__2025-01-12T13:53:08.128159+00:00'
[2025-01-12T13:53:11.471+0000] {base.py:83} INFO - Using connection ID 'postgres-db' for task execution.
[2025-01-12T13:53:11.597+0000] {python.py:201} INFO - Done. Returned value was: None
[2025-01-12T13:53:11.620+0000] {taskinstance.py:1138} INFO - Marking task as SUCCESS. dag_id=insert_date, task_id=md_account_d, execution_date=20250112T135308, start_date=20250112T135310, end_date=20250112T135311
[2025-01-12T13:53:11.626+0000] {base.py:83} INFO - Using connection ID 'postgres-db' for task execution.
[2025-01-12T13:53:11.695+0000] {sql.py:450} INFO - Running statement: 
        INSERT INTO log.logt (execution_datetime, event_datetime, event_name)
        VALUES ('2025-01-12T13:53:08.128159', '2025-01-12T13:53:11.622665', 'md_account_d');
    , parameters: None
[2025-01-12T13:53:11.701+0000] {sql.py:459} INFO - Rows affected: 1
[2025-01-12T13:53:11.786+0000] {local_task_job_runner.py:234} INFO - Task exited with return code 0
[2025-01-12T13:53:11.848+0000] {taskinstance.py:3280} INFO - 0 downstream tasks scheduled from follow-on schedule check
