[2025-01-12T12:31:45.722+0000] {taskinstance.py:1956} INFO - Dependencies all met for dep_context=non-requeueable deps ti=<TaskInstance: insert_date.split manual__2025-01-12T12:31:40.673025+00:00 [queued]>
[2025-01-12T12:31:45.734+0000] {taskinstance.py:1956} INFO - Dependencies all met for dep_context=requeueable deps ti=<TaskInstance: insert_date.split manual__2025-01-12T12:31:40.673025+00:00 [queued]>
[2025-01-12T12:31:45.735+0000] {taskinstance.py:2170} INFO - Starting attempt 1 of 3
[2025-01-12T12:31:45.888+0000] {taskinstance.py:2191} INFO - Executing <Task(EmptyOperator): split> on 2025-01-12 12:31:40.673025+00:00
[2025-01-12T12:31:45.895+0000] {standard_task_runner.py:60} INFO - Started process 174 to run task
[2025-01-12T12:31:45.898+0000] {standard_task_runner.py:87} INFO - Running: ['***', 'tasks', 'run', 'insert_date', 'split', 'manual__2025-01-12T12:31:40.673025+00:00', '--job-id', '2034', '--raw', '--subdir', 'DAGS_FOLDER/insert_data.py', '--cfg-path', '/tmp/tmpz1awrszo']
[2025-01-12T12:31:45.900+0000] {standard_task_runner.py:88} INFO - Job 2034: Subtask split
[2025-01-12T12:31:45.944+0000] {task_command.py:423} INFO - Running <TaskInstance: insert_date.split manual__2025-01-12T12:31:40.673025+00:00 [running]> on host 711845a6becd
[2025-01-12T12:31:46.020+0000] {taskinstance.py:2480} INFO - Exporting env vars: AIRFLOW_CTX_DAG_OWNER='budanovsa' AIRFLOW_CTX_DAG_ID='insert_date' AIRFLOW_CTX_TASK_ID='split' AIRFLOW_CTX_EXECUTION_DATE='2025-01-12T12:31:40.673025+00:00' AIRFLOW_CTX_TRY_NUMBER='1' AIRFLOW_CTX_DAG_RUN_ID='manual__2025-01-12T12:31:40.673025+00:00'
[2025-01-12T12:31:46.030+0000] {taskinstance.py:1138} INFO - Marking task as SUCCESS. dag_id=insert_date, task_id=split, execution_date=20250112T123140, start_date=20250112T123145, end_date=20250112T123146
[2025-01-12T12:31:46.036+0000] {base.py:83} INFO - Using connection ID 'postgres-db' for task execution.
[2025-01-12T12:31:46.083+0000] {sql.py:450} INFO - Running statement: 
        INSERT INTO log.logt (execution_datetime, event_datetime, event_name)
        VALUES ('2025-01-12T12:31:40.673025', '2025-01-12T12:31:46.031480', 'split');
    , parameters: None
[2025-01-12T12:31:46.087+0000] {taskinstance.py:1116} ERROR - Error when executing uploading_logs callback
Traceback (most recent call last):
  File "/home/airflow/.local/lib/python3.8/site-packages/airflow/models/taskinstance.py", line 1113, in _run_finished_callback
    callback(context)
  File "/opt/airflow/dags/insert_data.py", line 53, in uploading_logs
    postgres_hook.run(query)
  File "/home/airflow/.local/lib/python3.8/site-packages/airflow/providers/common/sql/hooks/sql.py", line 398, in run
    self._run_command(cur, sql_statement, parameters)
  File "/home/airflow/.local/lib/python3.8/site-packages/airflow/providers/common/sql/hooks/sql.py", line 455, in _run_command
    cur.execute(sql_statement)
psycopg2.errors.UndefinedTable: ОШИБКА:  отношение "log.logt" не существует
LINE 2:         INSERT INTO log.logt (execution_datetime, event_date...
                            ^

[2025-01-12T12:31:46.152+0000] {local_task_job_runner.py:234} INFO - Task exited with return code 0
[2025-01-12T12:31:46.182+0000] {taskinstance.py:3280} INFO - 6 downstream tasks scheduled from follow-on schedule check
