[2025-01-12T13:53:10.946+0000] {taskinstance.py:1956} INFO - Dependencies all met for dep_context=non-requeueable deps ti=<TaskInstance: insert_date.md_ledger_account_s manual__2025-01-12T13:53:08.128159+00:00 [queued]>
[2025-01-12T13:53:10.958+0000] {taskinstance.py:1956} INFO - Dependencies all met for dep_context=requeueable deps ti=<TaskInstance: insert_date.md_ledger_account_s manual__2025-01-12T13:53:08.128159+00:00 [queued]>
[2025-01-12T13:53:10.959+0000] {taskinstance.py:2170} INFO - Starting attempt 1 of 3
[2025-01-12T13:53:11.151+0000] {taskinstance.py:2191} INFO - Executing <Task(PythonOperator): md_ledger_account_s> on 2025-01-12 13:53:08.128159+00:00
[2025-01-12T13:53:11.158+0000] {standard_task_runner.py:60} INFO - Started process 1659 to run task
[2025-01-12T13:53:11.163+0000] {standard_task_runner.py:87} INFO - Running: ['***', 'tasks', 'run', 'insert_date', 'md_ledger_account_s', 'manual__2025-01-12T13:53:08.128159+00:00', '--job-id', '2133', '--raw', '--subdir', 'DAGS_FOLDER/insert_data.py', '--cfg-path', '/tmp/tmp0n4cbl8q']
[2025-01-12T13:53:11.168+0000] {standard_task_runner.py:88} INFO - Job 2133: Subtask md_ledger_account_s
[2025-01-12T13:53:11.244+0000] {task_command.py:423} INFO - Running <TaskInstance: insert_date.md_ledger_account_s manual__2025-01-12T13:53:08.128159+00:00 [running]> on host 711845a6becd
[2025-01-12T13:53:11.387+0000] {taskinstance.py:2480} INFO - Exporting env vars: AIRFLOW_CTX_DAG_OWNER='budanovsa' AIRFLOW_CTX_DAG_ID='insert_date' AIRFLOW_CTX_TASK_ID='md_ledger_account_s' AIRFLOW_CTX_EXECUTION_DATE='2025-01-12T13:53:08.128159+00:00' AIRFLOW_CTX_TRY_NUMBER='1' AIRFLOW_CTX_DAG_RUN_ID='manual__2025-01-12T13:53:08.128159+00:00'
[2025-01-12T13:53:11.430+0000] {base.py:83} INFO - Using connection ID 'postgres-db' for task execution.
[2025-01-12T13:53:11.647+0000] {python.py:201} INFO - Done. Returned value was: None
[2025-01-12T13:53:11.670+0000] {taskinstance.py:1138} INFO - Marking task as SUCCESS. dag_id=insert_date, task_id=md_ledger_account_s, execution_date=20250112T135308, start_date=20250112T135310, end_date=20250112T135311
[2025-01-12T13:53:11.679+0000] {base.py:83} INFO - Using connection ID 'postgres-db' for task execution.
[2025-01-12T13:53:11.756+0000] {sql.py:450} INFO - Running statement: 
        INSERT INTO log.logt (execution_datetime, event_datetime, event_name)
        VALUES ('2025-01-12T13:53:08.128159', '2025-01-12T13:53:11.674877', 'md_ledger_account_s');
    , parameters: None
[2025-01-12T13:53:11.760+0000] {sql.py:459} INFO - Rows affected: 1
[2025-01-12T13:53:11.827+0000] {local_task_job_runner.py:234} INFO - Task exited with return code 0
[2025-01-12T13:53:11.879+0000] {taskinstance.py:3280} INFO - 0 downstream tasks scheduled from follow-on schedule check
