[2025-01-12T14:03:32.163+0000] {taskinstance.py:1956} INFO - Dependencies all met for dep_context=non-requeueable deps ti=<TaskInstance: insert_date.split manual__2025-01-12T14:03:25.129209+00:00 [queued]>
[2025-01-12T14:03:32.171+0000] {taskinstance.py:1956} INFO - Dependencies all met for dep_context=requeueable deps ti=<TaskInstance: insert_date.split manual__2025-01-12T14:03:25.129209+00:00 [queued]>
[2025-01-12T14:03:32.171+0000] {taskinstance.py:2170} INFO - Starting attempt 1 of 3
[2025-01-12T14:03:32.280+0000] {taskinstance.py:2191} INFO - Executing <Task(EmptyOperator): split> on 2025-01-12 14:03:25.129209+00:00
[2025-01-12T14:03:32.285+0000] {standard_task_runner.py:60} INFO - Started process 1974 to run task
[2025-01-12T14:03:32.288+0000] {standard_task_runner.py:87} INFO - Running: ['***', 'tasks', 'run', 'insert_date', 'split', 'manual__2025-01-12T14:03:25.129209+00:00', '--job-id', '2192', '--raw', '--subdir', 'DAGS_FOLDER/insert_data.py', '--cfg-path', '/tmp/tmpo313th66']
[2025-01-12T14:03:32.290+0000] {standard_task_runner.py:88} INFO - Job 2192: Subtask split
[2025-01-12T14:03:32.325+0000] {task_command.py:423} INFO - Running <TaskInstance: insert_date.split manual__2025-01-12T14:03:25.129209+00:00 [running]> on host 711845a6becd
[2025-01-12T14:03:32.382+0000] {taskinstance.py:2480} INFO - Exporting env vars: AIRFLOW_CTX_DAG_OWNER='budanovsa' AIRFLOW_CTX_DAG_ID='insert_date' AIRFLOW_CTX_TASK_ID='split' AIRFLOW_CTX_EXECUTION_DATE='2025-01-12T14:03:25.129209+00:00' AIRFLOW_CTX_TRY_NUMBER='1' AIRFLOW_CTX_DAG_RUN_ID='manual__2025-01-12T14:03:25.129209+00:00'
[2025-01-12T14:03:32.389+0000] {taskinstance.py:1138} INFO - Marking task as SUCCESS. dag_id=insert_date, task_id=split, execution_date=20250112T140325, start_date=20250112T140332, end_date=20250112T140332
[2025-01-12T14:03:32.393+0000] {base.py:83} INFO - Using connection ID 'postgres-db' for task execution.
[2025-01-12T14:03:32.427+0000] {sql.py:450} INFO - Running statement: 
        INSERT INTO log.logt (execution_datetime, event_datetime, event_name)
        VALUES ('2025-01-12 14:03:25.129209', '2025-01-12 14:03:32.390071', 'split');
    , parameters: None
[2025-01-12T14:03:32.431+0000] {sql.py:459} INFO - Rows affected: 1
[2025-01-12T14:03:32.432+0000] {taskinstance.py:1116} ERROR - Error when executing uploading_logs callback
Traceback (most recent call last):
  File "/home/airflow/.local/lib/python3.8/site-packages/airflow/models/taskinstance.py", line 1113, in _run_finished_callback
    callback(context)
  File "/opt/airflow/dags/insert_data.py", line 54, in uploading_logs
    time.sleep(5)
AttributeError: 'builtin_function_or_method' object has no attribute 'sleep'
[2025-01-12T14:03:32.460+0000] {local_task_job_runner.py:234} INFO - Task exited with return code 0
[2025-01-12T14:03:32.480+0000] {taskinstance.py:3280} INFO - 6 downstream tasks scheduled from follow-on schedule check
