[2025-01-12T20:06:23.818+0000] {taskinstance.py:1956} INFO - Dependencies all met for dep_context=non-requeueable deps ti=<TaskInstance: insert_date.sql_md_exchange_rate_d manual__2025-01-12T20:06:10.800042+00:00 [queued]>
[2025-01-12T20:06:23.832+0000] {taskinstance.py:1956} INFO - Dependencies all met for dep_context=requeueable deps ti=<TaskInstance: insert_date.sql_md_exchange_rate_d manual__2025-01-12T20:06:10.800042+00:00 [queued]>
[2025-01-12T20:06:23.833+0000] {taskinstance.py:2170} INFO - Starting attempt 1 of 3
[2025-01-12T20:06:24.025+0000] {taskinstance.py:2191} INFO - Executing <Task(SQLExecuteQueryOperator): sql_md_exchange_rate_d> on 2025-01-12 20:06:10.800042+00:00
[2025-01-12T20:06:24.032+0000] {standard_task_runner.py:60} INFO - Started process 8636 to run task
[2025-01-12T20:06:24.036+0000] {standard_task_runner.py:87} INFO - Running: ['***', 'tasks', 'run', 'insert_date', 'sql_md_exchange_rate_d', 'manual__2025-01-12T20:06:10.800042+00:00', '--job-id', '2921', '--raw', '--subdir', 'DAGS_FOLDER/insert_data.py', '--cfg-path', '/tmp/tmpefi80v3n']
[2025-01-12T20:06:24.040+0000] {standard_task_runner.py:88} INFO - Job 2921: Subtask sql_md_exchange_rate_d
[2025-01-12T20:06:24.111+0000] {task_command.py:423} INFO - Running <TaskInstance: insert_date.sql_md_exchange_rate_d manual__2025-01-12T20:06:10.800042+00:00 [running]> on host 711845a6becd
[2025-01-12T20:06:24.210+0000] {taskinstance.py:2480} INFO - Exporting env vars: AIRFLOW_CTX_DAG_OWNER='budanovsa' AIRFLOW_CTX_DAG_ID='insert_date' AIRFLOW_CTX_TASK_ID='sql_md_exchange_rate_d' AIRFLOW_CTX_EXECUTION_DATE='2025-01-12T20:06:10.800042+00:00' AIRFLOW_CTX_TRY_NUMBER='1' AIRFLOW_CTX_DAG_RUN_ID='manual__2025-01-12T20:06:10.800042+00:00'
[2025-01-12T20:06:24.211+0000] {sql.py:276} INFO - Executing: INSERT INTO ds.md_exchange_rate_d( 
    data_actual_date
    ,data_actual_end_date
    ,currency_rk
	,reduced_cource
	,code_iso_num
)
SELECT distinct
    to_date(merd."DATA_ACTUAL_DATE", 'YYYY-mm-dd') as data_actual_date
	, to_date(merd."DATA_ACTUAL_END_DATE", 'YYYY-mm-dd') as data_actual_end_date
	, merd."CURRENCY_RK"
	, merd."REDUCED_COURCE"
	, merd."CODE_ISO_NUM"
FROM stage.md_exchange_rate_d merd
on conflict on constraint md_exchange_rate_d_pkey do update
	set data_actual_end_date=excluded.data_actual_end_date
		,reduced_cource=excluded.reduced_cource
		,code_iso_num=excluded.code_iso_num; 
[2025-01-12T20:06:24.221+0000] {base.py:83} INFO - Using connection ID 'postgres-db' for task execution.
[2025-01-12T20:06:24.234+0000] {base.py:83} INFO - Using connection ID 'postgres-db' for task execution.
[2025-01-12T20:06:24.307+0000] {sql.py:450} INFO - Running statement: INSERT INTO ds.md_exchange_rate_d( 
    data_actual_date
    ,data_actual_end_date
    ,currency_rk
	,reduced_cource
	,code_iso_num
)
SELECT distinct
    to_date(merd."DATA_ACTUAL_DATE", 'YYYY-mm-dd') as data_actual_date
	, to_date(merd."DATA_ACTUAL_END_DATE", 'YYYY-mm-dd') as data_actual_end_date
	, merd."CURRENCY_RK"
	, merd."REDUCED_COURCE"
	, merd."CODE_ISO_NUM"
FROM stage.md_exchange_rate_d merd
on conflict on constraint md_exchange_rate_d_pkey do update
	set data_actual_end_date=excluded.data_actual_end_date
		,reduced_cource=excluded.reduced_cource
		,code_iso_num=excluded.code_iso_num; , parameters: None
[2025-01-12T20:06:24.320+0000] {sql.py:459} INFO - Rows affected: 460
[2025-01-12T20:06:24.336+0000] {taskinstance.py:1138} INFO - Marking task as SUCCESS. dag_id=insert_date, task_id=sql_md_exchange_rate_d, execution_date=20250112T200610, start_date=20250112T200623, end_date=20250112T200624
[2025-01-12T20:06:24.342+0000] {base.py:83} INFO - Using connection ID 'postgres-db' for task execution.
[2025-01-12T20:06:24.410+0000] {sql.py:450} INFO - Running statement: 
        INSERT INTO log.logt (execution_datetime, event_datetime, event_name)
        VALUES ('2025-01-12 20:06:10.800042', '2025-01-12T20:06:24.337446', 'sql_md_exchange_rate_d');
    , parameters: None
[2025-01-12T20:06:24.415+0000] {sql.py:459} INFO - Rows affected: 1
[2025-01-12T20:06:24.450+0000] {local_task_job_runner.py:234} INFO - Task exited with return code 0
[2025-01-12T20:06:24.493+0000] {taskinstance.py:3280} INFO - 0 downstream tasks scheduled from follow-on schedule check
