[2025-01-07T13:40:46.791+0000] {taskinstance.py:1956} INFO - Dependencies all met for dep_context=non-requeueable deps ti=<TaskInstance: insert_date.sql_ft_posting_f manual__2025-01-07T13:40:43.252474+00:00 [queued]>
[2025-01-07T13:40:46.858+0000] {taskinstance.py:1956} INFO - Dependencies all met for dep_context=requeueable deps ti=<TaskInstance: insert_date.sql_ft_posting_f manual__2025-01-07T13:40:43.252474+00:00 [queued]>
[2025-01-07T13:40:46.860+0000] {taskinstance.py:2170} INFO - Starting attempt 1 of 3
[2025-01-07T13:40:47.435+0000] {taskinstance.py:2191} INFO - Executing <Task(SQLExecuteQueryOperator): sql_ft_posting_f> on 2025-01-07 13:40:43.252474+00:00
[2025-01-07T13:40:47.449+0000] {standard_task_runner.py:60} INFO - Started process 100 to run task
[2025-01-07T13:40:47.480+0000] {standard_task_runner.py:87} INFO - Running: ['***', 'tasks', 'run', 'insert_date', 'sql_ft_posting_f', 'manual__2025-01-07T13:40:43.252474+00:00', '--job-id', '1056', '--raw', '--subdir', 'DAGS_FOLDER/insert_data.py', '--cfg-path', '/tmp/tmpms794s06']
[2025-01-07T13:40:47.496+0000] {standard_task_runner.py:88} INFO - Job 1056: Subtask sql_ft_posting_f
[2025-01-07T13:40:47.741+0000] {task_command.py:423} INFO - Running <TaskInstance: insert_date.sql_ft_posting_f manual__2025-01-07T13:40:43.252474+00:00 [running]> on host 25a397655cc7
[2025-01-07T13:40:48.163+0000] {taskinstance.py:2480} INFO - Exporting env vars: AIRFLOW_CTX_DAG_OWNER='budanovsa' AIRFLOW_CTX_DAG_ID='insert_date' AIRFLOW_CTX_TASK_ID='sql_ft_posting_f' AIRFLOW_CTX_EXECUTION_DATE='2025-01-07T13:40:43.252474+00:00' AIRFLOW_CTX_TRY_NUMBER='1' AIRFLOW_CTX_DAG_RUN_ID='manual__2025-01-07T13:40:43.252474+00:00'
[2025-01-07T13:40:48.167+0000] {sql.py:276} INFO - Executing:  INSERT INTO dsl.ft_posting_f(
      credit_account_rk
    , debet_account_rk
    , credit_amount
    , debet_amount
    , oper_date
)
SELECT fpf."CREDIT_ACCOUNT_RK"
    , fpf."DEBET_ACCOUNT_RK" 
    , fpf."CREDIT_AMOUNT" 
    , fpf."DEBET_AMOUNT" 
    , to_date(fpf."OPER_DATE", 'dd.mm.YYYY')
  FROM stage.ft_posting_f fpf
 WHERE fpf."CREDIT_ACCOUNT_RK" IS NOT NULL
   AND fpf."DEBET_ACCOUNT_RK" IS NOT NULL; 
[2025-01-07T13:40:48.195+0000] {base.py:83} INFO - Using connection ID 'postgres-db' for task execution.
[2025-01-07T13:40:48.215+0000] {base.py:83} INFO - Using connection ID 'postgres-db' for task execution.
[2025-01-07T13:40:48.379+0000] {sql.py:450} INFO - Running statement:  INSERT INTO dsl.ft_posting_f(
      credit_account_rk
    , debet_account_rk
    , credit_amount
    , debet_amount
    , oper_date
)
SELECT fpf."CREDIT_ACCOUNT_RK"
    , fpf."DEBET_ACCOUNT_RK" 
    , fpf."CREDIT_AMOUNT" 
    , fpf."DEBET_AMOUNT" 
    , to_date(fpf."OPER_DATE", 'dd.mm.YYYY')
  FROM stage.ft_posting_f fpf
 WHERE fpf."CREDIT_ACCOUNT_RK" IS NOT NULL
   AND fpf."DEBET_ACCOUNT_RK" IS NOT NULL; , parameters: None
[2025-01-07T13:40:48.920+0000] {sql.py:459} INFO - Rows affected: 33892
[2025-01-07T13:40:48.984+0000] {taskinstance.py:1138} INFO - Marking task as SUCCESS. dag_id=insert_date, task_id=sql_ft_posting_f, execution_date=20250107T134043, start_date=20250107T134046, end_date=20250107T134048
[2025-01-07T13:40:49.046+0000] {local_task_job_runner.py:234} INFO - Task exited with return code 0
[2025-01-07T13:40:49.195+0000] {taskinstance.py:3280} INFO - 0 downstream tasks scheduled from follow-on schedule check
