[2025-01-10T15:43:11.216+0000] {taskinstance.py:1956} INFO - Dependencies all met for dep_context=non-requeueable deps ti=<TaskInstance: insert_date.sql_md_ledger_account_s manual__2025-01-10T15:43:04.521903+00:00 [queued]>
[2025-01-10T15:43:11.229+0000] {taskinstance.py:1956} INFO - Dependencies all met for dep_context=requeueable deps ti=<TaskInstance: insert_date.sql_md_ledger_account_s manual__2025-01-10T15:43:04.521903+00:00 [queued]>
[2025-01-10T15:43:11.229+0000] {taskinstance.py:2170} INFO - Starting attempt 1 of 3
[2025-01-10T15:43:11.407+0000] {taskinstance.py:2191} INFO - Executing <Task(SQLExecuteQueryOperator): sql_md_ledger_account_s> on 2025-01-10 15:43:04.521903+00:00
[2025-01-10T15:43:11.413+0000] {standard_task_runner.py:60} INFO - Started process 2291 to run task
[2025-01-10T15:43:11.418+0000] {standard_task_runner.py:87} INFO - Running: ['***', 'tasks', 'run', 'insert_date', 'sql_md_ledger_account_s', 'manual__2025-01-10T15:43:04.521903+00:00', '--job-id', '1745', '--raw', '--subdir', 'DAGS_FOLDER/insert_data.py', '--cfg-path', '/tmp/tmp5cjfeufo']
[2025-01-10T15:43:11.420+0000] {standard_task_runner.py:88} INFO - Job 1745: Subtask sql_md_ledger_account_s
[2025-01-10T15:43:11.469+0000] {task_command.py:423} INFO - Running <TaskInstance: insert_date.sql_md_ledger_account_s manual__2025-01-10T15:43:04.521903+00:00 [running]> on host 711845a6becd
[2025-01-10T15:43:11.560+0000] {taskinstance.py:2480} INFO - Exporting env vars: AIRFLOW_CTX_DAG_OWNER='budanovsa' AIRFLOW_CTX_DAG_ID='insert_date' AIRFLOW_CTX_TASK_ID='sql_md_ledger_account_s' AIRFLOW_CTX_EXECUTION_DATE='2025-01-10T15:43:04.521903+00:00' AIRFLOW_CTX_TRY_NUMBER='1' AIRFLOW_CTX_DAG_RUN_ID='manual__2025-01-10T15:43:04.521903+00:00'
[2025-01-10T15:43:11.563+0000] {sql.py:276} INFO - Executing: INSERT INTO ds.md_ledger_account_s( 
    chapter
    ,chapter_name
	,section_number
	,section_name
	,subsection_name
	,ledger1_account
	,ledger1_account_name
	,ledger_account 
	,ledger_account_name 
	,characteristic
	,start_date
	,end_date
)
SELECT
	mlas."CHAPTER"
	, mlas."CHAPTER_NAME"
	, mlas."SECTION_NUMBER"
	, mlas."SECTION_NAME"
	, mlas."SUBSECTION_NAME"
	, mlas."LEDGER1_ACCOUNT"
	, mlas."LEDGER1_ACCOUNT_NAME"
	, mlas."LEDGER_ACCOUNT"
	, mlas."LEDGER_ACCOUNT_NAME"
	, mlas."CHARACTERISTIC"
	, to_date(mlas."START_DATE", '%Y-%m-%d')
	, to_date(mlas."END_DATE", '%Y-%m-%d')
FROM stage.md_ledger_account_s mlas
WHERE mlas."LEDGER_ACCOUNT" IS NOT NULL
   AND mlas."START_DATE" IS NOT NULL
on conflict on constraint md_ledger_account_s_pkey do update
	set chapter=excluded.chapter
    ,chapter_name=excluded.chapter_name
	,section_number=excluded.section_number
	,section_name=excluded.section_name
	,subsection_name=excluded.subsection_name
	,ledger1_account=excluded.ledger1_account
	,ledger1_account_name=excluded.ledger1_account_name
	,ledger_account_name=excluded.ledger_account_name 
	,characteristic=excluded.characteristic
	,end_date=excluded.end_date; 
[2025-01-10T15:43:11.575+0000] {base.py:83} INFO - Using connection ID 'postgres-db' for task execution.
[2025-01-10T15:43:11.587+0000] {base.py:83} INFO - Using connection ID 'postgres-db' for task execution.
[2025-01-10T15:43:11.650+0000] {sql.py:450} INFO - Running statement: INSERT INTO ds.md_ledger_account_s( 
    chapter
    ,chapter_name
	,section_number
	,section_name
	,subsection_name
	,ledger1_account
	,ledger1_account_name
	,ledger_account 
	,ledger_account_name 
	,characteristic
	,start_date
	,end_date
)
SELECT
	mlas."CHAPTER"
	, mlas."CHAPTER_NAME"
	, mlas."SECTION_NUMBER"
	, mlas."SECTION_NAME"
	, mlas."SUBSECTION_NAME"
	, mlas."LEDGER1_ACCOUNT"
	, mlas."LEDGER1_ACCOUNT_NAME"
	, mlas."LEDGER_ACCOUNT"
	, mlas."LEDGER_ACCOUNT_NAME"
	, mlas."CHARACTERISTIC"
	, to_date(mlas."START_DATE", '%Y-%m-%d')
	, to_date(mlas."END_DATE", '%Y-%m-%d')
FROM stage.md_ledger_account_s mlas
WHERE mlas."LEDGER_ACCOUNT" IS NOT NULL
   AND mlas."START_DATE" IS NOT NULL
on conflict on constraint md_ledger_account_s_pkey do update
	set chapter=excluded.chapter
    ,chapter_name=excluded.chapter_name
	,section_number=excluded.section_number
	,section_name=excluded.section_name
	,subsection_name=excluded.subsection_name
	,ledger1_account=excluded.ledger1_account
	,ledger1_account_name=excluded.ledger1_account_name
	,ledger_account_name=excluded.ledger_account_name 
	,characteristic=excluded.characteristic
	,end_date=excluded.end_date; , parameters: None
[2025-01-10T15:43:11.656+0000] {taskinstance.py:2698} ERROR - Task failed with exception
Traceback (most recent call last):
  File "/home/airflow/.local/lib/python3.8/site-packages/airflow/models/taskinstance.py", line 433, in _execute_task
    result = execute_callable(context=context, **execute_callable_kwargs)
  File "/home/airflow/.local/lib/python3.8/site-packages/airflow/providers/common/sql/operators/sql.py", line 282, in execute
    output = hook.run(
  File "/home/airflow/.local/lib/python3.8/site-packages/airflow/providers/common/sql/hooks/sql.py", line 398, in run
    self._run_command(cur, sql_statement, parameters)
  File "/home/airflow/.local/lib/python3.8/site-packages/airflow/providers/common/sql/hooks/sql.py", line 455, in _run_command
    cur.execute(sql_statement)
psycopg2.errors.CardinalityViolation: ОШИБКА:  команда ON CONFLICT DO UPDATE не может подействовать на строку дважды
HINT:  Проверьте, не содержат ли строки, которые должна добавить команда, дублирующиеся значения, подпадающие под ограничения.

[2025-01-10T15:43:11.666+0000] {taskinstance.py:1138} INFO - Marking task as UP_FOR_RETRY. dag_id=insert_date, task_id=sql_md_ledger_account_s, execution_date=20250110T154304, start_date=20250110T154311, end_date=20250110T154311
[2025-01-10T15:43:11.679+0000] {standard_task_runner.py:107} ERROR - Failed to execute job 1745 for task sql_md_ledger_account_s (ОШИБКА:  команда ON CONFLICT DO UPDATE не может подействовать на строку дважды
HINT:  Проверьте, не содержат ли строки, которые должна добавить команда, дублирующиеся значения, подпадающие под ограничения.
; 2291)
[2025-01-10T15:43:11.710+0000] {local_task_job_runner.py:234} INFO - Task exited with return code 1
[2025-01-10T15:43:11.752+0000] {taskinstance.py:3280} INFO - 0 downstream tasks scheduled from follow-on schedule check
