[2025-01-13T18:02:00.110+0000] {taskinstance.py:1956} INFO - Dependencies all met for dep_context=non-requeueable deps ti=<TaskInstance: insert_date.sql_md_ledger_account_s manual__2025-01-13T18:01:42.558465+00:00 [queued]>
[2025-01-13T18:02:00.138+0000] {taskinstance.py:1956} INFO - Dependencies all met for dep_context=requeueable deps ti=<TaskInstance: insert_date.sql_md_ledger_account_s manual__2025-01-13T18:01:42.558465+00:00 [queued]>
[2025-01-13T18:02:00.140+0000] {taskinstance.py:2170} INFO - Starting attempt 1 of 3
[2025-01-13T18:02:00.435+0000] {taskinstance.py:2191} INFO - Executing <Task(SQLExecuteQueryOperator): sql_md_ledger_account_s> on 2025-01-13 18:01:42.558465+00:00
[2025-01-13T18:02:00.452+0000] {standard_task_runner.py:60} INFO - Started process 2332 to run task
[2025-01-13T18:02:00.458+0000] {standard_task_runner.py:87} INFO - Running: ['***', 'tasks', 'run', 'insert_date', 'sql_md_ledger_account_s', 'manual__2025-01-13T18:01:42.558465+00:00', '--job-id', '3053', '--raw', '--subdir', 'DAGS_FOLDER/insert_data.py', '--cfg-path', '/tmp/tmp8xu640rl']
[2025-01-13T18:02:00.465+0000] {standard_task_runner.py:88} INFO - Job 3053: Subtask sql_md_ledger_account_s
[2025-01-13T18:02:00.609+0000] {task_command.py:423} INFO - Running <TaskInstance: insert_date.sql_md_ledger_account_s manual__2025-01-13T18:01:42.558465+00:00 [running]> on host 711845a6becd
[2025-01-13T18:02:00.845+0000] {taskinstance.py:2480} INFO - Exporting env vars: AIRFLOW_CTX_DAG_OWNER='budanovsa' AIRFLOW_CTX_DAG_ID='insert_date' AIRFLOW_CTX_TASK_ID='sql_md_ledger_account_s' AIRFLOW_CTX_EXECUTION_DATE='2025-01-13T18:01:42.558465+00:00' AIRFLOW_CTX_TRY_NUMBER='1' AIRFLOW_CTX_DAG_RUN_ID='manual__2025-01-13T18:01:42.558465+00:00'
[2025-01-13T18:02:00.849+0000] {sql.py:276} INFO - Executing: INSERT INTO ds.md_ledger_account_s( 
    chapter
    ,chapter_name
	,section_number
	,section_name
	,subsection_name
	,ledger1_account
	,ledger1_account_name
	,ledger_account 
	,ledger_account_name 
	,characteristic
	,start_date
	,end_date
)
SELECT distinct
	mlas."CHAPTER"
	, mlas."CHAPTER_NAME"
	, mlas."SECTION_NUMBER"
	, mlas."SECTION_NAME"
	, mlas."SUBSECTION_NAME"
	, mlas."LEDGER1_ACCOUNT"
	, mlas."LEDGER1_ACCOUNT_NAME"
	, mlas."LEDGER_ACCOUNT"
	, mlas."LEDGER_ACCOUNT_NAME"
	, mlas."CHARACTERISTIC"
	, to_date(mlas."START_DATE", '%Y-%m-%d') as start_date
	, to_date(mlas."END_DATE", '%Y-%m-%d') as end_date
FROM stage.md_ledger_account_s mlas
WHERE mlas."LEDGER_ACCOUNT" IS NOT NULL
   AND mlas."START_DATE" IS NOT NULL
on conflict on constraint md_ledger_account_s_pkey do update
	set chapter=excluded.chapter
    ,chapter_name=excluded.chapter_name
	,section_number=excluded.section_number
	,section_name=excluded.section_name
	,subsection_name=excluded.subsection_name
	,ledger1_account=excluded.ledger1_account
	,ledger1_account_name=excluded.ledger1_account_name
	,ledger_account_name=excluded.ledger_account_name 
	,characteristic=excluded.characteristic
	,end_date=excluded.end_date; 
[2025-01-13T18:02:00.875+0000] {base.py:83} INFO - Using connection ID 'postgres-db' for task execution.
[2025-01-13T18:02:00.908+0000] {base.py:83} INFO - Using connection ID 'postgres-db' for task execution.
[2025-01-13T18:02:01.091+0000] {sql.py:450} INFO - Running statement: INSERT INTO ds.md_ledger_account_s( 
    chapter
    ,chapter_name
	,section_number
	,section_name
	,subsection_name
	,ledger1_account
	,ledger1_account_name
	,ledger_account 
	,ledger_account_name 
	,characteristic
	,start_date
	,end_date
)
SELECT distinct
	mlas."CHAPTER"
	, mlas."CHAPTER_NAME"
	, mlas."SECTION_NUMBER"
	, mlas."SECTION_NAME"
	, mlas."SUBSECTION_NAME"
	, mlas."LEDGER1_ACCOUNT"
	, mlas."LEDGER1_ACCOUNT_NAME"
	, mlas."LEDGER_ACCOUNT"
	, mlas."LEDGER_ACCOUNT_NAME"
	, mlas."CHARACTERISTIC"
	, to_date(mlas."START_DATE", '%Y-%m-%d') as start_date
	, to_date(mlas."END_DATE", '%Y-%m-%d') as end_date
FROM stage.md_ledger_account_s mlas
WHERE mlas."LEDGER_ACCOUNT" IS NOT NULL
   AND mlas."START_DATE" IS NOT NULL
on conflict on constraint md_ledger_account_s_pkey do update
	set chapter=excluded.chapter
    ,chapter_name=excluded.chapter_name
	,section_number=excluded.section_number
	,section_name=excluded.section_name
	,subsection_name=excluded.subsection_name
	,ledger1_account=excluded.ledger1_account
	,ledger1_account_name=excluded.ledger1_account_name
	,ledger_account_name=excluded.ledger_account_name 
	,characteristic=excluded.characteristic
	,end_date=excluded.end_date; , parameters: None
[2025-01-13T18:02:01.112+0000] {sql.py:459} INFO - Rows affected: 18
[2025-01-13T18:02:01.151+0000] {taskinstance.py:1138} INFO - Marking task as SUCCESS. dag_id=insert_date, task_id=sql_md_ledger_account_s, execution_date=20250113T180142, start_date=20250113T180200, end_date=20250113T180201
[2025-01-13T18:02:01.162+0000] {base.py:83} INFO - Using connection ID 'postgres-db' for task execution.
[2025-01-13T18:02:01.324+0000] {sql.py:450} INFO - Running statement: 
        INSERT INTO log.logt (execution_datetime, event_datetime, event_name)
        VALUES ('2025-01-13 18:01:42.558465', '2025-01-13T18:02:01.155360', 'sql_md_ledger_account_s');
    , parameters: None
[2025-01-13T18:02:01.338+0000] {sql.py:459} INFO - Rows affected: 1
[2025-01-13T18:02:01.437+0000] {local_task_job_runner.py:234} INFO - Task exited with return code 0
[2025-01-13T18:02:01.522+0000] {taskinstance.py:3280} INFO - 0 downstream tasks scheduled from follow-on schedule check
