[2025-01-08T13:20:55.244+0000] {taskinstance.py:1956} INFO - Dependencies all met for dep_context=non-requeueable deps ti=<TaskInstance: insert_date.sql_md_currency_d manual__2025-01-08T13:20:48.128974+00:00 [queued]>
[2025-01-08T13:20:55.259+0000] {taskinstance.py:1956} INFO - Dependencies all met for dep_context=requeueable deps ti=<TaskInstance: insert_date.sql_md_currency_d manual__2025-01-08T13:20:48.128974+00:00 [queued]>
[2025-01-08T13:20:55.260+0000] {taskinstance.py:2170} INFO - Starting attempt 1 of 3
[2025-01-08T13:20:55.434+0000] {taskinstance.py:2191} INFO - Executing <Task(SQLExecuteQueryOperator): sql_md_currency_d> on 2025-01-08 13:20:48.128974+00:00
[2025-01-08T13:20:55.441+0000] {standard_task_runner.py:60} INFO - Started process 272 to run task
[2025-01-08T13:20:55.445+0000] {standard_task_runner.py:87} INFO - Running: ['***', 'tasks', 'run', 'insert_date', 'sql_md_currency_d', 'manual__2025-01-08T13:20:48.128974+00:00', '--job-id', '1310', '--raw', '--subdir', 'DAGS_FOLDER/insert_data.py', '--cfg-path', '/tmp/tmp53n6wflp']
[2025-01-08T13:20:55.448+0000] {standard_task_runner.py:88} INFO - Job 1310: Subtask sql_md_currency_d
[2025-01-08T13:20:55.510+0000] {task_command.py:423} INFO - Running <TaskInstance: insert_date.sql_md_currency_d manual__2025-01-08T13:20:48.128974+00:00 [running]> on host 779bfbde52bc
[2025-01-08T13:20:55.609+0000] {taskinstance.py:2480} INFO - Exporting env vars: AIRFLOW_CTX_DAG_OWNER='budanovsa' AIRFLOW_CTX_DAG_ID='insert_date' AIRFLOW_CTX_TASK_ID='sql_md_currency_d' AIRFLOW_CTX_EXECUTION_DATE='2025-01-08T13:20:48.128974+00:00' AIRFLOW_CTX_TRY_NUMBER='1' AIRFLOW_CTX_DAG_RUN_ID='manual__2025-01-08T13:20:48.128974+00:00'
[2025-01-08T13:20:55.610+0000] {sql.py:276} INFO - Executing:  INSERT INTO dsl.md_currency_d(
      currency_rk
    , data_actual_date
    , data_actual_end_date
    , currency_code
    , code_iso_char
)
SELECT mcd."CURRENCY_RK"
    , to_date(mcd."DATA_ACTUAL_DATE", '%Y-%m-%d') 
    , to_date(mcd."DATA_ACTUAL_END_DATE", '%Y-%m-%d')
    , mcd."CURRENCY_CODE" 
	, mcd."CODE_ISO_CHAR" 
  FROM stage.md_currency_d mcd
 WHERE mcd."CURRENCY_RK" IS NOT NULL
   AND mcd."DATA_ACTUAL_DATE" IS NOT NULL; 
[2025-01-08T13:20:55.623+0000] {base.py:83} INFO - Using connection ID 'postgres-db' for task execution.
[2025-01-08T13:20:55.633+0000] {base.py:83} INFO - Using connection ID 'postgres-db' for task execution.
[2025-01-08T13:20:55.706+0000] {sql.py:450} INFO - Running statement:  INSERT INTO dsl.md_currency_d(
      currency_rk
    , data_actual_date
    , data_actual_end_date
    , currency_code
    , code_iso_char
)
SELECT mcd."CURRENCY_RK"
    , to_date(mcd."DATA_ACTUAL_DATE", '%Y-%m-%d') 
    , to_date(mcd."DATA_ACTUAL_END_DATE", '%Y-%m-%d')
    , mcd."CURRENCY_CODE" 
	, mcd."CODE_ISO_CHAR" 
  FROM stage.md_currency_d mcd
 WHERE mcd."CURRENCY_RK" IS NOT NULL
   AND mcd."DATA_ACTUAL_DATE" IS NOT NULL; , parameters: None
[2025-01-08T13:20:55.718+0000] {sql.py:459} INFO - Rows affected: 50
[2025-01-08T13:20:55.733+0000] {taskinstance.py:1138} INFO - Marking task as SUCCESS. dag_id=insert_date, task_id=sql_md_currency_d, execution_date=20250108T132048, start_date=20250108T132055, end_date=20250108T132055
[2025-01-08T13:20:55.738+0000] {base.py:83} INFO - Using connection ID 'postgres-db' for task execution.
[2025-01-08T13:20:55.915+0000] {sql.py:450} INFO - Running statement: 
        INSERT INTO logs.csv_to_dag (execution_datetime, event_datetime, event_name)
        VALUES ('2025-01-08T13:20:48.128974', '2025-01-08T13:20:55.734712', 'sql_md_currency_d');
    , parameters: None
[2025-01-08T13:20:55.918+0000] {sql.py:459} INFO - Rows affected: 1
[2025-01-08T13:20:55.981+0000] {local_task_job_runner.py:234} INFO - Task exited with return code 0
[2025-01-08T13:20:56.018+0000] {taskinstance.py:3280} INFO - 0 downstream tasks scheduled from follow-on schedule check
