[2025-01-12T14:41:38.437+0000] {taskinstance.py:1956} INFO - Dependencies all met for dep_context=non-requeueable deps ti=<TaskInstance: insert_date.create_log_sheme manual__2025-01-12T14:41:36.199294+00:00 [queued]>
[2025-01-12T14:41:38.448+0000] {taskinstance.py:1956} INFO - Dependencies all met for dep_context=requeueable deps ti=<TaskInstance: insert_date.create_log_sheme manual__2025-01-12T14:41:36.199294+00:00 [queued]>
[2025-01-12T14:41:38.448+0000] {taskinstance.py:2170} INFO - Starting attempt 1 of 3
[2025-01-12T14:41:38.604+0000] {taskinstance.py:2191} INFO - Executing <Task(SQLExecuteQueryOperator): create_log_sheme> on 2025-01-12 14:41:36.199294+00:00
[2025-01-12T14:41:38.610+0000] {standard_task_runner.py:60} INFO - Started process 2706 to run task
[2025-01-12T14:41:38.614+0000] {standard_task_runner.py:87} INFO - Running: ['***', 'tasks', 'run', 'insert_date', 'create_log_sheme', 'manual__2025-01-12T14:41:36.199294+00:00', '--job-id', '2251', '--raw', '--subdir', 'DAGS_FOLDER/insert_data.py', '--cfg-path', '/tmp/tmp_x6kh3k4']
[2025-01-12T14:41:38.617+0000] {standard_task_runner.py:88} INFO - Job 2251: Subtask create_log_sheme
[2025-01-12T14:41:38.664+0000] {task_command.py:423} INFO - Running <TaskInstance: insert_date.create_log_sheme manual__2025-01-12T14:41:36.199294+00:00 [running]> on host 711845a6becd
[2025-01-12T14:41:38.738+0000] {taskinstance.py:2480} INFO - Exporting env vars: AIRFLOW_CTX_DAG_OWNER='budanovsa' AIRFLOW_CTX_DAG_ID='insert_date' AIRFLOW_CTX_TASK_ID='create_log_sheme' AIRFLOW_CTX_EXECUTION_DATE='2025-01-12T14:41:36.199294+00:00' AIRFLOW_CTX_TRY_NUMBER='1' AIRFLOW_CTX_DAG_RUN_ID='manual__2025-01-12T14:41:36.199294+00:00'
[2025-01-12T14:41:38.740+0000] {sql.py:276} INFO - Executing: create schema if not exists "log";

create table if not exists
	log.logt (
		execution_datetime TIMESTAMP not null,
		event_datetime TIMESTAMP not null,
		event_name VARCHAR(30) not null
);
[2025-01-12T14:41:38.747+0000] {base.py:83} INFO - Using connection ID 'postgres-db' for task execution.
[2025-01-12T14:41:38.756+0000] {base.py:83} INFO - Using connection ID 'postgres-db' for task execution.
[2025-01-12T14:41:38.807+0000] {sql.py:450} INFO - Running statement: create schema if not exists "log";

create table if not exists
	log.logt (
		execution_datetime TIMESTAMP not null,
		event_datetime TIMESTAMP not null,
		event_name VARCHAR(30) not null
);, parameters: None
[2025-01-12T14:41:38.822+0000] {taskinstance.py:1138} INFO - Marking task as SUCCESS. dag_id=insert_date, task_id=create_log_sheme, execution_date=20250112T144136, start_date=20250112T144138, end_date=20250112T144138
[2025-01-12T14:41:38.826+0000] {base.py:83} INFO - Using connection ID 'postgres-db' for task execution.
[2025-01-12T14:41:38.883+0000] {sql.py:450} INFO - Running statement: 
        INSERT INTO log.logt (execution_datetime, event_datetime, event_name)
        VALUES ('2025-01-12 14:41:36.199294', '2025-01-12 14:41:38.823137', 'create_log_sheme');
    , parameters: None
[2025-01-12T14:41:38.886+0000] {sql.py:459} INFO - Rows affected: 1
[2025-01-12T14:41:38.947+0000] {local_task_job_runner.py:234} INFO - Task exited with return code 0
[2025-01-12T14:41:38.974+0000] {taskinstance.py:3280} INFO - 1 downstream tasks scheduled from follow-on schedule check
