[2025-01-10T15:22:24.478+0000] {taskinstance.py:1956} INFO - Dependencies all met for dep_context=non-requeueable deps ti=<TaskInstance: insert_date.sql_md_exchange_rate_d manual__2025-01-10T15:22:17.764052+00:00 [queued]>
[2025-01-10T15:22:24.490+0000] {taskinstance.py:1956} INFO - Dependencies all met for dep_context=requeueable deps ti=<TaskInstance: insert_date.sql_md_exchange_rate_d manual__2025-01-10T15:22:17.764052+00:00 [queued]>
[2025-01-10T15:22:24.490+0000] {taskinstance.py:2170} INFO - Starting attempt 1 of 3
[2025-01-10T15:22:24.666+0000] {taskinstance.py:2191} INFO - Executing <Task(SQLExecuteQueryOperator): sql_md_exchange_rate_d> on 2025-01-10 15:22:17.764052+00:00
[2025-01-10T15:22:24.672+0000] {standard_task_runner.py:60} INFO - Started process 1716 to run task
[2025-01-10T15:22:24.676+0000] {standard_task_runner.py:87} INFO - Running: ['***', 'tasks', 'run', 'insert_date', 'sql_md_exchange_rate_d', 'manual__2025-01-10T15:22:17.764052+00:00', '--job-id', '1650', '--raw', '--subdir', 'DAGS_FOLDER/insert_data.py', '--cfg-path', '/tmp/tmpw1xm3n1q']
[2025-01-10T15:22:24.678+0000] {standard_task_runner.py:88} INFO - Job 1650: Subtask sql_md_exchange_rate_d
[2025-01-10T15:22:24.729+0000] {task_command.py:423} INFO - Running <TaskInstance: insert_date.sql_md_exchange_rate_d manual__2025-01-10T15:22:17.764052+00:00 [running]> on host 711845a6becd
[2025-01-10T15:22:24.823+0000] {taskinstance.py:2480} INFO - Exporting env vars: AIRFLOW_CTX_DAG_OWNER='budanovsa' AIRFLOW_CTX_DAG_ID='insert_date' AIRFLOW_CTX_TASK_ID='sql_md_exchange_rate_d' AIRFLOW_CTX_EXECUTION_DATE='2025-01-10T15:22:17.764052+00:00' AIRFLOW_CTX_TRY_NUMBER='1' AIRFLOW_CTX_DAG_RUN_ID='manual__2025-01-10T15:22:17.764052+00:00'
[2025-01-10T15:22:24.828+0000] {sql.py:276} INFO - Executing: INSERT INTO ds.md_exchange_rate_d( 
     data_actual_date
    ,data_actual_end_date
    ,currency_rk
	,reduced_cource
	,code_iso_num
)
SELECT distinct
      to_date(merd."DATA_ACTUAL_DATE", '%Y-%m-%d') 
    , to_date(merd."DATA_ACTUAL_END_DATE", '%Y-%m-%d')
	, merd."CURRENCY_RK"
	, merd."REDUCED_COURCE"
	, merd."CODE_ISO_NUM"
  FROM stage.md_exchange_rate_d merd
 WHERE merd."DATA_ACTUAL_DATE" IS NOT NULL
   AND merd."CURRENCY_RK" IS NOT NULL
on conflict on constraint md_exchange_rate_d_pkey on update
	set data_actual_end_date=excluded.data_actual_end_date
		reduced_cource=excluded.reduced_cource
		code_iso_num=excluded.code_iso_num; 
[2025-01-10T15:22:24.847+0000] {base.py:83} INFO - Using connection ID 'postgres-db' for task execution.
[2025-01-10T15:22:24.858+0000] {base.py:83} INFO - Using connection ID 'postgres-db' for task execution.
[2025-01-10T15:22:24.914+0000] {sql.py:450} INFO - Running statement: INSERT INTO ds.md_exchange_rate_d( 
     data_actual_date
    ,data_actual_end_date
    ,currency_rk
	,reduced_cource
	,code_iso_num
)
SELECT distinct
      to_date(merd."DATA_ACTUAL_DATE", '%Y-%m-%d') 
    , to_date(merd."DATA_ACTUAL_END_DATE", '%Y-%m-%d')
	, merd."CURRENCY_RK"
	, merd."REDUCED_COURCE"
	, merd."CODE_ISO_NUM"
  FROM stage.md_exchange_rate_d merd
 WHERE merd."DATA_ACTUAL_DATE" IS NOT NULL
   AND merd."CURRENCY_RK" IS NOT NULL
on conflict on constraint md_exchange_rate_d_pkey on update
	set data_actual_end_date=excluded.data_actual_end_date
		reduced_cource=excluded.reduced_cource
		code_iso_num=excluded.code_iso_num; , parameters: None
[2025-01-10T15:22:24.919+0000] {taskinstance.py:2698} ERROR - Task failed with exception
Traceback (most recent call last):
  File "/home/airflow/.local/lib/python3.8/site-packages/airflow/models/taskinstance.py", line 433, in _execute_task
    result = execute_callable(context=context, **execute_callable_kwargs)
  File "/home/airflow/.local/lib/python3.8/site-packages/airflow/providers/common/sql/operators/sql.py", line 282, in execute
    output = hook.run(
  File "/home/airflow/.local/lib/python3.8/site-packages/airflow/providers/common/sql/hooks/sql.py", line 398, in run
    self._run_command(cur, sql_statement, parameters)
  File "/home/airflow/.local/lib/python3.8/site-packages/airflow/providers/common/sql/hooks/sql.py", line 455, in _run_command
    cur.execute(sql_statement)
psycopg2.errors.SyntaxError: ОШИБКА:  ошибка синтаксиса (примерное положение: "on")
LINE 17: on conflict on constraint md_exchange_rate_d_pkey on update
                                                           ^

[2025-01-10T15:22:24.930+0000] {taskinstance.py:1138} INFO - Marking task as UP_FOR_RETRY. dag_id=insert_date, task_id=sql_md_exchange_rate_d, execution_date=20250110T152217, start_date=20250110T152224, end_date=20250110T152224
[2025-01-10T15:22:24.943+0000] {standard_task_runner.py:107} ERROR - Failed to execute job 1650 for task sql_md_exchange_rate_d (ОШИБКА:  ошибка синтаксиса (примерное положение: "on")
LINE 17: on conflict on constraint md_exchange_rate_d_pkey on update
                                                           ^
; 1716)
[2025-01-10T15:22:24.969+0000] {local_task_job_runner.py:234} INFO - Task exited with return code 1
[2025-01-10T15:22:25.042+0000] {taskinstance.py:3280} INFO - 0 downstream tasks scheduled from follow-on schedule check
