[2025-01-10T14:20:49.600+0000] {taskinstance.py:1956} INFO - Dependencies all met for dep_context=non-requeueable deps ti=<TaskInstance: insert_date.md_exchange_rate_d manual__2025-01-10T14:20:47.554453+00:00 [queued]>
[2025-01-10T14:20:49.614+0000] {taskinstance.py:1956} INFO - Dependencies all met for dep_context=requeueable deps ti=<TaskInstance: insert_date.md_exchange_rate_d manual__2025-01-10T14:20:47.554453+00:00 [queued]>
[2025-01-10T14:20:49.615+0000] {taskinstance.py:2170} INFO - Starting attempt 1 of 3
[2025-01-10T14:20:49.865+0000] {taskinstance.py:2191} INFO - Executing <Task(PythonOperator): md_exchange_rate_d> on 2025-01-10 14:20:47.554453+00:00
[2025-01-10T14:20:49.875+0000] {standard_task_runner.py:60} INFO - Started process 191 to run task
[2025-01-10T14:20:49.880+0000] {standard_task_runner.py:87} INFO - Running: ['***', 'tasks', 'run', 'insert_date', 'md_exchange_rate_d', 'manual__2025-01-10T14:20:47.554453+00:00', '--job-id', '1431', '--raw', '--subdir', 'DAGS_FOLDER/insert_data.py', '--cfg-path', '/tmp/tmps4j56huw']
[2025-01-10T14:20:49.886+0000] {standard_task_runner.py:88} INFO - Job 1431: Subtask md_exchange_rate_d
[2025-01-10T14:20:49.956+0000] {task_command.py:423} INFO - Running <TaskInstance: insert_date.md_exchange_rate_d manual__2025-01-10T14:20:47.554453+00:00 [running]> on host 711845a6becd
[2025-01-10T14:20:50.059+0000] {taskinstance.py:2480} INFO - Exporting env vars: AIRFLOW_CTX_DAG_OWNER='budanovsa' AIRFLOW_CTX_DAG_ID='insert_date' AIRFLOW_CTX_TASK_ID='md_exchange_rate_d' AIRFLOW_CTX_EXECUTION_DATE='2025-01-10T14:20:47.554453+00:00' AIRFLOW_CTX_TRY_NUMBER='1' AIRFLOW_CTX_DAG_RUN_ID='manual__2025-01-10T14:20:47.554453+00:00'
[2025-01-10T14:20:50.081+0000] {base.py:83} INFO - Using connection ID 'postgres-db' for task execution.
[2025-01-10T14:20:50.222+0000] {python.py:201} INFO - Done. Returned value was: None
[2025-01-10T14:20:50.238+0000] {taskinstance.py:1138} INFO - Marking task as SUCCESS. dag_id=insert_date, task_id=md_exchange_rate_d, execution_date=20250110T142047, start_date=20250110T142049, end_date=20250110T142050
[2025-01-10T14:20:50.249+0000] {base.py:83} INFO - Using connection ID 'postgres-db' for task execution.
[2025-01-10T14:20:50.310+0000] {sql.py:450} INFO - Running statement: 
        INSERT INTO log.logt (execution_datetime, event_datetime, event_name)
        VALUES ('2025-01-10T14:20:47.554453', '2025-01-10T14:20:50.239916', 'md_exchange_rate_d');
    , parameters: None
[2025-01-10T14:20:50.315+0000] {taskinstance.py:1116} ERROR - Error when executing uploading_logs callback
Traceback (most recent call last):
  File "/home/airflow/.local/lib/python3.8/site-packages/airflow/models/taskinstance.py", line 1113, in _run_finished_callback
    callback(context)
  File "/opt/airflow/dags/insert_data.py", line 50, in uploading_logs
    postgres_hook.run(query)
  File "/home/airflow/.local/lib/python3.8/site-packages/airflow/providers/common/sql/hooks/sql.py", line 398, in run
    self._run_command(cur, sql_statement, parameters)
  File "/home/airflow/.local/lib/python3.8/site-packages/airflow/providers/common/sql/hooks/sql.py", line 455, in _run_command
    cur.execute(sql_statement)
psycopg2.errors.UndefinedTable: ОШИБКА:  отношение "log.logt" не существует
LINE 2:         INSERT INTO log.logt (execution_datetime, event_date...
                            ^

[2025-01-10T14:20:50.377+0000] {local_task_job_runner.py:234} INFO - Task exited with return code 0
[2025-01-10T14:20:50.433+0000] {taskinstance.py:3280} INFO - 0 downstream tasks scheduled from follow-on schedule check
