[2025-01-13T18:29:19.741+0000] {taskinstance.py:1956} INFO - Dependencies all met for dep_context=non-requeueable deps ti=<TaskInstance: insert_date.sql_ft_balance_f manual__2025-01-13T18:29:00.511838+00:00 [queued]>
[2025-01-13T18:29:19.769+0000] {taskinstance.py:1956} INFO - Dependencies all met for dep_context=requeueable deps ti=<TaskInstance: insert_date.sql_ft_balance_f manual__2025-01-13T18:29:00.511838+00:00 [queued]>
[2025-01-13T18:29:19.770+0000] {taskinstance.py:2170} INFO - Starting attempt 1 of 3
[2025-01-13T18:29:20.165+0000] {taskinstance.py:2191} INFO - Executing <Task(SQLExecuteQueryOperator): sql_ft_balance_f> on 2025-01-13 18:29:00.511838+00:00
[2025-01-13T18:29:20.178+0000] {standard_task_runner.py:60} INFO - Started process 2835 to run task
[2025-01-13T18:29:20.187+0000] {standard_task_runner.py:87} INFO - Running: ['***', 'tasks', 'run', 'insert_date', 'sql_ft_balance_f', 'manual__2025-01-13T18:29:00.511838+00:00', '--job-id', '3090', '--raw', '--subdir', 'DAGS_FOLDER/insert_data.py', '--cfg-path', '/tmp/tmplj18n715']
[2025-01-13T18:29:20.193+0000] {standard_task_runner.py:88} INFO - Job 3090: Subtask sql_ft_balance_f
[2025-01-13T18:29:20.307+0000] {task_command.py:423} INFO - Running <TaskInstance: insert_date.sql_ft_balance_f manual__2025-01-13T18:29:00.511838+00:00 [running]> on host 711845a6becd
[2025-01-13T18:29:20.501+0000] {taskinstance.py:2480} INFO - Exporting env vars: AIRFLOW_CTX_DAG_OWNER='budanovsa' AIRFLOW_CTX_DAG_ID='insert_date' AIRFLOW_CTX_TASK_ID='sql_ft_balance_f' AIRFLOW_CTX_EXECUTION_DATE='2025-01-13T18:29:00.511838+00:00' AIRFLOW_CTX_TRY_NUMBER='1' AIRFLOW_CTX_DAG_RUN_ID='manual__2025-01-13T18:29:00.511838+00:00'
[2025-01-13T18:29:20.504+0000] {sql.py:276} INFO - Executing: INSERT INTO ds.ft_balance_f(
      account_rk
    , currency_rk
    , balance_out
    , on_date
)
SELECT fbf."ACCOUNT_RK" 
     , fbf."CURRENCY_RK" 
     , fbf."BALANCE_OUT" 
     , to_date(fbf."ON_DATE" , 'dd.mm.YYYY') AS on_date
FROM stage.ft_balance_f fbf
WHERE fbf."ACCOUNT_RK"  IS NOT NULL
  AND fbf."ON_DATE"  IS NOT NULL
ON conflict On Constraint ft_balance_f_pkey DO Update
  set currency_rk=excluded.currency_rk
		,balance_out=excluded.balance_out;

[2025-01-13T18:29:20.526+0000] {base.py:83} INFO - Using connection ID 'postgres-db' for task execution.
[2025-01-13T18:29:20.557+0000] {base.py:83} INFO - Using connection ID 'postgres-db' for task execution.
[2025-01-13T18:29:20.719+0000] {sql.py:450} INFO - Running statement: INSERT INTO ds.ft_balance_f(
      account_rk
    , currency_rk
    , balance_out
    , on_date
)
SELECT fbf."ACCOUNT_RK" 
     , fbf."CURRENCY_RK" 
     , fbf."BALANCE_OUT" 
     , to_date(fbf."ON_DATE" , 'dd.mm.YYYY') AS on_date
FROM stage.ft_balance_f fbf
WHERE fbf."ACCOUNT_RK"  IS NOT NULL
  AND fbf."ON_DATE"  IS NOT NULL
ON conflict On Constraint ft_balance_f_pkey DO Update
  set currency_rk=excluded.currency_rk
		,balance_out=excluded.balance_out;
, parameters: None
[2025-01-13T18:29:20.736+0000] {sql.py:459} INFO - Rows affected: 114
[2025-01-13T18:29:20.769+0000] {taskinstance.py:1138} INFO - Marking task as SUCCESS. dag_id=insert_date, task_id=sql_ft_balance_f, execution_date=20250113T182900, start_date=20250113T182919, end_date=20250113T182920
[2025-01-13T18:29:20.780+0000] {base.py:83} INFO - Using connection ID 'postgres-db' for task execution.
[2025-01-13T18:29:20.925+0000] {sql.py:450} INFO - Running statement: 
        INSERT INTO log.logt (execution_datetime, event_datetime, event_name)
        VALUES ('2025-01-13 18:29:00.511838', '2025-01-13T18:29:20.771270', 'sql_ft_balance_f');
    , parameters: None
[2025-01-13T18:29:20.933+0000] {sql.py:459} INFO - Rows affected: 1
[2025-01-13T18:29:21.006+0000] {local_task_job_runner.py:234} INFO - Task exited with return code 0
[2025-01-13T18:29:21.120+0000] {taskinstance.py:3280} INFO - 0 downstream tasks scheduled from follow-on schedule check
