[2025-01-12T13:57:02.859+0000] {taskinstance.py:1956} INFO - Dependencies all met for dep_context=non-requeueable deps ti=<TaskInstance: insert_date.md_currency_d manual__2025-01-12T13:57:00.457244+00:00 [queued]>
[2025-01-12T13:57:02.874+0000] {taskinstance.py:1956} INFO - Dependencies all met for dep_context=requeueable deps ti=<TaskInstance: insert_date.md_currency_d manual__2025-01-12T13:57:00.457244+00:00 [queued]>
[2025-01-12T13:57:02.875+0000] {taskinstance.py:2170} INFO - Starting attempt 1 of 3
[2025-01-12T13:57:03.145+0000] {taskinstance.py:2191} INFO - Executing <Task(PythonOperator): md_currency_d> on 2025-01-12 13:57:00.457244+00:00
[2025-01-12T13:57:03.155+0000] {standard_task_runner.py:60} INFO - Started process 1773 to run task
[2025-01-12T13:57:03.166+0000] {standard_task_runner.py:87} INFO - Running: ['***', 'tasks', 'run', 'insert_date', 'md_currency_d', 'manual__2025-01-12T13:57:00.457244+00:00', '--job-id', '2154', '--raw', '--subdir', 'DAGS_FOLDER/insert_data.py', '--cfg-path', '/tmp/tmpccwcmzav']
[2025-01-12T13:57:03.176+0000] {standard_task_runner.py:88} INFO - Job 2154: Subtask md_currency_d
[2025-01-12T13:57:03.264+0000] {task_command.py:423} INFO - Running <TaskInstance: insert_date.md_currency_d manual__2025-01-12T13:57:00.457244+00:00 [running]> on host 711845a6becd
[2025-01-12T13:57:03.413+0000] {taskinstance.py:2480} INFO - Exporting env vars: AIRFLOW_CTX_DAG_OWNER='budanovsa' AIRFLOW_CTX_DAG_ID='insert_date' AIRFLOW_CTX_TASK_ID='md_currency_d' AIRFLOW_CTX_EXECUTION_DATE='2025-01-12T13:57:00.457244+00:00' AIRFLOW_CTX_TRY_NUMBER='1' AIRFLOW_CTX_DAG_RUN_ID='manual__2025-01-12T13:57:00.457244+00:00'
[2025-01-12T13:57:03.453+0000] {base.py:83} INFO - Using connection ID 'postgres-db' for task execution.
[2025-01-12T13:57:03.560+0000] {python.py:201} INFO - Done. Returned value was: None
[2025-01-12T13:57:03.576+0000] {taskinstance.py:1138} INFO - Marking task as SUCCESS. dag_id=insert_date, task_id=md_currency_d, execution_date=20250112T135700, start_date=20250112T135702, end_date=20250112T135703
[2025-01-12T13:57:03.581+0000] {base.py:83} INFO - Using connection ID 'postgres-db' for task execution.
[2025-01-12T13:57:03.656+0000] {sql.py:450} INFO - Running statement: 
        INSERT INTO log.logt (execution_datetime, event_datetime, event_name)
        VALUES ('2025-01-12 13:57:00.457244', '2025-01-12 13:57:03.577097', 'md_currency_d');
    , parameters: None
[2025-01-12T13:57:03.662+0000] {sql.py:459} INFO - Rows affected: 1
[2025-01-12T13:57:03.740+0000] {local_task_job_runner.py:234} INFO - Task exited with return code 0
[2025-01-12T13:57:03.812+0000] {taskinstance.py:3280} INFO - 0 downstream tasks scheduled from follow-on schedule check
