[2025-01-15T09:06:54.616+0000] {taskinstance.py:1956} INFO - Dependencies all met for dep_context=non-requeueable deps ti=<TaskInstance: insert_date.sql_md_currency_d manual__2025-01-15T09:06:40.404917+00:00 [queued]>
[2025-01-15T09:06:54.643+0000] {taskinstance.py:1956} INFO - Dependencies all met for dep_context=requeueable deps ti=<TaskInstance: insert_date.sql_md_currency_d manual__2025-01-15T09:06:40.404917+00:00 [queued]>
[2025-01-15T09:06:54.645+0000] {taskinstance.py:2170} INFO - Starting attempt 1 of 3
[2025-01-15T09:06:54.929+0000] {taskinstance.py:2191} INFO - Executing <Task(SQLExecuteQueryOperator): sql_md_currency_d> on 2025-01-15 09:06:40.404917+00:00
[2025-01-15T09:06:54.942+0000] {standard_task_runner.py:60} INFO - Started process 214 to run task
[2025-01-15T09:06:54.950+0000] {standard_task_runner.py:87} INFO - Running: ['***', 'tasks', 'run', 'insert_date', 'sql_md_currency_d', 'manual__2025-01-15T09:06:40.404917+00:00', '--job-id', '3151', '--raw', '--subdir', 'DAGS_FOLDER/insert_data.py', '--cfg-path', '/tmp/tmp1sk40q16']
[2025-01-15T09:06:54.956+0000] {standard_task_runner.py:88} INFO - Job 3151: Subtask sql_md_currency_d
[2025-01-15T09:06:55.097+0000] {task_command.py:423} INFO - Running <TaskInstance: insert_date.sql_md_currency_d manual__2025-01-15T09:06:40.404917+00:00 [running]> on host 711845a6becd
[2025-01-15T09:06:55.328+0000] {taskinstance.py:2480} INFO - Exporting env vars: AIRFLOW_CTX_DAG_OWNER='budanovsa' AIRFLOW_CTX_DAG_ID='insert_date' AIRFLOW_CTX_TASK_ID='sql_md_currency_d' AIRFLOW_CTX_EXECUTION_DATE='2025-01-15T09:06:40.404917+00:00' AIRFLOW_CTX_TRY_NUMBER='1' AIRFLOW_CTX_DAG_RUN_ID='manual__2025-01-15T09:06:40.404917+00:00'
[2025-01-15T09:06:55.330+0000] {sql.py:276} INFO - Executing:  INSERT INTO ds.md_currency_d(
      currency_rk
    , data_actual_date
    , data_actual_end_date
    , currency_code
    , code_iso_char
)
SELECT distinct
    mcd."CURRENCY_RK"
    , to_date(mcd."DATA_ACTUAL_DATE", '%Y-%m-%d') as data_actual_date
    , to_date(mcd."DATA_ACTUAL_END_DATE", '%Y-%m-%d') as data_actual_end_date
    , mcd."CURRENCY_CODE" 
	, mcd."CODE_ISO_CHAR" 
FROM stage.md_currency_d mcd
WHERE mcd."CURRENCY_RK" IS NOT NULL
   AND mcd."DATA_ACTUAL_DATE" IS NOT NULL
On conflict on constraint md_currency_d_pkey do update
	set data_actual_end_date=excluded.data_actual_end_date
		,currency_code=excluded.currency_code
		,code_iso_char=excluded.code_iso_char; 
[2025-01-15T09:06:55.360+0000] {base.py:83} INFO - Using connection ID 'postgres-db' for task execution.
[2025-01-15T09:06:55.384+0000] {base.py:83} INFO - Using connection ID 'postgres-db' for task execution.
[2025-01-15T09:06:55.534+0000] {sql.py:450} INFO - Running statement:  INSERT INTO ds.md_currency_d(
      currency_rk
    , data_actual_date
    , data_actual_end_date
    , currency_code
    , code_iso_char
)
SELECT distinct
    mcd."CURRENCY_RK"
    , to_date(mcd."DATA_ACTUAL_DATE", '%Y-%m-%d') as data_actual_date
    , to_date(mcd."DATA_ACTUAL_END_DATE", '%Y-%m-%d') as data_actual_end_date
    , mcd."CURRENCY_CODE" 
	, mcd."CODE_ISO_CHAR" 
FROM stage.md_currency_d mcd
WHERE mcd."CURRENCY_RK" IS NOT NULL
   AND mcd."DATA_ACTUAL_DATE" IS NOT NULL
On conflict on constraint md_currency_d_pkey do update
	set data_actual_end_date=excluded.data_actual_end_date
		,currency_code=excluded.currency_code
		,code_iso_char=excluded.code_iso_char; , parameters: None
[2025-01-15T09:06:55.552+0000] {sql.py:459} INFO - Rows affected: 50
[2025-01-15T09:06:55.588+0000] {taskinstance.py:1138} INFO - Marking task as SUCCESS. dag_id=insert_date, task_id=sql_md_currency_d, execution_date=20250115T090640, start_date=20250115T090654, end_date=20250115T090655
[2025-01-15T09:06:55.599+0000] {base.py:83} INFO - Using connection ID 'postgres-db' for task execution.
[2025-01-15T09:06:55.752+0000] {sql.py:450} INFO - Running statement: 
        INSERT INTO log.logt (execution_datetime, event_datetime, event_name)
        VALUES ('2025-01-15 09:06:40.404917', '2025-01-15T09:06:55.590468', 'sql_md_currency_d');
    , parameters: None
[2025-01-15T09:06:55.760+0000] {sql.py:459} INFO - Rows affected: 1
[2025-01-15T09:06:55.819+0000] {local_task_job_runner.py:234} INFO - Task exited with return code 0
[2025-01-15T09:06:55.950+0000] {taskinstance.py:3280} INFO - 0 downstream tasks scheduled from follow-on schedule check
