[2025-01-12T13:59:56.764+0000] {taskinstance.py:1956} INFO - Dependencies all met for dep_context=non-requeueable deps ti=<TaskInstance: insert_date.ft_posting_f manual__2025-01-12T13:59:53.971818+00:00 [queued]>
[2025-01-12T13:59:56.780+0000] {taskinstance.py:1956} INFO - Dependencies all met for dep_context=requeueable deps ti=<TaskInstance: insert_date.ft_posting_f manual__2025-01-12T13:59:53.971818+00:00 [queued]>
[2025-01-12T13:59:56.781+0000] {taskinstance.py:2170} INFO - Starting attempt 1 of 3
[2025-01-12T13:59:56.998+0000] {taskinstance.py:2191} INFO - Executing <Task(PythonOperator): ft_posting_f> on 2025-01-12 13:59:53.971818+00:00
[2025-01-12T13:59:57.006+0000] {standard_task_runner.py:60} INFO - Started process 1868 to run task
[2025-01-12T13:59:57.020+0000] {standard_task_runner.py:87} INFO - Running: ['***', 'tasks', 'run', 'insert_date', 'ft_posting_f', 'manual__2025-01-12T13:59:53.971818+00:00', '--job-id', '2170', '--raw', '--subdir', 'DAGS_FOLDER/insert_data.py', '--cfg-path', '/tmp/tmpi1npc1i4']
[2025-01-12T13:59:57.025+0000] {standard_task_runner.py:88} INFO - Job 2170: Subtask ft_posting_f
[2025-01-12T13:59:57.117+0000] {task_command.py:423} INFO - Running <TaskInstance: insert_date.ft_posting_f manual__2025-01-12T13:59:53.971818+00:00 [running]> on host 711845a6becd
[2025-01-12T13:59:57.241+0000] {taskinstance.py:2480} INFO - Exporting env vars: AIRFLOW_CTX_DAG_OWNER='budanovsa' AIRFLOW_CTX_DAG_ID='insert_date' AIRFLOW_CTX_TASK_ID='ft_posting_f' AIRFLOW_CTX_EXECUTION_DATE='2025-01-12T13:59:53.971818+00:00' AIRFLOW_CTX_TRY_NUMBER='1' AIRFLOW_CTX_DAG_RUN_ID='manual__2025-01-12T13:59:53.971818+00:00'
[2025-01-12T13:59:57.341+0000] {base.py:83} INFO - Using connection ID 'postgres-db' for task execution.
[2025-01-12T13:59:58.296+0000] {python.py:201} INFO - Done. Returned value was: None
[2025-01-12T13:59:58.305+0000] {taskinstance.py:1138} INFO - Marking task as SUCCESS. dag_id=insert_date, task_id=ft_posting_f, execution_date=20250112T135953, start_date=20250112T135956, end_date=20250112T135958
[2025-01-12T13:59:58.308+0000] {base.py:83} INFO - Using connection ID 'postgres-db' for task execution.
[2025-01-12T13:59:58.348+0000] {sql.py:450} INFO - Running statement: 
        INSERT INTO log.logt (execution_datetime, event_datetime, event_name)
        VALUES ('2025-01-12 13:59:53.971818', '2025-01-12 13:59:58.306386', 'ft_posting_f');
    , parameters: None
[2025-01-12T13:59:58.351+0000] {sql.py:459} INFO - Rows affected: 1
[2025-01-12T13:59:58.390+0000] {local_task_job_runner.py:234} INFO - Task exited with return code 0
[2025-01-12T13:59:58.413+0000] {taskinstance.py:3280} INFO - 1 downstream tasks scheduled from follow-on schedule check
