[2025-01-08T13:20:50.635+0000] {taskinstance.py:1956} INFO - Dependencies all met for dep_context=non-requeueable deps ti=<TaskInstance: insert_date.md_currency_d manual__2025-01-08T13:20:48.128974+00:00 [queued]>
[2025-01-08T13:20:50.651+0000] {taskinstance.py:1956} INFO - Dependencies all met for dep_context=requeueable deps ti=<TaskInstance: insert_date.md_currency_d manual__2025-01-08T13:20:48.128974+00:00 [queued]>
[2025-01-08T13:20:50.651+0000] {taskinstance.py:2170} INFO - Starting attempt 1 of 3
[2025-01-08T13:20:50.922+0000] {taskinstance.py:2191} INFO - Executing <Task(PythonOperator): md_currency_d> on 2025-01-08 13:20:48.128974+00:00
[2025-01-08T13:20:50.929+0000] {standard_task_runner.py:60} INFO - Started process 253 to run task
[2025-01-08T13:20:50.936+0000] {standard_task_runner.py:87} INFO - Running: ['***', 'tasks', 'run', 'insert_date', 'md_currency_d', 'manual__2025-01-08T13:20:48.128974+00:00', '--job-id', '1306', '--raw', '--subdir', 'DAGS_FOLDER/insert_data.py', '--cfg-path', '/tmp/tmphcqqoi5u']
[2025-01-08T13:20:50.943+0000] {standard_task_runner.py:88} INFO - Job 1306: Subtask md_currency_d
[2025-01-08T13:20:51.025+0000] {task_command.py:423} INFO - Running <TaskInstance: insert_date.md_currency_d manual__2025-01-08T13:20:48.128974+00:00 [running]> on host 779bfbde52bc
[2025-01-08T13:20:51.196+0000] {taskinstance.py:2480} INFO - Exporting env vars: AIRFLOW_CTX_DAG_OWNER='budanovsa' AIRFLOW_CTX_DAG_ID='insert_date' AIRFLOW_CTX_TASK_ID='md_currency_d' AIRFLOW_CTX_EXECUTION_DATE='2025-01-08T13:20:48.128974+00:00' AIRFLOW_CTX_TRY_NUMBER='1' AIRFLOW_CTX_DAG_RUN_ID='manual__2025-01-08T13:20:48.128974+00:00'
[2025-01-08T13:20:51.227+0000] {base.py:83} INFO - Using connection ID 'postgres-db' for task execution.
[2025-01-08T13:20:51.364+0000] {python.py:201} INFO - Done. Returned value was: None
[2025-01-08T13:20:51.396+0000] {taskinstance.py:1138} INFO - Marking task as SUCCESS. dag_id=insert_date, task_id=md_currency_d, execution_date=20250108T132048, start_date=20250108T132050, end_date=20250108T132051
[2025-01-08T13:20:51.406+0000] {base.py:83} INFO - Using connection ID 'postgres-db' for task execution.
[2025-01-08T13:20:51.479+0000] {sql.py:450} INFO - Running statement: 
        INSERT INTO logs.csv_to_dag (execution_datetime, event_datetime, event_name)
        VALUES ('2025-01-08T13:20:48.128974', '2025-01-08T13:20:51.400569', 'md_currency_d');
    , parameters: None
[2025-01-08T13:20:51.487+0000] {sql.py:459} INFO - Rows affected: 1
[2025-01-08T13:20:51.551+0000] {local_task_job_runner.py:234} INFO - Task exited with return code 0
[2025-01-08T13:20:51.590+0000] {taskinstance.py:3280} INFO - 0 downstream tasks scheduled from follow-on schedule check
