[2025-01-06T12:42:59.425+0000] {taskinstance.py:1956} INFO - Dependencies all met for dep_context=non-requeueable deps ti=<TaskInstance: insert_date.call_get_posting_data_by_date manual__2025-01-06T12:42:52.813802+00:00 [queued]>
[2025-01-06T12:42:59.437+0000] {taskinstance.py:1956} INFO - Dependencies all met for dep_context=requeueable deps ti=<TaskInstance: insert_date.call_get_posting_data_by_date manual__2025-01-06T12:42:52.813802+00:00 [queued]>
[2025-01-06T12:42:59.438+0000] {taskinstance.py:2170} INFO - Starting attempt 1 of 3
[2025-01-06T12:42:59.572+0000] {taskinstance.py:2191} INFO - Executing <Task(SQLExecuteQueryOperator): call_get_posting_data_by_date> on 2025-01-06 12:42:52.813802+00:00
[2025-01-06T12:42:59.577+0000] {standard_task_runner.py:60} INFO - Started process 3574 to run task
[2025-01-06T12:42:59.579+0000] {standard_task_runner.py:87} INFO - Running: ['***', 'tasks', 'run', 'insert_date', 'call_get_posting_data_by_date', 'manual__2025-01-06T12:42:52.813802+00:00', '--job-id', '303', '--raw', '--subdir', 'DAGS_FOLDER/insert_data.py', '--cfg-path', '/tmp/tmpixhmuutx']
[2025-01-06T12:42:59.581+0000] {standard_task_runner.py:88} INFO - Job 303: Subtask call_get_posting_data_by_date
[2025-01-06T12:42:59.614+0000] {task_command.py:423} INFO - Running <TaskInstance: insert_date.call_get_posting_data_by_date manual__2025-01-06T12:42:52.813802+00:00 [running]> on host 25a397655cc7
[2025-01-06T12:42:59.667+0000] {taskinstance.py:2480} INFO - Exporting env vars: AIRFLOW_CTX_DAG_OWNER='budanovsa' AIRFLOW_CTX_DAG_ID='insert_date' AIRFLOW_CTX_TASK_ID='call_get_posting_data_by_date' AIRFLOW_CTX_EXECUTION_DATE='2025-01-06T12:42:52.813802+00:00' AIRFLOW_CTX_TRY_NUMBER='1' AIRFLOW_CTX_DAG_RUN_ID='manual__2025-01-06T12:42:52.813802+00:00'
[2025-01-06T12:42:59.668+0000] {sql.py:276} INFO - Executing: CALL dm.get_posting_data_by_date()
[2025-01-06T12:42:59.676+0000] {base.py:83} INFO - Using connection ID 'postgres-db' for task execution.
[2025-01-06T12:42:59.682+0000] {base.py:83} INFO - Using connection ID 'postgres-db' for task execution.
[2025-01-06T12:42:59.719+0000] {sql.py:450} INFO - Running statement: CALL dm.get_posting_data_by_date(), parameters: None
[2025-01-06T12:42:59.722+0000] {taskinstance.py:2698} ERROR - Task failed with exception
Traceback (most recent call last):
  File "/home/airflow/.local/lib/python3.8/site-packages/airflow/models/taskinstance.py", line 433, in _execute_task
    result = execute_callable(context=context, **execute_callable_kwargs)
  File "/home/airflow/.local/lib/python3.8/site-packages/airflow/providers/common/sql/operators/sql.py", line 282, in execute
    output = hook.run(
  File "/home/airflow/.local/lib/python3.8/site-packages/airflow/providers/common/sql/hooks/sql.py", line 398, in run
    self._run_command(cur, sql_statement, parameters)
  File "/home/airflow/.local/lib/python3.8/site-packages/airflow/providers/common/sql/hooks/sql.py", line 455, in _run_command
    cur.execute(sql_statement)
psycopg2.errors.UndefinedFunction: ОШИБКА:  процедура dm.get_posting_data_by_date() не существует
LINE 1: CALL dm.get_posting_data_by_date()
             ^
HINT:  Процедура с данными именем и типами аргументов не найдена. Возможно, вам следует добавить явные приведения типов.

[2025-01-06T12:42:59.730+0000] {taskinstance.py:1138} INFO - Marking task as UP_FOR_RETRY. dag_id=insert_date, task_id=call_get_posting_data_by_date, execution_date=20250106T124252, start_date=20250106T124259, end_date=20250106T124259
[2025-01-06T12:42:59.739+0000] {standard_task_runner.py:107} ERROR - Failed to execute job 303 for task call_get_posting_data_by_date (ОШИБКА:  процедура dm.get_posting_data_by_date() не существует
LINE 1: CALL dm.get_posting_data_by_date()
             ^
HINT:  Процедура с данными именем и типами аргументов не найдена. Возможно, вам следует добавить явные приведения типов.
; 3574)
[2025-01-06T12:42:59.752+0000] {local_task_job_runner.py:234} INFO - Task exited with return code 1
[2025-01-06T12:42:59.768+0000] {taskinstance.py:3280} INFO - 0 downstream tasks scheduled from follow-on schedule check
