[2025-01-10T15:14:28.480+0000] {taskinstance.py:1956} INFO - Dependencies all met for dep_context=non-requeueable deps ti=<TaskInstance: insert_date.sql_md_currency_d manual__2025-01-10T15:14:22.453007+00:00 [queued]>
[2025-01-10T15:14:28.494+0000] {taskinstance.py:1956} INFO - Dependencies all met for dep_context=requeueable deps ti=<TaskInstance: insert_date.sql_md_currency_d manual__2025-01-10T15:14:22.453007+00:00 [queued]>
[2025-01-10T15:14:28.495+0000] {taskinstance.py:2170} INFO - Starting attempt 1 of 3
[2025-01-10T15:14:28.700+0000] {taskinstance.py:2191} INFO - Executing <Task(SQLExecuteQueryOperator): sql_md_currency_d> on 2025-01-10 15:14:22.453007+00:00
[2025-01-10T15:14:28.712+0000] {standard_task_runner.py:60} INFO - Started process 1487 to run task
[2025-01-10T15:14:28.717+0000] {standard_task_runner.py:87} INFO - Running: ['***', 'tasks', 'run', 'insert_date', 'sql_md_currency_d', 'manual__2025-01-10T15:14:22.453007+00:00', '--job-id', '1613', '--raw', '--subdir', 'DAGS_FOLDER/insert_data.py', '--cfg-path', '/tmp/tmp5zi_un7p']
[2025-01-10T15:14:28.721+0000] {standard_task_runner.py:88} INFO - Job 1613: Subtask sql_md_currency_d
[2025-01-10T15:14:28.779+0000] {task_command.py:423} INFO - Running <TaskInstance: insert_date.sql_md_currency_d manual__2025-01-10T15:14:22.453007+00:00 [running]> on host 711845a6becd
[2025-01-10T15:14:28.870+0000] {taskinstance.py:2480} INFO - Exporting env vars: AIRFLOW_CTX_DAG_OWNER='budanovsa' AIRFLOW_CTX_DAG_ID='insert_date' AIRFLOW_CTX_TASK_ID='sql_md_currency_d' AIRFLOW_CTX_EXECUTION_DATE='2025-01-10T15:14:22.453007+00:00' AIRFLOW_CTX_TRY_NUMBER='1' AIRFLOW_CTX_DAG_RUN_ID='manual__2025-01-10T15:14:22.453007+00:00'
[2025-01-10T15:14:28.871+0000] {sql.py:276} INFO - Executing:  INSERT INTO ds.md_currency_d(
      currency_rk
    , data_actual_date
    , data_actual_end_date
    , currency_code
    , code_iso_char
)
SELECT mcd."CURRENCY_RK"
    , to_date(mcd."DATA_ACTUAL_DATE", '%Y-%m-%d') 
    , to_date(mcd."DATA_ACTUAL_END_DATE", '%Y-%m-%d')
    , mcd."CURRENCY_CODE" 
	, mcd."CODE_ISO_CHAR" 
  FROM stage.md_currency_d mcd
 WHERE mcd."CURRENCY_RK" IS NOT NULL
   AND mcd."DATA_ACTUAL_DATE" IS NOT NULL
On conflict on constraint md_currency_d_pkey on update
	set data_actual_end_date=excluded.data_actual_end_date
		currency_code=excluded.currency_code
		code_iso_char=excluded.code_iso_char; 
[2025-01-10T15:14:28.882+0000] {base.py:83} INFO - Using connection ID 'postgres-db' for task execution.
[2025-01-10T15:14:28.891+0000] {base.py:83} INFO - Using connection ID 'postgres-db' for task execution.
[2025-01-10T15:14:28.961+0000] {sql.py:450} INFO - Running statement:  INSERT INTO ds.md_currency_d(
      currency_rk
    , data_actual_date
    , data_actual_end_date
    , currency_code
    , code_iso_char
)
SELECT mcd."CURRENCY_RK"
    , to_date(mcd."DATA_ACTUAL_DATE", '%Y-%m-%d') 
    , to_date(mcd."DATA_ACTUAL_END_DATE", '%Y-%m-%d')
    , mcd."CURRENCY_CODE" 
	, mcd."CODE_ISO_CHAR" 
  FROM stage.md_currency_d mcd
 WHERE mcd."CURRENCY_RK" IS NOT NULL
   AND mcd."DATA_ACTUAL_DATE" IS NOT NULL
On conflict on constraint md_currency_d_pkey on update
	set data_actual_end_date=excluded.data_actual_end_date
		currency_code=excluded.currency_code
		code_iso_char=excluded.code_iso_char; , parameters: None
[2025-01-10T15:14:28.966+0000] {taskinstance.py:2698} ERROR - Task failed with exception
Traceback (most recent call last):
  File "/home/airflow/.local/lib/python3.8/site-packages/airflow/models/taskinstance.py", line 433, in _execute_task
    result = execute_callable(context=context, **execute_callable_kwargs)
  File "/home/airflow/.local/lib/python3.8/site-packages/airflow/providers/common/sql/operators/sql.py", line 282, in execute
    output = hook.run(
  File "/home/airflow/.local/lib/python3.8/site-packages/airflow/providers/common/sql/hooks/sql.py", line 398, in run
    self._run_command(cur, sql_statement, parameters)
  File "/home/airflow/.local/lib/python3.8/site-packages/airflow/providers/common/sql/hooks/sql.py", line 455, in _run_command
    cur.execute(sql_statement)
psycopg2.errors.SyntaxError: ОШИБКА:  ошибка синтаксиса (примерное положение: "on")
LINE 16: On conflict on constraint md_currency_d_pkey on update
                                                      ^

[2025-01-10T15:14:28.977+0000] {taskinstance.py:1138} INFO - Marking task as UP_FOR_RETRY. dag_id=insert_date, task_id=sql_md_currency_d, execution_date=20250110T151422, start_date=20250110T151428, end_date=20250110T151428
[2025-01-10T15:14:28.993+0000] {standard_task_runner.py:107} ERROR - Failed to execute job 1613 for task sql_md_currency_d (ОШИБКА:  ошибка синтаксиса (примерное положение: "on")
LINE 16: On conflict on constraint md_currency_d_pkey on update
                                                      ^
; 1487)
[2025-01-10T15:14:29.011+0000] {local_task_job_runner.py:234} INFO - Task exited with return code 1
[2025-01-10T15:14:29.037+0000] {taskinstance.py:3280} INFO - 0 downstream tasks scheduled from follow-on schedule check
