[2025-01-12T13:57:02.859+0000] {taskinstance.py:1956} INFO - Dependencies all met for dep_context=non-requeueable deps ti=<TaskInstance: insert_date.md_account_d manual__2025-01-12T13:57:00.457244+00:00 [queued]>
[2025-01-12T13:57:02.873+0000] {taskinstance.py:1956} INFO - Dependencies all met for dep_context=requeueable deps ti=<TaskInstance: insert_date.md_account_d manual__2025-01-12T13:57:00.457244+00:00 [queued]>
[2025-01-12T13:57:02.874+0000] {taskinstance.py:2170} INFO - Starting attempt 1 of 3
[2025-01-12T13:57:03.130+0000] {taskinstance.py:2191} INFO - Executing <Task(PythonOperator): md_account_d> on 2025-01-12 13:57:00.457244+00:00
[2025-01-12T13:57:03.140+0000] {standard_task_runner.py:60} INFO - Started process 1770 to run task
[2025-01-12T13:57:03.153+0000] {standard_task_runner.py:87} INFO - Running: ['***', 'tasks', 'run', 'insert_date', 'md_account_d', 'manual__2025-01-12T13:57:00.457244+00:00', '--job-id', '2152', '--raw', '--subdir', 'DAGS_FOLDER/insert_data.py', '--cfg-path', '/tmp/tmpo3ds0tes']
[2025-01-12T13:57:03.160+0000] {standard_task_runner.py:88} INFO - Job 2152: Subtask md_account_d
[2025-01-12T13:57:03.249+0000] {task_command.py:423} INFO - Running <TaskInstance: insert_date.md_account_d manual__2025-01-12T13:57:00.457244+00:00 [running]> on host 711845a6becd
[2025-01-12T13:57:03.374+0000] {taskinstance.py:2480} INFO - Exporting env vars: AIRFLOW_CTX_DAG_OWNER='budanovsa' AIRFLOW_CTX_DAG_ID='insert_date' AIRFLOW_CTX_TASK_ID='md_account_d' AIRFLOW_CTX_EXECUTION_DATE='2025-01-12T13:57:00.457244+00:00' AIRFLOW_CTX_TRY_NUMBER='1' AIRFLOW_CTX_DAG_RUN_ID='manual__2025-01-12T13:57:00.457244+00:00'
[2025-01-12T13:57:03.411+0000] {base.py:83} INFO - Using connection ID 'postgres-db' for task execution.
[2025-01-12T13:57:03.534+0000] {python.py:201} INFO - Done. Returned value was: None
[2025-01-12T13:57:03.555+0000] {taskinstance.py:1138} INFO - Marking task as SUCCESS. dag_id=insert_date, task_id=md_account_d, execution_date=20250112T135700, start_date=20250112T135702, end_date=20250112T135703
[2025-01-12T13:57:03.560+0000] {base.py:83} INFO - Using connection ID 'postgres-db' for task execution.
[2025-01-12T13:57:03.634+0000] {sql.py:450} INFO - Running statement: 
        INSERT INTO log.logt (execution_datetime, event_datetime, event_name)
        VALUES ('2025-01-12 13:57:00.457244', '2025-01-12 13:57:03.556644', 'md_account_d');
    , parameters: None
[2025-01-12T13:57:03.638+0000] {sql.py:459} INFO - Rows affected: 1
[2025-01-12T13:57:03.682+0000] {local_task_job_runner.py:234} INFO - Task exited with return code 0
[2025-01-12T13:57:03.722+0000] {taskinstance.py:3280} INFO - 0 downstream tasks scheduled from follow-on schedule check
