[2025-01-12T16:57:23.277+0000] {taskinstance.py:1956} INFO - Dependencies all met for dep_context=non-requeueable deps ti=<TaskInstance: insert_date.md_account_d manual__2025-01-12T16:57:18.512735+00:00 [queued]>
[2025-01-12T16:57:23.523+0000] {taskinstance.py:1956} INFO - Dependencies all met for dep_context=requeueable deps ti=<TaskInstance: insert_date.md_account_d manual__2025-01-12T16:57:18.512735+00:00 [queued]>
[2025-01-12T16:57:23.525+0000] {taskinstance.py:2170} INFO - Starting attempt 1 of 3
[2025-01-12T16:57:23.545+0000] {taskinstance.py:2191} INFO - Executing <Task(PythonOperator): md_account_d> on 2025-01-12 16:57:18.512735+00:00
[2025-01-12T16:57:23.552+0000] {standard_task_runner.py:60} INFO - Started process 4509 to run task
[2025-01-12T16:57:23.558+0000] {standard_task_runner.py:87} INFO - Running: ['***', 'tasks', 'run', 'insert_date', 'md_account_d', 'manual__2025-01-12T16:57:18.512735+00:00', '--job-id', '2467', '--raw', '--subdir', 'DAGS_FOLDER/insert_data.py', '--cfg-path', '/tmp/tmp_n98hjwq']
[2025-01-12T16:57:23.564+0000] {standard_task_runner.py:88} INFO - Job 2467: Subtask md_account_d
[2025-01-12T16:57:23.655+0000] {task_command.py:423} INFO - Running <TaskInstance: insert_date.md_account_d manual__2025-01-12T16:57:18.512735+00:00 [running]> on host 711845a6becd
[2025-01-12T16:57:23.769+0000] {taskinstance.py:2480} INFO - Exporting env vars: AIRFLOW_CTX_DAG_OWNER='budanovsa' AIRFLOW_CTX_DAG_ID='insert_date' AIRFLOW_CTX_TASK_ID='md_account_d' AIRFLOW_CTX_EXECUTION_DATE='2025-01-12T16:57:18.512735+00:00' AIRFLOW_CTX_TRY_NUMBER='1' AIRFLOW_CTX_DAG_RUN_ID='manual__2025-01-12T16:57:18.512735+00:00'
[2025-01-12T16:57:23.795+0000] {base.py:83} INFO - Using connection ID 'postgres-db' for task execution.
[2025-01-12T16:57:23.951+0000] {python.py:201} INFO - Done. Returned value was: None
[2025-01-12T16:57:23.965+0000] {taskinstance.py:1138} INFO - Marking task as SUCCESS. dag_id=insert_date, task_id=md_account_d, execution_date=20250112T165718, start_date=20250112T165723, end_date=20250112T165723
[2025-01-12T16:57:23.970+0000] {base.py:83} INFO - Using connection ID 'postgres-db' for task execution.
[2025-01-12T16:57:24.043+0000] {sql.py:450} INFO - Running statement: 
        INSERT INTO log.logt (execution_datetime, event_datetime, event_name)
        VALUES ('2025-01-12 16:57:18.512735', '2025-01-12T16:57:23.966384', 'md_account_d');
    , parameters: None
[2025-01-12T16:57:24.047+0000] {sql.py:459} INFO - Rows affected: 1
[2025-01-12T16:57:24.136+0000] {local_task_job_runner.py:234} INFO - Task exited with return code 0
[2025-01-12T16:57:24.220+0000] {taskinstance.py:3280} INFO - 0 downstream tasks scheduled from follow-on schedule check
