[2025-01-08T13:26:21.585+0000] {taskinstance.py:1956} INFO - Dependencies all met for dep_context=non-requeueable deps ti=<TaskInstance: insert_date.sql_ft_posting_f manual__2025-01-08T13:26:13.933832+00:00 [queued]>
[2025-01-08T13:26:21.599+0000] {taskinstance.py:1956} INFO - Dependencies all met for dep_context=requeueable deps ti=<TaskInstance: insert_date.sql_ft_posting_f manual__2025-01-08T13:26:13.933832+00:00 [queued]>
[2025-01-08T13:26:21.600+0000] {taskinstance.py:2170} INFO - Starting attempt 1 of 3
[2025-01-08T13:26:21.808+0000] {taskinstance.py:2191} INFO - Executing <Task(SQLExecuteQueryOperator): sql_ft_posting_f> on 2025-01-08 13:26:13.933832+00:00
[2025-01-08T13:26:21.815+0000] {standard_task_runner.py:60} INFO - Started process 405 to run task
[2025-01-08T13:26:21.819+0000] {standard_task_runner.py:87} INFO - Running: ['***', 'tasks', 'run', 'insert_date', 'sql_ft_posting_f', 'manual__2025-01-08T13:26:13.933832+00:00', '--job-id', '1328', '--raw', '--subdir', 'DAGS_FOLDER/insert_data.py', '--cfg-path', '/tmp/tmp_vv7je4k']
[2025-01-08T13:26:21.825+0000] {standard_task_runner.py:88} INFO - Job 1328: Subtask sql_ft_posting_f
[2025-01-08T13:26:21.881+0000] {task_command.py:423} INFO - Running <TaskInstance: insert_date.sql_ft_posting_f manual__2025-01-08T13:26:13.933832+00:00 [running]> on host 779bfbde52bc
[2025-01-08T13:26:21.976+0000] {taskinstance.py:2480} INFO - Exporting env vars: AIRFLOW_CTX_DAG_OWNER='budanovsa' AIRFLOW_CTX_DAG_ID='insert_date' AIRFLOW_CTX_TASK_ID='sql_ft_posting_f' AIRFLOW_CTX_EXECUTION_DATE='2025-01-08T13:26:13.933832+00:00' AIRFLOW_CTX_TRY_NUMBER='1' AIRFLOW_CTX_DAG_RUN_ID='manual__2025-01-08T13:26:13.933832+00:00'
[2025-01-08T13:26:21.977+0000] {sql.py:276} INFO - Executing:  INSERT INTO dsl.ft_posting_f(
      credit_account_rk
    , debet_account_rk
    , credit_amount
    , debet_amount
    , oper_date
)
SELECT fpf."CREDIT_ACCOUNT_RK"
    , fpf."DEBET_ACCOUNT_RK" 
    , fpf."CREDIT_AMOUNT" 
    , fpf."DEBET_AMOUNT" 
    , to_date(fpf."OPER_DATE", 'dd.mm.YYYY')
  FROM stage.ft_posting_f fpf
 WHERE fpf."CREDIT_ACCOUNT_RK" IS NOT NULL
   AND fpf."DEBET_ACCOUNT_RK" IS NOT NULL; 
[2025-01-08T13:26:21.993+0000] {base.py:83} INFO - Using connection ID 'postgres-db' for task execution.
[2025-01-08T13:26:22.004+0000] {base.py:83} INFO - Using connection ID 'postgres-db' for task execution.
[2025-01-08T13:26:22.072+0000] {sql.py:450} INFO - Running statement:  INSERT INTO dsl.ft_posting_f(
      credit_account_rk
    , debet_account_rk
    , credit_amount
    , debet_amount
    , oper_date
)
SELECT fpf."CREDIT_ACCOUNT_RK"
    , fpf."DEBET_ACCOUNT_RK" 
    , fpf."CREDIT_AMOUNT" 
    , fpf."DEBET_AMOUNT" 
    , to_date(fpf."OPER_DATE", 'dd.mm.YYYY')
  FROM stage.ft_posting_f fpf
 WHERE fpf."CREDIT_ACCOUNT_RK" IS NOT NULL
   AND fpf."DEBET_ACCOUNT_RK" IS NOT NULL; , parameters: None
[2025-01-08T13:26:22.270+0000] {sql.py:459} INFO - Rows affected: 33892
[2025-01-08T13:26:22.284+0000] {taskinstance.py:1138} INFO - Marking task as SUCCESS. dag_id=insert_date, task_id=sql_ft_posting_f, execution_date=20250108T132613, start_date=20250108T132621, end_date=20250108T132622
[2025-01-08T13:26:22.290+0000] {base.py:83} INFO - Using connection ID 'postgres-db' for task execution.
[2025-01-08T13:26:22.341+0000] {sql.py:450} INFO - Running statement: 
        INSERT INTO logs.csv_to_dag (execution_datetime, event_datetime, event_name)
        VALUES ('2025-01-08T13:26:13.933832', '2025-01-08T13:26:22.286383', 'sql_ft_posting_f');
    , parameters: None
[2025-01-08T13:26:22.345+0000] {sql.py:459} INFO - Rows affected: 1
[2025-01-08T13:26:22.397+0000] {local_task_job_runner.py:234} INFO - Task exited with return code 0
[2025-01-08T13:26:22.416+0000] {taskinstance.py:3280} INFO - 1 downstream tasks scheduled from follow-on schedule check
