[2025-01-12T19:08:12.181+0000] {taskinstance.py:1956} INFO - Dependencies all met for dep_context=non-requeueable deps ti=<TaskInstance: insert_date.md_exchange_rate_d manual__2025-01-12T19:08:00.058404+00:00 [queued]>
[2025-01-12T19:08:12.201+0000] {taskinstance.py:1956} INFO - Dependencies all met for dep_context=requeueable deps ti=<TaskInstance: insert_date.md_exchange_rate_d manual__2025-01-12T19:08:00.058404+00:00 [queued]>
[2025-01-12T19:08:12.202+0000] {taskinstance.py:2170} INFO - Starting attempt 1 of 3
[2025-01-12T19:08:12.774+0000] {taskinstance.py:2191} INFO - Executing <Task(PythonOperator): md_exchange_rate_d> on 2025-01-12 19:08:00.058404+00:00
[2025-01-12T19:08:12.781+0000] {standard_task_runner.py:60} INFO - Started process 6945 to run task
[2025-01-12T19:08:12.790+0000] {standard_task_runner.py:87} INFO - Running: ['***', 'tasks', 'run', 'insert_date', 'md_exchange_rate_d', 'manual__2025-01-12T19:08:00.058404+00:00', '--job-id', '2642', '--raw', '--subdir', 'DAGS_FOLDER/insert_data.py', '--cfg-path', '/tmp/tmpc6sfqipw']
[2025-01-12T19:08:12.795+0000] {standard_task_runner.py:88} INFO - Job 2642: Subtask md_exchange_rate_d
[2025-01-12T19:08:12.866+0000] {task_command.py:423} INFO - Running <TaskInstance: insert_date.md_exchange_rate_d manual__2025-01-12T19:08:00.058404+00:00 [running]> on host 711845a6becd
[2025-01-12T19:08:12.983+0000] {taskinstance.py:2480} INFO - Exporting env vars: AIRFLOW_CTX_DAG_OWNER='budanovsa' AIRFLOW_CTX_DAG_ID='insert_date' AIRFLOW_CTX_TASK_ID='md_exchange_rate_d' AIRFLOW_CTX_EXECUTION_DATE='2025-01-12T19:08:00.058404+00:00' AIRFLOW_CTX_TRY_NUMBER='1' AIRFLOW_CTX_DAG_RUN_ID='manual__2025-01-12T19:08:00.058404+00:00'
[2025-01-12T19:08:13.010+0000] {base.py:83} INFO - Using connection ID 'postgres-db' for task execution.
[2025-01-12T19:08:13.160+0000] {python.py:201} INFO - Done. Returned value was: None
[2025-01-12T19:08:13.173+0000] {taskinstance.py:1138} INFO - Marking task as SUCCESS. dag_id=insert_date, task_id=md_exchange_rate_d, execution_date=20250112T190800, start_date=20250112T190812, end_date=20250112T190813
[2025-01-12T19:08:13.178+0000] {base.py:83} INFO - Using connection ID 'postgres-db' for task execution.
[2025-01-12T19:08:13.245+0000] {sql.py:450} INFO - Running statement: 
        INSERT INTO log.logt (execution_datetime, event_datetime, event_name)
        VALUES ('2025-01-12 19:08:00.058404', '2025-01-12T19:08:13.174470', 'md_exchange_rate_d');
    , parameters: None
[2025-01-12T19:08:13.250+0000] {sql.py:459} INFO - Rows affected: 1
[2025-01-12T19:08:13.282+0000] {local_task_job_runner.py:234} INFO - Task exited with return code 0
[2025-01-12T19:08:13.376+0000] {taskinstance.py:3280} INFO - 0 downstream tasks scheduled from follow-on schedule check
