[2025-01-12T19:10:24.073+0000] {taskinstance.py:1956} INFO - Dependencies all met for dep_context=non-requeueable deps ti=<TaskInstance: insert_date.ft_balance_f manual__2025-01-12T19:10:14.897809+00:00 [queued]>
[2025-01-12T19:10:24.363+0000] {taskinstance.py:1956} INFO - Dependencies all met for dep_context=requeueable deps ti=<TaskInstance: insert_date.ft_balance_f manual__2025-01-12T19:10:14.897809+00:00 [queued]>
[2025-01-12T19:10:24.365+0000] {taskinstance.py:2170} INFO - Starting attempt 1 of 3
[2025-01-12T19:10:24.391+0000] {taskinstance.py:2191} INFO - Executing <Task(PythonOperator): ft_balance_f> on 2025-01-12 19:10:14.897809+00:00
[2025-01-12T19:10:24.399+0000] {standard_task_runner.py:60} INFO - Started process 7022 to run task
[2025-01-12T19:10:24.406+0000] {standard_task_runner.py:87} INFO - Running: ['***', 'tasks', 'run', 'insert_date', 'ft_balance_f', 'manual__2025-01-12T19:10:14.897809+00:00', '--job-id', '2654', '--raw', '--subdir', 'DAGS_FOLDER/insert_data.py', '--cfg-path', '/tmp/tmpiulatpsz']
[2025-01-12T19:10:24.409+0000] {standard_task_runner.py:88} INFO - Job 2654: Subtask ft_balance_f
[2025-01-12T19:10:24.534+0000] {task_command.py:423} INFO - Running <TaskInstance: insert_date.ft_balance_f manual__2025-01-12T19:10:14.897809+00:00 [running]> on host 711845a6becd
[2025-01-12T19:10:24.666+0000] {taskinstance.py:2480} INFO - Exporting env vars: AIRFLOW_CTX_DAG_OWNER='budanovsa' AIRFLOW_CTX_DAG_ID='insert_date' AIRFLOW_CTX_TASK_ID='ft_balance_f' AIRFLOW_CTX_EXECUTION_DATE='2025-01-12T19:10:14.897809+00:00' AIRFLOW_CTX_TRY_NUMBER='1' AIRFLOW_CTX_DAG_RUN_ID='manual__2025-01-12T19:10:14.897809+00:00'
[2025-01-12T19:10:24.690+0000] {base.py:83} INFO - Using connection ID 'postgres-db' for task execution.
[2025-01-12T19:10:24.824+0000] {python.py:201} INFO - Done. Returned value was: None
[2025-01-12T19:10:24.839+0000] {taskinstance.py:1138} INFO - Marking task as SUCCESS. dag_id=insert_date, task_id=ft_balance_f, execution_date=20250112T191014, start_date=20250112T191024, end_date=20250112T191024
[2025-01-12T19:10:24.845+0000] {base.py:83} INFO - Using connection ID 'postgres-db' for task execution.
[2025-01-12T19:10:24.950+0000] {sql.py:450} INFO - Running statement: 
        INSERT INTO log.logt (execution_datetime, event_datetime, event_name)
        VALUES ('2025-01-12 19:10:14.897809', '2025-01-12T19:10:24.840813', 'ft_balance_f');
    , parameters: None
[2025-01-12T19:10:24.966+0000] {sql.py:459} INFO - Rows affected: 1
[2025-01-12T19:10:25.028+0000] {local_task_job_runner.py:234} INFO - Task exited with return code 0
[2025-01-12T19:10:25.080+0000] {taskinstance.py:3280} INFO - 0 downstream tasks scheduled from follow-on schedule check
