[2025-01-12T14:04:19.412+0000] {taskinstance.py:1956} INFO - Dependencies all met for dep_context=non-requeueable deps ti=<TaskInstance: insert_date.ft_balance_f manual__2025-01-12T14:04:16.428913+00:00 [queued]>
[2025-01-12T14:04:19.424+0000] {taskinstance.py:1956} INFO - Dependencies all met for dep_context=requeueable deps ti=<TaskInstance: insert_date.ft_balance_f manual__2025-01-12T14:04:16.428913+00:00 [queued]>
[2025-01-12T14:04:19.425+0000] {taskinstance.py:2170} INFO - Starting attempt 1 of 3
[2025-01-12T14:04:19.624+0000] {taskinstance.py:2191} INFO - Executing <Task(PythonOperator): ft_balance_f> on 2025-01-12 14:04:16.428913+00:00
[2025-01-12T14:04:19.633+0000] {standard_task_runner.py:60} INFO - Started process 2021 to run task
[2025-01-12T14:04:19.640+0000] {standard_task_runner.py:87} INFO - Running: ['***', 'tasks', 'run', 'insert_date', 'ft_balance_f', 'manual__2025-01-12T14:04:16.428913+00:00', '--job-id', '2200', '--raw', '--subdir', 'DAGS_FOLDER/insert_data.py', '--cfg-path', '/tmp/tmpzft2nt78']
[2025-01-12T14:04:19.644+0000] {standard_task_runner.py:88} INFO - Job 2200: Subtask ft_balance_f
[2025-01-12T14:04:19.710+0000] {task_command.py:423} INFO - Running <TaskInstance: insert_date.ft_balance_f manual__2025-01-12T14:04:16.428913+00:00 [running]> on host 711845a6becd
[2025-01-12T14:04:19.823+0000] {taskinstance.py:2480} INFO - Exporting env vars: AIRFLOW_CTX_DAG_OWNER='budanovsa' AIRFLOW_CTX_DAG_ID='insert_date' AIRFLOW_CTX_TASK_ID='ft_balance_f' AIRFLOW_CTX_EXECUTION_DATE='2025-01-12T14:04:16.428913+00:00' AIRFLOW_CTX_TRY_NUMBER='1' AIRFLOW_CTX_DAG_RUN_ID='manual__2025-01-12T14:04:16.428913+00:00'
[2025-01-12T14:04:19.849+0000] {base.py:83} INFO - Using connection ID 'postgres-db' for task execution.
[2025-01-12T14:04:19.984+0000] {python.py:201} INFO - Done. Returned value was: None
[2025-01-12T14:04:20.002+0000] {taskinstance.py:1138} INFO - Marking task as SUCCESS. dag_id=insert_date, task_id=ft_balance_f, execution_date=20250112T140416, start_date=20250112T140419, end_date=20250112T140420
[2025-01-12T14:04:20.008+0000] {base.py:83} INFO - Using connection ID 'postgres-db' for task execution.
[2025-01-12T14:04:20.091+0000] {sql.py:450} INFO - Running statement: 
        INSERT INTO log.logt (execution_datetime, event_datetime, event_name)
        VALUES ('2025-01-12 14:04:16.428913', '2025-01-12 14:04:20.003737', 'ft_balance_f');
    , parameters: None
[2025-01-12T14:04:20.095+0000] {sql.py:459} INFO - Rows affected: 1
[2025-01-12T14:04:20.098+0000] {taskinstance.py:1116} ERROR - Error when executing uploading_logs callback
Traceback (most recent call last):
  File "/home/airflow/.local/lib/python3.8/site-packages/airflow/models/taskinstance.py", line 1113, in _run_finished_callback
    callback(context)
  File "/opt/airflow/dags/insert_data.py", line 54, in uploading_logs
    time.sleep(5)
AttributeError: 'builtin_function_or_method' object has no attribute 'sleep'
[2025-01-12T14:04:20.137+0000] {local_task_job_runner.py:234} INFO - Task exited with return code 0
[2025-01-12T14:04:20.177+0000] {taskinstance.py:3280} INFO - 0 downstream tasks scheduled from follow-on schedule check
