[2025-01-12T17:28:42.838+0000] {taskinstance.py:1956} INFO - Dependencies all met for dep_context=non-requeueable deps ti=<TaskInstance: insert_date.sql_ft_posting_f manual__2025-01-12T17:28:35.214830+00:00 [queued]>
[2025-01-12T17:28:42.856+0000] {taskinstance.py:1956} INFO - Dependencies all met for dep_context=requeueable deps ti=<TaskInstance: insert_date.sql_ft_posting_f manual__2025-01-12T17:28:35.214830+00:00 [queued]>
[2025-01-12T17:28:42.857+0000] {taskinstance.py:2170} INFO - Starting attempt 1 of 3
[2025-01-12T17:28:43.054+0000] {taskinstance.py:2191} INFO - Executing <Task(SQLExecuteQueryOperator): sql_ft_posting_f> on 2025-01-12 17:28:35.214830+00:00
[2025-01-12T17:28:43.063+0000] {standard_task_runner.py:60} INFO - Started process 5291 to run task
[2025-01-12T17:28:43.067+0000] {standard_task_runner.py:87} INFO - Running: ['***', 'tasks', 'run', 'insert_date', 'sql_ft_posting_f', 'manual__2025-01-12T17:28:35.214830+00:00', '--job-id', '2571', '--raw', '--subdir', 'DAGS_FOLDER/insert_data.py', '--cfg-path', '/tmp/tmpssgwuiwu']
[2025-01-12T17:28:43.070+0000] {standard_task_runner.py:88} INFO - Job 2571: Subtask sql_ft_posting_f
[2025-01-12T17:28:43.163+0000] {task_command.py:423} INFO - Running <TaskInstance: insert_date.sql_ft_posting_f manual__2025-01-12T17:28:35.214830+00:00 [running]> on host 711845a6becd
[2025-01-12T17:28:43.275+0000] {taskinstance.py:2480} INFO - Exporting env vars: AIRFLOW_CTX_DAG_OWNER='budanovsa' AIRFLOW_CTX_DAG_ID='insert_date' AIRFLOW_CTX_TASK_ID='sql_ft_posting_f' AIRFLOW_CTX_EXECUTION_DATE='2025-01-12T17:28:35.214830+00:00' AIRFLOW_CTX_TRY_NUMBER='1' AIRFLOW_CTX_DAG_RUN_ID='manual__2025-01-12T17:28:35.214830+00:00'
[2025-01-12T17:28:43.276+0000] {sql.py:276} INFO - Executing: truncate table ds.ft_posting_f;

INSERT INTO ds.ft_posting_f(
      credit_account_rk
    , debet_account_rk
    , credit_amount
    , debet_amount
    , oper_date
)
SELECT fpf."CREDIT_ACCOUNT_RK"
    , fpf."DEBET_ACCOUNT_RK" 
    , fpf."CREDIT_AMOUNT" 
    , fpf."DEBET_AMOUNT" 
    , to_date(fpf."OPER_DATE", 'dd.mm.YYYY') as oper_date
FROM stage.ft_posting_f fpf
 WHERE fpf."CREDIT_ACCOUNT_RK" IS NOT NULL
AND fpf."DEBET_ACCOUNT_RK" IS NOT NULL; 
[2025-01-12T17:28:43.287+0000] {base.py:83} INFO - Using connection ID 'postgres-db' for task execution.
[2025-01-12T17:28:43.298+0000] {base.py:83} INFO - Using connection ID 'postgres-db' for task execution.
[2025-01-12T17:28:43.379+0000] {sql.py:450} INFO - Running statement: truncate table ds.ft_posting_f;

INSERT INTO ds.ft_posting_f(
      credit_account_rk
    , debet_account_rk
    , credit_amount
    , debet_amount
    , oper_date
)
SELECT fpf."CREDIT_ACCOUNT_RK"
    , fpf."DEBET_ACCOUNT_RK" 
    , fpf."CREDIT_AMOUNT" 
    , fpf."DEBET_AMOUNT" 
    , to_date(fpf."OPER_DATE", 'dd.mm.YYYY') as oper_date
FROM stage.ft_posting_f fpf
 WHERE fpf."CREDIT_ACCOUNT_RK" IS NOT NULL
AND fpf."DEBET_ACCOUNT_RK" IS NOT NULL; , parameters: None
[2025-01-12T17:28:43.951+0000] {sql.py:459} INFO - Rows affected: 169460
[2025-01-12T17:28:43.970+0000] {taskinstance.py:1138} INFO - Marking task as SUCCESS. dag_id=insert_date, task_id=sql_ft_posting_f, execution_date=20250112T172835, start_date=20250112T172842, end_date=20250112T172843
[2025-01-12T17:28:43.973+0000] {base.py:83} INFO - Using connection ID 'postgres-db' for task execution.
[2025-01-12T17:28:44.010+0000] {sql.py:450} INFO - Running statement: 
        INSERT INTO log.logt (execution_datetime, event_datetime, event_name)
        VALUES ('2025-01-12 17:28:35.214830', '2025-01-12T17:28:43.971122', 'sql_ft_posting_f');
    , parameters: None
[2025-01-12T17:28:44.013+0000] {sql.py:459} INFO - Rows affected: 1
[2025-01-12T17:28:44.044+0000] {local_task_job_runner.py:234} INFO - Task exited with return code 0
[2025-01-12T17:28:44.065+0000] {taskinstance.py:3280} INFO - 0 downstream tasks scheduled from follow-on schedule check
