[2025-01-07T11:06:49.323+0000] {taskinstance.py:1956} INFO - Dependencies all met for dep_context=non-requeueable deps ti=<TaskInstance: insert_date.sql_md_account_d manual__2025-01-07T09:51:57.372350+00:00 [queued]>
[2025-01-07T11:06:49.329+0000] {taskinstance.py:1956} INFO - Dependencies all met for dep_context=requeueable deps ti=<TaskInstance: insert_date.sql_md_account_d manual__2025-01-07T09:51:57.372350+00:00 [queued]>
[2025-01-07T11:06:49.330+0000] {taskinstance.py:2170} INFO - Starting attempt 10 of 11
[2025-01-07T11:06:49.433+0000] {taskinstance.py:2191} INFO - Executing <Task(SQLExecuteQueryOperator): sql_md_account_d> on 2025-01-07 09:51:57.372350+00:00
[2025-01-07T11:06:49.438+0000] {standard_task_runner.py:60} INFO - Started process 1603 to run task
[2025-01-07T11:06:49.441+0000] {standard_task_runner.py:87} INFO - Running: ['***', 'tasks', 'run', 'insert_date', 'sql_md_account_d', 'manual__2025-01-07T09:51:57.372350+00:00', '--job-id', '782', '--raw', '--subdir', 'DAGS_FOLDER/insert_data.py', '--cfg-path', '/tmp/tmp_j4bd4w3']
[2025-01-07T11:06:49.442+0000] {standard_task_runner.py:88} INFO - Job 782: Subtask sql_md_account_d
[2025-01-07T11:06:49.483+0000] {task_command.py:423} INFO - Running <TaskInstance: insert_date.sql_md_account_d manual__2025-01-07T09:51:57.372350+00:00 [running]> on host 25a397655cc7
[2025-01-07T11:06:49.541+0000] {taskinstance.py:2480} INFO - Exporting env vars: AIRFLOW_CTX_DAG_OWNER='budanovsa' AIRFLOW_CTX_DAG_ID='insert_date' AIRFLOW_CTX_TASK_ID='sql_md_account_d' AIRFLOW_CTX_EXECUTION_DATE='2025-01-07T09:51:57.372350+00:00' AIRFLOW_CTX_TRY_NUMBER='10' AIRFLOW_CTX_DAG_RUN_ID='manual__2025-01-07T09:51:57.372350+00:00'
[2025-01-07T11:06:49.542+0000] {sql.py:276} INFO - Executing: INSERT INTO dsl.md_account_d( 
     data_actual_date
    ,data_actual_end_date
    ,account_rk
    ,account_number
    ,char_type
	,currency_rk
	,currency_code
)
SELECT
      to_date(mad."DATA_ACTUAL_DATE", 'dd.mm.YYYY')
    , to_date(mad."DATA_ACTUAL_END_DATE", 'dd.mm.YYYY') 
    , to_int(mad."ACCOUNT_RK")
    , to_bigint(mad."ACCOUNT_NUMBER") 
	, to_char(mad."CHAR_TYPE")
	, to_int(mad."CURRENCY_RK") 
	, to_int(mad."CURRENCY_CODE")
  FROM dsl.md_account_d mad
 WHERE mad."DATA_ACTUAL_DATE" IS NOT NULL
   AND mad."DATA_ACTUAL_END_DATE" IS NOT NULL
   AND mad."ACCOUNT_RK" IS NOT NULL
   AND mad."ACCOUNT_NUMBER" IS NOT NULL
   AND mad."CHAR_TYPE" IS NOT NULL
   AND mad."CURRENCY_RK" IS NOT NULL
   AND mad."CURRENCY_CODE" IS NOT NULL; 



[2025-01-07T11:06:49.549+0000] {base.py:83} INFO - Using connection ID 'postgres-db' for task execution.
[2025-01-07T11:06:49.556+0000] {base.py:83} INFO - Using connection ID 'postgres-db' for task execution.
[2025-01-07T11:06:49.592+0000] {sql.py:450} INFO - Running statement: INSERT INTO dsl.md_account_d( 
     data_actual_date
    ,data_actual_end_date
    ,account_rk
    ,account_number
    ,char_type
	,currency_rk
	,currency_code
)
SELECT
      to_date(mad."DATA_ACTUAL_DATE", 'dd.mm.YYYY')
    , to_date(mad."DATA_ACTUAL_END_DATE", 'dd.mm.YYYY') 
    , to_int(mad."ACCOUNT_RK")
    , to_bigint(mad."ACCOUNT_NUMBER") 
	, to_char(mad."CHAR_TYPE")
	, to_int(mad."CURRENCY_RK") 
	, to_int(mad."CURRENCY_CODE")
  FROM dsl.md_account_d mad
 WHERE mad."DATA_ACTUAL_DATE" IS NOT NULL
   AND mad."DATA_ACTUAL_END_DATE" IS NOT NULL
   AND mad."ACCOUNT_RK" IS NOT NULL
   AND mad."ACCOUNT_NUMBER" IS NOT NULL
   AND mad."CHAR_TYPE" IS NOT NULL
   AND mad."CURRENCY_RK" IS NOT NULL
   AND mad."CURRENCY_CODE" IS NOT NULL; 


, parameters: None
[2025-01-07T11:06:49.595+0000] {taskinstance.py:2698} ERROR - Task failed with exception
Traceback (most recent call last):
  File "/home/airflow/.local/lib/python3.8/site-packages/airflow/models/taskinstance.py", line 433, in _execute_task
    result = execute_callable(context=context, **execute_callable_kwargs)
  File "/home/airflow/.local/lib/python3.8/site-packages/airflow/providers/common/sql/operators/sql.py", line 282, in execute
    output = hook.run(
  File "/home/airflow/.local/lib/python3.8/site-packages/airflow/providers/common/sql/hooks/sql.py", line 398, in run
    self._run_command(cur, sql_statement, parameters)
  File "/home/airflow/.local/lib/python3.8/site-packages/airflow/providers/common/sql/hooks/sql.py", line 455, in _run_command
    cur.execute(sql_statement)
psycopg2.errors.UndefinedColumn: ОШИБКА:  столбец mad.DATA_ACTUAL_DATE не существует
LINE 11:       to_date(mad."DATA_ACTUAL_DATE", 'dd.mm.YYYY')
                       ^

[2025-01-07T11:06:49.603+0000] {taskinstance.py:1138} INFO - Marking task as UP_FOR_RETRY. dag_id=insert_date, task_id=sql_md_account_d, execution_date=20250107T095157, start_date=20250107T110649, end_date=20250107T110649
[2025-01-07T11:06:49.612+0000] {standard_task_runner.py:107} ERROR - Failed to execute job 782 for task sql_md_account_d (ОШИБКА:  столбец mad.DATA_ACTUAL_DATE не существует
LINE 11:       to_date(mad."DATA_ACTUAL_DATE", 'dd.mm.YYYY')
                       ^
; 1603)
[2025-01-07T11:06:49.655+0000] {local_task_job_runner.py:234} INFO - Task exited with return code 1
[2025-01-07T11:06:49.674+0000] {taskinstance.py:3280} INFO - 0 downstream tasks scheduled from follow-on schedule check
