[2025-01-12T17:58:33.171+0000] {taskinstance.py:1956} INFO - Dependencies all met for dep_context=non-requeueable deps ti=<TaskInstance: insert_date.md_ledger_account_s manual__2025-01-12T17:58:22.215881+00:00 [queued]>
[2025-01-12T17:58:33.189+0000] {taskinstance.py:1956} INFO - Dependencies all met for dep_context=requeueable deps ti=<TaskInstance: insert_date.md_ledger_account_s manual__2025-01-12T17:58:22.215881+00:00 [queued]>
[2025-01-12T17:58:33.190+0000] {taskinstance.py:2170} INFO - Starting attempt 1 of 3
[2025-01-12T17:58:33.508+0000] {taskinstance.py:2191} INFO - Executing <Task(PythonOperator): md_ledger_account_s> on 2025-01-12 17:58:22.215881+00:00
[2025-01-12T17:58:33.517+0000] {standard_task_runner.py:60} INFO - Started process 5872 to run task
[2025-01-12T17:58:33.525+0000] {standard_task_runner.py:87} INFO - Running: ['***', 'tasks', 'run', 'insert_date', 'md_ledger_account_s', 'manual__2025-01-12T17:58:22.215881+00:00', '--job-id', '2622', '--raw', '--subdir', 'DAGS_FOLDER/insert_data.py', '--cfg-path', '/tmp/tmphp8e_13y']
[2025-01-12T17:58:33.532+0000] {standard_task_runner.py:88} INFO - Job 2622: Subtask md_ledger_account_s
[2025-01-12T17:58:33.628+0000] {task_command.py:423} INFO - Running <TaskInstance: insert_date.md_ledger_account_s manual__2025-01-12T17:58:22.215881+00:00 [running]> on host 711845a6becd
[2025-01-12T17:58:33.754+0000] {taskinstance.py:2480} INFO - Exporting env vars: AIRFLOW_CTX_DAG_OWNER='budanovsa' AIRFLOW_CTX_DAG_ID='insert_date' AIRFLOW_CTX_TASK_ID='md_ledger_account_s' AIRFLOW_CTX_EXECUTION_DATE='2025-01-12T17:58:22.215881+00:00' AIRFLOW_CTX_TRY_NUMBER='1' AIRFLOW_CTX_DAG_RUN_ID='manual__2025-01-12T17:58:22.215881+00:00'
[2025-01-12T17:58:33.777+0000] {base.py:83} INFO - Using connection ID 'postgres-db' for task execution.
[2025-01-12T17:58:33.904+0000] {python.py:201} INFO - Done. Returned value was: None
[2025-01-12T17:58:33.930+0000] {taskinstance.py:1138} INFO - Marking task as SUCCESS. dag_id=insert_date, task_id=md_ledger_account_s, execution_date=20250112T175822, start_date=20250112T175833, end_date=20250112T175833
[2025-01-12T17:58:33.937+0000] {base.py:83} INFO - Using connection ID 'postgres-db' for task execution.
[2025-01-12T17:58:34.003+0000] {sql.py:450} INFO - Running statement: 
        INSERT INTO log.logt (execution_datetime, event_datetime, event_name)
        VALUES ('2025-01-12 17:58:22.215881', '2025-01-12T17:58:33.933345', 'md_ledger_account_s');
    , parameters: None
[2025-01-12T17:58:34.007+0000] {sql.py:459} INFO - Rows affected: 1
[2025-01-12T17:58:34.058+0000] {local_task_job_runner.py:234} INFO - Task exited with return code 0
[2025-01-12T17:58:34.102+0000] {taskinstance.py:3280} INFO - 0 downstream tasks scheduled from follow-on schedule check
