[2025-01-13T18:09:47.343+0000] {taskinstance.py:1956} INFO - Dependencies all met for dep_context=non-requeueable deps ti=<TaskInstance: insert_date.sql_md_account_d manual__2025-01-13T18:09:34.395772+00:00 [queued]>
[2025-01-13T18:09:47.356+0000] {taskinstance.py:1956} INFO - Dependencies all met for dep_context=requeueable deps ti=<TaskInstance: insert_date.sql_md_account_d manual__2025-01-13T18:09:34.395772+00:00 [queued]>
[2025-01-13T18:09:47.357+0000] {taskinstance.py:2170} INFO - Starting attempt 1 of 3
[2025-01-13T18:09:47.559+0000] {taskinstance.py:2191} INFO - Executing <Task(SQLExecuteQueryOperator): sql_md_account_d> on 2025-01-13 18:09:34.395772+00:00
[2025-01-13T18:09:47.567+0000] {standard_task_runner.py:60} INFO - Started process 2499 to run task
[2025-01-13T18:09:47.575+0000] {standard_task_runner.py:87} INFO - Running: ['***', 'tasks', 'run', 'insert_date', 'sql_md_account_d', 'manual__2025-01-13T18:09:34.395772+00:00', '--job-id', '3072', '--raw', '--subdir', 'DAGS_FOLDER/insert_data.py', '--cfg-path', '/tmp/tmpdso7fkmn']
[2025-01-13T18:09:47.580+0000] {standard_task_runner.py:88} INFO - Job 3072: Subtask sql_md_account_d
[2025-01-13T18:09:47.646+0000] {task_command.py:423} INFO - Running <TaskInstance: insert_date.sql_md_account_d manual__2025-01-13T18:09:34.395772+00:00 [running]> on host 711845a6becd
[2025-01-13T18:09:47.748+0000] {taskinstance.py:2480} INFO - Exporting env vars: AIRFLOW_CTX_DAG_OWNER='budanovsa' AIRFLOW_CTX_DAG_ID='insert_date' AIRFLOW_CTX_TASK_ID='sql_md_account_d' AIRFLOW_CTX_EXECUTION_DATE='2025-01-13T18:09:34.395772+00:00' AIRFLOW_CTX_TRY_NUMBER='1' AIRFLOW_CTX_DAG_RUN_ID='manual__2025-01-13T18:09:34.395772+00:00'
[2025-01-13T18:09:47.750+0000] {sql.py:276} INFO - Executing: INSERT INTO ds.md_account_d( 
     data_actual_date
    ,data_actual_end_date
    ,account_rk
    ,account_number
    ,char_type
	,currency_rk
	,currency_code
)
SELECT distinct
      to_date(mad."DATA_ACTUAL_DATE", '%Y-%m-%d') 
    , to_date(mad."DATA_ACTUAL_END_DATE", '%Y-%m-%d')
    , mad."ACCOUNT_RK"
    , SUBSTRING(mad."ACCOUNT_NUMBER", 3)::BIGINT
	, mad."CHAR_TYPE"
	, mad."CURRENCY_RK"
	, mad."CURRENCY_CODE"
FROM stage.md_account_d mad
WHERE mad."DATA_ACTUAL_DATE" IS NOT NULL
   AND mad."DATA_ACTUAL_END_DATE" IS NOT NULL
   AND mad."ACCOUNT_RK" IS NOT NULL
   AND mad."ACCOUNT_NUMBER" IS NOT NULL
   AND mad."CHAR_TYPE" IS NOT NULL
   AND mad."CURRENCY_RK" IS NOT NULL
   AND mad."CURRENCY_CODE" IS NOT NULL
On conflict on constraint md_account_d_pkey do update
	set data_actual_end_date=excluded.data_actual_end_date
		,account_number=excluded.account_number
		,char_type=excluded.char_type
		,currency_rk=excluded.currency_rk
		,currency_code=excluded.currency_code; 



[2025-01-13T18:09:47.760+0000] {base.py:83} INFO - Using connection ID 'postgres-db' for task execution.
[2025-01-13T18:09:47.772+0000] {base.py:83} INFO - Using connection ID 'postgres-db' for task execution.
[2025-01-13T18:09:47.839+0000] {sql.py:450} INFO - Running statement: INSERT INTO ds.md_account_d( 
     data_actual_date
    ,data_actual_end_date
    ,account_rk
    ,account_number
    ,char_type
	,currency_rk
	,currency_code
)
SELECT distinct
      to_date(mad."DATA_ACTUAL_DATE", '%Y-%m-%d') 
    , to_date(mad."DATA_ACTUAL_END_DATE", '%Y-%m-%d')
    , mad."ACCOUNT_RK"
    , SUBSTRING(mad."ACCOUNT_NUMBER", 3)::BIGINT
	, mad."CHAR_TYPE"
	, mad."CURRENCY_RK"
	, mad."CURRENCY_CODE"
FROM stage.md_account_d mad
WHERE mad."DATA_ACTUAL_DATE" IS NOT NULL
   AND mad."DATA_ACTUAL_END_DATE" IS NOT NULL
   AND mad."ACCOUNT_RK" IS NOT NULL
   AND mad."ACCOUNT_NUMBER" IS NOT NULL
   AND mad."CHAR_TYPE" IS NOT NULL
   AND mad."CURRENCY_RK" IS NOT NULL
   AND mad."CURRENCY_CODE" IS NOT NULL
On conflict on constraint md_account_d_pkey do update
	set data_actual_end_date=excluded.data_actual_end_date
		,account_number=excluded.account_number
		,char_type=excluded.char_type
		,currency_rk=excluded.currency_rk
		,currency_code=excluded.currency_code; 


, parameters: None
[2025-01-13T18:09:47.849+0000] {sql.py:459} INFO - Rows affected: 112
[2025-01-13T18:09:47.867+0000] {taskinstance.py:1138} INFO - Marking task as SUCCESS. dag_id=insert_date, task_id=sql_md_account_d, execution_date=20250113T180934, start_date=20250113T180947, end_date=20250113T180947
[2025-01-13T18:09:47.871+0000] {base.py:83} INFO - Using connection ID 'postgres-db' for task execution.
[2025-01-13T18:09:48.032+0000] {sql.py:450} INFO - Running statement: 
        INSERT INTO log.logt (execution_datetime, event_datetime, event_name)
        VALUES ('2025-01-13 18:09:34.395772', '2025-01-13T18:09:47.867838', 'sql_md_account_d');
    , parameters: None
[2025-01-13T18:09:48.036+0000] {sql.py:459} INFO - Rows affected: 1
[2025-01-13T18:09:48.070+0000] {local_task_job_runner.py:234} INFO - Task exited with return code 0
[2025-01-13T18:09:48.100+0000] {taskinstance.py:3280} INFO - 1 downstream tasks scheduled from follow-on schedule check
