[2025-01-12T20:20:02.537+0000] {taskinstance.py:1956} INFO - Dependencies all met for dep_context=non-requeueable deps ti=<TaskInstance: insert_date.sql_ft_posting_f manual__2025-01-12T20:19:49.775195+00:00 [queued]>
[2025-01-12T20:20:02.553+0000] {taskinstance.py:1956} INFO - Dependencies all met for dep_context=requeueable deps ti=<TaskInstance: insert_date.sql_ft_posting_f manual__2025-01-12T20:19:49.775195+00:00 [queued]>
[2025-01-12T20:20:02.554+0000] {taskinstance.py:2170} INFO - Starting attempt 1 of 3
[2025-01-12T20:20:02.726+0000] {taskinstance.py:2191} INFO - Executing <Task(SQLExecuteQueryOperator): sql_ft_posting_f> on 2025-01-12 20:19:49.775195+00:00
[2025-01-12T20:20:02.733+0000] {standard_task_runner.py:60} INFO - Started process 8985 to run task
[2025-01-12T20:20:02.737+0000] {standard_task_runner.py:87} INFO - Running: ['***', 'tasks', 'run', 'insert_date', 'sql_ft_posting_f', 'manual__2025-01-12T20:19:49.775195+00:00', '--job-id', '2973', '--raw', '--subdir', 'DAGS_FOLDER/insert_data.py', '--cfg-path', '/tmp/tmp9erixkwi']
[2025-01-12T20:20:02.740+0000] {standard_task_runner.py:88} INFO - Job 2973: Subtask sql_ft_posting_f
[2025-01-12T20:20:02.798+0000] {task_command.py:423} INFO - Running <TaskInstance: insert_date.sql_ft_posting_f manual__2025-01-12T20:19:49.775195+00:00 [running]> on host 711845a6becd
[2025-01-12T20:20:02.890+0000] {taskinstance.py:2480} INFO - Exporting env vars: AIRFLOW_CTX_DAG_OWNER='budanovsa' AIRFLOW_CTX_DAG_ID='insert_date' AIRFLOW_CTX_TASK_ID='sql_ft_posting_f' AIRFLOW_CTX_EXECUTION_DATE='2025-01-12T20:19:49.775195+00:00' AIRFLOW_CTX_TRY_NUMBER='1' AIRFLOW_CTX_DAG_RUN_ID='manual__2025-01-12T20:19:49.775195+00:00'
[2025-01-12T20:20:02.891+0000] {sql.py:276} INFO - Executing: truncate table ds.ft_posting_f;

INSERT INTO ds.ft_posting_f(
      credit_account_rk
    , debet_account_rk
    , credit_amount
    , debet_amount
    , oper_date
)
SELECT fpf."CREDIT_ACCOUNT_RK"
    , fpf."DEBET_ACCOUNT_RK" 
    , fpf."CREDIT_AMOUNT" 
    , fpf."DEBET_AMOUNT" 
    , to_date(fpf."OPER_DATE", 'dd.mm.YYYY') as oper_date
FROM stage.ft_posting_f fpf
 WHERE fpf."CREDIT_ACCOUNT_RK" IS NOT NULL
AND fpf."DEBET_ACCOUNT_RK" IS NOT NULL; 
[2025-01-12T20:20:02.900+0000] {base.py:83} INFO - Using connection ID 'postgres-db' for task execution.
[2025-01-12T20:20:02.910+0000] {base.py:83} INFO - Using connection ID 'postgres-db' for task execution.
[2025-01-12T20:20:02.981+0000] {sql.py:450} INFO - Running statement: truncate table ds.ft_posting_f;

INSERT INTO ds.ft_posting_f(
      credit_account_rk
    , debet_account_rk
    , credit_amount
    , debet_amount
    , oper_date
)
SELECT fpf."CREDIT_ACCOUNT_RK"
    , fpf."DEBET_ACCOUNT_RK" 
    , fpf."CREDIT_AMOUNT" 
    , fpf."DEBET_AMOUNT" 
    , to_date(fpf."OPER_DATE", 'dd.mm.YYYY') as oper_date
FROM stage.ft_posting_f fpf
 WHERE fpf."CREDIT_ACCOUNT_RK" IS NOT NULL
AND fpf."DEBET_ACCOUNT_RK" IS NOT NULL; , parameters: None
[2025-01-12T20:20:03.168+0000] {sql.py:459} INFO - Rows affected: 33892
[2025-01-12T20:20:03.184+0000] {taskinstance.py:1138} INFO - Marking task as SUCCESS. dag_id=insert_date, task_id=sql_ft_posting_f, execution_date=20250112T201949, start_date=20250112T202002, end_date=20250112T202003
[2025-01-12T20:20:03.188+0000] {base.py:83} INFO - Using connection ID 'postgres-db' for task execution.
[2025-01-12T20:20:03.243+0000] {sql.py:450} INFO - Running statement: 
        INSERT INTO log.logt (execution_datetime, event_datetime, event_name)
        VALUES ('2025-01-12 20:19:49.775195', '2025-01-12T20:20:03.185311', 'sql_ft_posting_f');
    , parameters: None
[2025-01-12T20:20:03.246+0000] {sql.py:459} INFO - Rows affected: 1
[2025-01-12T20:20:03.310+0000] {local_task_job_runner.py:234} INFO - Task exited with return code 0
[2025-01-12T20:20:03.330+0000] {taskinstance.py:3280} INFO - 1 downstream tasks scheduled from follow-on schedule check
