[2025-01-10T15:44:35.404+0000] {taskinstance.py:1956} INFO - Dependencies all met for dep_context=non-requeueable deps ti=<TaskInstance: insert_date.sql_ft_balance_f manual__2025-01-10T15:44:28.762833+00:00 [queued]>
[2025-01-10T15:44:35.417+0000] {taskinstance.py:1956} INFO - Dependencies all met for dep_context=requeueable deps ti=<TaskInstance: insert_date.sql_ft_balance_f manual__2025-01-10T15:44:28.762833+00:00 [queued]>
[2025-01-10T15:44:35.417+0000] {taskinstance.py:2170} INFO - Starting attempt 1 of 3
[2025-01-10T15:44:35.602+0000] {taskinstance.py:2191} INFO - Executing <Task(SQLExecuteQueryOperator): sql_ft_balance_f> on 2025-01-10 15:44:28.762833+00:00
[2025-01-10T15:44:35.608+0000] {standard_task_runner.py:60} INFO - Started process 2361 to run task
[2025-01-10T15:44:35.612+0000] {standard_task_runner.py:87} INFO - Running: ['***', 'tasks', 'run', 'insert_date', 'sql_ft_balance_f', 'manual__2025-01-10T15:44:28.762833+00:00', '--job-id', '1758', '--raw', '--subdir', 'DAGS_FOLDER/insert_data.py', '--cfg-path', '/tmp/tmpoel2soop']
[2025-01-10T15:44:35.615+0000] {standard_task_runner.py:88} INFO - Job 1758: Subtask sql_ft_balance_f
[2025-01-10T15:44:35.678+0000] {task_command.py:423} INFO - Running <TaskInstance: insert_date.sql_ft_balance_f manual__2025-01-10T15:44:28.762833+00:00 [running]> on host 711845a6becd
[2025-01-10T15:44:35.762+0000] {taskinstance.py:2480} INFO - Exporting env vars: AIRFLOW_CTX_DAG_OWNER='budanovsa' AIRFLOW_CTX_DAG_ID='insert_date' AIRFLOW_CTX_TASK_ID='sql_ft_balance_f' AIRFLOW_CTX_EXECUTION_DATE='2025-01-10T15:44:28.762833+00:00' AIRFLOW_CTX_TRY_NUMBER='1' AIRFLOW_CTX_DAG_RUN_ID='manual__2025-01-10T15:44:28.762833+00:00'
[2025-01-10T15:44:35.763+0000] {sql.py:276} INFO - Executing: INSERT INTO ds.ft_balance_f(
      account_rk
    , currency_rk
    , balance_out
    , on_date
)
SELECT fbf."ACCOUNT_RK" 
     , fbf."CURRENCY_RK" 
     , fbf."BALANCE_OUT" 
     , to_date(fbf."ON_DATE" , 'dd.mm.YYYY') AS on_date
FROM stage.ft_balance_f fbf
WHERE fbf."ACCOUNT_RK"  IS NOT NULL
   AND fbf."CURRENCY_RK"  IS NOT NULL
ON conflict On Constraint ft_balance_f_pkey DO Update
	set currency_rk=excluded.currency_rk
		,balance_out=excluded.balance_out;
[2025-01-10T15:44:35.773+0000] {base.py:83} INFO - Using connection ID 'postgres-db' for task execution.
[2025-01-10T15:44:35.783+0000] {base.py:83} INFO - Using connection ID 'postgres-db' for task execution.
[2025-01-10T15:44:35.840+0000] {sql.py:450} INFO - Running statement: INSERT INTO ds.ft_balance_f(
      account_rk
    , currency_rk
    , balance_out
    , on_date
)
SELECT fbf."ACCOUNT_RK" 
     , fbf."CURRENCY_RK" 
     , fbf."BALANCE_OUT" 
     , to_date(fbf."ON_DATE" , 'dd.mm.YYYY') AS on_date
FROM stage.ft_balance_f fbf
WHERE fbf."ACCOUNT_RK"  IS NOT NULL
   AND fbf."CURRENCY_RK"  IS NOT NULL
ON conflict On Constraint ft_balance_f_pkey DO Update
	set currency_rk=excluded.currency_rk
		,balance_out=excluded.balance_out;, parameters: None
[2025-01-10T15:44:35.846+0000] {sql.py:459} INFO - Rows affected: 114
[2025-01-10T15:44:35.858+0000] {taskinstance.py:1138} INFO - Marking task as SUCCESS. dag_id=insert_date, task_id=sql_ft_balance_f, execution_date=20250110T154428, start_date=20250110T154435, end_date=20250110T154435
[2025-01-10T15:44:35.862+0000] {base.py:83} INFO - Using connection ID 'postgres-db' for task execution.
[2025-01-10T15:44:36.017+0000] {sql.py:450} INFO - Running statement: 
        INSERT INTO log.logt (execution_datetime, event_datetime, event_name)
        VALUES ('2025-01-10T15:44:28.762833', '2025-01-10T15:44:35.859226', 'sql_ft_balance_f');
    , parameters: None
[2025-01-10T15:44:36.022+0000] {taskinstance.py:1116} ERROR - Error when executing uploading_logs callback
Traceback (most recent call last):
  File "/home/airflow/.local/lib/python3.8/site-packages/airflow/models/taskinstance.py", line 1113, in _run_finished_callback
    callback(context)
  File "/opt/airflow/dags/insert_data.py", line 51, in uploading_logs
    postgres_hook.run(query)
  File "/home/airflow/.local/lib/python3.8/site-packages/airflow/providers/common/sql/hooks/sql.py", line 398, in run
    self._run_command(cur, sql_statement, parameters)
  File "/home/airflow/.local/lib/python3.8/site-packages/airflow/providers/common/sql/hooks/sql.py", line 455, in _run_command
    cur.execute(sql_statement)
psycopg2.errors.UndefinedTable: ОШИБКА:  отношение "log.logt" не существует
LINE 2:         INSERT INTO log.logt (execution_datetime, event_date...
                            ^

[2025-01-10T15:44:36.065+0000] {local_task_job_runner.py:234} INFO - Task exited with return code 0
[2025-01-10T15:44:36.087+0000] {taskinstance.py:3280} INFO - 0 downstream tasks scheduled from follow-on schedule check
