[2025-01-08T13:26:16.998+0000] {taskinstance.py:1956} INFO - Dependencies all met for dep_context=non-requeueable deps ti=<TaskInstance: insert_date.create_logs_sheme manual__2025-01-08T13:26:13.933832+00:00 [queued]>
[2025-01-08T13:26:17.010+0000] {taskinstance.py:1956} INFO - Dependencies all met for dep_context=requeueable deps ti=<TaskInstance: insert_date.create_logs_sheme manual__2025-01-08T13:26:13.933832+00:00 [queued]>
[2025-01-08T13:26:17.011+0000] {taskinstance.py:2170} INFO - Starting attempt 1 of 3
[2025-01-08T13:26:17.292+0000] {taskinstance.py:2191} INFO - Executing <Task(SQLExecuteQueryOperator): create_logs_sheme> on 2025-01-08 13:26:13.933832+00:00
[2025-01-08T13:26:17.301+0000] {standard_task_runner.py:60} INFO - Started process 380 to run task
[2025-01-08T13:26:17.307+0000] {standard_task_runner.py:87} INFO - Running: ['***', 'tasks', 'run', 'insert_date', 'create_logs_sheme', 'manual__2025-01-08T13:26:13.933832+00:00', '--job-id', '1323', '--raw', '--subdir', 'DAGS_FOLDER/insert_data.py', '--cfg-path', '/tmp/tmp0bwnbbul']
[2025-01-08T13:26:17.312+0000] {standard_task_runner.py:88} INFO - Job 1323: Subtask create_logs_sheme
[2025-01-08T13:26:17.388+0000] {task_command.py:423} INFO - Running <TaskInstance: insert_date.create_logs_sheme manual__2025-01-08T13:26:13.933832+00:00 [running]> on host 779bfbde52bc
[2025-01-08T13:26:17.494+0000] {taskinstance.py:2480} INFO - Exporting env vars: AIRFLOW_CTX_DAG_OWNER='budanovsa' AIRFLOW_CTX_DAG_ID='insert_date' AIRFLOW_CTX_TASK_ID='create_logs_sheme' AIRFLOW_CTX_EXECUTION_DATE='2025-01-08T13:26:13.933832+00:00' AIRFLOW_CTX_TRY_NUMBER='1' AIRFLOW_CTX_DAG_RUN_ID='manual__2025-01-08T13:26:13.933832+00:00'
[2025-01-08T13:26:17.496+0000] {sql.py:276} INFO - Executing: create schema if not exists "logs";

create table if not exists
	logs.csv_to_dag (
		execution_datetime TIMESTAMP not null,
		event_datetime TIMESTAMP not null,
		event_name VARCHAR(30) not null,
		event_status VARCHAR(30)
);
[2025-01-08T13:26:17.507+0000] {base.py:83} INFO - Using connection ID 'postgres-db' for task execution.
[2025-01-08T13:26:17.518+0000] {base.py:83} INFO - Using connection ID 'postgres-db' for task execution.
[2025-01-08T13:26:17.607+0000] {sql.py:450} INFO - Running statement: create schema if not exists "logs";

create table if not exists
	logs.csv_to_dag (
		execution_datetime TIMESTAMP not null,
		event_datetime TIMESTAMP not null,
		event_name VARCHAR(30) not null,
		event_status VARCHAR(30)
);, parameters: None
[2025-01-08T13:26:17.632+0000] {taskinstance.py:1138} INFO - Marking task as SUCCESS. dag_id=insert_date, task_id=create_logs_sheme, execution_date=20250108T132613, start_date=20250108T132616, end_date=20250108T132617
[2025-01-08T13:26:17.639+0000] {base.py:83} INFO - Using connection ID 'postgres-db' for task execution.
[2025-01-08T13:26:17.717+0000] {sql.py:450} INFO - Running statement: 
        INSERT INTO logs.csv_to_dag (execution_datetime, event_datetime, event_name)
        VALUES ('2025-01-08T13:26:13.933832', '2025-01-08T13:26:17.633818', 'create_logs_sheme');
    , parameters: None
[2025-01-08T13:26:17.725+0000] {sql.py:459} INFO - Rows affected: 1
[2025-01-08T13:26:17.805+0000] {local_task_job_runner.py:234} INFO - Task exited with return code 0
[2025-01-08T13:26:17.863+0000] {taskinstance.py:3280} INFO - 0 downstream tasks scheduled from follow-on schedule check
