[2025-01-12T17:28:38.868+0000] {taskinstance.py:1956} INFO - Dependencies all met for dep_context=non-requeueable deps ti=<TaskInstance: insert_date.md_exchange_rate_d manual__2025-01-12T17:28:35.214830+00:00 [queued]>
[2025-01-12T17:28:38.887+0000] {taskinstance.py:1956} INFO - Dependencies all met for dep_context=requeueable deps ti=<TaskInstance: insert_date.md_exchange_rate_d manual__2025-01-12T17:28:35.214830+00:00 [queued]>
[2025-01-12T17:28:38.887+0000] {taskinstance.py:2170} INFO - Starting attempt 1 of 3
[2025-01-12T17:28:39.131+0000] {taskinstance.py:2191} INFO - Executing <Task(PythonOperator): md_exchange_rate_d> on 2025-01-12 17:28:35.214830+00:00
[2025-01-12T17:28:39.138+0000] {standard_task_runner.py:60} INFO - Started process 5271 to run task
[2025-01-12T17:28:39.143+0000] {standard_task_runner.py:87} INFO - Running: ['***', 'tasks', 'run', 'insert_date', 'md_exchange_rate_d', 'manual__2025-01-12T17:28:35.214830+00:00', '--job-id', '2563', '--raw', '--subdir', 'DAGS_FOLDER/insert_data.py', '--cfg-path', '/tmp/tmpde0j2ji6']
[2025-01-12T17:28:39.150+0000] {standard_task_runner.py:88} INFO - Job 2563: Subtask md_exchange_rate_d
[2025-01-12T17:28:39.220+0000] {task_command.py:423} INFO - Running <TaskInstance: insert_date.md_exchange_rate_d manual__2025-01-12T17:28:35.214830+00:00 [running]> on host 711845a6becd
[2025-01-12T17:28:39.346+0000] {taskinstance.py:2480} INFO - Exporting env vars: AIRFLOW_CTX_DAG_OWNER='budanovsa' AIRFLOW_CTX_DAG_ID='insert_date' AIRFLOW_CTX_TASK_ID='md_exchange_rate_d' AIRFLOW_CTX_EXECUTION_DATE='2025-01-12T17:28:35.214830+00:00' AIRFLOW_CTX_TRY_NUMBER='1' AIRFLOW_CTX_DAG_RUN_ID='manual__2025-01-12T17:28:35.214830+00:00'
[2025-01-12T17:28:39.374+0000] {base.py:83} INFO - Using connection ID 'postgres-db' for task execution.
[2025-01-12T17:28:39.570+0000] {python.py:201} INFO - Done. Returned value was: None
[2025-01-12T17:28:39.588+0000] {taskinstance.py:1138} INFO - Marking task as SUCCESS. dag_id=insert_date, task_id=md_exchange_rate_d, execution_date=20250112T172835, start_date=20250112T172838, end_date=20250112T172839
[2025-01-12T17:28:39.597+0000] {base.py:83} INFO - Using connection ID 'postgres-db' for task execution.
[2025-01-12T17:28:39.751+0000] {sql.py:450} INFO - Running statement: 
        INSERT INTO log.logt (execution_datetime, event_datetime, event_name)
        VALUES ('2025-01-12 17:28:35.214830', '2025-01-12T17:28:39.590043', 'md_exchange_rate_d');
    , parameters: None
[2025-01-12T17:28:39.755+0000] {sql.py:459} INFO - Rows affected: 1
[2025-01-12T17:28:39.809+0000] {local_task_job_runner.py:234} INFO - Task exited with return code 0
[2025-01-12T17:28:39.834+0000] {taskinstance.py:3280} INFO - 0 downstream tasks scheduled from follow-on schedule check
