[2025-01-12T17:42:36.023+0000] {taskinstance.py:1956} INFO - Dependencies all met for dep_context=non-requeueable deps ti=<TaskInstance: insert_date.create_log_sheme manual__2025-01-12T17:42:26.823088+00:00 [queued]>
[2025-01-12T17:42:36.038+0000] {taskinstance.py:1956} INFO - Dependencies all met for dep_context=requeueable deps ti=<TaskInstance: insert_date.create_log_sheme manual__2025-01-12T17:42:26.823088+00:00 [queued]>
[2025-01-12T17:42:36.039+0000] {taskinstance.py:2170} INFO - Starting attempt 1 of 3
[2025-01-12T17:42:36.305+0000] {taskinstance.py:2191} INFO - Executing <Task(SQLExecuteQueryOperator): create_log_sheme> on 2025-01-12 17:42:26.823088+00:00
[2025-01-12T17:42:36.313+0000] {standard_task_runner.py:60} INFO - Started process 5526 to run task
[2025-01-12T17:42:36.320+0000] {standard_task_runner.py:87} INFO - Running: ['***', 'tasks', 'run', 'insert_date', 'create_log_sheme', 'manual__2025-01-12T17:42:26.823088+00:00', '--job-id', '2581', '--raw', '--subdir', 'DAGS_FOLDER/insert_data.py', '--cfg-path', '/tmp/tmptnwr97jt']
[2025-01-12T17:42:36.327+0000] {standard_task_runner.py:88} INFO - Job 2581: Subtask create_log_sheme
[2025-01-12T17:42:36.410+0000] {task_command.py:423} INFO - Running <TaskInstance: insert_date.create_log_sheme manual__2025-01-12T17:42:26.823088+00:00 [running]> on host 711845a6becd
[2025-01-12T17:42:36.520+0000] {taskinstance.py:2480} INFO - Exporting env vars: AIRFLOW_CTX_DAG_OWNER='budanovsa' AIRFLOW_CTX_DAG_ID='insert_date' AIRFLOW_CTX_TASK_ID='create_log_sheme' AIRFLOW_CTX_EXECUTION_DATE='2025-01-12T17:42:26.823088+00:00' AIRFLOW_CTX_TRY_NUMBER='1' AIRFLOW_CTX_DAG_RUN_ID='manual__2025-01-12T17:42:26.823088+00:00'
[2025-01-12T17:42:36.522+0000] {sql.py:276} INFO - Executing: create schema if not exists "log";

create table if not exists
	log.logt (
		execution_datetime TIMESTAMP not null,
		event_datetime TIMESTAMP not null,
		event_name VARCHAR(100) not null
);
[2025-01-12T17:42:36.535+0000] {base.py:83} INFO - Using connection ID 'postgres-db' for task execution.
[2025-01-12T17:42:36.547+0000] {base.py:83} INFO - Using connection ID 'postgres-db' for task execution.
[2025-01-12T17:42:36.622+0000] {sql.py:450} INFO - Running statement: create schema if not exists "log";

create table if not exists
	log.logt (
		execution_datetime TIMESTAMP not null,
		event_datetime TIMESTAMP not null,
		event_name VARCHAR(100) not null
);, parameters: None
[2025-01-12T17:42:36.643+0000] {taskinstance.py:1138} INFO - Marking task as SUCCESS. dag_id=insert_date, task_id=create_log_sheme, execution_date=20250112T174226, start_date=20250112T174236, end_date=20250112T174236
[2025-01-12T17:42:36.648+0000] {base.py:83} INFO - Using connection ID 'postgres-db' for task execution.
[2025-01-12T17:42:36.737+0000] {sql.py:450} INFO - Running statement: 
        INSERT INTO log.logt (execution_datetime, event_datetime, event_name)
        VALUES ('2025-01-12 17:42:26.823088', '2025-01-12T17:42:36.644029', 'create_log_sheme');
    , parameters: None
[2025-01-12T17:42:36.741+0000] {sql.py:459} INFO - Rows affected: 1
[2025-01-12T17:42:36.814+0000] {local_task_job_runner.py:234} INFO - Task exited with return code 0
[2025-01-12T17:42:36.880+0000] {taskinstance.py:3280} INFO - 0 downstream tasks scheduled from follow-on schedule check
