[2025-01-13T18:32:58.603+0000] {taskinstance.py:1956} INFO - Dependencies all met for dep_context=non-requeueable deps ti=<TaskInstance: insert_date.sql_ft_posting_f manual__2025-01-13T18:32:36.838140+00:00 [queued]>
[2025-01-13T18:32:58.626+0000] {taskinstance.py:1956} INFO - Dependencies all met for dep_context=requeueable deps ti=<TaskInstance: insert_date.sql_ft_posting_f manual__2025-01-13T18:32:36.838140+00:00 [queued]>
[2025-01-13T18:32:58.629+0000] {taskinstance.py:2170} INFO - Starting attempt 1 of 3
[2025-01-13T18:32:58.669+0000] {taskinstance.py:2191} INFO - Executing <Task(SQLExecuteQueryOperator): sql_ft_posting_f> on 2025-01-13 18:32:36.838140+00:00
[2025-01-13T18:32:58.681+0000] {standard_task_runner.py:60} INFO - Started process 2950 to run task
[2025-01-13T18:32:58.688+0000] {standard_task_runner.py:87} INFO - Running: ['***', 'tasks', 'run', 'insert_date', 'sql_ft_posting_f', 'manual__2025-01-13T18:32:36.838140+00:00', '--job-id', '3110', '--raw', '--subdir', 'DAGS_FOLDER/insert_data.py', '--cfg-path', '/tmp/tmpr97eobyw']
[2025-01-13T18:32:58.694+0000] {standard_task_runner.py:88} INFO - Job 3110: Subtask sql_ft_posting_f
[2025-01-13T18:32:58.798+0000] {task_command.py:423} INFO - Running <TaskInstance: insert_date.sql_ft_posting_f manual__2025-01-13T18:32:36.838140+00:00 [running]> on host 711845a6becd
[2025-01-13T18:32:59.007+0000] {taskinstance.py:2480} INFO - Exporting env vars: AIRFLOW_CTX_DAG_OWNER='budanovsa' AIRFLOW_CTX_DAG_ID='insert_date' AIRFLOW_CTX_TASK_ID='sql_ft_posting_f' AIRFLOW_CTX_EXECUTION_DATE='2025-01-13T18:32:36.838140+00:00' AIRFLOW_CTX_TRY_NUMBER='1' AIRFLOW_CTX_DAG_RUN_ID='manual__2025-01-13T18:32:36.838140+00:00'
[2025-01-13T18:32:59.011+0000] {sql.py:276} INFO - Executing: truncate table ds.ft_posting_f;

INSERT INTO ds.ft_posting_f(
      credit_account_rk
    , debet_account_rk
    , credit_amount
    , debet_amount
    , oper_date
)
SELECT fpf."CREDIT_ACCOUNT_RK"
    , fpf."DEBET_ACCOUNT_RK" 
    , fpf."CREDIT_AMOUNT" 
    , fpf."DEBET_AMOUNT" 
    , to_date(fpf."OPER_DATE", 'dd.mm.YYYY') as oper_date
FROM stage.ft_posting_f fpf
 WHERE fpf."CREDIT_ACCOUNT_RK" IS NOT NULL
AND fpf."DEBET_ACCOUNT_RK" IS NOT NULL; 
[2025-01-13T18:32:59.038+0000] {base.py:83} INFO - Using connection ID 'postgres-db' for task execution.
[2025-01-13T18:32:59.075+0000] {base.py:83} INFO - Using connection ID 'postgres-db' for task execution.
[2025-01-13T18:32:59.230+0000] {sql.py:450} INFO - Running statement: truncate table ds.ft_posting_f;

INSERT INTO ds.ft_posting_f(
      credit_account_rk
    , debet_account_rk
    , credit_amount
    , debet_amount
    , oper_date
)
SELECT fpf."CREDIT_ACCOUNT_RK"
    , fpf."DEBET_ACCOUNT_RK" 
    , fpf."CREDIT_AMOUNT" 
    , fpf."DEBET_AMOUNT" 
    , to_date(fpf."OPER_DATE", 'dd.mm.YYYY') as oper_date
FROM stage.ft_posting_f fpf
 WHERE fpf."CREDIT_ACCOUNT_RK" IS NOT NULL
AND fpf."DEBET_ACCOUNT_RK" IS NOT NULL; , parameters: None
[2025-01-13T18:32:59.647+0000] {sql.py:459} INFO - Rows affected: 33892
[2025-01-13T18:32:59.683+0000] {taskinstance.py:1138} INFO - Marking task as SUCCESS. dag_id=insert_date, task_id=sql_ft_posting_f, execution_date=20250113T183236, start_date=20250113T183258, end_date=20250113T183259
[2025-01-13T18:32:59.691+0000] {base.py:83} INFO - Using connection ID 'postgres-db' for task execution.
[2025-01-13T18:32:59.926+0000] {sql.py:450} INFO - Running statement: 
        INSERT INTO log.logt (execution_datetime, event_datetime, event_name)
        VALUES ('2025-01-13 18:32:36.838140', '2025-01-13T18:32:59.684887', 'sql_ft_posting_f');
    , parameters: None
[2025-01-13T18:32:59.933+0000] {sql.py:459} INFO - Rows affected: 1
[2025-01-13T18:33:00.028+0000] {local_task_job_runner.py:234} INFO - Task exited with return code 0
[2025-01-13T18:33:00.073+0000] {taskinstance.py:3280} INFO - 1 downstream tasks scheduled from follow-on schedule check
