[2025-01-07T09:56:41.571+0000] {taskinstance.py:1956} INFO - Dependencies all met for dep_context=non-requeueable deps ti=<TaskInstance: insert_date.sql_ft_posting_f manual__2025-01-07T09:51:33.644346+00:00 [queued]>
[2025-01-07T09:56:41.586+0000] {taskinstance.py:1956} INFO - Dependencies all met for dep_context=requeueable deps ti=<TaskInstance: insert_date.sql_ft_posting_f manual__2025-01-07T09:51:33.644346+00:00 [queued]>
[2025-01-07T09:56:41.587+0000] {taskinstance.py:2170} INFO - Starting attempt 1 of 3
[2025-01-07T09:56:41.778+0000] {taskinstance.py:2191} INFO - Executing <Task(SQLExecuteQueryOperator): sql_ft_posting_f> on 2025-01-07 09:51:33.644346+00:00
[2025-01-07T09:56:41.786+0000] {standard_task_runner.py:60} INFO - Started process 458 to run task
[2025-01-07T09:56:41.791+0000] {standard_task_runner.py:87} INFO - Running: ['***', 'tasks', 'run', 'insert_date', 'sql_ft_posting_f', 'manual__2025-01-07T09:51:33.644346+00:00', '--job-id', '752', '--raw', '--subdir', 'DAGS_FOLDER/insert_data.py', '--cfg-path', '/tmp/tmp1qql8xf1']
[2025-01-07T09:56:41.795+0000] {standard_task_runner.py:88} INFO - Job 752: Subtask sql_ft_posting_f
[2025-01-07T09:56:41.856+0000] {task_command.py:423} INFO - Running <TaskInstance: insert_date.sql_ft_posting_f manual__2025-01-07T09:51:33.644346+00:00 [running]> on host 25a397655cc7
[2025-01-07T09:56:41.963+0000] {taskinstance.py:2480} INFO - Exporting env vars: AIRFLOW_CTX_DAG_OWNER='budanovsa' AIRFLOW_CTX_DAG_ID='insert_date' AIRFLOW_CTX_TASK_ID='sql_ft_posting_f' AIRFLOW_CTX_EXECUTION_DATE='2025-01-07T09:51:33.644346+00:00' AIRFLOW_CTX_TRY_NUMBER='1' AIRFLOW_CTX_DAG_RUN_ID='manual__2025-01-07T09:51:33.644346+00:00'
[2025-01-07T09:56:41.965+0000] {sql.py:276} INFO - Executing:  INSERT INTO dsl.ft_posting_f(
      credit_account_rk
    , debet_account_rk
    , credit_amount
    , debet_amount
    , oper_date
)
SELECT fpf."CREDIT_ACCOUNT_RK"
    , fpf."DEBET_ACCOUNT_RK" 
    , fpf."CREDIT_AMOUNT" 
    , fpf."DEBET_AMOUNT" 
    , to_date(fpf."OPER_DATE", 'dd.mm.YYYY')
  FROM stage.ft_posting_f fpf
 WHERE fpf."CREDIT_ACCOUNT_RK" IS NOT NULL
   AND fpf."DEBET_ACCOUNT_RK" IS NOT NULL; 
[2025-01-07T09:56:41.977+0000] {base.py:83} INFO - Using connection ID 'postgres-db' for task execution.
[2025-01-07T09:56:41.988+0000] {base.py:83} INFO - Using connection ID 'postgres-db' for task execution.
[2025-01-07T09:56:42.074+0000] {sql.py:450} INFO - Running statement:  INSERT INTO dsl.ft_posting_f(
      credit_account_rk
    , debet_account_rk
    , credit_amount
    , debet_amount
    , oper_date
)
SELECT fpf."CREDIT_ACCOUNT_RK"
    , fpf."DEBET_ACCOUNT_RK" 
    , fpf."CREDIT_AMOUNT" 
    , fpf."DEBET_AMOUNT" 
    , to_date(fpf."OPER_DATE", 'dd.mm.YYYY')
  FROM stage.ft_posting_f fpf
 WHERE fpf."CREDIT_ACCOUNT_RK" IS NOT NULL
   AND fpf."DEBET_ACCOUNT_RK" IS NOT NULL; , parameters: None
[2025-01-07T09:56:47.551+0000] {sql.py:459} INFO - Rows affected: 881192
[2025-01-07T09:56:47.568+0000] {taskinstance.py:1138} INFO - Marking task as SUCCESS. dag_id=insert_date, task_id=sql_ft_posting_f, execution_date=20250107T095133, start_date=20250107T095641, end_date=20250107T095647
[2025-01-07T09:56:47.594+0000] {local_task_job_runner.py:234} INFO - Task exited with return code 0
[2025-01-07T09:56:47.620+0000] {taskinstance.py:3280} INFO - 0 downstream tasks scheduled from follow-on schedule check
