[2025-01-27T18:13:32.848+0000] {taskinstance.py:1956} INFO - Dependencies all met for dep_context=non-requeueable deps ti=<TaskInstance: extract_date.extract_date manual__2025-01-27T18:13:30.943266+00:00 [queued]>
[2025-01-27T18:13:32.855+0000] {taskinstance.py:1956} INFO - Dependencies all met for dep_context=requeueable deps ti=<TaskInstance: extract_date.extract_date manual__2025-01-27T18:13:30.943266+00:00 [queued]>
[2025-01-27T18:13:32.856+0000] {taskinstance.py:2170} INFO - Starting attempt 1 of 3
[2025-01-27T18:13:32.869+0000] {taskinstance.py:2191} INFO - Executing <Task(PythonOperator): extract_date> on 2025-01-27 18:13:30.943266+00:00
[2025-01-27T18:13:32.874+0000] {standard_task_runner.py:60} INFO - Started process 2820 to run task
[2025-01-27T18:13:32.876+0000] {standard_task_runner.py:87} INFO - Running: ['***', 'tasks', 'run', 'extract_date', 'extract_date', 'manual__2025-01-27T18:13:30.943266+00:00', '--job-id', '3233', '--raw', '--subdir', 'DAGS_FOLDER/extract_data.py', '--cfg-path', '/tmp/tmp_whlv7li']
[2025-01-27T18:13:32.878+0000] {standard_task_runner.py:88} INFO - Job 3233: Subtask extract_date
[2025-01-27T18:13:33.023+0000] {task_command.py:423} INFO - Running <TaskInstance: extract_date.extract_date manual__2025-01-27T18:13:30.943266+00:00 [running]> on host 711845a6becd
[2025-01-27T18:13:33.078+0000] {taskinstance.py:2480} INFO - Exporting env vars: AIRFLOW_CTX_DAG_OWNER='budanovsa' AIRFLOW_CTX_DAG_ID='extract_date' AIRFLOW_CTX_TASK_ID='extract_date' AIRFLOW_CTX_EXECUTION_DATE='2025-01-27T18:13:30.943266+00:00' AIRFLOW_CTX_TRY_NUMBER='1' AIRFLOW_CTX_DAG_RUN_ID='manual__2025-01-27T18:13:30.943266+00:00'
[2025-01-27T18:13:33.085+0000] {base.py:83} INFO - Using connection ID 'postgres-db' for task execution.
[2025-01-27T18:13:33.123+0000] {sql.py:450} INFO - Running statement: 
        COPY (SELECT * FROM dm.dm_f101_round_f) TO 'D:/DE/VSCODE/AIRFLOW/Airflow/files/sql/dm_f101_round_f.csv' WITH CSV HEADER;
        INSERT INTO log.logt (execution_datetime, event_datetime, event_name)
        VALUES ('2025-01-27 18:13:30.943266', '2025-01-27T18:13:33.079458', 'extract_dm.dm_f101_round_f');
    , parameters: None
[2025-01-27T18:13:33.128+0000] {sql.py:459} INFO - Rows affected: 1
[2025-01-27T18:13:33.130+0000] {python.py:201} INFO - Done. Returned value was: None
[2025-01-27T18:13:33.138+0000] {taskinstance.py:1138} INFO - Marking task as SUCCESS. dag_id=extract_date, task_id=extract_date, execution_date=20250127T181330, start_date=20250127T181332, end_date=20250127T181333
[2025-01-27T18:13:33.139+0000] {taskinstance.py:1116} ERROR - Error when executing uploading_logs callback
Traceback (most recent call last):
  File "/home/airflow/.local/lib/python3.8/site-packages/airflow/models/taskinstance.py", line 1113, in _run_finished_callback
    callback(context)
TypeError: uploading_logs() takes 0 positional arguments but 1 was given
[2025-01-27T18:13:33.170+0000] {local_task_job_runner.py:234} INFO - Task exited with return code 0
[2025-01-27T18:13:33.294+0000] {taskinstance.py:3280} INFO - 1 downstream tasks scheduled from follow-on schedule check
