[2025-01-12T19:16:11.996+0000] {taskinstance.py:1956} INFO - Dependencies all met for dep_context=non-requeueable deps ti=<TaskInstance: insert_date.sql_ft_posting_f manual__2025-01-12T19:15:55.484401+00:00 [queued]>
[2025-01-12T19:16:12.022+0000] {taskinstance.py:1956} INFO - Dependencies all met for dep_context=requeueable deps ti=<TaskInstance: insert_date.sql_ft_posting_f manual__2025-01-12T19:15:55.484401+00:00 [queued]>
[2025-01-12T19:16:12.024+0000] {taskinstance.py:2170} INFO - Starting attempt 1 of 3
[2025-01-12T19:16:12.308+0000] {taskinstance.py:2191} INFO - Executing <Task(SQLExecuteQueryOperator): sql_ft_posting_f> on 2025-01-12 19:15:55.484401+00:00
[2025-01-12T19:16:12.318+0000] {standard_task_runner.py:60} INFO - Started process 7271 to run task
[2025-01-12T19:16:12.326+0000] {standard_task_runner.py:87} INFO - Running: ['***', 'tasks', 'run', 'insert_date', 'sql_ft_posting_f', 'manual__2025-01-12T19:15:55.484401+00:00', '--job-id', '2706', '--raw', '--subdir', 'DAGS_FOLDER/insert_data.py', '--cfg-path', '/tmp/tmppk519ss5']
[2025-01-12T19:16:12.333+0000] {standard_task_runner.py:88} INFO - Job 2706: Subtask sql_ft_posting_f
[2025-01-12T19:16:12.461+0000] {task_command.py:423} INFO - Running <TaskInstance: insert_date.sql_ft_posting_f manual__2025-01-12T19:15:55.484401+00:00 [running]> on host 711845a6becd
[2025-01-12T19:16:12.649+0000] {taskinstance.py:2480} INFO - Exporting env vars: AIRFLOW_CTX_DAG_OWNER='budanovsa' AIRFLOW_CTX_DAG_ID='insert_date' AIRFLOW_CTX_TASK_ID='sql_ft_posting_f' AIRFLOW_CTX_EXECUTION_DATE='2025-01-12T19:15:55.484401+00:00' AIRFLOW_CTX_TRY_NUMBER='1' AIRFLOW_CTX_DAG_RUN_ID='manual__2025-01-12T19:15:55.484401+00:00'
[2025-01-12T19:16:12.651+0000] {sql.py:276} INFO - Executing: truncate table ds.ft_posting_f;

INSERT INTO ds.ft_posting_f(
      credit_account_rk
    , debet_account_rk
    , credit_amount
    , debet_amount
    , oper_date
)
SELECT fpf."CREDIT_ACCOUNT_RK"
    , fpf."DEBET_ACCOUNT_RK" 
    , fpf."CREDIT_AMOUNT" 
    , fpf."DEBET_AMOUNT" 
    , to_date(fpf."OPER_DATE", 'dd.mm.YYYY') as oper_date
FROM stage.ft_posting_f fpf
 WHERE fpf."CREDIT_ACCOUNT_RK" IS NOT NULL
AND fpf."DEBET_ACCOUNT_RK" IS NOT NULL; 
[2025-01-12T19:16:12.668+0000] {base.py:83} INFO - Using connection ID 'postgres-db' for task execution.
[2025-01-12T19:16:12.685+0000] {base.py:83} INFO - Using connection ID 'postgres-db' for task execution.
[2025-01-12T19:16:12.897+0000] {sql.py:450} INFO - Running statement: truncate table ds.ft_posting_f;

INSERT INTO ds.ft_posting_f(
      credit_account_rk
    , debet_account_rk
    , credit_amount
    , debet_amount
    , oper_date
)
SELECT fpf."CREDIT_ACCOUNT_RK"
    , fpf."DEBET_ACCOUNT_RK" 
    , fpf."CREDIT_AMOUNT" 
    , fpf."DEBET_AMOUNT" 
    , to_date(fpf."OPER_DATE", 'dd.mm.YYYY') as oper_date
FROM stage.ft_posting_f fpf
 WHERE fpf."CREDIT_ACCOUNT_RK" IS NOT NULL
AND fpf."DEBET_ACCOUNT_RK" IS NOT NULL; , parameters: None
[2025-01-12T19:16:13.697+0000] {sql.py:459} INFO - Rows affected: 101676
[2025-01-12T19:16:13.722+0000] {taskinstance.py:1138} INFO - Marking task as SUCCESS. dag_id=insert_date, task_id=sql_ft_posting_f, execution_date=20250112T191555, start_date=20250112T191611, end_date=20250112T191613
[2025-01-12T19:16:13.727+0000] {base.py:83} INFO - Using connection ID 'postgres-db' for task execution.
[2025-01-12T19:16:13.799+0000] {sql.py:450} INFO - Running statement: 
        INSERT INTO log.logt (execution_datetime, event_datetime, event_name)
        VALUES ('2025-01-12 19:15:55.484401', '2025-01-12T19:16:13.723991', 'sql_ft_posting_f');
    , parameters: None
[2025-01-12T19:16:13.804+0000] {sql.py:459} INFO - Rows affected: 1
[2025-01-12T19:16:13.865+0000] {local_task_job_runner.py:234} INFO - Task exited with return code 0
[2025-01-12T19:16:13.895+0000] {taskinstance.py:3280} INFO - 1 downstream tasks scheduled from follow-on schedule check
