[2025-01-07T13:25:27.308+0000] {taskinstance.py:1956} INFO - Dependencies all met for dep_context=non-requeueable deps ti=<TaskInstance: insert_date.sql_md_ledger_account_s manual__2025-01-07T13:25:25.412037+00:00 [queued]>
[2025-01-07T13:25:27.327+0000] {taskinstance.py:1956} INFO - Dependencies all met for dep_context=requeueable deps ti=<TaskInstance: insert_date.sql_md_ledger_account_s manual__2025-01-07T13:25:25.412037+00:00 [queued]>
[2025-01-07T13:25:27.330+0000] {taskinstance.py:2170} INFO - Starting attempt 1 of 3
[2025-01-07T13:25:28.285+0000] {taskinstance.py:2191} INFO - Executing <Task(SQLExecuteQueryOperator): sql_md_ledger_account_s> on 2025-01-07 13:25:25.412037+00:00
[2025-01-07T13:25:28.294+0000] {standard_task_runner.py:60} INFO - Started process 910 to run task
[2025-01-07T13:25:28.299+0000] {standard_task_runner.py:87} INFO - Running: ['***', 'tasks', 'run', 'insert_date', 'sql_md_ledger_account_s', 'manual__2025-01-07T13:25:25.412037+00:00', '--job-id', '991', '--raw', '--subdir', 'DAGS_FOLDER/insert_data.py', '--cfg-path', '/tmp/tmpnp0doww7']
[2025-01-07T13:25:28.302+0000] {standard_task_runner.py:88} INFO - Job 991: Subtask sql_md_ledger_account_s
[2025-01-07T13:25:28.393+0000] {task_command.py:423} INFO - Running <TaskInstance: insert_date.sql_md_ledger_account_s manual__2025-01-07T13:25:25.412037+00:00 [running]> on host 25a397655cc7
[2025-01-07T13:25:28.503+0000] {taskinstance.py:2480} INFO - Exporting env vars: AIRFLOW_CTX_DAG_OWNER='budanovsa' AIRFLOW_CTX_DAG_ID='insert_date' AIRFLOW_CTX_TASK_ID='sql_md_ledger_account_s' AIRFLOW_CTX_EXECUTION_DATE='2025-01-07T13:25:25.412037+00:00' AIRFLOW_CTX_TRY_NUMBER='1' AIRFLOW_CTX_DAG_RUN_ID='manual__2025-01-07T13:25:25.412037+00:00'
[2025-01-07T13:25:28.505+0000] {sql.py:276} INFO - Executing: INSERT INTO dsl.md_ledger_account_s( 
    chapter
    ,chapter_name
	,section_number
	,section_name
	,subsection_name
	,ledger1_account
	,ledger1_account_name
	,ledger_account 
	,ledger_account_name 
	,characteristic
	,start_date
	,end_date
)
SELECT
	mlas."CHAPTER"
	, mlas."CHAPTER_NAME"
	, mlas."SECTION_NUMBER"
	, mlas."SECTION_NAME"
	, mlas."SUBSECTION_NAME"
	, mlas."LEDGER1_ACCOUNT"
	, mlas."LEDGER1_ACCOUNT_NAME"
	, mlas."LEDGER_ACCOUNT"
	, mlas."LEDGER_ACCOUNT_NAME"
	, mlas."CHARACTERISTIC"
	, to_date(mlas."START_DATE", '%Y-%m-%d')
	, to_date(mlas."END_DATE", '%Y-%m-%d')
  FROM stage.md_ledger_account_s mlas
 WHERE mlas."LEDGER_ACCOUNT" IS NOT NULL
   AND mlas."START_DATE" IS NOT NULL; 
[2025-01-07T13:25:28.516+0000] {base.py:83} INFO - Using connection ID 'postgres-db' for task execution.
[2025-01-07T13:25:28.527+0000] {base.py:83} INFO - Using connection ID 'postgres-db' for task execution.
[2025-01-07T13:25:28.585+0000] {sql.py:450} INFO - Running statement: INSERT INTO dsl.md_ledger_account_s( 
    chapter
    ,chapter_name
	,section_number
	,section_name
	,subsection_name
	,ledger1_account
	,ledger1_account_name
	,ledger_account 
	,ledger_account_name 
	,characteristic
	,start_date
	,end_date
)
SELECT
	mlas."CHAPTER"
	, mlas."CHAPTER_NAME"
	, mlas."SECTION_NUMBER"
	, mlas."SECTION_NAME"
	, mlas."SUBSECTION_NAME"
	, mlas."LEDGER1_ACCOUNT"
	, mlas."LEDGER1_ACCOUNT_NAME"
	, mlas."LEDGER_ACCOUNT"
	, mlas."LEDGER_ACCOUNT_NAME"
	, mlas."CHARACTERISTIC"
	, to_date(mlas."START_DATE", '%Y-%m-%d')
	, to_date(mlas."END_DATE", '%Y-%m-%d')
  FROM stage.md_ledger_account_s mlas
 WHERE mlas."LEDGER_ACCOUNT" IS NOT NULL
   AND mlas."START_DATE" IS NOT NULL; , parameters: None
[2025-01-07T13:25:28.592+0000] {sql.py:459} INFO - Rows affected: 36
[2025-01-07T13:25:28.606+0000] {taskinstance.py:1138} INFO - Marking task as SUCCESS. dag_id=insert_date, task_id=sql_md_ledger_account_s, execution_date=20250107T132525, start_date=20250107T132527, end_date=20250107T132528
[2025-01-07T13:25:28.632+0000] {local_task_job_runner.py:234} INFO - Task exited with return code 0
[2025-01-07T13:25:28.657+0000] {taskinstance.py:3280} INFO - 0 downstream tasks scheduled from follow-on schedule check
