[2025-01-12T15:17:36.372+0000] {taskinstance.py:1956} INFO - Dependencies all met for dep_context=non-requeueable deps ti=<TaskInstance: insert_date.start_log manual__2025-01-12T15:17:32.680285+00:00 [queued]>
[2025-01-12T15:17:36.379+0000] {taskinstance.py:1956} INFO - Dependencies all met for dep_context=requeueable deps ti=<TaskInstance: insert_date.start_log manual__2025-01-12T15:17:32.680285+00:00 [queued]>
[2025-01-12T15:17:36.379+0000] {taskinstance.py:2170} INFO - Starting attempt 1 of 3
[2025-01-12T15:17:36.477+0000] {taskinstance.py:2191} INFO - Executing <Task(PythonOperator): start_log> on 2025-01-12 15:17:32.680285+00:00
[2025-01-12T15:17:36.482+0000] {standard_task_runner.py:60} INFO - Started process 3464 to run task
[2025-01-12T15:17:36.484+0000] {standard_task_runner.py:87} INFO - Running: ['***', 'tasks', 'run', 'insert_date', 'start_log', 'manual__2025-01-12T15:17:32.680285+00:00', '--job-id', '2329', '--raw', '--subdir', 'DAGS_FOLDER/insert_data.py', '--cfg-path', '/tmp/tmpip_iprtc']
[2025-01-12T15:17:36.486+0000] {standard_task_runner.py:88} INFO - Job 2329: Subtask start_log
[2025-01-12T15:17:36.519+0000] {task_command.py:423} INFO - Running <TaskInstance: insert_date.start_log manual__2025-01-12T15:17:32.680285+00:00 [running]> on host 711845a6becd
[2025-01-12T15:17:36.575+0000] {taskinstance.py:2480} INFO - Exporting env vars: AIRFLOW_CTX_DAG_OWNER='budanovsa' AIRFLOW_CTX_DAG_ID='insert_date' AIRFLOW_CTX_TASK_ID='start_log' AIRFLOW_CTX_EXECUTION_DATE='2025-01-12T15:17:32.680285+00:00' AIRFLOW_CTX_TRY_NUMBER='1' AIRFLOW_CTX_DAG_RUN_ID='manual__2025-01-12T15:17:32.680285+00:00'
[2025-01-12T15:17:36.620+0000] {taskinstance.py:2698} ERROR - Task failed with exception
Traceback (most recent call last):
  File "/home/airflow/.local/lib/python3.8/site-packages/airflow/models/taskinstance.py", line 433, in _execute_task
    result = execute_callable(context=context, **execute_callable_kwargs)
  File "/home/airflow/.local/lib/python3.8/site-packages/airflow/operators/python.py", line 199, in execute
    return_value = self.execute_callable()
  File "/home/airflow/.local/lib/python3.8/site-packages/airflow/operators/python.py", line 216, in execute_callable
    return self.python_callable(*self.op_args, **self.op_kwargs)
  File "/opt/airflow/dags/insert_data.py", line 69, in start_log
    datetime.datetime.now() + 5
AttributeError: type object 'datetime.datetime' has no attribute 'datetime'
[2025-01-12T15:17:36.629+0000] {taskinstance.py:1138} INFO - Marking task as UP_FOR_RETRY. dag_id=insert_date, task_id=start_log, execution_date=20250112T151732, start_date=20250112T151736, end_date=20250112T151736
[2025-01-12T15:17:36.643+0000] {standard_task_runner.py:107} ERROR - Failed to execute job 2329 for task start_log (type object 'datetime.datetime' has no attribute 'datetime'; 3464)
[2025-01-12T15:17:36.657+0000] {local_task_job_runner.py:234} INFO - Task exited with return code 1
[2025-01-12T15:17:36.682+0000] {taskinstance.py:3280} INFO - 0 downstream tasks scheduled from follow-on schedule check
