[2025-01-12T13:59:56.748+0000] {taskinstance.py:1956} INFO - Dependencies all met for dep_context=non-requeueable deps ti=<TaskInstance: insert_date.md_ledger_account_s manual__2025-01-12T13:59:53.971818+00:00 [queued]>
[2025-01-12T13:59:56.765+0000] {taskinstance.py:1956} INFO - Dependencies all met for dep_context=requeueable deps ti=<TaskInstance: insert_date.md_ledger_account_s manual__2025-01-12T13:59:53.971818+00:00 [queued]>
[2025-01-12T13:59:56.766+0000] {taskinstance.py:2170} INFO - Starting attempt 1 of 3
[2025-01-12T13:59:56.994+0000] {taskinstance.py:2191} INFO - Executing <Task(PythonOperator): md_ledger_account_s> on 2025-01-12 13:59:53.971818+00:00
[2025-01-12T13:59:57.003+0000] {standard_task_runner.py:60} INFO - Started process 1867 to run task
[2025-01-12T13:59:57.009+0000] {standard_task_runner.py:87} INFO - Running: ['***', 'tasks', 'run', 'insert_date', 'md_ledger_account_s', 'manual__2025-01-12T13:59:53.971818+00:00', '--job-id', '2168', '--raw', '--subdir', 'DAGS_FOLDER/insert_data.py', '--cfg-path', '/tmp/tmpb8ahzsd6']
[2025-01-12T13:59:57.013+0000] {standard_task_runner.py:88} INFO - Job 2168: Subtask md_ledger_account_s
[2025-01-12T13:59:57.105+0000] {task_command.py:423} INFO - Running <TaskInstance: insert_date.md_ledger_account_s manual__2025-01-12T13:59:53.971818+00:00 [running]> on host 711845a6becd
[2025-01-12T13:59:57.226+0000] {taskinstance.py:2480} INFO - Exporting env vars: AIRFLOW_CTX_DAG_OWNER='budanovsa' AIRFLOW_CTX_DAG_ID='insert_date' AIRFLOW_CTX_TASK_ID='md_ledger_account_s' AIRFLOW_CTX_EXECUTION_DATE='2025-01-12T13:59:53.971818+00:00' AIRFLOW_CTX_TRY_NUMBER='1' AIRFLOW_CTX_DAG_RUN_ID='manual__2025-01-12T13:59:53.971818+00:00'
[2025-01-12T13:59:57.249+0000] {base.py:83} INFO - Using connection ID 'postgres-db' for task execution.
[2025-01-12T13:59:57.385+0000] {python.py:201} INFO - Done. Returned value was: None
[2025-01-12T13:59:57.412+0000] {taskinstance.py:1138} INFO - Marking task as SUCCESS. dag_id=insert_date, task_id=md_ledger_account_s, execution_date=20250112T135953, start_date=20250112T135956, end_date=20250112T135957
[2025-01-12T13:59:57.420+0000] {base.py:83} INFO - Using connection ID 'postgres-db' for task execution.
[2025-01-12T13:59:57.504+0000] {sql.py:450} INFO - Running statement: 
        INSERT INTO log.logt (execution_datetime, event_datetime, event_name)
        VALUES ('2025-01-12 13:59:53.971818', '2025-01-12 13:59:57.414292', 'md_ledger_account_s');
    , parameters: None
[2025-01-12T13:59:57.513+0000] {sql.py:459} INFO - Rows affected: 1
[2025-01-12T13:59:57.582+0000] {local_task_job_runner.py:234} INFO - Task exited with return code 0
[2025-01-12T13:59:57.642+0000] {taskinstance.py:3280} INFO - 0 downstream tasks scheduled from follow-on schedule check
