[2025-01-12T15:20:01.982+0000] {taskinstance.py:1956} INFO - Dependencies all met for dep_context=non-requeueable deps ti=<TaskInstance: insert_date.start_log manual__2025-01-12T15:19:58.694555+00:00 [queued]>
[2025-01-12T15:20:01.993+0000] {taskinstance.py:1956} INFO - Dependencies all met for dep_context=requeueable deps ti=<TaskInstance: insert_date.start_log manual__2025-01-12T15:19:58.694555+00:00 [queued]>
[2025-01-12T15:20:01.994+0000] {taskinstance.py:2170} INFO - Starting attempt 1 of 3
[2025-01-12T15:20:02.128+0000] {taskinstance.py:2191} INFO - Executing <Task(PythonOperator): start_log> on 2025-01-12 15:19:58.694555+00:00
[2025-01-12T15:20:02.133+0000] {standard_task_runner.py:60} INFO - Started process 3520 to run task
[2025-01-12T15:20:02.136+0000] {standard_task_runner.py:87} INFO - Running: ['***', 'tasks', 'run', 'insert_date', 'start_log', 'manual__2025-01-12T15:19:58.694555+00:00', '--job-id', '2337', '--raw', '--subdir', 'DAGS_FOLDER/insert_data.py', '--cfg-path', '/tmp/tmpmitxp8rh']
[2025-01-12T15:20:02.138+0000] {standard_task_runner.py:88} INFO - Job 2337: Subtask start_log
[2025-01-12T15:20:02.179+0000] {task_command.py:423} INFO - Running <TaskInstance: insert_date.start_log manual__2025-01-12T15:19:58.694555+00:00 [running]> on host 711845a6becd
[2025-01-12T15:20:02.243+0000] {taskinstance.py:2480} INFO - Exporting env vars: AIRFLOW_CTX_DAG_OWNER='budanovsa' AIRFLOW_CTX_DAG_ID='insert_date' AIRFLOW_CTX_TASK_ID='start_log' AIRFLOW_CTX_EXECUTION_DATE='2025-01-12T15:19:58.694555+00:00' AIRFLOW_CTX_TRY_NUMBER='1' AIRFLOW_CTX_DAG_RUN_ID='manual__2025-01-12T15:19:58.694555+00:00'
[2025-01-12T15:20:02.289+0000] {taskinstance.py:2698} ERROR - Task failed with exception
Traceback (most recent call last):
  File "/home/airflow/.local/lib/python3.8/site-packages/airflow/models/taskinstance.py", line 433, in _execute_task
    result = execute_callable(context=context, **execute_callable_kwargs)
  File "/home/airflow/.local/lib/python3.8/site-packages/airflow/operators/python.py", line 199, in execute
    return_value = self.execute_callable()
  File "/home/airflow/.local/lib/python3.8/site-packages/airflow/operators/python.py", line 216, in execute_callable
    return self.python_callable(*self.op_args, **self.op_kwargs)
  File "/opt/airflow/dags/insert_data.py", line 69, in start_log
    time(date_now)
TypeError: time() takes no arguments (1 given)
[2025-01-12T15:20:02.297+0000] {taskinstance.py:1138} INFO - Marking task as UP_FOR_RETRY. dag_id=insert_date, task_id=start_log, execution_date=20250112T151958, start_date=20250112T152001, end_date=20250112T152002
[2025-01-12T15:20:02.306+0000] {standard_task_runner.py:107} ERROR - Failed to execute job 2337 for task start_log (time() takes no arguments (1 given); 3520)
[2025-01-12T15:20:02.348+0000] {local_task_job_runner.py:234} INFO - Task exited with return code 1
[2025-01-12T15:20:02.374+0000] {taskinstance.py:3280} INFO - 0 downstream tasks scheduled from follow-on schedule check
