[2025-01-08T13:59:20.498+0000] {taskinstance.py:1956} INFO - Dependencies all met for dep_context=non-requeueable deps ti=<TaskInstance: insert_date.md_exchange_rate_d manual__2025-01-08T13:59:13.977410+00:00 [queued]>
[2025-01-08T13:59:20.526+0000] {taskinstance.py:1956} INFO - Dependencies all met for dep_context=requeueable deps ti=<TaskInstance: insert_date.md_exchange_rate_d manual__2025-01-08T13:59:13.977410+00:00 [queued]>
[2025-01-08T13:59:20.528+0000] {taskinstance.py:2170} INFO - Starting attempt 1 of 3
[2025-01-08T13:59:21.367+0000] {taskinstance.py:2191} INFO - Executing <Task(PythonOperator): md_exchange_rate_d> on 2025-01-08 13:59:13.977410+00:00
[2025-01-08T13:59:21.380+0000] {standard_task_runner.py:60} INFO - Started process 106 to run task
[2025-01-08T13:59:21.398+0000] {standard_task_runner.py:87} INFO - Running: ['***', 'tasks', 'run', 'insert_date', 'md_exchange_rate_d', 'manual__2025-01-08T13:59:13.977410+00:00', '--job-id', '1379', '--raw', '--subdir', 'DAGS_FOLDER/insert_data.py', '--cfg-path', '/tmp/tmpj_xnfkw4']
[2025-01-08T13:59:21.410+0000] {standard_task_runner.py:88} INFO - Job 1379: Subtask md_exchange_rate_d
[2025-01-08T13:59:21.590+0000] {task_command.py:423} INFO - Running <TaskInstance: insert_date.md_exchange_rate_d manual__2025-01-08T13:59:13.977410+00:00 [running]> on host 711845a6becd
[2025-01-08T13:59:21.805+0000] {taskinstance.py:2480} INFO - Exporting env vars: AIRFLOW_CTX_DAG_OWNER='budanovsa' AIRFLOW_CTX_DAG_ID='insert_date' AIRFLOW_CTX_TASK_ID='md_exchange_rate_d' AIRFLOW_CTX_EXECUTION_DATE='2025-01-08T13:59:13.977410+00:00' AIRFLOW_CTX_TRY_NUMBER='1' AIRFLOW_CTX_DAG_RUN_ID='manual__2025-01-08T13:59:13.977410+00:00'
[2025-01-08T13:59:21.846+0000] {base.py:83} INFO - Using connection ID 'postgres-db' for task execution.
[2025-01-08T13:59:22.063+0000] {python.py:201} INFO - Done. Returned value was: None
[2025-01-08T13:59:22.082+0000] {taskinstance.py:1138} INFO - Marking task as SUCCESS. dag_id=insert_date, task_id=md_exchange_rate_d, execution_date=20250108T135913, start_date=20250108T135920, end_date=20250108T135922
[2025-01-08T13:59:22.090+0000] {base.py:83} INFO - Using connection ID 'postgres-db' for task execution.
[2025-01-08T13:59:22.185+0000] {sql.py:450} INFO - Running statement: 
        INSERT INTO log.logt (execution_datetime, event_datetime, event_name)
        VALUES ('2025-01-08T13:59:13.977410', '2025-01-08T13:59:22.084394', 'md_exchange_rate_d');
    , parameters: None
[2025-01-08T13:59:22.192+0000] {taskinstance.py:1116} ERROR - Error when executing uploading_logs callback
Traceback (most recent call last):
  File "/home/airflow/.local/lib/python3.8/site-packages/airflow/models/taskinstance.py", line 1113, in _run_finished_callback
    callback(context)
  File "/opt/airflow/dags/insert_data.py", line 50, in uploading_logs
    postgres_hook.run(query)
  File "/home/airflow/.local/lib/python3.8/site-packages/airflow/providers/common/sql/hooks/sql.py", line 398, in run
    self._run_command(cur, sql_statement, parameters)
  File "/home/airflow/.local/lib/python3.8/site-packages/airflow/providers/common/sql/hooks/sql.py", line 455, in _run_command
    cur.execute(sql_statement)
psycopg2.errors.UndefinedTable: ОШИБКА:  отношение "log.logt" не существует
LINE 2:         INSERT INTO log.logt (execution_datetime, event_date...
                            ^

[2025-01-08T13:59:22.254+0000] {local_task_job_runner.py:234} INFO - Task exited with return code 0
[2025-01-08T13:59:22.308+0000] {taskinstance.py:3280} INFO - 0 downstream tasks scheduled from follow-on schedule check
