[2025-01-08T13:26:21.584+0000] {taskinstance.py:1956} INFO - Dependencies all met for dep_context=non-requeueable deps ti=<TaskInstance: insert_date.sql_ft_balance_f manual__2025-01-08T13:26:13.933832+00:00 [queued]>
[2025-01-08T13:26:21.597+0000] {taskinstance.py:1956} INFO - Dependencies all met for dep_context=requeueable deps ti=<TaskInstance: insert_date.sql_ft_balance_f manual__2025-01-08T13:26:13.933832+00:00 [queued]>
[2025-01-08T13:26:21.598+0000] {taskinstance.py:2170} INFO - Starting attempt 1 of 3
[2025-01-08T13:26:21.809+0000] {taskinstance.py:2191} INFO - Executing <Task(SQLExecuteQueryOperator): sql_ft_balance_f> on 2025-01-08 13:26:13.933832+00:00
[2025-01-08T13:26:21.815+0000] {standard_task_runner.py:60} INFO - Started process 404 to run task
[2025-01-08T13:26:21.823+0000] {standard_task_runner.py:87} INFO - Running: ['***', 'tasks', 'run', 'insert_date', 'sql_ft_balance_f', 'manual__2025-01-08T13:26:13.933832+00:00', '--job-id', '1327', '--raw', '--subdir', 'DAGS_FOLDER/insert_data.py', '--cfg-path', '/tmp/tmpp3_n_tm_']
[2025-01-08T13:26:21.827+0000] {standard_task_runner.py:88} INFO - Job 1327: Subtask sql_ft_balance_f
[2025-01-08T13:26:21.881+0000] {task_command.py:423} INFO - Running <TaskInstance: insert_date.sql_ft_balance_f manual__2025-01-08T13:26:13.933832+00:00 [running]> on host 779bfbde52bc
[2025-01-08T13:26:21.973+0000] {taskinstance.py:2480} INFO - Exporting env vars: AIRFLOW_CTX_DAG_OWNER='budanovsa' AIRFLOW_CTX_DAG_ID='insert_date' AIRFLOW_CTX_TASK_ID='sql_ft_balance_f' AIRFLOW_CTX_EXECUTION_DATE='2025-01-08T13:26:13.933832+00:00' AIRFLOW_CTX_TRY_NUMBER='1' AIRFLOW_CTX_DAG_RUN_ID='manual__2025-01-08T13:26:13.933832+00:00'
[2025-01-08T13:26:21.974+0000] {sql.py:276} INFO - Executing: INSERT INTO dsl.ft_balance_f(
      account_rk
    , currency_rk
    , balance_out
    , on_date
)
SELECT fbf."ACCOUNT_RK" 
     , fbf."CURRENCY_RK" 
     , fbf."BALANCE_OUT" 
     , to_date(fbf."ON_DATE" , 'dd.mm.YYYY') AS on_date
  FROM stage.ft_balance_f fbf
 WHERE fbf."ACCOUNT_RK"  IS NOT NULL
   AND fbf."CURRENCY_RK"  IS NOT NULL; 
[2025-01-08T13:26:21.985+0000] {base.py:83} INFO - Using connection ID 'postgres-db' for task execution.
[2025-01-08T13:26:22.000+0000] {base.py:83} INFO - Using connection ID 'postgres-db' for task execution.
[2025-01-08T13:26:22.070+0000] {sql.py:450} INFO - Running statement: INSERT INTO dsl.ft_balance_f(
      account_rk
    , currency_rk
    , balance_out
    , on_date
)
SELECT fbf."ACCOUNT_RK" 
     , fbf."CURRENCY_RK" 
     , fbf."BALANCE_OUT" 
     , to_date(fbf."ON_DATE" , 'dd.mm.YYYY') AS on_date
  FROM stage.ft_balance_f fbf
 WHERE fbf."ACCOUNT_RK"  IS NOT NULL
   AND fbf."CURRENCY_RK"  IS NOT NULL; , parameters: None
[2025-01-08T13:26:22.078+0000] {sql.py:459} INFO - Rows affected: 114
[2025-01-08T13:26:22.093+0000] {taskinstance.py:1138} INFO - Marking task as SUCCESS. dag_id=insert_date, task_id=sql_ft_balance_f, execution_date=20250108T132613, start_date=20250108T132621, end_date=20250108T132622
[2025-01-08T13:26:22.097+0000] {base.py:83} INFO - Using connection ID 'postgres-db' for task execution.
[2025-01-08T13:26:22.176+0000] {sql.py:450} INFO - Running statement: 
        INSERT INTO logs.csv_to_dag (execution_datetime, event_datetime, event_name)
        VALUES ('2025-01-08T13:26:13.933832', '2025-01-08T13:26:22.094457', 'sql_ft_balance_f');
    , parameters: None
[2025-01-08T13:26:22.180+0000] {sql.py:459} INFO - Rows affected: 1
[2025-01-08T13:26:22.238+0000] {local_task_job_runner.py:234} INFO - Task exited with return code 0
[2025-01-08T13:26:22.292+0000] {taskinstance.py:3280} INFO - 0 downstream tasks scheduled from follow-on schedule check
