[2025-01-12T17:04:10.666+0000] {taskinstance.py:1956} INFO - Dependencies all met for dep_context=non-requeueable deps ti=<TaskInstance: insert_date.md_account_d manual__2025-01-12T17:04:06.891154+00:00 [queued]>
[2025-01-12T17:04:10.681+0000] {taskinstance.py:1956} INFO - Dependencies all met for dep_context=requeueable deps ti=<TaskInstance: insert_date.md_account_d manual__2025-01-12T17:04:06.891154+00:00 [queued]>
[2025-01-12T17:04:10.682+0000] {taskinstance.py:2170} INFO - Starting attempt 1 of 3
[2025-01-12T17:04:10.976+0000] {taskinstance.py:2191} INFO - Executing <Task(PythonOperator): md_account_d> on 2025-01-12 17:04:06.891154+00:00
[2025-01-12T17:04:10.983+0000] {standard_task_runner.py:60} INFO - Started process 4673 to run task
[2025-01-12T17:04:10.988+0000] {standard_task_runner.py:87} INFO - Running: ['***', 'tasks', 'run', 'insert_date', 'md_account_d', 'manual__2025-01-12T17:04:06.891154+00:00', '--job-id', '2484', '--raw', '--subdir', 'DAGS_FOLDER/insert_data.py', '--cfg-path', '/tmp/tmpn0iv4rfg']
[2025-01-12T17:04:10.992+0000] {standard_task_runner.py:88} INFO - Job 2484: Subtask md_account_d
[2025-01-12T17:04:11.254+0000] {task_command.py:423} INFO - Running <TaskInstance: insert_date.md_account_d manual__2025-01-12T17:04:06.891154+00:00 [running]> on host 711845a6becd
[2025-01-12T17:04:11.403+0000] {taskinstance.py:2480} INFO - Exporting env vars: AIRFLOW_CTX_DAG_OWNER='budanovsa' AIRFLOW_CTX_DAG_ID='insert_date' AIRFLOW_CTX_TASK_ID='md_account_d' AIRFLOW_CTX_EXECUTION_DATE='2025-01-12T17:04:06.891154+00:00' AIRFLOW_CTX_TRY_NUMBER='1' AIRFLOW_CTX_DAG_RUN_ID='manual__2025-01-12T17:04:06.891154+00:00'
[2025-01-12T17:04:11.438+0000] {base.py:83} INFO - Using connection ID 'postgres-db' for task execution.
[2025-01-12T17:04:11.575+0000] {python.py:201} INFO - Done. Returned value was: None
[2025-01-12T17:04:11.602+0000] {taskinstance.py:1138} INFO - Marking task as SUCCESS. dag_id=insert_date, task_id=md_account_d, execution_date=20250112T170406, start_date=20250112T170410, end_date=20250112T170411
[2025-01-12T17:04:11.613+0000] {base.py:83} INFO - Using connection ID 'postgres-db' for task execution.
[2025-01-12T17:04:11.691+0000] {sql.py:450} INFO - Running statement: 
        INSERT INTO log.logt (execution_datetime, event_datetime, event_name)
        VALUES ('2025-01-12 17:04:06.891154', '2025-01-12T17:04:11.603690', 'md_account_d');
    , parameters: None
[2025-01-12T17:04:11.694+0000] {sql.py:459} INFO - Rows affected: 1
[2025-01-12T17:04:11.767+0000] {local_task_job_runner.py:234} INFO - Task exited with return code 0
[2025-01-12T17:04:11.861+0000] {taskinstance.py:3280} INFO - 0 downstream tasks scheduled from follow-on schedule check
