[2025-01-12T13:51:37.878+0000] {taskinstance.py:1956} INFO - Dependencies all met for dep_context=non-requeueable deps ti=<TaskInstance: insert_date.md_currency_d manual__2025-01-12T13:51:35.585294+00:00 [queued]>
[2025-01-12T13:51:37.899+0000] {taskinstance.py:1956} INFO - Dependencies all met for dep_context=requeueable deps ti=<TaskInstance: insert_date.md_currency_d manual__2025-01-12T13:51:35.585294+00:00 [queued]>
[2025-01-12T13:51:37.901+0000] {taskinstance.py:2170} INFO - Starting attempt 1 of 3
[2025-01-12T13:51:38.281+0000] {taskinstance.py:2191} INFO - Executing <Task(PythonOperator): md_currency_d> on 2025-01-12 13:51:35.585294+00:00
[2025-01-12T13:51:38.291+0000] {standard_task_runner.py:60} INFO - Started process 1587 to run task
[2025-01-12T13:51:38.308+0000] {standard_task_runner.py:87} INFO - Running: ['***', 'tasks', 'run', 'insert_date', 'md_currency_d', 'manual__2025-01-12T13:51:35.585294+00:00', '--job-id', '2118', '--raw', '--subdir', 'DAGS_FOLDER/insert_data.py', '--cfg-path', '/tmp/tmphbdv0s7g']
[2025-01-12T13:51:38.321+0000] {standard_task_runner.py:88} INFO - Job 2118: Subtask md_currency_d
[2025-01-12T13:51:38.468+0000] {task_command.py:423} INFO - Running <TaskInstance: insert_date.md_currency_d manual__2025-01-12T13:51:35.585294+00:00 [running]> on host 711845a6becd
[2025-01-12T13:51:38.644+0000] {taskinstance.py:2480} INFO - Exporting env vars: AIRFLOW_CTX_DAG_OWNER='budanovsa' AIRFLOW_CTX_DAG_ID='insert_date' AIRFLOW_CTX_TASK_ID='md_currency_d' AIRFLOW_CTX_EXECUTION_DATE='2025-01-12T13:51:35.585294+00:00' AIRFLOW_CTX_TRY_NUMBER='1' AIRFLOW_CTX_DAG_RUN_ID='manual__2025-01-12T13:51:35.585294+00:00'
[2025-01-12T13:51:38.689+0000] {base.py:83} INFO - Using connection ID 'postgres-db' for task execution.
[2025-01-12T13:51:38.804+0000] {python.py:201} INFO - Done. Returned value was: None
[2025-01-12T13:51:38.829+0000] {taskinstance.py:1138} INFO - Marking task as SUCCESS. dag_id=insert_date, task_id=md_currency_d, execution_date=20250112T135135, start_date=20250112T135137, end_date=20250112T135138
[2025-01-12T13:51:38.835+0000] {base.py:83} INFO - Using connection ID 'postgres-db' for task execution.
[2025-01-12T13:51:38.902+0000] {sql.py:450} INFO - Running statement: 
        INSERT INTO log.logt (execution_datetime, event_datetime, event_name)
        VALUES ('2025-01-12T13:51:35.585294', '2025-01-12T13:51:38.831091', 'md_currency_d');
    , parameters: None
[2025-01-12T13:51:38.906+0000] {sql.py:459} INFO - Rows affected: 1
[2025-01-12T13:51:38.953+0000] {local_task_job_runner.py:234} INFO - Task exited with return code 0
[2025-01-12T13:51:39.024+0000] {taskinstance.py:3280} INFO - 0 downstream tasks scheduled from follow-on schedule check
