[2025-01-07T13:30:17.282+0000] {taskinstance.py:1956} INFO - Dependencies all met for dep_context=non-requeueable deps ti=<TaskInstance: insert_date.sql_ft_balance_f manual__2025-01-07T13:30:15.741979+00:00 [queued]>
[2025-01-07T13:30:17.299+0000] {taskinstance.py:1956} INFO - Dependencies all met for dep_context=requeueable deps ti=<TaskInstance: insert_date.sql_ft_balance_f manual__2025-01-07T13:30:15.741979+00:00 [queued]>
[2025-01-07T13:30:17.304+0000] {taskinstance.py:2170} INFO - Starting attempt 1 of 3
[2025-01-07T13:30:17.548+0000] {taskinstance.py:2191} INFO - Executing <Task(SQLExecuteQueryOperator): sql_ft_balance_f> on 2025-01-07 13:30:15.741979+00:00
[2025-01-07T13:30:17.559+0000] {standard_task_runner.py:60} INFO - Started process 1053 to run task
[2025-01-07T13:30:17.575+0000] {standard_task_runner.py:87} INFO - Running: ['***', 'tasks', 'run', 'insert_date', 'sql_ft_balance_f', 'manual__2025-01-07T13:30:15.741979+00:00', '--job-id', '1018', '--raw', '--subdir', 'DAGS_FOLDER/insert_data.py', '--cfg-path', '/tmp/tmpepo6quxm']
[2025-01-07T13:30:17.587+0000] {standard_task_runner.py:88} INFO - Job 1018: Subtask sql_ft_balance_f
[2025-01-07T13:30:17.687+0000] {task_command.py:423} INFO - Running <TaskInstance: insert_date.sql_ft_balance_f manual__2025-01-07T13:30:15.741979+00:00 [running]> on host 25a397655cc7
[2025-01-07T13:30:17.867+0000] {taskinstance.py:2480} INFO - Exporting env vars: AIRFLOW_CTX_DAG_OWNER='budanovsa' AIRFLOW_CTX_DAG_ID='insert_date' AIRFLOW_CTX_TASK_ID='sql_ft_balance_f' AIRFLOW_CTX_EXECUTION_DATE='2025-01-07T13:30:15.741979+00:00' AIRFLOW_CTX_TRY_NUMBER='1' AIRFLOW_CTX_DAG_RUN_ID='manual__2025-01-07T13:30:15.741979+00:00'
[2025-01-07T13:30:17.870+0000] {sql.py:276} INFO - Executing: INSERT INTO dsl.ft_balance_f(
      account_rk
    , currency_rk
    , balance_out
    , on_date
)
SELECT fbf."ACCOUNT_RK" 
     , fbf."CURRENCY_RK" 
     , fbf."BALANCE_OUT" 
     , to_date(fbf."ON_DATE" , 'dd.mm.YYYY') AS on_date
  FROM stage.ft_balance_f fbf
 WHERE fbf."ACCOUNT_RK"  IS NOT NULL
   AND fbf."CURRENCY_RK"  IS NOT NULL; 
[2025-01-07T13:30:17.892+0000] {base.py:83} INFO - Using connection ID 'postgres-db' for task execution.
[2025-01-07T13:30:17.908+0000] {base.py:83} INFO - Using connection ID 'postgres-db' for task execution.
[2025-01-07T13:30:18.111+0000] {sql.py:450} INFO - Running statement: INSERT INTO dsl.ft_balance_f(
      account_rk
    , currency_rk
    , balance_out
    , on_date
)
SELECT fbf."ACCOUNT_RK" 
     , fbf."CURRENCY_RK" 
     , fbf."BALANCE_OUT" 
     , to_date(fbf."ON_DATE" , 'dd.mm.YYYY') AS on_date
  FROM stage.ft_balance_f fbf
 WHERE fbf."ACCOUNT_RK"  IS NOT NULL
   AND fbf."CURRENCY_RK"  IS NOT NULL; , parameters: None
[2025-01-07T13:30:18.119+0000] {taskinstance.py:2698} ERROR - Task failed with exception
Traceback (most recent call last):
  File "/home/airflow/.local/lib/python3.8/site-packages/airflow/models/taskinstance.py", line 433, in _execute_task
    result = execute_callable(context=context, **execute_callable_kwargs)
  File "/home/airflow/.local/lib/python3.8/site-packages/airflow/providers/common/sql/operators/sql.py", line 282, in execute
    output = hook.run(
  File "/home/airflow/.local/lib/python3.8/site-packages/airflow/providers/common/sql/hooks/sql.py", line 398, in run
    self._run_command(cur, sql_statement, parameters)
  File "/home/airflow/.local/lib/python3.8/site-packages/airflow/providers/common/sql/hooks/sql.py", line 455, in _run_command
    cur.execute(sql_statement)
psycopg2.errors.UndefinedTable: ОШИБКА:  отношение "stage.ft_balance_f" не существует
LINE 11:   FROM stage.ft_balance_f fbf
                ^

[2025-01-07T13:30:18.146+0000] {taskinstance.py:1138} INFO - Marking task as UP_FOR_RETRY. dag_id=insert_date, task_id=sql_ft_balance_f, execution_date=20250107T133015, start_date=20250107T133017, end_date=20250107T133018
[2025-01-07T13:30:18.172+0000] {standard_task_runner.py:107} ERROR - Failed to execute job 1018 for task sql_ft_balance_f (ОШИБКА:  отношение "stage.ft_balance_f" не существует
LINE 11:   FROM stage.ft_balance_f fbf
                ^
; 1053)
[2025-01-07T13:30:18.197+0000] {local_task_job_runner.py:234} INFO - Task exited with return code 1
[2025-01-07T13:30:18.238+0000] {taskinstance.py:3280} INFO - 0 downstream tasks scheduled from follow-on schedule check
