[2025-01-07T13:40:46.735+0000] {taskinstance.py:1956} INFO - Dependencies all met for dep_context=non-requeueable deps ti=<TaskInstance: insert_date.sql_ft_balance_f manual__2025-01-07T13:40:43.252474+00:00 [queued]>
[2025-01-07T13:40:46.801+0000] {taskinstance.py:1956} INFO - Dependencies all met for dep_context=requeueable deps ti=<TaskInstance: insert_date.sql_ft_balance_f manual__2025-01-07T13:40:43.252474+00:00 [queued]>
[2025-01-07T13:40:46.805+0000] {taskinstance.py:2170} INFO - Starting attempt 1 of 3
[2025-01-07T13:40:47.439+0000] {taskinstance.py:2191} INFO - Executing <Task(SQLExecuteQueryOperator): sql_ft_balance_f> on 2025-01-07 13:40:43.252474+00:00
[2025-01-07T13:40:47.453+0000] {standard_task_runner.py:60} INFO - Started process 101 to run task
[2025-01-07T13:40:47.475+0000] {standard_task_runner.py:87} INFO - Running: ['***', 'tasks', 'run', 'insert_date', 'sql_ft_balance_f', 'manual__2025-01-07T13:40:43.252474+00:00', '--job-id', '1053', '--raw', '--subdir', 'DAGS_FOLDER/insert_data.py', '--cfg-path', '/tmp/tmpqyahaidr']
[2025-01-07T13:40:47.488+0000] {standard_task_runner.py:88} INFO - Job 1053: Subtask sql_ft_balance_f
[2025-01-07T13:40:47.718+0000] {task_command.py:423} INFO - Running <TaskInstance: insert_date.sql_ft_balance_f manual__2025-01-07T13:40:43.252474+00:00 [running]> on host 25a397655cc7
[2025-01-07T13:40:48.177+0000] {taskinstance.py:2480} INFO - Exporting env vars: AIRFLOW_CTX_DAG_OWNER='budanovsa' AIRFLOW_CTX_DAG_ID='insert_date' AIRFLOW_CTX_TASK_ID='sql_ft_balance_f' AIRFLOW_CTX_EXECUTION_DATE='2025-01-07T13:40:43.252474+00:00' AIRFLOW_CTX_TRY_NUMBER='1' AIRFLOW_CTX_DAG_RUN_ID='manual__2025-01-07T13:40:43.252474+00:00'
[2025-01-07T13:40:48.180+0000] {sql.py:276} INFO - Executing: INSERT INTO dsl.ft_balance_f(
      account_rk
    , currency_rk
    , balance_out
    , on_date
)
SELECT fbf."ACCOUNT_RK" 
     , fbf."CURRENCY_RK" 
     , fbf."BALANCE_OUT" 
     , to_date(fbf."ON_DATE" , 'dd.mm.YYYY') AS on_date
  FROM stage.ft_balance_f fbf
 WHERE fbf."ACCOUNT_RK"  IS NOT NULL
   AND fbf."CURRENCY_RK"  IS NOT NULL; 
[2025-01-07T13:40:48.211+0000] {base.py:83} INFO - Using connection ID 'postgres-db' for task execution.
[2025-01-07T13:40:48.252+0000] {base.py:83} INFO - Using connection ID 'postgres-db' for task execution.
[2025-01-07T13:40:48.418+0000] {sql.py:450} INFO - Running statement: INSERT INTO dsl.ft_balance_f(
      account_rk
    , currency_rk
    , balance_out
    , on_date
)
SELECT fbf."ACCOUNT_RK" 
     , fbf."CURRENCY_RK" 
     , fbf."BALANCE_OUT" 
     , to_date(fbf."ON_DATE" , 'dd.mm.YYYY') AS on_date
  FROM stage.ft_balance_f fbf
 WHERE fbf."ACCOUNT_RK"  IS NOT NULL
   AND fbf."CURRENCY_RK"  IS NOT NULL; , parameters: None
[2025-01-07T13:40:48.431+0000] {sql.py:459} INFO - Rows affected: 114
[2025-01-07T13:40:48.471+0000] {taskinstance.py:1138} INFO - Marking task as SUCCESS. dag_id=insert_date, task_id=sql_ft_balance_f, execution_date=20250107T134043, start_date=20250107T134046, end_date=20250107T134048
[2025-01-07T13:40:48.842+0000] {local_task_job_runner.py:234} INFO - Task exited with return code 0
[2025-01-07T13:40:48.921+0000] {taskinstance.py:3280} INFO - 0 downstream tasks scheduled from follow-on schedule check
