[2025-01-12T14:55:56.125+0000] {taskinstance.py:1956} INFO - Dependencies all met for dep_context=non-requeueable deps ti=<TaskInstance: insert_date.start_log manual__2025-01-12T14:55:51.144654+00:00 [queued]>
[2025-01-12T14:55:56.134+0000] {taskinstance.py:1956} INFO - Dependencies all met for dep_context=requeueable deps ti=<TaskInstance: insert_date.start_log manual__2025-01-12T14:55:51.144654+00:00 [queued]>
[2025-01-12T14:55:56.135+0000] {taskinstance.py:2170} INFO - Starting attempt 1 of 3
[2025-01-12T14:55:56.241+0000] {taskinstance.py:2191} INFO - Executing <Task(PythonOperator): start_log> on 2025-01-12 14:55:51.144654+00:00
[2025-01-12T14:55:56.246+0000] {standard_task_runner.py:60} INFO - Started process 3013 to run task
[2025-01-12T14:55:56.249+0000] {standard_task_runner.py:87} INFO - Running: ['***', 'tasks', 'run', 'insert_date', 'start_log', 'manual__2025-01-12T14:55:51.144654+00:00', '--job-id', '2285', '--raw', '--subdir', 'DAGS_FOLDER/insert_data.py', '--cfg-path', '/tmp/tmpn14r8df_']
[2025-01-12T14:55:56.251+0000] {standard_task_runner.py:88} INFO - Job 2285: Subtask start_log
[2025-01-12T14:55:56.286+0000] {task_command.py:423} INFO - Running <TaskInstance: insert_date.start_log manual__2025-01-12T14:55:51.144654+00:00 [running]> on host 711845a6becd
[2025-01-12T14:55:56.339+0000] {taskinstance.py:2480} INFO - Exporting env vars: AIRFLOW_CTX_DAG_OWNER='budanovsa' AIRFLOW_CTX_DAG_ID='insert_date' AIRFLOW_CTX_TASK_ID='start_log' AIRFLOW_CTX_EXECUTION_DATE='2025-01-12T14:55:51.144654+00:00' AIRFLOW_CTX_TRY_NUMBER='1' AIRFLOW_CTX_DAG_RUN_ID='manual__2025-01-12T14:55:51.144654+00:00'
[2025-01-12T14:55:56.383+0000] {taskinstance.py:2698} ERROR - Task failed with exception
Traceback (most recent call last):
  File "/home/airflow/.local/lib/python3.8/site-packages/airflow/models/taskinstance.py", line 433, in _execute_task
    result = execute_callable(context=context, **execute_callable_kwargs)
  File "/home/airflow/.local/lib/python3.8/site-packages/airflow/operators/python.py", line 199, in execute
    return_value = self.execute_callable()
  File "/home/airflow/.local/lib/python3.8/site-packages/airflow/operators/python.py", line 216, in execute_callable
    return self.python_callable(*self.op_args, **self.op_kwargs)
  File "/opt/airflow/dags/insert_data.py", line 69, in start_log
    sleep(5)
TypeError: 'str' object is not callable
[2025-01-12T14:55:56.392+0000] {taskinstance.py:1138} INFO - Marking task as UP_FOR_RETRY. dag_id=insert_date, task_id=start_log, execution_date=20250112T145551, start_date=20250112T145556, end_date=20250112T145556
[2025-01-12T14:55:56.399+0000] {standard_task_runner.py:107} ERROR - Failed to execute job 2285 for task start_log ('str' object is not callable; 3013)
[2025-01-12T14:55:56.421+0000] {local_task_job_runner.py:234} INFO - Task exited with return code 1
[2025-01-12T14:55:56.442+0000] {taskinstance.py:3280} INFO - 0 downstream tasks scheduled from follow-on schedule check
