[2025-01-06T06:05:54.882+0000] {taskinstance.py:1956} INFO - Dependencies all met for dep_context=non-requeueable deps ti=<TaskInstance: insert_date.FT_POSTING_F manual__2025-01-06T05:55:49.326198+00:00 [queued]>
[2025-01-06T06:05:54.889+0000] {taskinstance.py:1956} INFO - Dependencies all met for dep_context=requeueable deps ti=<TaskInstance: insert_date.FT_POSTING_F manual__2025-01-06T05:55:49.326198+00:00 [queued]>
[2025-01-06T06:05:54.890+0000] {taskinstance.py:2170} INFO - Starting attempt 3 of 3
[2025-01-06T06:05:54.902+0000] {taskinstance.py:2191} INFO - Executing <Task(PythonOperator): FT_POSTING_F> on 2025-01-06 05:55:49.326198+00:00
[2025-01-06T06:05:54.908+0000] {standard_task_runner.py:60} INFO - Started process 542 to run task
[2025-01-06T06:05:54.910+0000] {standard_task_runner.py:87} INFO - Running: ['***', 'tasks', 'run', 'insert_date', 'FT_POSTING_F', 'manual__2025-01-06T05:55:49.326198+00:00', '--job-id', '91', '--raw', '--subdir', 'DAGS_FOLDER/insert_data.py', '--cfg-path', '/tmp/tmpqtc1csqc']
[2025-01-06T06:05:54.912+0000] {standard_task_runner.py:88} INFO - Job 91: Subtask FT_POSTING_F
[2025-01-06T06:05:55.076+0000] {task_command.py:423} INFO - Running <TaskInstance: insert_date.FT_POSTING_F manual__2025-01-06T05:55:49.326198+00:00 [running]> on host 25a397655cc7
[2025-01-06T06:05:55.133+0000] {taskinstance.py:2480} INFO - Exporting env vars: AIRFLOW_CTX_DAG_OWNER='budanovsa' AIRFLOW_CTX_DAG_ID='insert_date' AIRFLOW_CTX_TASK_ID='FT_POSTING_F' AIRFLOW_CTX_EXECUTION_DATE='2025-01-06T05:55:49.326198+00:00' AIRFLOW_CTX_TRY_NUMBER='3' AIRFLOW_CTX_DAG_RUN_ID='manual__2025-01-06T05:55:49.326198+00:00'
[2025-01-06T06:05:55.135+0000] {taskinstance.py:2698} ERROR - Task failed with exception
Traceback (most recent call last):
  File "/home/airflow/.local/lib/python3.8/site-packages/airflow/models/taskinstance.py", line 433, in _execute_task
    result = execute_callable(context=context, **execute_callable_kwargs)
  File "/home/airflow/.local/lib/python3.8/site-packages/airflow/operators/python.py", line 199, in execute
    return_value = self.execute_callable()
  File "/home/airflow/.local/lib/python3.8/site-packages/airflow/operators/python.py", line 216, in execute_callable
    return self.python_callable(*self.op_args, **self.op_kwargs)
  File "/opt/airflow/dags/insert_data.py", line 11, in insert_data
    df = pandas.read_csv(f"/files/{table_name}.csv", delimiter=";")
  File "/home/airflow/.local/lib/python3.8/site-packages/pandas/io/parsers/readers.py", line 912, in read_csv
    return _read(filepath_or_buffer, kwds)
  File "/home/airflow/.local/lib/python3.8/site-packages/pandas/io/parsers/readers.py", line 577, in _read
    parser = TextFileReader(filepath_or_buffer, **kwds)
  File "/home/airflow/.local/lib/python3.8/site-packages/pandas/io/parsers/readers.py", line 1407, in __init__
    self._engine = self._make_engine(f, self.engine)
  File "/home/airflow/.local/lib/python3.8/site-packages/pandas/io/parsers/readers.py", line 1661, in _make_engine
    self.handles = get_handle(
  File "/home/airflow/.local/lib/python3.8/site-packages/pandas/io/common.py", line 859, in get_handle
    handle = open(
FileNotFoundError: [Errno 2] No such file or directory: '/files/FT_POSTING_F.csv'
[2025-01-06T06:05:55.143+0000] {taskinstance.py:1138} INFO - Marking task as FAILED. dag_id=insert_date, task_id=FT_POSTING_F, execution_date=20250106T055549, start_date=20250106T060554, end_date=20250106T060555
[2025-01-06T06:05:55.152+0000] {standard_task_runner.py:107} ERROR - Failed to execute job 91 for task FT_POSTING_F ([Errno 2] No such file or directory: '/files/FT_POSTING_F.csv'; 542)
[2025-01-06T06:05:55.163+0000] {local_task_job_runner.py:234} INFO - Task exited with return code 1
[2025-01-06T06:05:55.302+0000] {taskinstance.py:3280} INFO - 0 downstream tasks scheduled from follow-on schedule check
[2025-01-06T09:34:31.657+0000] {taskinstance.py:1956} INFO - Dependencies all met for dep_context=non-requeueable deps ti=<TaskInstance: insert_date.ft_posting_f manual__2025-01-06T05:55:49.326198+00:00 [queued]>
[2025-01-06T09:34:31.664+0000] {taskinstance.py:1956} INFO - Dependencies all met for dep_context=requeueable deps ti=<TaskInstance: insert_date.ft_posting_f manual__2025-01-06T05:55:49.326198+00:00 [queued]>
[2025-01-06T09:34:31.665+0000] {taskinstance.py:2170} INFO - Starting attempt 3 of 3
[2025-01-06T09:34:31.675+0000] {taskinstance.py:2191} INFO - Executing <Task(PythonOperator): ft_posting_f> on 2025-01-06 05:55:49.326198+00:00
[2025-01-06T09:34:31.680+0000] {standard_task_runner.py:60} INFO - Started process 733 to run task
[2025-01-06T09:34:31.682+0000] {standard_task_runner.py:87} INFO - Running: ['***', 'tasks', 'run', 'insert_date', 'ft_posting_f', 'manual__2025-01-06T05:55:49.326198+00:00', '--job-id', '261', '--raw', '--subdir', 'DAGS_FOLDER/insert_data.py', '--cfg-path', '/tmp/tmp77165365']
[2025-01-06T09:34:31.684+0000] {standard_task_runner.py:88} INFO - Job 261: Subtask ft_posting_f
[2025-01-06T09:34:31.842+0000] {task_command.py:423} INFO - Running <TaskInstance: insert_date.ft_posting_f manual__2025-01-06T05:55:49.326198+00:00 [running]> on host 25a397655cc7
[2025-01-06T09:34:31.897+0000] {taskinstance.py:2480} INFO - Exporting env vars: AIRFLOW_CTX_DAG_OWNER='budanovsa' AIRFLOW_CTX_DAG_ID='insert_date' AIRFLOW_CTX_TASK_ID='ft_posting_f' AIRFLOW_CTX_EXECUTION_DATE='2025-01-06T05:55:49.326198+00:00' AIRFLOW_CTX_TRY_NUMBER='3' AIRFLOW_CTX_DAG_RUN_ID='manual__2025-01-06T05:55:49.326198+00:00'
[2025-01-06T09:34:31.926+0000] {base.py:83} INFO - Using connection ID 'postgres-db' for task execution.
[2025-01-06T09:34:32.525+0000] {python.py:201} INFO - Done. Returned value was: None
[2025-01-06T09:34:32.532+0000] {taskinstance.py:1138} INFO - Marking task as SUCCESS. dag_id=insert_date, task_id=ft_posting_f, execution_date=20250106T055549, start_date=20250106T093431, end_date=20250106T093432
[2025-01-06T09:34:32.576+0000] {local_task_job_runner.py:234} INFO - Task exited with return code 0
[2025-01-06T09:34:32.683+0000] {taskinstance.py:3280} INFO - 0 downstream tasks scheduled from follow-on schedule check
