[2025-01-08T13:13:52.970+0000] {taskinstance.py:1956} INFO - Dependencies all met for dep_context=non-requeueable deps ti=<TaskInstance: insert_date.create_logs_sheme manual__2025-01-08T13:13:44.589965+00:00 [queued]>
[2025-01-08T13:13:52.980+0000] {taskinstance.py:1956} INFO - Dependencies all met for dep_context=requeueable deps ti=<TaskInstance: insert_date.create_logs_sheme manual__2025-01-08T13:13:44.589965+00:00 [queued]>
[2025-01-08T13:13:52.981+0000] {taskinstance.py:2170} INFO - Starting attempt 1 of 3
[2025-01-08T13:13:53.150+0000] {taskinstance.py:2191} INFO - Executing <Task(SQLExecuteQueryOperator): create_logs_sheme> on 2025-01-08 13:13:44.589965+00:00
[2025-01-08T13:13:53.157+0000] {standard_task_runner.py:60} INFO - Started process 118 to run task
[2025-01-08T13:13:53.160+0000] {standard_task_runner.py:87} INFO - Running: ['***', 'tasks', 'run', 'insert_date', 'create_logs_sheme', 'manual__2025-01-08T13:13:44.589965+00:00', '--job-id', '1300', '--raw', '--subdir', 'DAGS_FOLDER/insert_data.py', '--cfg-path', '/tmp/tmpjm2609k4']
[2025-01-08T13:13:53.163+0000] {standard_task_runner.py:88} INFO - Job 1300: Subtask create_logs_sheme
[2025-01-08T13:13:53.213+0000] {task_command.py:423} INFO - Running <TaskInstance: insert_date.create_logs_sheme manual__2025-01-08T13:13:44.589965+00:00 [running]> on host 779bfbde52bc
[2025-01-08T13:13:53.266+0000] {abstractoperator.py:707} ERROR - Exception rendering Jinja template for task 'create_logs_sheme', field 'sql'. Template: 'sql/create_logs_sheme.sql'
Traceback (most recent call last):
  File "/home/airflow/.local/lib/python3.8/site-packages/airflow/models/abstractoperator.py", line 699, in _do_render_template_fields
    rendered_content = self.render_template(
  File "/home/airflow/.local/lib/python3.8/site-packages/airflow/template/templater.py", line 171, in render_template
    template = jinja_env.get_template(value)
  File "/home/airflow/.local/lib/python3.8/site-packages/jinja2/environment.py", line 1010, in get_template
    return self._load_template(name, globals)
  File "/home/airflow/.local/lib/python3.8/site-packages/jinja2/environment.py", line 969, in _load_template
    template = self.loader.load(self, name, self.make_globals(globals))
  File "/home/airflow/.local/lib/python3.8/site-packages/jinja2/loaders.py", line 125, in load
    source, filename, uptodate = self.get_source(environment, name)
  File "/home/airflow/.local/lib/python3.8/site-packages/jinja2/loaders.py", line 204, in get_source
    raise TemplateNotFound(template)
jinja2.exceptions.TemplateNotFound: sql/create_logs_sheme.sql
[2025-01-08T13:13:53.267+0000] {taskinstance.py:2698} ERROR - Task failed with exception
Traceback (most recent call last):
  File "/home/airflow/.local/lib/python3.8/site-packages/airflow/models/taskinstance.py", line 2334, in _run_raw_task
    self._execute_task_with_callbacks(context, test_mode, session=session)
  File "/home/airflow/.local/lib/python3.8/site-packages/airflow/models/taskinstance.py", line 2465, in _execute_task_with_callbacks
    task_orig = self.render_templates(context=context)
  File "/home/airflow/.local/lib/python3.8/site-packages/airflow/models/taskinstance.py", line 2877, in render_templates
    original_task.render_template_fields(context)
  File "/home/airflow/.local/lib/python3.8/site-packages/airflow/models/baseoperator.py", line 1241, in render_template_fields
    self._do_render_template_fields(self, self.template_fields, context, jinja_env, set())
  File "/home/airflow/.local/lib/python3.8/site-packages/airflow/utils/session.py", line 79, in wrapper
    return func(*args, session=session, **kwargs)
  File "/home/airflow/.local/lib/python3.8/site-packages/airflow/models/abstractoperator.py", line 699, in _do_render_template_fields
    rendered_content = self.render_template(
  File "/home/airflow/.local/lib/python3.8/site-packages/airflow/template/templater.py", line 171, in render_template
    template = jinja_env.get_template(value)
  File "/home/airflow/.local/lib/python3.8/site-packages/jinja2/environment.py", line 1010, in get_template
    return self._load_template(name, globals)
  File "/home/airflow/.local/lib/python3.8/site-packages/jinja2/environment.py", line 969, in _load_template
    template = self.loader.load(self, name, self.make_globals(globals))
  File "/home/airflow/.local/lib/python3.8/site-packages/jinja2/loaders.py", line 125, in load
    source, filename, uptodate = self.get_source(environment, name)
  File "/home/airflow/.local/lib/python3.8/site-packages/jinja2/loaders.py", line 204, in get_source
    raise TemplateNotFound(template)
jinja2.exceptions.TemplateNotFound: sql/create_logs_sheme.sql
[2025-01-08T13:13:53.276+0000] {taskinstance.py:1138} INFO - Marking task as UP_FOR_RETRY. dag_id=insert_date, task_id=create_logs_sheme, execution_date=20250108T131344, start_date=20250108T131352, end_date=20250108T131353
[2025-01-08T13:13:53.292+0000] {standard_task_runner.py:107} ERROR - Failed to execute job 1300 for task create_logs_sheme (sql/create_logs_sheme.sql; 118)
[2025-01-08T13:13:53.335+0000] {local_task_job_runner.py:234} INFO - Task exited with return code 1
[2025-01-08T13:13:53.372+0000] {taskinstance.py:3280} INFO - 0 downstream tasks scheduled from follow-on schedule check
