[2025-01-12T16:56:44.333+0000] {taskinstance.py:1956} INFO - Dependencies all met for dep_context=non-requeueable deps ti=<TaskInstance: insert_date.sql_md_currency_d manual__2025-01-12T16:56:36.920944+00:00 [queued]>
[2025-01-12T16:56:44.347+0000] {taskinstance.py:1956} INFO - Dependencies all met for dep_context=requeueable deps ti=<TaskInstance: insert_date.sql_md_currency_d manual__2025-01-12T16:56:36.920944+00:00 [queued]>
[2025-01-12T16:56:44.348+0000] {taskinstance.py:2170} INFO - Starting attempt 1 of 3
[2025-01-12T16:56:44.527+0000] {taskinstance.py:2191} INFO - Executing <Task(SQLExecuteQueryOperator): sql_md_currency_d> on 2025-01-12 16:56:36.920944+00:00
[2025-01-12T16:56:44.534+0000] {standard_task_runner.py:60} INFO - Started process 4468 to run task
[2025-01-12T16:56:44.538+0000] {standard_task_runner.py:87} INFO - Running: ['***', 'tasks', 'run', 'insert_date', 'sql_md_currency_d', 'manual__2025-01-12T16:56:36.920944+00:00', '--job-id', '2457', '--raw', '--subdir', 'DAGS_FOLDER/insert_data.py', '--cfg-path', '/tmp/tmp43lzrhcg']
[2025-01-12T16:56:44.541+0000] {standard_task_runner.py:88} INFO - Job 2457: Subtask sql_md_currency_d
[2025-01-12T16:56:44.597+0000] {task_command.py:423} INFO - Running <TaskInstance: insert_date.sql_md_currency_d manual__2025-01-12T16:56:36.920944+00:00 [running]> on host 711845a6becd
[2025-01-12T16:56:44.690+0000] {taskinstance.py:2480} INFO - Exporting env vars: AIRFLOW_CTX_DAG_OWNER='budanovsa' AIRFLOW_CTX_DAG_ID='insert_date' AIRFLOW_CTX_TASK_ID='sql_md_currency_d' AIRFLOW_CTX_EXECUTION_DATE='2025-01-12T16:56:36.920944+00:00' AIRFLOW_CTX_TRY_NUMBER='1' AIRFLOW_CTX_DAG_RUN_ID='manual__2025-01-12T16:56:36.920944+00:00'
[2025-01-12T16:56:44.691+0000] {sql.py:276} INFO - Executing:  INSERT INTO ds.md_currency_d(
      currency_rk
    , data_actual_date
    , data_actual_end_date
    , currency_code
    , code_iso_char
)
SELECT distinct
    mcd."CURRENCY_RK"
    , to_date(mcd."DATA_ACTUAL_DATE", '%Y-%m-%d') as data_actual_date
    , to_date(mcd."DATA_ACTUAL_END_DATE", '%Y-%m-%d') as data_actual_end_date
    , mcd."CURRENCY_CODE" 
	, mcd."CODE_ISO_CHAR" 
FROM stage.md_currency_d mcd
WHERE mcd."CURRENCY_RK" IS NOT NULL
   AND mcd."DATA_ACTUAL_DATE" IS NOT NULL
On conflict on constraint md_currency_d_pkey do update
	set data_actual_end_date=excluded.data_actual_end_date
		,currency_code=excluded.currency_code
		,code_iso_char=excluded.code_iso_char; 
[2025-01-12T16:56:44.700+0000] {base.py:83} INFO - Using connection ID 'postgres-db' for task execution.
[2025-01-12T16:56:44.710+0000] {base.py:83} INFO - Using connection ID 'postgres-db' for task execution.
[2025-01-12T16:56:44.779+0000] {sql.py:450} INFO - Running statement:  INSERT INTO ds.md_currency_d(
      currency_rk
    , data_actual_date
    , data_actual_end_date
    , currency_code
    , code_iso_char
)
SELECT distinct
    mcd."CURRENCY_RK"
    , to_date(mcd."DATA_ACTUAL_DATE", '%Y-%m-%d') as data_actual_date
    , to_date(mcd."DATA_ACTUAL_END_DATE", '%Y-%m-%d') as data_actual_end_date
    , mcd."CURRENCY_CODE" 
	, mcd."CODE_ISO_CHAR" 
FROM stage.md_currency_d mcd
WHERE mcd."CURRENCY_RK" IS NOT NULL
   AND mcd."DATA_ACTUAL_DATE" IS NOT NULL
On conflict on constraint md_currency_d_pkey do update
	set data_actual_end_date=excluded.data_actual_end_date
		,currency_code=excluded.currency_code
		,code_iso_char=excluded.code_iso_char; , parameters: None
[2025-01-12T16:56:44.788+0000] {sql.py:459} INFO - Rows affected: 50
[2025-01-12T16:56:44.802+0000] {taskinstance.py:1138} INFO - Marking task as SUCCESS. dag_id=insert_date, task_id=sql_md_currency_d, execution_date=20250112T165636, start_date=20250112T165644, end_date=20250112T165644
[2025-01-12T16:56:44.807+0000] {base.py:83} INFO - Using connection ID 'postgres-db' for task execution.
[2025-01-12T16:56:44.868+0000] {sql.py:450} INFO - Running statement: 
        INSERT INTO log.logt (execution_datetime, event_datetime, event_name)
        VALUES ('2025-01-12 16:56:36.920944', '2025-01-12T16:56:44.803737', 'sql_md_currency_d');
    , parameters: None
[2025-01-12T16:56:44.872+0000] {sql.py:459} INFO - Rows affected: 1
[2025-01-12T16:56:44.914+0000] {local_task_job_runner.py:234} INFO - Task exited with return code 0
[2025-01-12T16:56:44.974+0000] {taskinstance.py:3280} INFO - 0 downstream tasks scheduled from follow-on schedule check
