[2025-01-27T15:30:11.233+0000] {taskinstance.py:1956} INFO - Dependencies all met for dep_context=non-requeueable deps ti=<TaskInstance: insert_date.sql_ft_balance_f manual__2025-01-27T15:29:58.093293+00:00 [queued]>
[2025-01-27T15:30:11.248+0000] {taskinstance.py:1956} INFO - Dependencies all met for dep_context=requeueable deps ti=<TaskInstance: insert_date.sql_ft_balance_f manual__2025-01-27T15:29:58.093293+00:00 [queued]>
[2025-01-27T15:30:11.249+0000] {taskinstance.py:2170} INFO - Starting attempt 1 of 3
[2025-01-27T15:30:11.468+0000] {taskinstance.py:2191} INFO - Executing <Task(SQLExecuteQueryOperator): sql_ft_balance_f> on 2025-01-27 15:29:58.093293+00:00
[2025-01-27T15:30:11.474+0000] {standard_task_runner.py:60} INFO - Started process 297 to run task
[2025-01-27T15:30:11.479+0000] {standard_task_runner.py:87} INFO - Running: ['***', 'tasks', 'run', 'insert_date', 'sql_ft_balance_f', 'manual__2025-01-27T15:29:58.093293+00:00', '--job-id', '3207', '--raw', '--subdir', 'DAGS_FOLDER/insert_data.py', '--cfg-path', '/tmp/tmp21nev1zk']
[2025-01-27T15:30:11.483+0000] {standard_task_runner.py:88} INFO - Job 3207: Subtask sql_ft_balance_f
[2025-01-27T15:30:11.542+0000] {task_command.py:423} INFO - Running <TaskInstance: insert_date.sql_ft_balance_f manual__2025-01-27T15:29:58.093293+00:00 [running]> on host 711845a6becd
[2025-01-27T15:30:11.638+0000] {taskinstance.py:2480} INFO - Exporting env vars: AIRFLOW_CTX_DAG_OWNER='budanovsa' AIRFLOW_CTX_DAG_ID='insert_date' AIRFLOW_CTX_TASK_ID='sql_ft_balance_f' AIRFLOW_CTX_EXECUTION_DATE='2025-01-27T15:29:58.093293+00:00' AIRFLOW_CTX_TRY_NUMBER='1' AIRFLOW_CTX_DAG_RUN_ID='manual__2025-01-27T15:29:58.093293+00:00'
[2025-01-27T15:30:11.639+0000] {sql.py:276} INFO - Executing: INSERT INTO ds.ft_balance_f(
      account_rk
    , currency_rk
    , balance_out
    , on_date
)
SELECT fbf."ACCOUNT_RK" 
     , fbf."CURRENCY_RK" 
     , fbf."BALANCE_OUT" 
     , to_date(fbf."ON_DATE" , 'dd.mm.YYYY') AS on_date
FROM stage.ft_balance_f fbf
WHERE fbf."ACCOUNT_RK"  IS NOT NULL
  AND fbf."ON_DATE"  IS NOT NULL
ON conflict On Constraint ft_balance_f_pkey DO Update
  set currency_rk=excluded.currency_rk
		,balance_out=excluded.balance_out;

[2025-01-27T15:30:11.649+0000] {base.py:83} INFO - Using connection ID 'postgres-db' for task execution.
[2025-01-27T15:30:11.657+0000] {base.py:83} INFO - Using connection ID 'postgres-db' for task execution.
[2025-01-27T15:30:11.729+0000] {sql.py:450} INFO - Running statement: INSERT INTO ds.ft_balance_f(
      account_rk
    , currency_rk
    , balance_out
    , on_date
)
SELECT fbf."ACCOUNT_RK" 
     , fbf."CURRENCY_RK" 
     , fbf."BALANCE_OUT" 
     , to_date(fbf."ON_DATE" , 'dd.mm.YYYY') AS on_date
FROM stage.ft_balance_f fbf
WHERE fbf."ACCOUNT_RK"  IS NOT NULL
  AND fbf."ON_DATE"  IS NOT NULL
ON conflict On Constraint ft_balance_f_pkey DO Update
  set currency_rk=excluded.currency_rk
		,balance_out=excluded.balance_out;
, parameters: None
[2025-01-27T15:30:11.736+0000] {sql.py:459} INFO - Rows affected: 114
[2025-01-27T15:30:11.752+0000] {taskinstance.py:1138} INFO - Marking task as SUCCESS. dag_id=insert_date, task_id=sql_ft_balance_f, execution_date=20250127T152958, start_date=20250127T153011, end_date=20250127T153011
[2025-01-27T15:30:11.757+0000] {base.py:83} INFO - Using connection ID 'postgres-db' for task execution.
[2025-01-27T15:30:11.819+0000] {sql.py:450} INFO - Running statement: 
        INSERT INTO log.logt (execution_datetime, event_datetime, event_name)
        VALUES ('2025-01-27 15:29:58.093293', '2025-01-27T15:30:11.753153', 'sql_ft_balance_f');
    , parameters: None
[2025-01-27T15:30:11.823+0000] {sql.py:459} INFO - Rows affected: 1
[2025-01-27T15:30:11.892+0000] {local_task_job_runner.py:234} INFO - Task exited with return code 0
[2025-01-27T15:30:11.952+0000] {taskinstance.py:3280} INFO - 0 downstream tasks scheduled from follow-on schedule check
