[2025-01-12T14:54:28.882+0000] {taskinstance.py:1956} INFO - Dependencies all met for dep_context=non-requeueable deps ti=<TaskInstance: insert_date.create_log_sheme manual__2025-01-12T14:54:26.315372+00:00 [queued]>
[2025-01-12T14:54:28.893+0000] {taskinstance.py:1956} INFO - Dependencies all met for dep_context=requeueable deps ti=<TaskInstance: insert_date.create_log_sheme manual__2025-01-12T14:54:26.315372+00:00 [queued]>
[2025-01-12T14:54:28.894+0000] {taskinstance.py:2170} INFO - Starting attempt 1 of 3
[2025-01-12T14:54:29.025+0000] {taskinstance.py:2191} INFO - Executing <Task(SQLExecuteQueryOperator): create_log_sheme> on 2025-01-12 14:54:26.315372+00:00
[2025-01-12T14:54:29.030+0000] {standard_task_runner.py:60} INFO - Started process 2975 to run task
[2025-01-12T14:54:29.033+0000] {standard_task_runner.py:87} INFO - Running: ['***', 'tasks', 'run', 'insert_date', 'create_log_sheme', 'manual__2025-01-12T14:54:26.315372+00:00', '--job-id', '2279', '--raw', '--subdir', 'DAGS_FOLDER/insert_data.py', '--cfg-path', '/tmp/tmpzniyzb1k']
[2025-01-12T14:54:29.036+0000] {standard_task_runner.py:88} INFO - Job 2279: Subtask create_log_sheme
[2025-01-12T14:54:29.078+0000] {task_command.py:423} INFO - Running <TaskInstance: insert_date.create_log_sheme manual__2025-01-12T14:54:26.315372+00:00 [running]> on host 711845a6becd
[2025-01-12T14:54:29.141+0000] {taskinstance.py:2480} INFO - Exporting env vars: AIRFLOW_CTX_DAG_OWNER='budanovsa' AIRFLOW_CTX_DAG_ID='insert_date' AIRFLOW_CTX_TASK_ID='create_log_sheme' AIRFLOW_CTX_EXECUTION_DATE='2025-01-12T14:54:26.315372+00:00' AIRFLOW_CTX_TRY_NUMBER='1' AIRFLOW_CTX_DAG_RUN_ID='manual__2025-01-12T14:54:26.315372+00:00'
[2025-01-12T14:54:29.143+0000] {sql.py:276} INFO - Executing: create schema if not exists "log";

create table if not exists
	log.logt (
		execution_datetime TIMESTAMP not null,
		event_datetime TIMESTAMP not null,
		event_name VARCHAR(100) not null
);
[2025-01-12T14:54:29.149+0000] {base.py:83} INFO - Using connection ID 'postgres-db' for task execution.
[2025-01-12T14:54:29.156+0000] {base.py:83} INFO - Using connection ID 'postgres-db' for task execution.
[2025-01-12T14:54:29.201+0000] {sql.py:450} INFO - Running statement: create schema if not exists "log";

create table if not exists
	log.logt (
		execution_datetime TIMESTAMP not null,
		event_datetime TIMESTAMP not null,
		event_name VARCHAR(100) not null
);, parameters: None
[2025-01-12T14:54:29.216+0000] {taskinstance.py:1138} INFO - Marking task as SUCCESS. dag_id=insert_date, task_id=create_log_sheme, execution_date=20250112T145426, start_date=20250112T145428, end_date=20250112T145429
[2025-01-12T14:54:29.219+0000] {base.py:83} INFO - Using connection ID 'postgres-db' for task execution.
[2025-01-12T14:54:29.264+0000] {sql.py:450} INFO - Running statement: 
        INSERT INTO log.logt (execution_datetime, event_datetime, event_name)
        VALUES ('2025-01-12 14:54:26.315372', '2025-01-12T14:54:29.216828', 'create_log_sheme');
    , parameters: None
[2025-01-12T14:54:29.266+0000] {sql.py:459} INFO - Rows affected: 1
[2025-01-12T14:54:29.326+0000] {local_task_job_runner.py:234} INFO - Task exited with return code 0
[2025-01-12T14:54:29.371+0000] {taskinstance.py:3280} INFO - 0 downstream tasks scheduled from follow-on schedule check
