[2025-01-06T11:51:37.412+0000] {taskinstance.py:1956} INFO - Dependencies all met for dep_context=non-requeueable deps ti=<TaskInstance: insert_date.sql_ft_balance_f manual__2025-01-06T11:41:28.942293+00:00 [queued]>
[2025-01-06T11:51:37.421+0000] {taskinstance.py:1956} INFO - Dependencies all met for dep_context=requeueable deps ti=<TaskInstance: insert_date.sql_ft_balance_f manual__2025-01-06T11:41:28.942293+00:00 [queued]>
[2025-01-06T11:51:37.422+0000] {taskinstance.py:2170} INFO - Starting attempt 3 of 3
[2025-01-06T11:51:37.548+0000] {taskinstance.py:2191} INFO - Executing <Task(SQLExecuteQueryOperator): sql_ft_balance_f> on 2025-01-06 11:41:28.942293+00:00
[2025-01-06T11:51:37.553+0000] {standard_task_runner.py:60} INFO - Started process 2765 to run task
[2025-01-06T11:51:37.556+0000] {standard_task_runner.py:87} INFO - Running: ['***', 'tasks', 'run', 'insert_date', 'sql_ft_balance_f', 'manual__2025-01-06T11:41:28.942293+00:00', '--job-id', '286', '--raw', '--subdir', 'DAGS_FOLDER/insert_data.py', '--cfg-path', '/tmp/tmpp832tg0d']
[2025-01-06T11:51:37.558+0000] {standard_task_runner.py:88} INFO - Job 286: Subtask sql_ft_balance_f
[2025-01-06T11:51:37.597+0000] {task_command.py:423} INFO - Running <TaskInstance: insert_date.sql_ft_balance_f manual__2025-01-06T11:41:28.942293+00:00 [running]> on host 25a397655cc7
[2025-01-06T11:51:37.633+0000] {abstractoperator.py:707} ERROR - Exception rendering Jinja template for task 'sql_ft_balance_f', field 'sql'. Template: 'sql/ft_balance_f.sql'
Traceback (most recent call last):
  File "/home/airflow/.local/lib/python3.8/site-packages/airflow/models/abstractoperator.py", line 699, in _do_render_template_fields
    rendered_content = self.render_template(
  File "/home/airflow/.local/lib/python3.8/site-packages/airflow/template/templater.py", line 171, in render_template
    template = jinja_env.get_template(value)
  File "/home/airflow/.local/lib/python3.8/site-packages/jinja2/environment.py", line 1010, in get_template
    return self._load_template(name, globals)
  File "/home/airflow/.local/lib/python3.8/site-packages/jinja2/environment.py", line 969, in _load_template
    template = self.loader.load(self, name, self.make_globals(globals))
  File "/home/airflow/.local/lib/python3.8/site-packages/jinja2/loaders.py", line 125, in load
    source, filename, uptodate = self.get_source(environment, name)
  File "/home/airflow/.local/lib/python3.8/site-packages/jinja2/loaders.py", line 204, in get_source
    raise TemplateNotFound(template)
jinja2.exceptions.TemplateNotFound: sql/ft_balance_f.sql
[2025-01-06T11:51:37.634+0000] {taskinstance.py:2698} ERROR - Task failed with exception
Traceback (most recent call last):
  File "/home/airflow/.local/lib/python3.8/site-packages/airflow/models/taskinstance.py", line 2334, in _run_raw_task
    self._execute_task_with_callbacks(context, test_mode, session=session)
  File "/home/airflow/.local/lib/python3.8/site-packages/airflow/models/taskinstance.py", line 2465, in _execute_task_with_callbacks
    task_orig = self.render_templates(context=context)
  File "/home/airflow/.local/lib/python3.8/site-packages/airflow/models/taskinstance.py", line 2877, in render_templates
    original_task.render_template_fields(context)
  File "/home/airflow/.local/lib/python3.8/site-packages/airflow/models/baseoperator.py", line 1241, in render_template_fields
    self._do_render_template_fields(self, self.template_fields, context, jinja_env, set())
  File "/home/airflow/.local/lib/python3.8/site-packages/airflow/utils/session.py", line 79, in wrapper
    return func(*args, session=session, **kwargs)
  File "/home/airflow/.local/lib/python3.8/site-packages/airflow/models/abstractoperator.py", line 699, in _do_render_template_fields
    rendered_content = self.render_template(
  File "/home/airflow/.local/lib/python3.8/site-packages/airflow/template/templater.py", line 171, in render_template
    template = jinja_env.get_template(value)
  File "/home/airflow/.local/lib/python3.8/site-packages/jinja2/environment.py", line 1010, in get_template
    return self._load_template(name, globals)
  File "/home/airflow/.local/lib/python3.8/site-packages/jinja2/environment.py", line 969, in _load_template
    template = self.loader.load(self, name, self.make_globals(globals))
  File "/home/airflow/.local/lib/python3.8/site-packages/jinja2/loaders.py", line 125, in load
    source, filename, uptodate = self.get_source(environment, name)
  File "/home/airflow/.local/lib/python3.8/site-packages/jinja2/loaders.py", line 204, in get_source
    raise TemplateNotFound(template)
jinja2.exceptions.TemplateNotFound: sql/ft_balance_f.sql
[2025-01-06T11:51:37.641+0000] {taskinstance.py:1138} INFO - Marking task as FAILED. dag_id=insert_date, task_id=sql_ft_balance_f, execution_date=20250106T114128, start_date=20250106T115137, end_date=20250106T115137
[2025-01-06T11:51:37.650+0000] {standard_task_runner.py:107} ERROR - Failed to execute job 286 for task sql_ft_balance_f (sql/ft_balance_f.sql; 2765)
[2025-01-06T11:51:37.689+0000] {local_task_job_runner.py:234} INFO - Task exited with return code 1
[2025-01-06T11:51:37.709+0000] {taskinstance.py:3280} INFO - 0 downstream tasks scheduled from follow-on schedule check
