[2025-01-12T19:08:16.777+0000] {taskinstance.py:1956} INFO - Dependencies all met for dep_context=non-requeueable deps ti=<TaskInstance: insert_date.sql_ft_posting_f manual__2025-01-12T19:08:00.058404+00:00 [queued]>
[2025-01-12T19:08:16.976+0000] {taskinstance.py:1956} INFO - Dependencies all met for dep_context=requeueable deps ti=<TaskInstance: insert_date.sql_ft_posting_f manual__2025-01-12T19:08:00.058404+00:00 [queued]>
[2025-01-12T19:08:16.977+0000] {taskinstance.py:2170} INFO - Starting attempt 1 of 3
[2025-01-12T19:08:16.999+0000] {taskinstance.py:2191} INFO - Executing <Task(SQLExecuteQueryOperator): sql_ft_posting_f> on 2025-01-12 19:08:00.058404+00:00
[2025-01-12T19:08:17.006+0000] {standard_task_runner.py:60} INFO - Started process 6963 to run task
[2025-01-12T19:08:17.012+0000] {standard_task_runner.py:87} INFO - Running: ['***', 'tasks', 'run', 'insert_date', 'sql_ft_posting_f', 'manual__2025-01-12T19:08:00.058404+00:00', '--job-id', '2644', '--raw', '--subdir', 'DAGS_FOLDER/insert_data.py', '--cfg-path', '/tmp/tmp_d5qkegm']
[2025-01-12T19:08:17.016+0000] {standard_task_runner.py:88} INFO - Job 2644: Subtask sql_ft_posting_f
[2025-01-12T19:08:17.088+0000] {task_command.py:423} INFO - Running <TaskInstance: insert_date.sql_ft_posting_f manual__2025-01-12T19:08:00.058404+00:00 [running]> on host 711845a6becd
[2025-01-12T19:08:17.193+0000] {taskinstance.py:2480} INFO - Exporting env vars: AIRFLOW_CTX_DAG_OWNER='budanovsa' AIRFLOW_CTX_DAG_ID='insert_date' AIRFLOW_CTX_TASK_ID='sql_ft_posting_f' AIRFLOW_CTX_EXECUTION_DATE='2025-01-12T19:08:00.058404+00:00' AIRFLOW_CTX_TRY_NUMBER='1' AIRFLOW_CTX_DAG_RUN_ID='manual__2025-01-12T19:08:00.058404+00:00'
[2025-01-12T19:08:17.194+0000] {sql.py:276} INFO - Executing: truncate table ds.ft_posting_f;

INSERT INTO ds.ft_posting_f(
      credit_account_rk
    , debet_account_rk
    , credit_amount
    , debet_amount
    , oper_date
)
SELECT fpf."CREDIT_ACCOUNT_RK"
    , fpf."DEBET_ACCOUNT_RK" 
    , fpf."CREDIT_AMOUNT" 
    , fpf."DEBET_AMOUNT" 
    , to_date(fpf."OPER_DATE", 'dd.mm.YYYY') as oper_date
FROM stage.ft_posting_f fpf
 WHERE fpf."CREDIT_ACCOUNT_RK" IS NOT NULL
AND fpf."DEBET_ACCOUNT_RK" IS NOT NULL; 
[2025-01-12T19:08:17.206+0000] {base.py:83} INFO - Using connection ID 'postgres-db' for task execution.
[2025-01-12T19:08:17.220+0000] {base.py:83} INFO - Using connection ID 'postgres-db' for task execution.
[2025-01-12T19:08:17.286+0000] {sql.py:450} INFO - Running statement: truncate table ds.ft_posting_f;

INSERT INTO ds.ft_posting_f(
      credit_account_rk
    , debet_account_rk
    , credit_amount
    , debet_amount
    , oper_date
)
SELECT fpf."CREDIT_ACCOUNT_RK"
    , fpf."DEBET_ACCOUNT_RK" 
    , fpf."CREDIT_AMOUNT" 
    , fpf."DEBET_AMOUNT" 
    , to_date(fpf."OPER_DATE", 'dd.mm.YYYY') as oper_date
FROM stage.ft_posting_f fpf
 WHERE fpf."CREDIT_ACCOUNT_RK" IS NOT NULL
AND fpf."DEBET_ACCOUNT_RK" IS NOT NULL; , parameters: None
[2025-01-12T19:08:18.839+0000] {sql.py:459} INFO - Rows affected: 305028
[2025-01-12T19:08:18.862+0000] {taskinstance.py:1138} INFO - Marking task as SUCCESS. dag_id=insert_date, task_id=sql_ft_posting_f, execution_date=20250112T190800, start_date=20250112T190816, end_date=20250112T190818
[2025-01-12T19:08:18.867+0000] {base.py:83} INFO - Using connection ID 'postgres-db' for task execution.
[2025-01-12T19:08:18.920+0000] {sql.py:450} INFO - Running statement: 
        INSERT INTO log.logt (execution_datetime, event_datetime, event_name)
        VALUES ('2025-01-12 19:08:00.058404', '2025-01-12T19:08:18.863622', 'sql_ft_posting_f');
    , parameters: None
[2025-01-12T19:08:18.923+0000] {sql.py:459} INFO - Rows affected: 1
[2025-01-12T19:08:18.951+0000] {local_task_job_runner.py:234} INFO - Task exited with return code 0
[2025-01-12T19:08:18.977+0000] {taskinstance.py:3280} INFO - 0 downstream tasks scheduled from follow-on schedule check
