[2025-01-27T15:25:38.047+0000] {taskinstance.py:1956} INFO - Dependencies all met for dep_context=non-requeueable deps ti=<TaskInstance: insert_date.sql_ft_balance_f scheduled__2025-01-16T00:00:00+00:00 [queued]>
[2025-01-27T15:25:38.064+0000] {taskinstance.py:1956} INFO - Dependencies all met for dep_context=requeueable deps ti=<TaskInstance: insert_date.sql_ft_balance_f scheduled__2025-01-16T00:00:00+00:00 [queued]>
[2025-01-27T15:25:38.065+0000] {taskinstance.py:2170} INFO - Starting attempt 1 of 3
[2025-01-27T15:25:38.274+0000] {taskinstance.py:2191} INFO - Executing <Task(SQLExecuteQueryOperator): sql_ft_balance_f> on 2025-01-16 00:00:00+00:00
[2025-01-27T15:25:38.282+0000] {standard_task_runner.py:60} INFO - Started process 156 to run task
[2025-01-27T15:25:38.285+0000] {standard_task_runner.py:87} INFO - Running: ['***', 'tasks', 'run', 'insert_date', 'sql_ft_balance_f', 'scheduled__2025-01-16T00:00:00+00:00', '--job-id', '3183', '--raw', '--subdir', 'DAGS_FOLDER/insert_data.py', '--cfg-path', '/tmp/tmp7uzdnqgh']
[2025-01-27T15:25:38.289+0000] {standard_task_runner.py:88} INFO - Job 3183: Subtask sql_ft_balance_f
[2025-01-27T15:25:38.349+0000] {task_command.py:423} INFO - Running <TaskInstance: insert_date.sql_ft_balance_f scheduled__2025-01-16T00:00:00+00:00 [running]> on host 711845a6becd
[2025-01-27T15:25:38.499+0000] {taskinstance.py:2480} INFO - Exporting env vars: AIRFLOW_CTX_DAG_OWNER='budanovsa' AIRFLOW_CTX_DAG_ID='insert_date' AIRFLOW_CTX_TASK_ID='sql_ft_balance_f' AIRFLOW_CTX_EXECUTION_DATE='2025-01-16T00:00:00+00:00' AIRFLOW_CTX_TRY_NUMBER='1' AIRFLOW_CTX_DAG_RUN_ID='scheduled__2025-01-16T00:00:00+00:00'
[2025-01-27T15:25:38.501+0000] {sql.py:276} INFO - Executing: INSERT INTO ds.ft_balance_f(
      account_rk
    , currency_rk
    , balance_out
    , on_date
)
SELECT fbf."ACCOUNT_RK" 
     , fbf."CURRENCY_RK" 
     , fbf."BALANCE_OUT" 
     , to_date(fbf."ON_DATE" , 'dd.mm.YYYY') AS on_date
FROM stage.ft_balance_f fbf
WHERE fbf."ACCOUNT_RK"  IS NOT NULL
  AND fbf."ON_DATE"  IS NOT NULL
ON conflict On Constraint ft_balance_f_pkey DO Update
  set currency_rk=excluded.currency_rk
		,balance_out=excluded.balance_out;

[2025-01-27T15:25:38.517+0000] {base.py:83} INFO - Using connection ID 'postgres-db' for task execution.
[2025-01-27T15:25:38.531+0000] {base.py:83} INFO - Using connection ID 'postgres-db' for task execution.
[2025-01-27T15:25:38.606+0000] {sql.py:450} INFO - Running statement: INSERT INTO ds.ft_balance_f(
      account_rk
    , currency_rk
    , balance_out
    , on_date
)
SELECT fbf."ACCOUNT_RK" 
     , fbf."CURRENCY_RK" 
     , fbf."BALANCE_OUT" 
     , to_date(fbf."ON_DATE" , 'dd.mm.YYYY') AS on_date
FROM stage.ft_balance_f fbf
WHERE fbf."ACCOUNT_RK"  IS NOT NULL
  AND fbf."ON_DATE"  IS NOT NULL
ON conflict On Constraint ft_balance_f_pkey DO Update
  set currency_rk=excluded.currency_rk
		,balance_out=excluded.balance_out;
, parameters: None
[2025-01-27T15:25:38.619+0000] {sql.py:459} INFO - Rows affected: 114
[2025-01-27T15:25:38.638+0000] {taskinstance.py:1138} INFO - Marking task as SUCCESS. dag_id=insert_date, task_id=sql_ft_balance_f, execution_date=20250116T000000, start_date=20250127T152538, end_date=20250127T152538
[2025-01-27T15:25:38.645+0000] {base.py:83} INFO - Using connection ID 'postgres-db' for task execution.
[2025-01-27T15:25:38.718+0000] {sql.py:450} INFO - Running statement: 
        INSERT INTO log.logt (execution_datetime, event_datetime, event_name)
        VALUES ('2025-01-16 00:00:00', '2025-01-27T15:25:38.639909', 'sql_ft_balance_f');
    , parameters: None
[2025-01-27T15:25:38.724+0000] {sql.py:459} INFO - Rows affected: 1
[2025-01-27T15:25:38.781+0000] {local_task_job_runner.py:234} INFO - Task exited with return code 0
[2025-01-27T15:25:38.826+0000] {taskinstance.py:3280} INFO - 0 downstream tasks scheduled from follow-on schedule check
