[2025-01-07T13:30:17.335+0000] {taskinstance.py:1956} INFO - Dependencies all met for dep_context=non-requeueable deps ti=<TaskInstance: insert_date.sql_md_exchange_rate_d manual__2025-01-07T13:30:15.741979+00:00 [queued]>
[2025-01-07T13:30:17.350+0000] {taskinstance.py:1956} INFO - Dependencies all met for dep_context=requeueable deps ti=<TaskInstance: insert_date.sql_md_exchange_rate_d manual__2025-01-07T13:30:15.741979+00:00 [queued]>
[2025-01-07T13:30:17.352+0000] {taskinstance.py:2170} INFO - Starting attempt 1 of 3
[2025-01-07T13:30:17.666+0000] {taskinstance.py:2191} INFO - Executing <Task(SQLExecuteQueryOperator): sql_md_exchange_rate_d> on 2025-01-07 13:30:15.741979+00:00
[2025-01-07T13:30:17.675+0000] {standard_task_runner.py:60} INFO - Started process 1056 to run task
[2025-01-07T13:30:17.685+0000] {standard_task_runner.py:87} INFO - Running: ['***', 'tasks', 'run', 'insert_date', 'sql_md_exchange_rate_d', 'manual__2025-01-07T13:30:15.741979+00:00', '--job-id', '1019', '--raw', '--subdir', 'DAGS_FOLDER/insert_data.py', '--cfg-path', '/tmp/tmpa59l8uaq']
[2025-01-07T13:30:17.690+0000] {standard_task_runner.py:88} INFO - Job 1019: Subtask sql_md_exchange_rate_d
[2025-01-07T13:30:17.771+0000] {task_command.py:423} INFO - Running <TaskInstance: insert_date.sql_md_exchange_rate_d manual__2025-01-07T13:30:15.741979+00:00 [running]> on host 25a397655cc7
[2025-01-07T13:30:17.963+0000] {taskinstance.py:2480} INFO - Exporting env vars: AIRFLOW_CTX_DAG_OWNER='budanovsa' AIRFLOW_CTX_DAG_ID='insert_date' AIRFLOW_CTX_TASK_ID='sql_md_exchange_rate_d' AIRFLOW_CTX_EXECUTION_DATE='2025-01-07T13:30:15.741979+00:00' AIRFLOW_CTX_TRY_NUMBER='1' AIRFLOW_CTX_DAG_RUN_ID='manual__2025-01-07T13:30:15.741979+00:00'
[2025-01-07T13:30:17.966+0000] {sql.py:276} INFO - Executing: INSERT INTO dsl.md_exchange_rate_d( 
     data_actual_date
    ,data_actual_end_date
    ,currency_rk
	,reduced_cource
	,code_iso_num
)
SELECT
      to_date(merd."DATA_ACTUAL_DATE", '%Y-%m-%d') 
    , to_date(merd."DATA_ACTUAL_END_DATE", '%Y-%m-%d')
	, merd."CURRENCY_RK"
	, merd."REDUCED_COURCE"
	, merd."CODE_ISO_NUM"
  FROM stage.md_exchange_rate_d merd
 WHERE merd."DATA_ACTUAL_DATE" IS NOT NULL
   AND merd."CURRENCY_RK" IS NOT NULL; 
[2025-01-07T13:30:17.983+0000] {base.py:83} INFO - Using connection ID 'postgres-db' for task execution.
[2025-01-07T13:30:18.003+0000] {base.py:83} INFO - Using connection ID 'postgres-db' for task execution.
[2025-01-07T13:30:18.111+0000] {sql.py:450} INFO - Running statement: INSERT INTO dsl.md_exchange_rate_d( 
     data_actual_date
    ,data_actual_end_date
    ,currency_rk
	,reduced_cource
	,code_iso_num
)
SELECT
      to_date(merd."DATA_ACTUAL_DATE", '%Y-%m-%d') 
    , to_date(merd."DATA_ACTUAL_END_DATE", '%Y-%m-%d')
	, merd."CURRENCY_RK"
	, merd."REDUCED_COURCE"
	, merd."CODE_ISO_NUM"
  FROM stage.md_exchange_rate_d merd
 WHERE merd."DATA_ACTUAL_DATE" IS NOT NULL
   AND merd."CURRENCY_RK" IS NOT NULL; , parameters: None
[2025-01-07T13:30:18.117+0000] {taskinstance.py:2698} ERROR - Task failed with exception
Traceback (most recent call last):
  File "/home/airflow/.local/lib/python3.8/site-packages/airflow/models/taskinstance.py", line 433, in _execute_task
    result = execute_callable(context=context, **execute_callable_kwargs)
  File "/home/airflow/.local/lib/python3.8/site-packages/airflow/providers/common/sql/operators/sql.py", line 282, in execute
    output = hook.run(
  File "/home/airflow/.local/lib/python3.8/site-packages/airflow/providers/common/sql/hooks/sql.py", line 398, in run
    self._run_command(cur, sql_statement, parameters)
  File "/home/airflow/.local/lib/python3.8/site-packages/airflow/providers/common/sql/hooks/sql.py", line 455, in _run_command
    cur.execute(sql_statement)
psycopg2.errors.UndefinedTable: ОШИБКА:  отношение "stage.md_exchange_rate_d" не существует
LINE 14:   FROM stage.md_exchange_rate_d merd
                ^

[2025-01-07T13:30:18.134+0000] {taskinstance.py:1138} INFO - Marking task as UP_FOR_RETRY. dag_id=insert_date, task_id=sql_md_exchange_rate_d, execution_date=20250107T133015, start_date=20250107T133017, end_date=20250107T133018
[2025-01-07T13:30:18.172+0000] {standard_task_runner.py:107} ERROR - Failed to execute job 1019 for task sql_md_exchange_rate_d (ОШИБКА:  отношение "stage.md_exchange_rate_d" не существует
LINE 14:   FROM stage.md_exchange_rate_d merd
                ^
; 1056)
[2025-01-07T13:30:18.219+0000] {local_task_job_runner.py:234} INFO - Task exited with return code 1
[2025-01-07T13:30:18.282+0000] {taskinstance.py:3280} INFO - 0 downstream tasks scheduled from follow-on schedule check
