[2025-01-08T13:26:16.985+0000] {taskinstance.py:1956} INFO - Dependencies all met for dep_context=non-requeueable deps ti=<TaskInstance: insert_date.ft_posting_f manual__2025-01-08T13:26:13.933832+00:00 [queued]>
[2025-01-08T13:26:16.999+0000] {taskinstance.py:1956} INFO - Dependencies all met for dep_context=requeueable deps ti=<TaskInstance: insert_date.ft_posting_f manual__2025-01-08T13:26:13.933832+00:00 [queued]>
[2025-01-08T13:26:16.999+0000] {taskinstance.py:2170} INFO - Starting attempt 1 of 3
[2025-01-08T13:26:17.260+0000] {taskinstance.py:2191} INFO - Executing <Task(PythonOperator): ft_posting_f> on 2025-01-08 13:26:13.933832+00:00
[2025-01-08T13:26:17.269+0000] {standard_task_runner.py:60} INFO - Started process 378 to run task
[2025-01-08T13:26:17.274+0000] {standard_task_runner.py:87} INFO - Running: ['***', 'tasks', 'run', 'insert_date', 'ft_posting_f', 'manual__2025-01-08T13:26:13.933832+00:00', '--job-id', '1318', '--raw', '--subdir', 'DAGS_FOLDER/insert_data.py', '--cfg-path', '/tmp/tmp79pquz1t']
[2025-01-08T13:26:17.277+0000] {standard_task_runner.py:88} INFO - Job 1318: Subtask ft_posting_f
[2025-01-08T13:26:17.357+0000] {task_command.py:423} INFO - Running <TaskInstance: insert_date.ft_posting_f manual__2025-01-08T13:26:13.933832+00:00 [running]> on host 779bfbde52bc
[2025-01-08T13:26:17.468+0000] {taskinstance.py:2480} INFO - Exporting env vars: AIRFLOW_CTX_DAG_OWNER='budanovsa' AIRFLOW_CTX_DAG_ID='insert_date' AIRFLOW_CTX_TASK_ID='ft_posting_f' AIRFLOW_CTX_EXECUTION_DATE='2025-01-08T13:26:13.933832+00:00' AIRFLOW_CTX_TRY_NUMBER='1' AIRFLOW_CTX_DAG_RUN_ID='manual__2025-01-08T13:26:13.933832+00:00'
[2025-01-08T13:26:17.510+0000] {base.py:83} INFO - Using connection ID 'postgres-db' for task execution.
[2025-01-08T13:26:18.421+0000] {python.py:201} INFO - Done. Returned value was: None
[2025-01-08T13:26:18.430+0000] {taskinstance.py:1138} INFO - Marking task as SUCCESS. dag_id=insert_date, task_id=ft_posting_f, execution_date=20250108T132613, start_date=20250108T132616, end_date=20250108T132618
[2025-01-08T13:26:18.435+0000] {base.py:83} INFO - Using connection ID 'postgres-db' for task execution.
[2025-01-08T13:26:18.483+0000] {sql.py:450} INFO - Running statement: 
        INSERT INTO logs.csv_to_dag (execution_datetime, event_datetime, event_name)
        VALUES ('2025-01-08T13:26:13.933832', '2025-01-08T13:26:18.430655', 'ft_posting_f');
    , parameters: None
[2025-01-08T13:26:18.487+0000] {sql.py:459} INFO - Rows affected: 1
[2025-01-08T13:26:18.532+0000] {local_task_job_runner.py:234} INFO - Task exited with return code 0
[2025-01-08T13:26:18.559+0000] {taskinstance.py:3280} INFO - 1 downstream tasks scheduled from follow-on schedule check
