[2025-01-10T14:45:31.984+0000] {taskinstance.py:1956} INFO - Dependencies all met for dep_context=non-requeueable deps ti=<TaskInstance: insert_date.sql_ft_balance_f manual__2025-01-10T14:45:25.319283+00:00 [queued]>
[2025-01-10T14:45:31.997+0000] {taskinstance.py:1956} INFO - Dependencies all met for dep_context=requeueable deps ti=<TaskInstance: insert_date.sql_ft_balance_f manual__2025-01-10T14:45:25.319283+00:00 [queued]>
[2025-01-10T14:45:31.998+0000] {taskinstance.py:2170} INFO - Starting attempt 1 of 3
[2025-01-10T14:45:32.174+0000] {taskinstance.py:2191} INFO - Executing <Task(SQLExecuteQueryOperator): sql_ft_balance_f> on 2025-01-10 14:45:25.319283+00:00
[2025-01-10T14:45:32.183+0000] {standard_task_runner.py:60} INFO - Started process 696 to run task
[2025-01-10T14:45:32.186+0000] {standard_task_runner.py:87} INFO - Running: ['***', 'tasks', 'run', 'insert_date', 'sql_ft_balance_f', 'manual__2025-01-10T14:45:25.319283+00:00', '--job-id', '1482', '--raw', '--subdir', 'DAGS_FOLDER/insert_data.py', '--cfg-path', '/tmp/tmp_3mu431f']
[2025-01-10T14:45:32.190+0000] {standard_task_runner.py:88} INFO - Job 1482: Subtask sql_ft_balance_f
[2025-01-10T14:45:32.245+0000] {task_command.py:423} INFO - Running <TaskInstance: insert_date.sql_ft_balance_f manual__2025-01-10T14:45:25.319283+00:00 [running]> on host 711845a6becd
[2025-01-10T14:45:32.343+0000] {taskinstance.py:2480} INFO - Exporting env vars: AIRFLOW_CTX_DAG_OWNER='budanovsa' AIRFLOW_CTX_DAG_ID='insert_date' AIRFLOW_CTX_TASK_ID='sql_ft_balance_f' AIRFLOW_CTX_EXECUTION_DATE='2025-01-10T14:45:25.319283+00:00' AIRFLOW_CTX_TRY_NUMBER='1' AIRFLOW_CTX_DAG_RUN_ID='manual__2025-01-10T14:45:25.319283+00:00'
[2025-01-10T14:45:32.344+0000] {sql.py:276} INFO - Executing: INSERT INTO ds.ft_balance_f(
      account_rk
    , currency_rk
    , balance_out
    , on_date
)
SELECT fbf."ACCOUNT_RK" 
     , fbf."CURRENCY_RK" 
     , fbf."BALANCE_OUT" 
     , to_date(fbf."ON_DATE" , 'dd.mm.YYYY') AS on_date
  FROM stage.ft_balance_f fbf
 WHERE fbf."ACCOUNT_RK"  IS NOT NULL
   AND fbf."CURRENCY_RK"  IS NOT NULL
ON conflict On Constraint ft_balance_f_pkey DO Update
	set currency_rk=excluded.currently_rk,
		balance_out=excluded.balance_out;
[2025-01-10T14:45:32.355+0000] {base.py:83} INFO - Using connection ID 'postgres-db' for task execution.
[2025-01-10T14:45:32.366+0000] {base.py:83} INFO - Using connection ID 'postgres-db' for task execution.
[2025-01-10T14:45:32.429+0000] {sql.py:450} INFO - Running statement: INSERT INTO ds.ft_balance_f(
      account_rk
    , currency_rk
    , balance_out
    , on_date
)
SELECT fbf."ACCOUNT_RK" 
     , fbf."CURRENCY_RK" 
     , fbf."BALANCE_OUT" 
     , to_date(fbf."ON_DATE" , 'dd.mm.YYYY') AS on_date
  FROM stage.ft_balance_f fbf
 WHERE fbf."ACCOUNT_RK"  IS NOT NULL
   AND fbf."CURRENCY_RK"  IS NOT NULL
ON conflict On Constraint ft_balance_f_pkey DO Update
	set currency_rk=excluded.currently_rk,
		balance_out=excluded.balance_out;, parameters: None
[2025-01-10T14:45:32.437+0000] {taskinstance.py:2698} ERROR - Task failed with exception
Traceback (most recent call last):
  File "/home/airflow/.local/lib/python3.8/site-packages/airflow/models/taskinstance.py", line 433, in _execute_task
    result = execute_callable(context=context, **execute_callable_kwargs)
  File "/home/airflow/.local/lib/python3.8/site-packages/airflow/providers/common/sql/operators/sql.py", line 282, in execute
    output = hook.run(
  File "/home/airflow/.local/lib/python3.8/site-packages/airflow/providers/common/sql/hooks/sql.py", line 398, in run
    self._run_command(cur, sql_statement, parameters)
  File "/home/airflow/.local/lib/python3.8/site-packages/airflow/providers/common/sql/hooks/sql.py", line 455, in _run_command
    cur.execute(sql_statement)
psycopg2.errors.UndefinedColumn: ОШИБКА:  столбец excluded.currently_rk не существует
LINE 15:  set currency_rk=excluded.currently_rk,
                          ^
HINT:  Возможно, предполагалась ссылка на столбец "excluded.currency_rk".

[2025-01-10T14:45:32.447+0000] {taskinstance.py:1138} INFO - Marking task as UP_FOR_RETRY. dag_id=insert_date, task_id=sql_ft_balance_f, execution_date=20250110T144525, start_date=20250110T144531, end_date=20250110T144532
[2025-01-10T14:45:32.466+0000] {standard_task_runner.py:107} ERROR - Failed to execute job 1482 for task sql_ft_balance_f (ОШИБКА:  столбец excluded.currently_rk не существует
LINE 15:  set currency_rk=excluded.currently_rk,
                          ^
HINT:  Возможно, предполагалась ссылка на столбец "excluded.currency_rk".
; 696)
[2025-01-10T14:45:32.479+0000] {local_task_job_runner.py:234} INFO - Task exited with return code 1
[2025-01-10T14:45:32.517+0000] {taskinstance.py:3280} INFO - 0 downstream tasks scheduled from follow-on schedule check
