[2025-01-12T12:37:34.471+0000] {taskinstance.py:1956} INFO - Dependencies all met for dep_context=non-requeueable deps ti=<TaskInstance: insert_date.split manual__2025-01-12T12:37:27.841742+00:00 [queued]>
[2025-01-12T12:37:34.479+0000] {taskinstance.py:1956} INFO - Dependencies all met for dep_context=requeueable deps ti=<TaskInstance: insert_date.split manual__2025-01-12T12:37:27.841742+00:00 [queued]>
[2025-01-12T12:37:34.480+0000] {taskinstance.py:2170} INFO - Starting attempt 1 of 3
[2025-01-12T12:37:34.603+0000] {taskinstance.py:2191} INFO - Executing <Task(EmptyOperator): split> on 2025-01-12 12:37:27.841742+00:00
[2025-01-12T12:37:34.608+0000] {standard_task_runner.py:60} INFO - Started process 353 to run task
[2025-01-12T12:37:34.610+0000] {standard_task_runner.py:87} INFO - Running: ['***', 'tasks', 'run', 'insert_date', 'split', 'manual__2025-01-12T12:37:27.841742+00:00', '--job-id', '2067', '--raw', '--subdir', 'DAGS_FOLDER/insert_data.py', '--cfg-path', '/tmp/tmpecfauxw6']
[2025-01-12T12:37:34.613+0000] {standard_task_runner.py:88} INFO - Job 2067: Subtask split
[2025-01-12T12:37:34.647+0000] {task_command.py:423} INFO - Running <TaskInstance: insert_date.split manual__2025-01-12T12:37:27.841742+00:00 [running]> on host 711845a6becd
[2025-01-12T12:37:34.704+0000] {taskinstance.py:2480} INFO - Exporting env vars: AIRFLOW_CTX_DAG_OWNER='budanovsa' AIRFLOW_CTX_DAG_ID='insert_date' AIRFLOW_CTX_TASK_ID='split' AIRFLOW_CTX_EXECUTION_DATE='2025-01-12T12:37:27.841742+00:00' AIRFLOW_CTX_TRY_NUMBER='1' AIRFLOW_CTX_DAG_RUN_ID='manual__2025-01-12T12:37:27.841742+00:00'
[2025-01-12T12:37:34.713+0000] {taskinstance.py:1138} INFO - Marking task as SUCCESS. dag_id=insert_date, task_id=split, execution_date=20250112T123727, start_date=20250112T123734, end_date=20250112T123734
[2025-01-12T12:37:34.718+0000] {base.py:83} INFO - Using connection ID 'postgres-db' for task execution.
[2025-01-12T12:37:34.755+0000] {sql.py:450} INFO - Running statement: 
        INSERT INTO log.logt (execution_datetime, event_datetime, event_name)
        VALUES ('2025-01-12T12:37:27.841742', '2025-01-12T12:37:34.714662', 'split');
    , parameters: None
[2025-01-12T12:37:34.757+0000] {sql.py:459} INFO - Rows affected: 1
[2025-01-12T12:37:34.759+0000] {taskinstance.py:1116} ERROR - Error when executing uploading_logs callback
Traceback (most recent call last):
  File "/home/airflow/.local/lib/python3.8/site-packages/airflow/models/taskinstance.py", line 1113, in _run_finished_callback
    callback(context)
  File "/opt/airflow/dags/insert_data.py", line 54, in uploading_logs
    time.sleep(5)
AttributeError: 'builtin_function_or_method' object has no attribute 'sleep'
[2025-01-12T12:37:34.784+0000] {local_task_job_runner.py:234} INFO - Task exited with return code 0
[2025-01-12T12:37:34.818+0000] {taskinstance.py:3280} INFO - 6 downstream tasks scheduled from follow-on schedule check
