[2025-01-12T16:55:14.085+0000] {taskinstance.py:1956} INFO - Dependencies all met for dep_context=non-requeueable deps ti=<TaskInstance: insert_date.sql_ft_balance_f manual__2025-01-12T16:55:04.477943+00:00 [queued]>
[2025-01-12T16:55:14.100+0000] {taskinstance.py:1956} INFO - Dependencies all met for dep_context=requeueable deps ti=<TaskInstance: insert_date.sql_ft_balance_f manual__2025-01-12T16:55:04.477943+00:00 [queued]>
[2025-01-12T16:55:14.101+0000] {taskinstance.py:2170} INFO - Starting attempt 1 of 3
[2025-01-12T16:55:14.263+0000] {taskinstance.py:2191} INFO - Executing <Task(SQLExecuteQueryOperator): sql_ft_balance_f> on 2025-01-12 16:55:04.477943+00:00
[2025-01-12T16:55:14.270+0000] {standard_task_runner.py:60} INFO - Started process 4399 to run task
[2025-01-12T16:55:14.274+0000] {standard_task_runner.py:87} INFO - Running: ['***', 'tasks', 'run', 'insert_date', 'sql_ft_balance_f', 'manual__2025-01-12T16:55:04.477943+00:00', '--job-id', '2440', '--raw', '--subdir', 'DAGS_FOLDER/insert_data.py', '--cfg-path', '/tmp/tmp45oz0r7z']
[2025-01-12T16:55:14.277+0000] {standard_task_runner.py:88} INFO - Job 2440: Subtask sql_ft_balance_f
[2025-01-12T16:55:14.344+0000] {task_command.py:423} INFO - Running <TaskInstance: insert_date.sql_ft_balance_f manual__2025-01-12T16:55:04.477943+00:00 [running]> on host 711845a6becd
[2025-01-12T16:55:14.468+0000] {taskinstance.py:2480} INFO - Exporting env vars: AIRFLOW_CTX_DAG_OWNER='budanovsa' AIRFLOW_CTX_DAG_ID='insert_date' AIRFLOW_CTX_TASK_ID='sql_ft_balance_f' AIRFLOW_CTX_EXECUTION_DATE='2025-01-12T16:55:04.477943+00:00' AIRFLOW_CTX_TRY_NUMBER='1' AIRFLOW_CTX_DAG_RUN_ID='manual__2025-01-12T16:55:04.477943+00:00'
[2025-01-12T16:55:14.470+0000] {sql.py:276} INFO - Executing: INSERT INTO ds.ft_balance_f(
      account_rk
    , currency_rk
    , balance_out
    , on_date
)
SELECT fbf."ACCOUNT_RK" 
     , fbf."CURRENCY_RK" 
     , fbf."BALANCE_OUT" 
     , to_date(fbf."ON_DATE" , 'dd.mm.YYYY') AS on_date
FROM stage.ft_balance_f fbf
WHERE fbf."ACCOUNT_RK"  IS NOT NULL
  AND fbf."CURRENCY_RK"  IS NOT NULL
ON conflict On Constraint ft_balance_f_pkey DO Update

  set currency_rk=excluded.currency_rk
	  ,balance_out=excluded.balance_out;

[2025-01-12T16:55:14.482+0000] {base.py:83} INFO - Using connection ID 'postgres-db' for task execution.
[2025-01-12T16:55:14.492+0000] {base.py:83} INFO - Using connection ID 'postgres-db' for task execution.
[2025-01-12T16:55:14.573+0000] {sql.py:450} INFO - Running statement: INSERT INTO ds.ft_balance_f(
      account_rk
    , currency_rk
    , balance_out
    , on_date
)
SELECT fbf."ACCOUNT_RK" 
     , fbf."CURRENCY_RK" 
     , fbf."BALANCE_OUT" 
     , to_date(fbf."ON_DATE" , 'dd.mm.YYYY') AS on_date
FROM stage.ft_balance_f fbf
WHERE fbf."ACCOUNT_RK"  IS NOT NULL
  AND fbf."CURRENCY_RK"  IS NOT NULL
ON conflict On Constraint ft_balance_f_pkey DO Update

  set currency_rk=excluded.currency_rk
	  ,balance_out=excluded.balance_out;
, parameters: None
[2025-01-12T16:55:14.582+0000] {sql.py:459} INFO - Rows affected: 114
[2025-01-12T16:55:14.597+0000] {taskinstance.py:1138} INFO - Marking task as SUCCESS. dag_id=insert_date, task_id=sql_ft_balance_f, execution_date=20250112T165504, start_date=20250112T165514, end_date=20250112T165514
[2025-01-12T16:55:14.601+0000] {base.py:83} INFO - Using connection ID 'postgres-db' for task execution.
[2025-01-12T16:55:14.659+0000] {sql.py:450} INFO - Running statement: 
        INSERT INTO log.logt (execution_datetime, event_datetime, event_name)
        VALUES ('2025-01-12 16:55:04.477943', '2025-01-12T16:55:14.597952', 'sql_ft_balance_f');
    , parameters: None
[2025-01-12T16:55:14.662+0000] {sql.py:459} INFO - Rows affected: 1
[2025-01-12T16:55:14.727+0000] {local_task_job_runner.py:234} INFO - Task exited with return code 0
[2025-01-12T16:55:14.752+0000] {taskinstance.py:3280} INFO - 0 downstream tasks scheduled from follow-on schedule check
