[2025-01-07T13:30:17.370+0000] {taskinstance.py:1956} INFO - Dependencies all met for dep_context=non-requeueable deps ti=<TaskInstance: insert_date.sql_ft_posting_f manual__2025-01-07T13:30:15.741979+00:00 [queued]>
[2025-01-07T13:30:17.389+0000] {taskinstance.py:1956} INFO - Dependencies all met for dep_context=requeueable deps ti=<TaskInstance: insert_date.sql_ft_posting_f manual__2025-01-07T13:30:15.741979+00:00 [queued]>
[2025-01-07T13:30:17.390+0000] {taskinstance.py:2170} INFO - Starting attempt 1 of 3
[2025-01-07T13:30:17.659+0000] {taskinstance.py:2191} INFO - Executing <Task(SQLExecuteQueryOperator): sql_ft_posting_f> on 2025-01-07 13:30:15.741979+00:00
[2025-01-07T13:30:17.668+0000] {standard_task_runner.py:60} INFO - Started process 1055 to run task
[2025-01-07T13:30:17.682+0000] {standard_task_runner.py:87} INFO - Running: ['***', 'tasks', 'run', 'insert_date', 'sql_ft_posting_f', 'manual__2025-01-07T13:30:15.741979+00:00', '--job-id', '1021', '--raw', '--subdir', 'DAGS_FOLDER/insert_data.py', '--cfg-path', '/tmp/tmpz8db55ae']
[2025-01-07T13:30:17.686+0000] {standard_task_runner.py:88} INFO - Job 1021: Subtask sql_ft_posting_f
[2025-01-07T13:30:17.775+0000] {task_command.py:423} INFO - Running <TaskInstance: insert_date.sql_ft_posting_f manual__2025-01-07T13:30:15.741979+00:00 [running]> on host 25a397655cc7
[2025-01-07T13:30:17.992+0000] {taskinstance.py:2480} INFO - Exporting env vars: AIRFLOW_CTX_DAG_OWNER='budanovsa' AIRFLOW_CTX_DAG_ID='insert_date' AIRFLOW_CTX_TASK_ID='sql_ft_posting_f' AIRFLOW_CTX_EXECUTION_DATE='2025-01-07T13:30:15.741979+00:00' AIRFLOW_CTX_TRY_NUMBER='1' AIRFLOW_CTX_DAG_RUN_ID='manual__2025-01-07T13:30:15.741979+00:00'
[2025-01-07T13:30:18.002+0000] {sql.py:276} INFO - Executing:  INSERT INTO dsl.ft_posting_f(
      credit_account_rk
    , debet_account_rk
    , credit_amount
    , debet_amount
    , oper_date
)
SELECT fpf."CREDIT_ACCOUNT_RK"
    , fpf."DEBET_ACCOUNT_RK" 
    , fpf."CREDIT_AMOUNT" 
    , fpf."DEBET_AMOUNT" 
    , to_date(fpf."OPER_DATE", 'dd.mm.YYYY')
  FROM stage.ft_posting_f fpf
 WHERE fpf."CREDIT_ACCOUNT_RK" IS NOT NULL
   AND fpf."DEBET_ACCOUNT_RK" IS NOT NULL; 
[2025-01-07T13:30:18.021+0000] {base.py:83} INFO - Using connection ID 'postgres-db' for task execution.
[2025-01-07T13:30:18.043+0000] {base.py:83} INFO - Using connection ID 'postgres-db' for task execution.
[2025-01-07T13:30:18.128+0000] {sql.py:450} INFO - Running statement:  INSERT INTO dsl.ft_posting_f(
      credit_account_rk
    , debet_account_rk
    , credit_amount
    , debet_amount
    , oper_date
)
SELECT fpf."CREDIT_ACCOUNT_RK"
    , fpf."DEBET_ACCOUNT_RK" 
    , fpf."CREDIT_AMOUNT" 
    , fpf."DEBET_AMOUNT" 
    , to_date(fpf."OPER_DATE", 'dd.mm.YYYY')
  FROM stage.ft_posting_f fpf
 WHERE fpf."CREDIT_ACCOUNT_RK" IS NOT NULL
   AND fpf."DEBET_ACCOUNT_RK" IS NOT NULL; , parameters: None
[2025-01-07T13:30:18.137+0000] {taskinstance.py:2698} ERROR - Task failed with exception
Traceback (most recent call last):
  File "/home/airflow/.local/lib/python3.8/site-packages/airflow/models/taskinstance.py", line 433, in _execute_task
    result = execute_callable(context=context, **execute_callable_kwargs)
  File "/home/airflow/.local/lib/python3.8/site-packages/airflow/providers/common/sql/operators/sql.py", line 282, in execute
    output = hook.run(
  File "/home/airflow/.local/lib/python3.8/site-packages/airflow/providers/common/sql/hooks/sql.py", line 398, in run
    self._run_command(cur, sql_statement, parameters)
  File "/home/airflow/.local/lib/python3.8/site-packages/airflow/providers/common/sql/hooks/sql.py", line 455, in _run_command
    cur.execute(sql_statement)
psycopg2.errors.UndefinedTable: ОШИБКА:  отношение "stage.ft_posting_f" не существует
LINE 13:   FROM stage.ft_posting_f fpf
                ^

[2025-01-07T13:30:18.151+0000] {taskinstance.py:1138} INFO - Marking task as UP_FOR_RETRY. dag_id=insert_date, task_id=sql_ft_posting_f, execution_date=20250107T133015, start_date=20250107T133017, end_date=20250107T133018
[2025-01-07T13:30:18.172+0000] {standard_task_runner.py:107} ERROR - Failed to execute job 1021 for task sql_ft_posting_f (ОШИБКА:  отношение "stage.ft_posting_f" не существует
LINE 13:   FROM stage.ft_posting_f fpf
                ^
; 1055)
[2025-01-07T13:30:18.215+0000] {local_task_job_runner.py:234} INFO - Task exited with return code 1
[2025-01-07T13:30:18.265+0000] {taskinstance.py:3280} INFO - 0 downstream tasks scheduled from follow-on schedule check
