[2025-01-08T13:20:50.633+0000] {taskinstance.py:1956} INFO - Dependencies all met for dep_context=non-requeueable deps ti=<TaskInstance: insert_date.md_account_d manual__2025-01-08T13:20:48.128974+00:00 [queued]>
[2025-01-08T13:20:50.649+0000] {taskinstance.py:1956} INFO - Dependencies all met for dep_context=requeueable deps ti=<TaskInstance: insert_date.md_account_d manual__2025-01-08T13:20:48.128974+00:00 [queued]>
[2025-01-08T13:20:50.650+0000] {taskinstance.py:2170} INFO - Starting attempt 1 of 3
[2025-01-08T13:20:50.924+0000] {taskinstance.py:2191} INFO - Executing <Task(PythonOperator): md_account_d> on 2025-01-08 13:20:48.128974+00:00
[2025-01-08T13:20:50.930+0000] {standard_task_runner.py:60} INFO - Started process 254 to run task
[2025-01-08T13:20:50.940+0000] {standard_task_runner.py:87} INFO - Running: ['***', 'tasks', 'run', 'insert_date', 'md_account_d', 'manual__2025-01-08T13:20:48.128974+00:00', '--job-id', '1305', '--raw', '--subdir', 'DAGS_FOLDER/insert_data.py', '--cfg-path', '/tmp/tmp4ha3bwlk']
[2025-01-08T13:20:50.946+0000] {standard_task_runner.py:88} INFO - Job 1305: Subtask md_account_d
[2025-01-08T13:20:51.035+0000] {task_command.py:423} INFO - Running <TaskInstance: insert_date.md_account_d manual__2025-01-08T13:20:48.128974+00:00 [running]> on host 779bfbde52bc
[2025-01-08T13:20:51.205+0000] {taskinstance.py:2480} INFO - Exporting env vars: AIRFLOW_CTX_DAG_OWNER='budanovsa' AIRFLOW_CTX_DAG_ID='insert_date' AIRFLOW_CTX_TASK_ID='md_account_d' AIRFLOW_CTX_EXECUTION_DATE='2025-01-08T13:20:48.128974+00:00' AIRFLOW_CTX_TRY_NUMBER='1' AIRFLOW_CTX_DAG_RUN_ID='manual__2025-01-08T13:20:48.128974+00:00'
[2025-01-08T13:20:51.235+0000] {base.py:83} INFO - Using connection ID 'postgres-db' for task execution.
[2025-01-08T13:20:51.412+0000] {python.py:201} INFO - Done. Returned value was: None
[2025-01-08T13:20:51.427+0000] {taskinstance.py:1138} INFO - Marking task as SUCCESS. dag_id=insert_date, task_id=md_account_d, execution_date=20250108T132048, start_date=20250108T132050, end_date=20250108T132051
[2025-01-08T13:20:51.433+0000] {base.py:83} INFO - Using connection ID 'postgres-db' for task execution.
[2025-01-08T13:20:51.505+0000] {sql.py:450} INFO - Running statement: 
        INSERT INTO logs.csv_to_dag (execution_datetime, event_datetime, event_name)
        VALUES ('2025-01-08T13:20:48.128974', '2025-01-08T13:20:51.428814', 'md_account_d');
    , parameters: None
[2025-01-08T13:20:51.509+0000] {sql.py:459} INFO - Rows affected: 1
[2025-01-08T13:20:51.568+0000] {local_task_job_runner.py:234} INFO - Task exited with return code 0
[2025-01-08T13:20:51.622+0000] {taskinstance.py:3280} INFO - 0 downstream tasks scheduled from follow-on schedule check
