[2025-01-10T14:50:45.387+0000] {taskinstance.py:1956} INFO - Dependencies all met for dep_context=non-requeueable deps ti=<TaskInstance: insert_date.split manual__2025-01-10T14:50:40.033302+00:00 [queued]>
[2025-01-10T14:50:45.398+0000] {taskinstance.py:1956} INFO - Dependencies all met for dep_context=requeueable deps ti=<TaskInstance: insert_date.split manual__2025-01-10T14:50:40.033302+00:00 [queued]>
[2025-01-10T14:50:45.399+0000] {taskinstance.py:2170} INFO - Starting attempt 1 of 3
[2025-01-10T14:50:45.509+0000] {taskinstance.py:2191} INFO - Executing <Task(EmptyOperator): split> on 2025-01-10 14:50:40.033302+00:00
[2025-01-10T14:50:45.515+0000] {standard_task_runner.py:60} INFO - Started process 845 to run task
[2025-01-10T14:50:45.518+0000] {standard_task_runner.py:87} INFO - Running: ['***', 'tasks', 'run', 'insert_date', 'split', 'manual__2025-01-10T14:50:40.033302+00:00', '--job-id', '1509', '--raw', '--subdir', 'DAGS_FOLDER/insert_data.py', '--cfg-path', '/tmp/tmpf8pga6xa']
[2025-01-10T14:50:45.520+0000] {standard_task_runner.py:88} INFO - Job 1509: Subtask split
[2025-01-10T14:50:45.559+0000] {task_command.py:423} INFO - Running <TaskInstance: insert_date.split manual__2025-01-10T14:50:40.033302+00:00 [running]> on host 711845a6becd
[2025-01-10T14:50:45.631+0000] {taskinstance.py:2480} INFO - Exporting env vars: AIRFLOW_CTX_DAG_OWNER='budanovsa' AIRFLOW_CTX_DAG_ID='insert_date' AIRFLOW_CTX_TASK_ID='split' AIRFLOW_CTX_EXECUTION_DATE='2025-01-10T14:50:40.033302+00:00' AIRFLOW_CTX_TRY_NUMBER='1' AIRFLOW_CTX_DAG_RUN_ID='manual__2025-01-10T14:50:40.033302+00:00'
[2025-01-10T14:50:45.639+0000] {taskinstance.py:1138} INFO - Marking task as SUCCESS. dag_id=insert_date, task_id=split, execution_date=20250110T145040, start_date=20250110T145045, end_date=20250110T145045
[2025-01-10T14:50:45.644+0000] {base.py:83} INFO - Using connection ID 'postgres-db' for task execution.
[2025-01-10T14:50:45.682+0000] {sql.py:450} INFO - Running statement: 
        INSERT INTO log.logt (execution_datetime, event_datetime, event_name)
        VALUES ('2025-01-10T14:50:40.033302', '2025-01-10T14:50:45.639614', 'split');
    , parameters: None
[2025-01-10T14:50:45.685+0000] {taskinstance.py:1116} ERROR - Error when executing uploading_logs callback
Traceback (most recent call last):
  File "/home/airflow/.local/lib/python3.8/site-packages/airflow/models/taskinstance.py", line 1113, in _run_finished_callback
    callback(context)
  File "/opt/airflow/dags/insert_data.py", line 51, in uploading_logs
    postgres_hook.run(query)
  File "/home/airflow/.local/lib/python3.8/site-packages/airflow/providers/common/sql/hooks/sql.py", line 398, in run
    self._run_command(cur, sql_statement, parameters)
  File "/home/airflow/.local/lib/python3.8/site-packages/airflow/providers/common/sql/hooks/sql.py", line 455, in _run_command
    cur.execute(sql_statement)
psycopg2.errors.UndefinedTable: ОШИБКА:  отношение "log.logt" не существует
LINE 2:         INSERT INTO log.logt (execution_datetime, event_date...
                            ^

[2025-01-10T14:50:45.731+0000] {local_task_job_runner.py:234} INFO - Task exited with return code 0
[2025-01-10T14:50:45.753+0000] {taskinstance.py:3280} INFO - 6 downstream tasks scheduled from follow-on schedule check
