[2025-01-08T13:59:20.495+0000] {taskinstance.py:1956} INFO - Dependencies all met for dep_context=non-requeueable deps ti=<TaskInstance: insert_date.create_log_sheme manual__2025-01-08T13:59:13.977410+00:00 [queued]>
[2025-01-08T13:59:20.519+0000] {taskinstance.py:1956} INFO - Dependencies all met for dep_context=requeueable deps ti=<TaskInstance: insert_date.create_log_sheme manual__2025-01-08T13:59:13.977410+00:00 [queued]>
[2025-01-08T13:59:20.521+0000] {taskinstance.py:2170} INFO - Starting attempt 1 of 3
[2025-01-08T13:59:21.713+0000] {taskinstance.py:2191} INFO - Executing <Task(SQLExecuteQueryOperator): create_log_sheme> on 2025-01-08 13:59:13.977410+00:00
[2025-01-08T13:59:21.724+0000] {standard_task_runner.py:60} INFO - Started process 107 to run task
[2025-01-08T13:59:21.730+0000] {standard_task_runner.py:87} INFO - Running: ['***', 'tasks', 'run', 'insert_date', 'create_log_sheme', 'manual__2025-01-08T13:59:13.977410+00:00', '--job-id', '1378', '--raw', '--subdir', 'DAGS_FOLDER/insert_data.py', '--cfg-path', '/tmp/tmp61pf6cp2']
[2025-01-08T13:59:21.736+0000] {standard_task_runner.py:88} INFO - Job 1378: Subtask create_log_sheme
[2025-01-08T13:59:21.858+0000] {task_command.py:423} INFO - Running <TaskInstance: insert_date.create_log_sheme manual__2025-01-08T13:59:13.977410+00:00 [running]> on host 711845a6becd
[2025-01-08T13:59:22.067+0000] {taskinstance.py:2480} INFO - Exporting env vars: AIRFLOW_CTX_DAG_OWNER='budanovsa' AIRFLOW_CTX_DAG_ID='insert_date' AIRFLOW_CTX_TASK_ID='create_log_sheme' AIRFLOW_CTX_EXECUTION_DATE='2025-01-08T13:59:13.977410+00:00' AIRFLOW_CTX_TRY_NUMBER='1' AIRFLOW_CTX_DAG_RUN_ID='manual__2025-01-08T13:59:13.977410+00:00'
[2025-01-08T13:59:22.069+0000] {sql.py:276} INFO - Executing: create schema if not exists "logs";

create table if not exists
	logs.csv_to_dag (
		execution_datetime TIMESTAMP not null,
		event_datetime TIMESTAMP not null,
		event_name VARCHAR(30) not null,
		event_status VARCHAR(30)
);
[2025-01-08T13:59:22.087+0000] {base.py:83} INFO - Using connection ID 'postgres-db' for task execution.
[2025-01-08T13:59:22.105+0000] {base.py:83} INFO - Using connection ID 'postgres-db' for task execution.
[2025-01-08T13:59:22.304+0000] {sql.py:450} INFO - Running statement: create schema if not exists "logs";

create table if not exists
	logs.csv_to_dag (
		execution_datetime TIMESTAMP not null,
		event_datetime TIMESTAMP not null,
		event_name VARCHAR(30) not null,
		event_status VARCHAR(30)
);, parameters: None
[2025-01-08T13:59:22.339+0000] {taskinstance.py:1138} INFO - Marking task as SUCCESS. dag_id=insert_date, task_id=create_log_sheme, execution_date=20250108T135913, start_date=20250108T135920, end_date=20250108T135922
[2025-01-08T13:59:22.346+0000] {base.py:83} INFO - Using connection ID 'postgres-db' for task execution.
[2025-01-08T13:59:22.427+0000] {sql.py:450} INFO - Running statement: 
        INSERT INTO log.logt (execution_datetime, event_datetime, event_name)
        VALUES ('2025-01-08T13:59:13.977410', '2025-01-08T13:59:22.340654', 'create_log_sheme');
    , parameters: None
[2025-01-08T13:59:22.433+0000] {taskinstance.py:1116} ERROR - Error when executing uploading_logs callback
Traceback (most recent call last):
  File "/home/airflow/.local/lib/python3.8/site-packages/airflow/models/taskinstance.py", line 1113, in _run_finished_callback
    callback(context)
  File "/opt/airflow/dags/insert_data.py", line 50, in uploading_logs
    postgres_hook.run(query)
  File "/home/airflow/.local/lib/python3.8/site-packages/airflow/providers/common/sql/hooks/sql.py", line 398, in run
    self._run_command(cur, sql_statement, parameters)
  File "/home/airflow/.local/lib/python3.8/site-packages/airflow/providers/common/sql/hooks/sql.py", line 455, in _run_command
    cur.execute(sql_statement)
psycopg2.errors.UndefinedTable: ОШИБКА:  отношение "log.logt" не существует
LINE 2:         INSERT INTO log.logt (execution_datetime, event_date...
                            ^

[2025-01-08T13:59:22.508+0000] {local_task_job_runner.py:234} INFO - Task exited with return code 0
[2025-01-08T13:59:22.552+0000] {taskinstance.py:3280} INFO - 0 downstream tasks scheduled from follow-on schedule check
