[2025-01-12T13:59:56.775+0000] {taskinstance.py:1956} INFO - Dependencies all met for dep_context=non-requeueable deps ti=<TaskInstance: insert_date.md_account_d manual__2025-01-12T13:59:53.971818+00:00 [queued]>
[2025-01-12T13:59:56.791+0000] {taskinstance.py:1956} INFO - Dependencies all met for dep_context=requeueable deps ti=<TaskInstance: insert_date.md_account_d manual__2025-01-12T13:59:53.971818+00:00 [queued]>
[2025-01-12T13:59:56.792+0000] {taskinstance.py:2170} INFO - Starting attempt 1 of 3
[2025-01-12T13:59:57.026+0000] {taskinstance.py:2191} INFO - Executing <Task(PythonOperator): md_account_d> on 2025-01-12 13:59:53.971818+00:00
[2025-01-12T13:59:57.036+0000] {standard_task_runner.py:60} INFO - Started process 1871 to run task
[2025-01-12T13:59:57.043+0000] {standard_task_runner.py:87} INFO - Running: ['***', 'tasks', 'run', 'insert_date', 'md_account_d', 'manual__2025-01-12T13:59:53.971818+00:00', '--job-id', '2171', '--raw', '--subdir', 'DAGS_FOLDER/insert_data.py', '--cfg-path', '/tmp/tmpn6s7862s']
[2025-01-12T13:59:57.050+0000] {standard_task_runner.py:88} INFO - Job 2171: Subtask md_account_d
[2025-01-12T13:59:57.136+0000] {task_command.py:423} INFO - Running <TaskInstance: insert_date.md_account_d manual__2025-01-12T13:59:53.971818+00:00 [running]> on host 711845a6becd
[2025-01-12T13:59:57.251+0000] {taskinstance.py:2480} INFO - Exporting env vars: AIRFLOW_CTX_DAG_OWNER='budanovsa' AIRFLOW_CTX_DAG_ID='insert_date' AIRFLOW_CTX_TASK_ID='md_account_d' AIRFLOW_CTX_EXECUTION_DATE='2025-01-12T13:59:53.971818+00:00' AIRFLOW_CTX_TRY_NUMBER='1' AIRFLOW_CTX_DAG_RUN_ID='manual__2025-01-12T13:59:53.971818+00:00'
[2025-01-12T13:59:57.287+0000] {base.py:83} INFO - Using connection ID 'postgres-db' for task execution.
[2025-01-12T13:59:57.446+0000] {python.py:201} INFO - Done. Returned value was: None
[2025-01-12T13:59:57.463+0000] {taskinstance.py:1138} INFO - Marking task as SUCCESS. dag_id=insert_date, task_id=md_account_d, execution_date=20250112T135953, start_date=20250112T135956, end_date=20250112T135957
[2025-01-12T13:59:57.470+0000] {base.py:83} INFO - Using connection ID 'postgres-db' for task execution.
[2025-01-12T13:59:57.567+0000] {sql.py:450} INFO - Running statement: 
        INSERT INTO log.logt (execution_datetime, event_datetime, event_name)
        VALUES ('2025-01-12 13:59:53.971818', '2025-01-12 13:59:57.465543', 'md_account_d');
    , parameters: None
[2025-01-12T13:59:57.572+0000] {sql.py:459} INFO - Rows affected: 1
[2025-01-12T13:59:57.624+0000] {local_task_job_runner.py:234} INFO - Task exited with return code 0
[2025-01-12T13:59:57.707+0000] {taskinstance.py:3280} INFO - 0 downstream tasks scheduled from follow-on schedule check
