[2025-01-12T16:56:40.839+0000] {taskinstance.py:1956} INFO - Dependencies all met for dep_context=non-requeueable deps ti=<TaskInstance: insert_date.ft_balance_f manual__2025-01-12T16:56:36.920944+00:00 [queued]>
[2025-01-12T16:56:40.856+0000] {taskinstance.py:1956} INFO - Dependencies all met for dep_context=requeueable deps ti=<TaskInstance: insert_date.ft_balance_f manual__2025-01-12T16:56:36.920944+00:00 [queued]>
[2025-01-12T16:56:40.857+0000] {taskinstance.py:2170} INFO - Starting attempt 1 of 3
[2025-01-12T16:56:41.059+0000] {taskinstance.py:2191} INFO - Executing <Task(PythonOperator): ft_balance_f> on 2025-01-12 16:56:36.920944+00:00
[2025-01-12T16:56:41.067+0000] {standard_task_runner.py:60} INFO - Started process 4441 to run task
[2025-01-12T16:56:41.072+0000] {standard_task_runner.py:87} INFO - Running: ['***', 'tasks', 'run', 'insert_date', 'ft_balance_f', 'manual__2025-01-12T16:56:36.920944+00:00', '--job-id', '2444', '--raw', '--subdir', 'DAGS_FOLDER/insert_data.py', '--cfg-path', '/tmp/tmpa6p2c17i']
[2025-01-12T16:56:41.077+0000] {standard_task_runner.py:88} INFO - Job 2444: Subtask ft_balance_f
[2025-01-12T16:56:41.150+0000] {task_command.py:423} INFO - Running <TaskInstance: insert_date.ft_balance_f manual__2025-01-12T16:56:36.920944+00:00 [running]> on host 711845a6becd
[2025-01-12T16:56:41.265+0000] {taskinstance.py:2480} INFO - Exporting env vars: AIRFLOW_CTX_DAG_OWNER='budanovsa' AIRFLOW_CTX_DAG_ID='insert_date' AIRFLOW_CTX_TASK_ID='ft_balance_f' AIRFLOW_CTX_EXECUTION_DATE='2025-01-12T16:56:36.920944+00:00' AIRFLOW_CTX_TRY_NUMBER='1' AIRFLOW_CTX_DAG_RUN_ID='manual__2025-01-12T16:56:36.920944+00:00'
[2025-01-12T16:56:41.284+0000] {base.py:83} INFO - Using connection ID 'postgres-db' for task execution.
[2025-01-12T16:56:41.398+0000] {python.py:201} INFO - Done. Returned value was: None
[2025-01-12T16:56:41.413+0000] {taskinstance.py:1138} INFO - Marking task as SUCCESS. dag_id=insert_date, task_id=ft_balance_f, execution_date=20250112T165636, start_date=20250112T165640, end_date=20250112T165641
[2025-01-12T16:56:41.424+0000] {base.py:83} INFO - Using connection ID 'postgres-db' for task execution.
[2025-01-12T16:56:41.487+0000] {sql.py:450} INFO - Running statement: 
        INSERT INTO log.logt (execution_datetime, event_datetime, event_name)
        VALUES ('2025-01-12 16:56:36.920944', '2025-01-12T16:56:41.419848', 'ft_balance_f');
    , parameters: None
[2025-01-12T16:56:41.491+0000] {sql.py:459} INFO - Rows affected: 1
[2025-01-12T16:56:41.526+0000] {local_task_job_runner.py:234} INFO - Task exited with return code 0
[2025-01-12T16:56:41.560+0000] {taskinstance.py:3280} INFO - 0 downstream tasks scheduled from follow-on schedule check
