[2025-01-07T06:40:06.237+0000] {taskinstance.py:1946} INFO - Dependencies not met for <TaskInstance: insert_date.ft_posting_f scheduled__2025-01-06T00:00:00+00:00 [failed]>, dependency 'Task Instance State' FAILED: Task is in the 'failed' state.
[2025-01-07T06:40:06.253+0000] {local_task_job_runner.py:160} INFO - Task is not able to be run
[2025-01-07T06:40:06.300+0000] {taskinstance.py:1946} INFO - Dependencies not met for <TaskInstance: insert_date.ft_posting_f scheduled__2025-01-06T00:00:00+00:00 [failed]>, dependency 'Task Instance State' FAILED: Task is in the 'failed' state.
[2025-01-07T06:40:06.304+0000] {local_task_job_runner.py:160} INFO - Task is not able to be run
[2025-01-07T06:40:06.916+0000] {taskinstance.py:1946} INFO - Dependencies not met for <TaskInstance: insert_date.ft_posting_f scheduled__2025-01-06T00:00:00+00:00 [failed]>, dependency 'Task Instance State' FAILED: Task is in the 'failed' state.
[2025-01-07T06:40:06.924+0000] {local_task_job_runner.py:160} INFO - Task is not able to be run
[2025-01-07T09:32:33.211+0000] {taskinstance.py:1956} INFO - Dependencies all met for dep_context=non-requeueable deps ti=<TaskInstance: insert_date.ft_posting_f scheduled__2025-01-06T00:00:00+00:00 [queued]>
[2025-01-07T09:32:33.306+0000] {taskinstance.py:1956} INFO - Dependencies all met for dep_context=requeueable deps ti=<TaskInstance: insert_date.ft_posting_f scheduled__2025-01-06T00:00:00+00:00 [queued]>
[2025-01-07T09:32:33.307+0000] {taskinstance.py:2170} INFO - Starting attempt 3 of 5
[2025-01-07T09:32:34.159+0000] {taskinstance.py:2191} INFO - Executing <Task(PythonOperator): ft_posting_f> on 2025-01-06 00:00:00+00:00
[2025-01-07T09:32:34.211+0000] {standard_task_runner.py:60} INFO - Started process 418 to run task
[2025-01-07T09:32:34.226+0000] {standard_task_runner.py:87} INFO - Running: ['***', 'tasks', 'run', 'insert_date', 'ft_posting_f', 'scheduled__2025-01-06T00:00:00+00:00', '--job-id', '486', '--raw', '--subdir', 'DAGS_FOLDER/insert_data.py', '--cfg-path', '/tmp/tmp1f31q8jt']
[2025-01-07T09:32:34.242+0000] {standard_task_runner.py:88} INFO - Job 486: Subtask ft_posting_f
[2025-01-07T09:32:34.478+0000] {task_command.py:423} INFO - Running <TaskInstance: insert_date.ft_posting_f scheduled__2025-01-06T00:00:00+00:00 [running]> on host 25a397655cc7
[2025-01-07T09:32:34.954+0000] {taskinstance.py:2480} INFO - Exporting env vars: AIRFLOW_CTX_DAG_OWNER='budanovsa' AIRFLOW_CTX_DAG_ID='insert_date' AIRFLOW_CTX_TASK_ID='ft_posting_f' AIRFLOW_CTX_EXECUTION_DATE='2025-01-06T00:00:00+00:00' AIRFLOW_CTX_TRY_NUMBER='3' AIRFLOW_CTX_DAG_RUN_ID='scheduled__2025-01-06T00:00:00+00:00'
[2025-01-07T09:32:35.241+0000] {base.py:83} INFO - Using connection ID 'postgres-db' for task execution.
[2025-01-07T09:32:40.031+0000] {python.py:201} INFO - Done. Returned value was: None
[2025-01-07T09:32:40.114+0000] {taskinstance.py:1138} INFO - Marking task as SUCCESS. dag_id=insert_date, task_id=ft_posting_f, execution_date=20250106T000000, start_date=20250107T093233, end_date=20250107T093240
[2025-01-07T09:32:40.661+0000] {local_task_job_runner.py:234} INFO - Task exited with return code 0
[2025-01-07T09:32:40.797+0000] {taskinstance.py:3280} INFO - 0 downstream tasks scheduled from follow-on schedule check
