[2025-01-12T16:51:20.224+0000] {taskinstance.py:1956} INFO - Dependencies all met for dep_context=non-requeueable deps ti=<TaskInstance: insert_date.ft_balance_f manual__2025-01-12T16:51:14.106276+00:00 [queued]>
[2025-01-12T16:51:20.238+0000] {taskinstance.py:1956} INFO - Dependencies all met for dep_context=requeueable deps ti=<TaskInstance: insert_date.ft_balance_f manual__2025-01-12T16:51:14.106276+00:00 [queued]>
[2025-01-12T16:51:20.239+0000] {taskinstance.py:2170} INFO - Starting attempt 1 of 3
[2025-01-12T16:51:20.568+0000] {taskinstance.py:2191} INFO - Executing <Task(PythonOperator): ft_balance_f> on 2025-01-12 16:51:14.106276+00:00
[2025-01-12T16:51:20.575+0000] {standard_task_runner.py:60} INFO - Started process 4252 to run task
[2025-01-12T16:51:20.588+0000] {standard_task_runner.py:87} INFO - Running: ['***', 'tasks', 'run', 'insert_date', 'ft_balance_f', 'manual__2025-01-12T16:51:14.106276+00:00', '--job-id', '2409', '--raw', '--subdir', 'DAGS_FOLDER/insert_data.py', '--cfg-path', '/tmp/tmp8u6d6d13']
[2025-01-12T16:51:20.592+0000] {standard_task_runner.py:88} INFO - Job 2409: Subtask ft_balance_f
[2025-01-12T16:51:20.667+0000] {task_command.py:423} INFO - Running <TaskInstance: insert_date.ft_balance_f manual__2025-01-12T16:51:14.106276+00:00 [running]> on host 711845a6becd
[2025-01-12T16:51:20.779+0000] {taskinstance.py:2480} INFO - Exporting env vars: AIRFLOW_CTX_DAG_OWNER='budanovsa' AIRFLOW_CTX_DAG_ID='insert_date' AIRFLOW_CTX_TASK_ID='ft_balance_f' AIRFLOW_CTX_EXECUTION_DATE='2025-01-12T16:51:14.106276+00:00' AIRFLOW_CTX_TRY_NUMBER='1' AIRFLOW_CTX_DAG_RUN_ID='manual__2025-01-12T16:51:14.106276+00:00'
[2025-01-12T16:51:20.798+0000] {base.py:83} INFO - Using connection ID 'postgres-db' for task execution.
[2025-01-12T16:51:20.925+0000] {python.py:201} INFO - Done. Returned value was: None
[2025-01-12T16:51:20.940+0000] {taskinstance.py:1138} INFO - Marking task as SUCCESS. dag_id=insert_date, task_id=ft_balance_f, execution_date=20250112T165114, start_date=20250112T165120, end_date=20250112T165120
[2025-01-12T16:51:20.945+0000] {base.py:83} INFO - Using connection ID 'postgres-db' for task execution.
[2025-01-12T16:51:21.015+0000] {sql.py:450} INFO - Running statement: 
        INSERT INTO log.logt (execution_datetime, event_datetime, event_name)
        VALUES ('2025-01-12 16:51:14.106276', '2025-01-12T16:51:20.941536', 'ft_balance_f');
    , parameters: None
[2025-01-12T16:51:21.019+0000] {sql.py:459} INFO - Rows affected: 1
[2025-01-12T16:51:21.078+0000] {local_task_job_runner.py:234} INFO - Task exited with return code 0
[2025-01-12T16:51:21.132+0000] {taskinstance.py:3280} INFO - 0 downstream tasks scheduled from follow-on schedule check
