[2025-01-08T13:26:16.996+0000] {taskinstance.py:1956} INFO - Dependencies all met for dep_context=non-requeueable deps ti=<TaskInstance: insert_date.ft_balance_f manual__2025-01-08T13:26:13.933832+00:00 [queued]>
[2025-01-08T13:26:17.010+0000] {taskinstance.py:1956} INFO - Dependencies all met for dep_context=requeueable deps ti=<TaskInstance: insert_date.ft_balance_f manual__2025-01-08T13:26:13.933832+00:00 [queued]>
[2025-01-08T13:26:17.011+0000] {taskinstance.py:2170} INFO - Starting attempt 1 of 3
[2025-01-08T13:26:17.306+0000] {taskinstance.py:2191} INFO - Executing <Task(PythonOperator): ft_balance_f> on 2025-01-08 13:26:13.933832+00:00
[2025-01-08T13:26:17.314+0000] {standard_task_runner.py:60} INFO - Started process 382 to run task
[2025-01-08T13:26:17.323+0000] {standard_task_runner.py:87} INFO - Running: ['***', 'tasks', 'run', 'insert_date', 'ft_balance_f', 'manual__2025-01-08T13:26:13.933832+00:00', '--job-id', '1322', '--raw', '--subdir', 'DAGS_FOLDER/insert_data.py', '--cfg-path', '/tmp/tmp76kixrc3']
[2025-01-08T13:26:17.328+0000] {standard_task_runner.py:88} INFO - Job 1322: Subtask ft_balance_f
[2025-01-08T13:26:17.407+0000] {task_command.py:423} INFO - Running <TaskInstance: insert_date.ft_balance_f manual__2025-01-08T13:26:13.933832+00:00 [running]> on host 779bfbde52bc
[2025-01-08T13:26:17.517+0000] {taskinstance.py:2480} INFO - Exporting env vars: AIRFLOW_CTX_DAG_OWNER='budanovsa' AIRFLOW_CTX_DAG_ID='insert_date' AIRFLOW_CTX_TASK_ID='ft_balance_f' AIRFLOW_CTX_EXECUTION_DATE='2025-01-08T13:26:13.933832+00:00' AIRFLOW_CTX_TRY_NUMBER='1' AIRFLOW_CTX_DAG_RUN_ID='manual__2025-01-08T13:26:13.933832+00:00'
[2025-01-08T13:26:17.552+0000] {base.py:83} INFO - Using connection ID 'postgres-db' for task execution.
[2025-01-08T13:26:17.702+0000] {python.py:201} INFO - Done. Returned value was: None
[2025-01-08T13:26:17.721+0000] {taskinstance.py:1138} INFO - Marking task as SUCCESS. dag_id=insert_date, task_id=ft_balance_f, execution_date=20250108T132613, start_date=20250108T132616, end_date=20250108T132617
[2025-01-08T13:26:17.733+0000] {base.py:83} INFO - Using connection ID 'postgres-db' for task execution.
[2025-01-08T13:26:17.815+0000] {sql.py:450} INFO - Running statement: 
        INSERT INTO logs.csv_to_dag (execution_datetime, event_datetime, event_name)
        VALUES ('2025-01-08T13:26:13.933832', '2025-01-08T13:26:17.722963', 'ft_balance_f');
    , parameters: None
[2025-01-08T13:26:17.819+0000] {sql.py:459} INFO - Rows affected: 1
[2025-01-08T13:26:17.862+0000] {local_task_job_runner.py:234} INFO - Task exited with return code 0
[2025-01-08T13:26:17.911+0000] {taskinstance.py:3280} INFO - 0 downstream tasks scheduled from follow-on schedule check
