[2025-01-12T14:04:19.421+0000] {taskinstance.py:1956} INFO - Dependencies all met for dep_context=non-requeueable deps ti=<TaskInstance: insert_date.md_ledger_account_s manual__2025-01-12T14:04:16.428913+00:00 [queued]>
[2025-01-12T14:04:19.435+0000] {taskinstance.py:1956} INFO - Dependencies all met for dep_context=requeueable deps ti=<TaskInstance: insert_date.md_ledger_account_s manual__2025-01-12T14:04:16.428913+00:00 [queued]>
[2025-01-12T14:04:19.436+0000] {taskinstance.py:2170} INFO - Starting attempt 1 of 3
[2025-01-12T14:04:19.637+0000] {taskinstance.py:2191} INFO - Executing <Task(PythonOperator): md_ledger_account_s> on 2025-01-12 14:04:16.428913+00:00
[2025-01-12T14:04:19.648+0000] {standard_task_runner.py:60} INFO - Started process 2024 to run task
[2025-01-12T14:04:19.653+0000] {standard_task_runner.py:87} INFO - Running: ['***', 'tasks', 'run', 'insert_date', 'md_ledger_account_s', 'manual__2025-01-12T14:04:16.428913+00:00', '--job-id', '2206', '--raw', '--subdir', 'DAGS_FOLDER/insert_data.py', '--cfg-path', '/tmp/tmpdc6x3u61']
[2025-01-12T14:04:19.656+0000] {standard_task_runner.py:88} INFO - Job 2206: Subtask md_ledger_account_s
[2025-01-12T14:04:19.722+0000] {task_command.py:423} INFO - Running <TaskInstance: insert_date.md_ledger_account_s manual__2025-01-12T14:04:16.428913+00:00 [running]> on host 711845a6becd
[2025-01-12T14:04:19.843+0000] {taskinstance.py:2480} INFO - Exporting env vars: AIRFLOW_CTX_DAG_OWNER='budanovsa' AIRFLOW_CTX_DAG_ID='insert_date' AIRFLOW_CTX_TASK_ID='md_ledger_account_s' AIRFLOW_CTX_EXECUTION_DATE='2025-01-12T14:04:16.428913+00:00' AIRFLOW_CTX_TRY_NUMBER='1' AIRFLOW_CTX_DAG_RUN_ID='manual__2025-01-12T14:04:16.428913+00:00'
[2025-01-12T14:04:19.880+0000] {base.py:83} INFO - Using connection ID 'postgres-db' for task execution.
[2025-01-12T14:04:20.026+0000] {python.py:201} INFO - Done. Returned value was: None
[2025-01-12T14:04:20.051+0000] {taskinstance.py:1138} INFO - Marking task as SUCCESS. dag_id=insert_date, task_id=md_ledger_account_s, execution_date=20250112T140416, start_date=20250112T140419, end_date=20250112T140420
[2025-01-12T14:04:20.060+0000] {base.py:83} INFO - Using connection ID 'postgres-db' for task execution.
[2025-01-12T14:04:20.125+0000] {sql.py:450} INFO - Running statement: 
        INSERT INTO log.logt (execution_datetime, event_datetime, event_name)
        VALUES ('2025-01-12 14:04:16.428913', '2025-01-12 14:04:20.053011', 'md_ledger_account_s');
    , parameters: None
[2025-01-12T14:04:20.129+0000] {sql.py:459} INFO - Rows affected: 1
[2025-01-12T14:04:20.133+0000] {taskinstance.py:1116} ERROR - Error when executing uploading_logs callback
Traceback (most recent call last):
  File "/home/airflow/.local/lib/python3.8/site-packages/airflow/models/taskinstance.py", line 1113, in _run_finished_callback
    callback(context)
  File "/opt/airflow/dags/insert_data.py", line 54, in uploading_logs
    time.sleep(5)
AttributeError: 'builtin_function_or_method' object has no attribute 'sleep'
[2025-01-12T14:04:20.185+0000] {local_task_job_runner.py:234} INFO - Task exited with return code 0
[2025-01-12T14:04:20.249+0000] {taskinstance.py:3280} INFO - 0 downstream tasks scheduled from follow-on schedule check
