[2025-01-13T15:54:38.997+0000] {taskinstance.py:1956} INFO - Dependencies all met for dep_context=non-requeueable deps ti=<TaskInstance: insert_date.sql_ft_balance_f manual__2025-01-13T15:54:20.394120+00:00 [queued]>
[2025-01-13T15:54:39.026+0000] {taskinstance.py:1956} INFO - Dependencies all met for dep_context=requeueable deps ti=<TaskInstance: insert_date.sql_ft_balance_f manual__2025-01-13T15:54:20.394120+00:00 [queued]>
[2025-01-13T15:54:39.028+0000] {taskinstance.py:2170} INFO - Starting attempt 1 of 3
[2025-01-13T15:54:39.287+0000] {taskinstance.py:2191} INFO - Executing <Task(SQLExecuteQueryOperator): sql_ft_balance_f> on 2025-01-13 15:54:20.394120+00:00
[2025-01-13T15:54:39.298+0000] {standard_task_runner.py:60} INFO - Started process 332 to run task
[2025-01-13T15:54:39.305+0000] {standard_task_runner.py:87} INFO - Running: ['***', 'tasks', 'run', 'insert_date', 'sql_ft_balance_f', 'manual__2025-01-13T15:54:20.394120+00:00', '--job-id', '3008', '--raw', '--subdir', 'DAGS_FOLDER/insert_data.py', '--cfg-path', '/tmp/tmpvqs_t770']
[2025-01-13T15:54:39.312+0000] {standard_task_runner.py:88} INFO - Job 3008: Subtask sql_ft_balance_f
[2025-01-13T15:54:39.416+0000] {task_command.py:423} INFO - Running <TaskInstance: insert_date.sql_ft_balance_f manual__2025-01-13T15:54:20.394120+00:00 [running]> on host 711845a6becd
[2025-01-13T15:54:39.605+0000] {taskinstance.py:2480} INFO - Exporting env vars: AIRFLOW_CTX_DAG_OWNER='budanovsa' AIRFLOW_CTX_DAG_ID='insert_date' AIRFLOW_CTX_TASK_ID='sql_ft_balance_f' AIRFLOW_CTX_EXECUTION_DATE='2025-01-13T15:54:20.394120+00:00' AIRFLOW_CTX_TRY_NUMBER='1' AIRFLOW_CTX_DAG_RUN_ID='manual__2025-01-13T15:54:20.394120+00:00'
[2025-01-13T15:54:39.608+0000] {sql.py:276} INFO - Executing: INSERT INTO ds.ft_balance_f(
      account_rk
    , currency_rk
    , balance_out
    , on_date
)
SELECT fbf."ACCOUNT_RK" 
     , fbf."CURRENCY_RK" 
     , fbf."BALANCE_OUT" 
     , to_date(fbf."ON_DATE" , 'dd.mm.YYYY') AS on_date
FROM stage.ft_balance_f fbf
WHERE fbf."ACCOUNT_RK"  IS NOT NULL
  AND fbf."ON_DATE"  IS NOT NULL
ON conflict On Constraint ft_balance_f_pkey DO Update
  set currency_rk=excluded.currency_rk
		,balance_out=excluded.balance_out;

[2025-01-13T15:54:39.626+0000] {base.py:83} INFO - Using connection ID 'postgres-db' for task execution.
[2025-01-13T15:54:39.642+0000] {base.py:83} INFO - Using connection ID 'postgres-db' for task execution.
[2025-01-13T15:54:39.770+0000] {sql.py:450} INFO - Running statement: INSERT INTO ds.ft_balance_f(
      account_rk
    , currency_rk
    , balance_out
    , on_date
)
SELECT fbf."ACCOUNT_RK" 
     , fbf."CURRENCY_RK" 
     , fbf."BALANCE_OUT" 
     , to_date(fbf."ON_DATE" , 'dd.mm.YYYY') AS on_date
FROM stage.ft_balance_f fbf
WHERE fbf."ACCOUNT_RK"  IS NOT NULL
  AND fbf."ON_DATE"  IS NOT NULL
ON conflict On Constraint ft_balance_f_pkey DO Update
  set currency_rk=excluded.currency_rk
		,balance_out=excluded.balance_out;
, parameters: None
[2025-01-13T15:54:39.784+0000] {sql.py:459} INFO - Rows affected: 115
[2025-01-13T15:54:39.810+0000] {taskinstance.py:1138} INFO - Marking task as SUCCESS. dag_id=insert_date, task_id=sql_ft_balance_f, execution_date=20250113T155420, start_date=20250113T155439, end_date=20250113T155439
[2025-01-13T15:54:39.818+0000] {base.py:83} INFO - Using connection ID 'postgres-db' for task execution.
[2025-01-13T15:54:39.942+0000] {sql.py:450} INFO - Running statement: 
        INSERT INTO log.logt (execution_datetime, event_datetime, event_name)
        VALUES ('2025-01-13 15:54:20.394120', '2025-01-13T15:54:39.812264', 'sql_ft_balance_f');
    , parameters: None
[2025-01-13T15:54:39.949+0000] {sql.py:459} INFO - Rows affected: 1
[2025-01-13T15:54:40.040+0000] {local_task_job_runner.py:234} INFO - Task exited with return code 0
[2025-01-13T15:54:40.106+0000] {taskinstance.py:3280} INFO - 0 downstream tasks scheduled from follow-on schedule check
