[2025-01-06T13:12:16.490+0000] {taskinstance.py:1956} INFO - Dependencies all met for dep_context=non-requeueable deps ti=<TaskInstance: insert_date.sql_ft_posting_f manual__2025-01-06T13:12:11.564960+00:00 [queued]>
[2025-01-06T13:12:16.499+0000] {taskinstance.py:1956} INFO - Dependencies all met for dep_context=requeueable deps ti=<TaskInstance: insert_date.sql_ft_posting_f manual__2025-01-06T13:12:11.564960+00:00 [queued]>
[2025-01-06T13:12:16.499+0000] {taskinstance.py:2170} INFO - Starting attempt 1 of 3
[2025-01-06T13:12:16.621+0000] {taskinstance.py:2191} INFO - Executing <Task(SQLExecuteQueryOperator): sql_ft_posting_f> on 2025-01-06 13:12:11.564960+00:00
[2025-01-06T13:12:16.626+0000] {standard_task_runner.py:60} INFO - Started process 4042 to run task
[2025-01-06T13:12:16.629+0000] {standard_task_runner.py:87} INFO - Running: ['***', 'tasks', 'run', 'insert_date', 'sql_ft_posting_f', 'manual__2025-01-06T13:12:11.564960+00:00', '--job-id', '317', '--raw', '--subdir', 'DAGS_FOLDER/insert_data.py', '--cfg-path', '/tmp/tmph3sr_sw3']
[2025-01-06T13:12:16.632+0000] {standard_task_runner.py:88} INFO - Job 317: Subtask sql_ft_posting_f
[2025-01-06T13:12:16.668+0000] {task_command.py:423} INFO - Running <TaskInstance: insert_date.sql_ft_posting_f manual__2025-01-06T13:12:11.564960+00:00 [running]> on host 25a397655cc7
[2025-01-06T13:12:16.732+0000] {taskinstance.py:2480} INFO - Exporting env vars: AIRFLOW_CTX_DAG_OWNER='budanovsa' AIRFLOW_CTX_DAG_ID='insert_date' AIRFLOW_CTX_TASK_ID='sql_ft_posting_f' AIRFLOW_CTX_EXECUTION_DATE='2025-01-06T13:12:11.564960+00:00' AIRFLOW_CTX_TRY_NUMBER='1' AIRFLOW_CTX_DAG_RUN_ID='manual__2025-01-06T13:12:11.564960+00:00'
[2025-01-06T13:12:16.734+0000] {sql.py:276} INFO - Executing:  INSERT INTO dsl.ft_posting_f(
      credit_account_rk
    , debet_account_rk
    , credit_amount
    , debet_amount
    , oper_date
)
SELECT fpf."CREDIT_ACCOUNT_RK"
    , fpf."DEBET_ACCOUNT_RK" 
    , fpf."CREDIT_AMOUNT" 
    , fpf."DEBET_AMOUNT" 
    , to_date(fpf."OPER_DATE", 'dd.mm.YYYY')
  FROM stage.ft_posting_f fpf
 WHERE fpf."CREDIT_ACCOUNT_RK" IS NOT NULL
   AND fpf."DEBET_ACCOUNT_RK" IS NOT NULL; 
[2025-01-06T13:12:16.742+0000] {base.py:83} INFO - Using connection ID 'postgres-db' for task execution.
[2025-01-06T13:12:16.748+0000] {base.py:83} INFO - Using connection ID 'postgres-db' for task execution.
[2025-01-06T13:12:16.801+0000] {sql.py:450} INFO - Running statement:  INSERT INTO dsl.ft_posting_f(
      credit_account_rk
    , debet_account_rk
    , credit_amount
    , debet_amount
    , oper_date
)
SELECT fpf."CREDIT_ACCOUNT_RK"
    , fpf."DEBET_ACCOUNT_RK" 
    , fpf."CREDIT_AMOUNT" 
    , fpf."DEBET_AMOUNT" 
    , to_date(fpf."OPER_DATE", 'dd.mm.YYYY')
  FROM stage.ft_posting_f fpf
 WHERE fpf."CREDIT_ACCOUNT_RK" IS NOT NULL
   AND fpf."DEBET_ACCOUNT_RK" IS NOT NULL; , parameters: None
[2025-01-06T13:12:16.916+0000] {sql.py:459} INFO - Rows affected: 33892
[2025-01-06T13:12:16.931+0000] {taskinstance.py:1138} INFO - Marking task as SUCCESS. dag_id=insert_date, task_id=sql_ft_posting_f, execution_date=20250106T131211, start_date=20250106T131216, end_date=20250106T131216
[2025-01-06T13:12:16.962+0000] {local_task_job_runner.py:234} INFO - Task exited with return code 0
[2025-01-06T13:12:16.987+0000] {taskinstance.py:3280} INFO - 1 downstream tasks scheduled from follow-on schedule check
