[2025-01-06T12:12:11.866+0000] {taskinstance.py:1956} INFO - Dependencies all met for dep_context=non-requeueable deps ti=<TaskInstance: insert_date.sql_ft_posting_f manual__2025-01-06T12:12:06.897129+00:00 [queued]>
[2025-01-06T12:12:11.875+0000] {taskinstance.py:1956} INFO - Dependencies all met for dep_context=requeueable deps ti=<TaskInstance: insert_date.sql_ft_posting_f manual__2025-01-06T12:12:06.897129+00:00 [queued]>
[2025-01-06T12:12:11.875+0000] {taskinstance.py:2170} INFO - Starting attempt 1 of 3
[2025-01-06T12:12:11.994+0000] {taskinstance.py:2191} INFO - Executing <Task(SQLExecuteQueryOperator): sql_ft_posting_f> on 2025-01-06 12:12:06.897129+00:00
[2025-01-06T12:12:11.999+0000] {standard_task_runner.py:60} INFO - Started process 3104 to run task
[2025-01-06T12:12:12.003+0000] {standard_task_runner.py:87} INFO - Running: ['***', 'tasks', 'run', 'insert_date', 'sql_ft_posting_f', 'manual__2025-01-06T12:12:06.897129+00:00', '--job-id', '297', '--raw', '--subdir', 'DAGS_FOLDER/insert_data.py', '--cfg-path', '/tmp/tmpg8j0dlrz']
[2025-01-06T12:12:12.005+0000] {standard_task_runner.py:88} INFO - Job 297: Subtask sql_ft_posting_f
[2025-01-06T12:12:12.052+0000] {task_command.py:423} INFO - Running <TaskInstance: insert_date.sql_ft_posting_f manual__2025-01-06T12:12:06.897129+00:00 [running]> on host 25a397655cc7
[2025-01-06T12:12:12.115+0000] {taskinstance.py:2480} INFO - Exporting env vars: AIRFLOW_CTX_DAG_OWNER='budanovsa' AIRFLOW_CTX_DAG_ID='insert_date' AIRFLOW_CTX_TASK_ID='sql_ft_posting_f' AIRFLOW_CTX_EXECUTION_DATE='2025-01-06T12:12:06.897129+00:00' AIRFLOW_CTX_TRY_NUMBER='1' AIRFLOW_CTX_DAG_RUN_ID='manual__2025-01-06T12:12:06.897129+00:00'
[2025-01-06T12:12:12.116+0000] {sql.py:276} INFO - Executing:  INSERT INTO dsl.ft_posting_f(
      credit_account_rk
    , debet_account_rk
    , credit_amount
    , debet_amount
    , oper_date
)
SELECT fpf."CREDIT_ACCOUNT_RK"
    , fpf."DEBET_ACCOUNT_RK" 
    , fpf."CREDIT_AMOUNT" 
    , fpf."DEBET_AMOUNT" 
    , to_date(fpf."OPER_DATE", 'dd.mm.YYYY')
  FROM stage.ft_posting_f fpf
 WHERE fpf."CREDIT_ACCOUNT_RK" IS NOT NULL
   AND fpf."DEBET_ACCOUNT_RK" IS NOT NULL; 
[2025-01-06T12:12:12.124+0000] {base.py:83} INFO - Using connection ID 'postgres-db' for task execution.
[2025-01-06T12:12:12.131+0000] {base.py:83} INFO - Using connection ID 'postgres-db' for task execution.
[2025-01-06T12:12:12.184+0000] {sql.py:450} INFO - Running statement:  INSERT INTO dsl.ft_posting_f(
      credit_account_rk
    , debet_account_rk
    , credit_amount
    , debet_amount
    , oper_date
)
SELECT fpf."CREDIT_ACCOUNT_RK"
    , fpf."DEBET_ACCOUNT_RK" 
    , fpf."CREDIT_AMOUNT" 
    , fpf."DEBET_AMOUNT" 
    , to_date(fpf."OPER_DATE", 'dd.mm.YYYY')
  FROM stage.ft_posting_f fpf
 WHERE fpf."CREDIT_ACCOUNT_RK" IS NOT NULL
   AND fpf."DEBET_ACCOUNT_RK" IS NOT NULL; , parameters: None
[2025-01-06T12:12:12.238+0000] {sql.py:459} INFO - Rows affected: 33892
[2025-01-06T12:12:12.252+0000] {taskinstance.py:1138} INFO - Marking task as SUCCESS. dag_id=insert_date, task_id=sql_ft_posting_f, execution_date=20250106T121206, start_date=20250106T121211, end_date=20250106T121212
[2025-01-06T12:12:12.295+0000] {local_task_job_runner.py:234} INFO - Task exited with return code 0
[2025-01-06T12:12:12.309+0000] {taskinstance.py:3280} INFO - 0 downstream tasks scheduled from follow-on schedule check
