[2025-01-12T17:04:10.676+0000] {taskinstance.py:1956} INFO - Dependencies all met for dep_context=non-requeueable deps ti=<TaskInstance: insert_date.md_currency_d manual__2025-01-12T17:04:06.891154+00:00 [queued]>
[2025-01-12T17:04:10.691+0000] {taskinstance.py:1956} INFO - Dependencies all met for dep_context=requeueable deps ti=<TaskInstance: insert_date.md_currency_d manual__2025-01-12T17:04:06.891154+00:00 [queued]>
[2025-01-12T17:04:10.692+0000] {taskinstance.py:2170} INFO - Starting attempt 1 of 3
[2025-01-12T17:04:10.983+0000] {taskinstance.py:2191} INFO - Executing <Task(PythonOperator): md_currency_d> on 2025-01-12 17:04:06.891154+00:00
[2025-01-12T17:04:10.991+0000] {standard_task_runner.py:60} INFO - Started process 4674 to run task
[2025-01-12T17:04:10.997+0000] {standard_task_runner.py:87} INFO - Running: ['***', 'tasks', 'run', 'insert_date', 'md_currency_d', 'manual__2025-01-12T17:04:06.891154+00:00', '--job-id', '2485', '--raw', '--subdir', 'DAGS_FOLDER/insert_data.py', '--cfg-path', '/tmp/tmplijyyabh']
[2025-01-12T17:04:11.001+0000] {standard_task_runner.py:88} INFO - Job 2485: Subtask md_currency_d
[2025-01-12T17:04:11.259+0000] {task_command.py:423} INFO - Running <TaskInstance: insert_date.md_currency_d manual__2025-01-12T17:04:06.891154+00:00 [running]> on host 711845a6becd
[2025-01-12T17:04:11.424+0000] {taskinstance.py:2480} INFO - Exporting env vars: AIRFLOW_CTX_DAG_OWNER='budanovsa' AIRFLOW_CTX_DAG_ID='insert_date' AIRFLOW_CTX_TASK_ID='md_currency_d' AIRFLOW_CTX_EXECUTION_DATE='2025-01-12T17:04:06.891154+00:00' AIRFLOW_CTX_TRY_NUMBER='1' AIRFLOW_CTX_DAG_RUN_ID='manual__2025-01-12T17:04:06.891154+00:00'
[2025-01-12T17:04:11.488+0000] {base.py:83} INFO - Using connection ID 'postgres-db' for task execution.
[2025-01-12T17:04:11.649+0000] {python.py:201} INFO - Done. Returned value was: None
[2025-01-12T17:04:11.664+0000] {taskinstance.py:1138} INFO - Marking task as SUCCESS. dag_id=insert_date, task_id=md_currency_d, execution_date=20250112T170406, start_date=20250112T170410, end_date=20250112T170411
[2025-01-12T17:04:11.669+0000] {base.py:83} INFO - Using connection ID 'postgres-db' for task execution.
[2025-01-12T17:04:11.736+0000] {sql.py:450} INFO - Running statement: 
        INSERT INTO log.logt (execution_datetime, event_datetime, event_name)
        VALUES ('2025-01-12 17:04:06.891154', '2025-01-12T17:04:11.665591', 'md_currency_d');
    , parameters: None
[2025-01-12T17:04:11.742+0000] {sql.py:459} INFO - Rows affected: 1
[2025-01-12T17:04:11.779+0000] {local_task_job_runner.py:234} INFO - Task exited with return code 0
[2025-01-12T17:04:11.886+0000] {taskinstance.py:3280} INFO - 0 downstream tasks scheduled from follow-on schedule check
