[2025-01-12T12:31:17.868+0000] {taskinstance.py:1956} INFO - Dependencies all met for dep_context=non-requeueable deps ti=<TaskInstance: insert_date.sql_ft_posting_f scheduled__2025-01-11T00:00:00+00:00 [queued]>
[2025-01-12T12:31:17.881+0000] {taskinstance.py:1956} INFO - Dependencies all met for dep_context=requeueable deps ti=<TaskInstance: insert_date.sql_ft_posting_f scheduled__2025-01-11T00:00:00+00:00 [queued]>
[2025-01-12T12:31:17.882+0000] {taskinstance.py:2170} INFO - Starting attempt 1 of 3
[2025-01-12T12:31:18.053+0000] {taskinstance.py:2191} INFO - Executing <Task(SQLExecuteQueryOperator): sql_ft_posting_f> on 2025-01-11 00:00:00+00:00
[2025-01-12T12:31:18.059+0000] {standard_task_runner.py:60} INFO - Started process 135 to run task
[2025-01-12T12:31:18.064+0000] {standard_task_runner.py:87} INFO - Running: ['***', 'tasks', 'run', 'insert_date', 'sql_ft_posting_f', 'scheduled__2025-01-11T00:00:00+00:00', '--job-id', '2023', '--raw', '--subdir', 'DAGS_FOLDER/insert_data.py', '--cfg-path', '/tmp/tmpgiimyzgo']
[2025-01-12T12:31:18.068+0000] {standard_task_runner.py:88} INFO - Job 2023: Subtask sql_ft_posting_f
[2025-01-12T12:31:18.123+0000] {task_command.py:423} INFO - Running <TaskInstance: insert_date.sql_ft_posting_f scheduled__2025-01-11T00:00:00+00:00 [running]> on host 711845a6becd
[2025-01-12T12:31:18.220+0000] {taskinstance.py:2480} INFO - Exporting env vars: AIRFLOW_CTX_DAG_OWNER='budanovsa' AIRFLOW_CTX_DAG_ID='insert_date' AIRFLOW_CTX_TASK_ID='sql_ft_posting_f' AIRFLOW_CTX_EXECUTION_DATE='2025-01-11T00:00:00+00:00' AIRFLOW_CTX_TRY_NUMBER='1' AIRFLOW_CTX_DAG_RUN_ID='scheduled__2025-01-11T00:00:00+00:00'
[2025-01-12T12:31:18.222+0000] {sql.py:276} INFO - Executing: truncate table ds.ft_posting_f;

INSERT INTO ds.ft_posting_f(
      credit_account_rk
    , debet_account_rk
    , credit_amount
    , debet_amount
    , oper_date
)
SELECT fpf."CREDIT_ACCOUNT_RK"
    , fpf."DEBET_ACCOUNT_RK" 
    , fpf."CREDIT_AMOUNT" 
    , fpf."DEBET_AMOUNT" 
    , to_date(fpf."OPER_DATE", 'dd.mm.YYYY') as oper_date
FROM stage.ft_posting_f fpf
 WHERE fpf."CREDIT_ACCOUNT_RK" IS NOT NULL
AND fpf."DEBET_ACCOUNT_RK" IS NOT NULL; 
[2025-01-12T12:31:18.234+0000] {base.py:83} INFO - Using connection ID 'postgres-db' for task execution.
[2025-01-12T12:31:18.244+0000] {base.py:83} INFO - Using connection ID 'postgres-db' for task execution.
[2025-01-12T12:31:18.306+0000] {sql.py:450} INFO - Running statement: truncate table ds.ft_posting_f;

INSERT INTO ds.ft_posting_f(
      credit_account_rk
    , debet_account_rk
    , credit_amount
    , debet_amount
    , oper_date
)
SELECT fpf."CREDIT_ACCOUNT_RK"
    , fpf."DEBET_ACCOUNT_RK" 
    , fpf."CREDIT_AMOUNT" 
    , fpf."DEBET_AMOUNT" 
    , to_date(fpf."OPER_DATE", 'dd.mm.YYYY') as oper_date
FROM stage.ft_posting_f fpf
 WHERE fpf."CREDIT_ACCOUNT_RK" IS NOT NULL
AND fpf."DEBET_ACCOUNT_RK" IS NOT NULL; , parameters: None
[2025-01-12T12:31:19.272+0000] {sql.py:459} INFO - Rows affected: 338920
[2025-01-12T12:31:19.287+0000] {taskinstance.py:1138} INFO - Marking task as SUCCESS. dag_id=insert_date, task_id=sql_ft_posting_f, execution_date=20250111T000000, start_date=20250112T123117, end_date=20250112T123119
[2025-01-12T12:31:19.291+0000] {base.py:83} INFO - Using connection ID 'postgres-db' for task execution.
[2025-01-12T12:31:19.328+0000] {sql.py:450} INFO - Running statement: 
        INSERT INTO log.logt (execution_datetime, event_datetime, event_name)
        VALUES ('2025-01-11T00:00:00', '2025-01-12T12:31:19.288505', 'sql_ft_posting_f');
    , parameters: None
[2025-01-12T12:31:19.331+0000] {taskinstance.py:1116} ERROR - Error when executing uploading_logs callback
Traceback (most recent call last):
  File "/home/airflow/.local/lib/python3.8/site-packages/airflow/models/taskinstance.py", line 1113, in _run_finished_callback
    callback(context)
  File "/opt/airflow/dags/insert_data.py", line 53, in uploading_logs
    postgres_hook.run(query)
  File "/home/airflow/.local/lib/python3.8/site-packages/airflow/providers/common/sql/hooks/sql.py", line 398, in run
    self._run_command(cur, sql_statement, parameters)
  File "/home/airflow/.local/lib/python3.8/site-packages/airflow/providers/common/sql/hooks/sql.py", line 455, in _run_command
    cur.execute(sql_statement)
psycopg2.errors.UndefinedTable: ОШИБКА:  отношение "log.logt" не существует
LINE 2:         INSERT INTO log.logt (execution_datetime, event_date...
                            ^

[2025-01-12T12:31:19.360+0000] {local_task_job_runner.py:234} INFO - Task exited with return code 0
[2025-01-12T12:31:19.380+0000] {taskinstance.py:3280} INFO - 0 downstream tasks scheduled from follow-on schedule check
