[2025-01-13T18:00:59.708+0000] {taskinstance.py:1956} INFO - Dependencies all met for dep_context=non-requeueable deps ti=<TaskInstance: insert_date.md_currency_d manual__2025-01-13T18:00:48.578613+00:00 [queued]>
[2025-01-13T18:00:59.731+0000] {taskinstance.py:1956} INFO - Dependencies all met for dep_context=requeueable deps ti=<TaskInstance: insert_date.md_currency_d manual__2025-01-13T18:00:48.578613+00:00 [queued]>
[2025-01-13T18:00:59.732+0000] {taskinstance.py:2170} INFO - Starting attempt 1 of 3
[2025-01-13T18:01:00.083+0000] {taskinstance.py:2191} INFO - Executing <Task(PythonOperator): md_currency_d> on 2025-01-13 18:00:48.578613+00:00
[2025-01-13T18:01:00.097+0000] {standard_task_runner.py:60} INFO - Started process 2263 to run task
[2025-01-13T18:01:00.107+0000] {standard_task_runner.py:87} INFO - Running: ['***', 'tasks', 'run', 'insert_date', 'md_currency_d', 'manual__2025-01-13T18:00:48.578613+00:00', '--job-id', '3034', '--raw', '--subdir', 'DAGS_FOLDER/insert_data.py', '--cfg-path', '/tmp/tmpz6juuw2d']
[2025-01-13T18:01:00.114+0000] {standard_task_runner.py:88} INFO - Job 3034: Subtask md_currency_d
[2025-01-13T18:01:00.356+0000] {task_command.py:423} INFO - Running <TaskInstance: insert_date.md_currency_d manual__2025-01-13T18:00:48.578613+00:00 [running]> on host 711845a6becd
[2025-01-13T18:01:00.689+0000] {taskinstance.py:2480} INFO - Exporting env vars: AIRFLOW_CTX_DAG_OWNER='budanovsa' AIRFLOW_CTX_DAG_ID='insert_date' AIRFLOW_CTX_TASK_ID='md_currency_d' AIRFLOW_CTX_EXECUTION_DATE='2025-01-13T18:00:48.578613+00:00' AIRFLOW_CTX_TRY_NUMBER='1' AIRFLOW_CTX_DAG_RUN_ID='manual__2025-01-13T18:00:48.578613+00:00'
[2025-01-13T18:01:00.695+0000] {taskinstance.py:2698} ERROR - Task failed with exception
Traceback (most recent call last):
  File "/home/airflow/.local/lib/python3.8/site-packages/airflow/models/taskinstance.py", line 433, in _execute_task
    result = execute_callable(context=context, **execute_callable_kwargs)
  File "/home/airflow/.local/lib/python3.8/site-packages/airflow/operators/python.py", line 199, in execute
    return_value = self.execute_callable()
  File "/home/airflow/.local/lib/python3.8/site-packages/airflow/operators/python.py", line 216, in execute_callable
    return self.python_callable(*self.op_args, **self.op_kwargs)
  File "/opt/airflow/dags/insert_data.py", line 22, in insert_data
    df = pandas.read_csv(PATH + f"{table_name}.csv", delimiter=";", encoding='utf-8')
  File "/home/airflow/.local/lib/python3.8/site-packages/pandas/io/parsers/readers.py", line 912, in read_csv
    return _read(filepath_or_buffer, kwds)
  File "/home/airflow/.local/lib/python3.8/site-packages/pandas/io/parsers/readers.py", line 577, in _read
    parser = TextFileReader(filepath_or_buffer, **kwds)
  File "/home/airflow/.local/lib/python3.8/site-packages/pandas/io/parsers/readers.py", line 1407, in __init__
    self._engine = self._make_engine(f, self.engine)
  File "/home/airflow/.local/lib/python3.8/site-packages/pandas/io/parsers/readers.py", line 1661, in _make_engine
    self.handles = get_handle(
  File "/home/airflow/.local/lib/python3.8/site-packages/pandas/io/common.py", line 868, in get_handle
    handle = open(handle, ioargs.mode)
FileNotFoundError: [Errno 2] No such file or directory: '/files/md_currency_d.csv'
[2025-01-13T18:01:00.743+0000] {taskinstance.py:1138} INFO - Marking task as UP_FOR_RETRY. dag_id=insert_date, task_id=md_currency_d, execution_date=20250113T180048, start_date=20250113T180059, end_date=20250113T180100
[2025-01-13T18:01:00.787+0000] {standard_task_runner.py:107} ERROR - Failed to execute job 3034 for task md_currency_d ([Errno 2] No such file or directory: '/files/md_currency_d.csv'; 2263)
[2025-01-13T18:01:00.811+0000] {local_task_job_runner.py:234} INFO - Task exited with return code 1
[2025-01-13T18:01:01.115+0000] {taskinstance.py:3280} INFO - 0 downstream tasks scheduled from follow-on schedule check
