[2025-01-12T17:28:42.844+0000] {taskinstance.py:1956} INFO - Dependencies all met for dep_context=non-requeueable deps ti=<TaskInstance: insert_date.sql_md_exchange_rate_d manual__2025-01-12T17:28:35.214830+00:00 [queued]>
[2025-01-12T17:28:42.862+0000] {taskinstance.py:1956} INFO - Dependencies all met for dep_context=requeueable deps ti=<TaskInstance: insert_date.sql_md_exchange_rate_d manual__2025-01-12T17:28:35.214830+00:00 [queued]>
[2025-01-12T17:28:42.863+0000] {taskinstance.py:2170} INFO - Starting attempt 1 of 3
[2025-01-12T17:28:43.068+0000] {taskinstance.py:2191} INFO - Executing <Task(SQLExecuteQueryOperator): sql_md_exchange_rate_d> on 2025-01-12 17:28:35.214830+00:00
[2025-01-12T17:28:43.076+0000] {standard_task_runner.py:60} INFO - Started process 5294 to run task
[2025-01-12T17:28:43.080+0000] {standard_task_runner.py:87} INFO - Running: ['***', 'tasks', 'run', 'insert_date', 'sql_md_exchange_rate_d', 'manual__2025-01-12T17:28:35.214830+00:00', '--job-id', '2572', '--raw', '--subdir', 'DAGS_FOLDER/insert_data.py', '--cfg-path', '/tmp/tmpqzfw0m1o']
[2025-01-12T17:28:43.084+0000] {standard_task_runner.py:88} INFO - Job 2572: Subtask sql_md_exchange_rate_d
[2025-01-12T17:28:43.182+0000] {task_command.py:423} INFO - Running <TaskInstance: insert_date.sql_md_exchange_rate_d manual__2025-01-12T17:28:35.214830+00:00 [running]> on host 711845a6becd
[2025-01-12T17:28:43.283+0000] {taskinstance.py:2480} INFO - Exporting env vars: AIRFLOW_CTX_DAG_OWNER='budanovsa' AIRFLOW_CTX_DAG_ID='insert_date' AIRFLOW_CTX_TASK_ID='sql_md_exchange_rate_d' AIRFLOW_CTX_EXECUTION_DATE='2025-01-12T17:28:35.214830+00:00' AIRFLOW_CTX_TRY_NUMBER='1' AIRFLOW_CTX_DAG_RUN_ID='manual__2025-01-12T17:28:35.214830+00:00'
[2025-01-12T17:28:43.284+0000] {sql.py:276} INFO - Executing: INSERT INTO ds.md_exchange_rate_d( 
    data_actual_date
    ,data_actual_end_date
    ,currency_rk
	,reduced_cource
	,code_iso_num
)
SELECT distinct
    to_date(merd."DATA_ACTUAL_DATE", 'YYYY-mm-dd') as data_actual_date
    , to_date(merd."DATA_ACTUAL_END_DATE", 'YYYY-mm-dd') as data_actual_end_date
	, merd."CURRENCY_RK"
	, merd."REDUCED_COURCE"
	, merd."CODE_ISO_NUM"
FROM stage.md_exchange_rate_d merd
WHERE merd."DATA_ACTUAL_DATE" IS NOT NULL
   AND merd."CURRENCY_RK" IS NOT NULL
on conflict on constraint md_exchange_rate_d_pkey do update
	set data_actual_end_date=excluded.data_actual_end_date
		,reduced_cource=excluded.reduced_cource
		,code_iso_num=excluded.code_iso_num; 
[2025-01-12T17:28:43.293+0000] {base.py:83} INFO - Using connection ID 'postgres-db' for task execution.
[2025-01-12T17:28:43.306+0000] {base.py:83} INFO - Using connection ID 'postgres-db' for task execution.
[2025-01-12T17:28:43.388+0000] {sql.py:450} INFO - Running statement: INSERT INTO ds.md_exchange_rate_d( 
    data_actual_date
    ,data_actual_end_date
    ,currency_rk
	,reduced_cource
	,code_iso_num
)
SELECT distinct
    to_date(merd."DATA_ACTUAL_DATE", 'YYYY-mm-dd') as data_actual_date
    , to_date(merd."DATA_ACTUAL_END_DATE", 'YYYY-mm-dd') as data_actual_end_date
	, merd."CURRENCY_RK"
	, merd."REDUCED_COURCE"
	, merd."CODE_ISO_NUM"
FROM stage.md_exchange_rate_d merd
WHERE merd."DATA_ACTUAL_DATE" IS NOT NULL
   AND merd."CURRENCY_RK" IS NOT NULL
on conflict on constraint md_exchange_rate_d_pkey do update
	set data_actual_end_date=excluded.data_actual_end_date
		,reduced_cource=excluded.reduced_cource
		,code_iso_num=excluded.code_iso_num; , parameters: None
[2025-01-12T17:28:43.479+0000] {sql.py:459} INFO - Rows affected: 460
[2025-01-12T17:28:43.492+0000] {taskinstance.py:1138} INFO - Marking task as SUCCESS. dag_id=insert_date, task_id=sql_md_exchange_rate_d, execution_date=20250112T172835, start_date=20250112T172842, end_date=20250112T172843
[2025-01-12T17:28:43.497+0000] {base.py:83} INFO - Using connection ID 'postgres-db' for task execution.
[2025-01-12T17:28:43.554+0000] {sql.py:450} INFO - Running statement: 
        INSERT INTO log.logt (execution_datetime, event_datetime, event_name)
        VALUES ('2025-01-12 17:28:35.214830', '2025-01-12T17:28:43.493407', 'sql_md_exchange_rate_d');
    , parameters: None
[2025-01-12T17:28:43.557+0000] {sql.py:459} INFO - Rows affected: 1
[2025-01-12T17:28:43.615+0000] {local_task_job_runner.py:234} INFO - Task exited with return code 0
[2025-01-12T17:28:43.642+0000] {taskinstance.py:3280} INFO - 0 downstream tasks scheduled from follow-on schedule check
