[2025-01-12T13:37:58.087+0000] {taskinstance.py:1956} INFO - Dependencies all met for dep_context=non-requeueable deps ti=<TaskInstance: insert_date.start_log manual__2025-01-12T13:37:56.327394+00:00 [queued]>
[2025-01-12T13:37:58.094+0000] {taskinstance.py:1956} INFO - Dependencies all met for dep_context=requeueable deps ti=<TaskInstance: insert_date.start_log manual__2025-01-12T13:37:56.327394+00:00 [queued]>
[2025-01-12T13:37:58.095+0000] {taskinstance.py:2170} INFO - Starting attempt 1 of 3
[2025-01-12T13:37:58.212+0000] {taskinstance.py:2191} INFO - Executing <Task(PythonOperator): start_log> on 2025-01-12 13:37:56.327394+00:00
[2025-01-12T13:37:58.218+0000] {standard_task_runner.py:60} INFO - Started process 1347 to run task
[2025-01-12T13:37:58.220+0000] {standard_task_runner.py:87} INFO - Running: ['***', 'tasks', 'run', 'insert_date', 'start_log', 'manual__2025-01-12T13:37:56.327394+00:00', '--job-id', '2105', '--raw', '--subdir', 'DAGS_FOLDER/insert_data.py', '--cfg-path', '/tmp/tmpwplg9dgj']
[2025-01-12T13:37:58.222+0000] {standard_task_runner.py:88} INFO - Job 2105: Subtask start_log
[2025-01-12T13:37:58.257+0000] {task_command.py:423} INFO - Running <TaskInstance: insert_date.start_log manual__2025-01-12T13:37:56.327394+00:00 [running]> on host 711845a6becd
[2025-01-12T13:37:58.316+0000] {taskinstance.py:2480} INFO - Exporting env vars: AIRFLOW_CTX_DAG_OWNER='budanovsa' AIRFLOW_CTX_DAG_ID='insert_date' AIRFLOW_CTX_TASK_ID='start_log' AIRFLOW_CTX_EXECUTION_DATE='2025-01-12T13:37:56.327394+00:00' AIRFLOW_CTX_TRY_NUMBER='1' AIRFLOW_CTX_DAG_RUN_ID='manual__2025-01-12T13:37:56.327394+00:00'
[2025-01-12T13:37:58.317+0000] {taskinstance.py:2698} ERROR - Task failed with exception
Traceback (most recent call last):
  File "/home/airflow/.local/lib/python3.8/site-packages/airflow/models/taskinstance.py", line 433, in _execute_task
    result = execute_callable(context=context, **execute_callable_kwargs)
  File "/home/airflow/.local/lib/python3.8/site-packages/airflow/operators/python.py", line 199, in execute
    return_value = self.execute_callable()
  File "/home/airflow/.local/lib/python3.8/site-packages/airflow/operators/python.py", line 216, in execute_callable
    return self.python_callable(*self.op_args, **self.op_kwargs)
  File "/opt/airflow/dags/insert_data.py", line 57, in start_log
    sleep = cont['sleep'].sleep_id
KeyError: 'sleep'
[2025-01-12T13:37:58.326+0000] {taskinstance.py:1138} INFO - Marking task as UP_FOR_RETRY. dag_id=insert_date, task_id=start_log, execution_date=20250112T133756, start_date=20250112T133758, end_date=20250112T133758
[2025-01-12T13:37:58.335+0000] {standard_task_runner.py:107} ERROR - Failed to execute job 2105 for task start_log ('sleep'; 1347)
[2025-01-12T13:37:58.353+0000] {local_task_job_runner.py:234} INFO - Task exited with return code 1
[2025-01-12T13:37:58.374+0000] {taskinstance.py:3280} INFO - 0 downstream tasks scheduled from follow-on schedule check
