[2025-01-12T12:50:34.770+0000] {taskinstance.py:1956} INFO - Dependencies all met for dep_context=non-requeueable deps ti=<TaskInstance: insert_date.start_log manual__2025-01-12T12:50:31.963973+00:00 [queued]>
[2025-01-12T12:50:34.776+0000] {taskinstance.py:1956} INFO - Dependencies all met for dep_context=requeueable deps ti=<TaskInstance: insert_date.start_log manual__2025-01-12T12:50:31.963973+00:00 [queued]>
[2025-01-12T12:50:34.776+0000] {taskinstance.py:2170} INFO - Starting attempt 1 of 3
[2025-01-12T12:50:34.882+0000] {taskinstance.py:2191} INFO - Executing <Task(PythonOperator): start_log> on 2025-01-12 12:50:31.963973+00:00
[2025-01-12T12:50:34.887+0000] {standard_task_runner.py:60} INFO - Started process 568 to run task
[2025-01-12T12:50:34.889+0000] {standard_task_runner.py:87} INFO - Running: ['***', 'tasks', 'run', 'insert_date', 'start_log', 'manual__2025-01-12T12:50:31.963973+00:00', '--job-id', '2075', '--raw', '--subdir', 'DAGS_FOLDER/insert_data.py', '--cfg-path', '/tmp/tmp108y8nnk']
[2025-01-12T12:50:34.891+0000] {standard_task_runner.py:88} INFO - Job 2075: Subtask start_log
[2025-01-12T12:50:34.926+0000] {task_command.py:423} INFO - Running <TaskInstance: insert_date.start_log manual__2025-01-12T12:50:31.963973+00:00 [running]> on host 711845a6becd
[2025-01-12T12:50:34.978+0000] {taskinstance.py:2480} INFO - Exporting env vars: AIRFLOW_CTX_DAG_OWNER='budanovsa' AIRFLOW_CTX_DAG_ID='insert_date' AIRFLOW_CTX_TASK_ID='start_log' AIRFLOW_CTX_EXECUTION_DATE='2025-01-12T12:50:31.963973+00:00' AIRFLOW_CTX_TRY_NUMBER='1' AIRFLOW_CTX_DAG_RUN_ID='manual__2025-01-12T12:50:31.963973+00:00'
[2025-01-12T12:50:34.980+0000] {taskinstance.py:2698} ERROR - Task failed with exception
Traceback (most recent call last):
  File "/home/airflow/.local/lib/python3.8/site-packages/airflow/models/taskinstance.py", line 433, in _execute_task
    result = execute_callable(context=context, **execute_callable_kwargs)
  File "/home/airflow/.local/lib/python3.8/site-packages/airflow/operators/python.py", line 199, in execute
    return_value = self.execute_callable()
  File "/home/airflow/.local/lib/python3.8/site-packages/airflow/operators/python.py", line 216, in execute_callable
    return self.python_callable(*self.op_args, **self.op_kwargs)
TypeError: start_log() missing 1 required positional argument: 'context'
[2025-01-12T12:50:34.986+0000] {taskinstance.py:1138} INFO - Marking task as UP_FOR_RETRY. dag_id=insert_date, task_id=start_log, execution_date=20250112T125031, start_date=20250112T125034, end_date=20250112T125034
[2025-01-12T12:50:34.994+0000] {standard_task_runner.py:107} ERROR - Failed to execute job 2075 for task start_log (start_log() missing 1 required positional argument: 'context'; 568)
[2025-01-12T12:50:35.021+0000] {local_task_job_runner.py:234} INFO - Task exited with return code 1
[2025-01-12T12:50:35.042+0000] {taskinstance.py:3280} INFO - 0 downstream tasks scheduled from follow-on schedule check
