[2025-01-08T13:26:16.993+0000] {taskinstance.py:1956} INFO - Dependencies all met for dep_context=non-requeueable deps ti=<TaskInstance: insert_date.md_exchange_rate_d manual__2025-01-08T13:26:13.933832+00:00 [queued]>
[2025-01-08T13:26:17.006+0000] {taskinstance.py:1956} INFO - Dependencies all met for dep_context=requeueable deps ti=<TaskInstance: insert_date.md_exchange_rate_d manual__2025-01-08T13:26:13.933832+00:00 [queued]>
[2025-01-08T13:26:17.007+0000] {taskinstance.py:2170} INFO - Starting attempt 1 of 3
[2025-01-08T13:26:17.297+0000] {taskinstance.py:2191} INFO - Executing <Task(PythonOperator): md_exchange_rate_d> on 2025-01-08 13:26:13.933832+00:00
[2025-01-08T13:26:17.305+0000] {standard_task_runner.py:60} INFO - Started process 381 to run task
[2025-01-08T13:26:17.310+0000] {standard_task_runner.py:87} INFO - Running: ['***', 'tasks', 'run', 'insert_date', 'md_exchange_rate_d', 'manual__2025-01-08T13:26:13.933832+00:00', '--job-id', '1321', '--raw', '--subdir', 'DAGS_FOLDER/insert_data.py', '--cfg-path', '/tmp/tmp93swvj0y']
[2025-01-08T13:26:17.316+0000] {standard_task_runner.py:88} INFO - Job 1321: Subtask md_exchange_rate_d
[2025-01-08T13:26:17.394+0000] {task_command.py:423} INFO - Running <TaskInstance: insert_date.md_exchange_rate_d manual__2025-01-08T13:26:13.933832+00:00 [running]> on host 779bfbde52bc
[2025-01-08T13:26:17.503+0000] {taskinstance.py:2480} INFO - Exporting env vars: AIRFLOW_CTX_DAG_OWNER='budanovsa' AIRFLOW_CTX_DAG_ID='insert_date' AIRFLOW_CTX_TASK_ID='md_exchange_rate_d' AIRFLOW_CTX_EXECUTION_DATE='2025-01-08T13:26:13.933832+00:00' AIRFLOW_CTX_TRY_NUMBER='1' AIRFLOW_CTX_DAG_RUN_ID='manual__2025-01-08T13:26:13.933832+00:00'
[2025-01-08T13:26:17.523+0000] {base.py:83} INFO - Using connection ID 'postgres-db' for task execution.
[2025-01-08T13:26:17.708+0000] {python.py:201} INFO - Done. Returned value was: None
[2025-01-08T13:26:17.723+0000] {taskinstance.py:1138} INFO - Marking task as SUCCESS. dag_id=insert_date, task_id=md_exchange_rate_d, execution_date=20250108T132613, start_date=20250108T132616, end_date=20250108T132617
[2025-01-08T13:26:17.734+0000] {base.py:83} INFO - Using connection ID 'postgres-db' for task execution.
[2025-01-08T13:26:17.824+0000] {sql.py:450} INFO - Running statement: 
        INSERT INTO logs.csv_to_dag (execution_datetime, event_datetime, event_name)
        VALUES ('2025-01-08T13:26:13.933832', '2025-01-08T13:26:17.723980', 'md_exchange_rate_d');
    , parameters: None
[2025-01-08T13:26:17.828+0000] {sql.py:459} INFO - Rows affected: 1
[2025-01-08T13:26:17.884+0000] {local_task_job_runner.py:234} INFO - Task exited with return code 0
[2025-01-08T13:26:17.991+0000] {taskinstance.py:3280} INFO - 0 downstream tasks scheduled from follow-on schedule check
