[2025-01-07T13:09:15.279+0000] {taskinstance.py:1956} INFO - Dependencies all met for dep_context=non-requeueable deps ti=<TaskInstance: insert_date.sql_md_currency_d manual__2025-01-07T09:51:33.644346+00:00 [queued]>
[2025-01-07T13:09:15.309+0000] {taskinstance.py:1956} INFO - Dependencies all met for dep_context=requeueable deps ti=<TaskInstance: insert_date.sql_md_currency_d manual__2025-01-07T09:51:33.644346+00:00 [queued]>
[2025-01-07T13:09:15.312+0000] {taskinstance.py:2170} INFO - Starting attempt 1 of 3
[2025-01-07T13:09:15.810+0000] {taskinstance.py:2191} INFO - Executing <Task(SQLExecuteQueryOperator): sql_md_currency_d> on 2025-01-07 09:51:33.644346+00:00
[2025-01-07T13:09:15.826+0000] {standard_task_runner.py:60} INFO - Started process 590 to run task
[2025-01-07T13:09:15.835+0000] {standard_task_runner.py:87} INFO - Running: ['***', 'tasks', 'run', 'insert_date', 'sql_md_currency_d', 'manual__2025-01-07T09:51:33.644346+00:00', '--job-id', '973', '--raw', '--subdir', 'DAGS_FOLDER/insert_data.py', '--cfg-path', '/tmp/tmpx4qmody3']
[2025-01-07T13:09:15.842+0000] {standard_task_runner.py:88} INFO - Job 973: Subtask sql_md_currency_d
[2025-01-07T13:09:15.999+0000] {task_command.py:423} INFO - Running <TaskInstance: insert_date.sql_md_currency_d manual__2025-01-07T09:51:33.644346+00:00 [running]> on host 25a397655cc7
[2025-01-07T13:09:16.181+0000] {taskinstance.py:2480} INFO - Exporting env vars: AIRFLOW_CTX_DAG_OWNER='budanovsa' AIRFLOW_CTX_DAG_ID='insert_date' AIRFLOW_CTX_TASK_ID='sql_md_currency_d' AIRFLOW_CTX_EXECUTION_DATE='2025-01-07T09:51:33.644346+00:00' AIRFLOW_CTX_TRY_NUMBER='1' AIRFLOW_CTX_DAG_RUN_ID='manual__2025-01-07T09:51:33.644346+00:00'
[2025-01-07T13:09:16.184+0000] {sql.py:276} INFO - Executing:  INSERT INTO dsl.md_currency_d(
      currency_rk
    , data_actual_date
    , data_actual_end_date
    , currency_code
    , code_iso_char
)
SELECT mcd."CURRENCY_RK"
    , to_date(mcd."DATA_ACTUAL_DATE", '%Y-%m-%d') 
    , to_date(mcd."DATA_ACTUAL_END_DATE", '%Y-%m-%d')
    , mcd."CURRENCY_CODE" 
	, mcd."CODE_ISO_CHAR" 
  FROM stage.md_currency_d mcd
 WHERE mcd."CURRENCY_RK" IS NOT NULL
   AND mcd."DATA_ACTUAL_DATE" IS NOT NULL; 
[2025-01-07T13:09:16.205+0000] {base.py:83} INFO - Using connection ID 'postgres-db' for task execution.
[2025-01-07T13:09:16.224+0000] {base.py:83} INFO - Using connection ID 'postgres-db' for task execution.
[2025-01-07T13:09:16.360+0000] {sql.py:450} INFO - Running statement:  INSERT INTO dsl.md_currency_d(
      currency_rk
    , data_actual_date
    , data_actual_end_date
    , currency_code
    , code_iso_char
)
SELECT mcd."CURRENCY_RK"
    , to_date(mcd."DATA_ACTUAL_DATE", '%Y-%m-%d') 
    , to_date(mcd."DATA_ACTUAL_END_DATE", '%Y-%m-%d')
    , mcd."CURRENCY_CODE" 
	, mcd."CODE_ISO_CHAR" 
  FROM stage.md_currency_d mcd
 WHERE mcd."CURRENCY_RK" IS NOT NULL
   AND mcd."DATA_ACTUAL_DATE" IS NOT NULL; , parameters: None
[2025-01-07T13:09:16.385+0000] {sql.py:459} INFO - Rows affected: 1450
[2025-01-07T13:09:16.414+0000] {taskinstance.py:1138} INFO - Marking task as SUCCESS. dag_id=insert_date, task_id=sql_md_currency_d, execution_date=20250107T095133, start_date=20250107T130915, end_date=20250107T130916
[2025-01-07T13:09:16.449+0000] {local_task_job_runner.py:234} INFO - Task exited with return code 0
[2025-01-07T13:09:16.495+0000] {taskinstance.py:3280} INFO - 0 downstream tasks scheduled from follow-on schedule check
