[2025-01-27T18:04:27.150+0000] {taskinstance.py:1956} INFO - Dependencies all met for dep_context=non-requeueable deps ti=<TaskInstance: extract_date.extract_date manual__2025-01-27T18:04:24.999623+00:00 [queued]>
[2025-01-27T18:04:27.162+0000] {taskinstance.py:1956} INFO - Dependencies all met for dep_context=requeueable deps ti=<TaskInstance: extract_date.extract_date manual__2025-01-27T18:04:24.999623+00:00 [queued]>
[2025-01-27T18:04:27.163+0000] {taskinstance.py:2170} INFO - Starting attempt 1 of 3
[2025-01-27T18:04:27.178+0000] {taskinstance.py:2191} INFO - Executing <Task(PythonOperator): extract_date> on 2025-01-27 18:04:24.999623+00:00
[2025-01-27T18:04:27.184+0000] {standard_task_runner.py:60} INFO - Started process 2652 to run task
[2025-01-27T18:04:27.188+0000] {standard_task_runner.py:87} INFO - Running: ['***', 'tasks', 'run', 'extract_date', 'extract_date', 'manual__2025-01-27T18:04:24.999623+00:00', '--job-id', '3221', '--raw', '--subdir', 'DAGS_FOLDER/extract_data.py', '--cfg-path', '/tmp/tmptauv0qkg']
[2025-01-27T18:04:27.191+0000] {standard_task_runner.py:88} INFO - Job 3221: Subtask extract_date
[2025-01-27T18:04:27.380+0000] {task_command.py:423} INFO - Running <TaskInstance: extract_date.extract_date manual__2025-01-27T18:04:24.999623+00:00 [running]> on host 711845a6becd
[2025-01-27T18:04:27.440+0000] {taskinstance.py:2480} INFO - Exporting env vars: AIRFLOW_CTX_DAG_OWNER='budanovsa' AIRFLOW_CTX_DAG_ID='extract_date' AIRFLOW_CTX_TASK_ID='extract_date' AIRFLOW_CTX_EXECUTION_DATE='2025-01-27T18:04:24.999623+00:00' AIRFLOW_CTX_TRY_NUMBER='1' AIRFLOW_CTX_DAG_RUN_ID='manual__2025-01-27T18:04:24.999623+00:00'
[2025-01-27T18:04:27.441+0000] {taskinstance.py:2698} ERROR - Task failed with exception
Traceback (most recent call last):
  File "/home/airflow/.local/lib/python3.8/site-packages/airflow/models/taskinstance.py", line 433, in _execute_task
    result = execute_callable(context=context, **execute_callable_kwargs)
  File "/home/airflow/.local/lib/python3.8/site-packages/airflow/operators/python.py", line 199, in execute
    return_value = self.execute_callable()
  File "/home/airflow/.local/lib/python3.8/site-packages/airflow/operators/python.py", line 216, in execute_callable
    return self.python_callable(*self.op_args, **self.op_kwargs)
TypeError: extract() missing 1 required positional argument: 'tablename'
[2025-01-27T18:04:27.448+0000] {taskinstance.py:1138} INFO - Marking task as UP_FOR_RETRY. dag_id=extract_date, task_id=extract_date, execution_date=20250127T180424, start_date=20250127T180427, end_date=20250127T180427
[2025-01-27T18:04:27.458+0000] {standard_task_runner.py:107} ERROR - Failed to execute job 3221 for task extract_date (extract() missing 1 required positional argument: 'tablename'; 2652)
[2025-01-27T18:04:27.480+0000] {local_task_job_runner.py:234} INFO - Task exited with return code 1
[2025-01-27T18:04:27.618+0000] {taskinstance.py:3280} INFO - 0 downstream tasks scheduled from follow-on schedule check
