[2025-01-12T16:55:09.744+0000] {taskinstance.py:1956} INFO - Dependencies all met for dep_context=non-requeueable deps ti=<TaskInstance: insert_date.md_exchange_rate_d manual__2025-01-12T16:55:04.477943+00:00 [queued]>
[2025-01-12T16:55:09.759+0000] {taskinstance.py:1956} INFO - Dependencies all met for dep_context=requeueable deps ti=<TaskInstance: insert_date.md_exchange_rate_d manual__2025-01-12T16:55:04.477943+00:00 [queued]>
[2025-01-12T16:55:09.760+0000] {taskinstance.py:2170} INFO - Starting attempt 1 of 3
[2025-01-12T16:55:10.003+0000] {taskinstance.py:2191} INFO - Executing <Task(PythonOperator): md_exchange_rate_d> on 2025-01-12 16:55:04.477943+00:00
[2025-01-12T16:55:10.010+0000] {standard_task_runner.py:60} INFO - Started process 4375 to run task
[2025-01-12T16:55:10.019+0000] {standard_task_runner.py:87} INFO - Running: ['***', 'tasks', 'run', 'insert_date', 'md_exchange_rate_d', 'manual__2025-01-12T16:55:04.477943+00:00', '--job-id', '2431', '--raw', '--subdir', 'DAGS_FOLDER/insert_data.py', '--cfg-path', '/tmp/tmpzrw8fk_e']
[2025-01-12T16:55:10.026+0000] {standard_task_runner.py:88} INFO - Job 2431: Subtask md_exchange_rate_d
[2025-01-12T16:55:10.097+0000] {task_command.py:423} INFO - Running <TaskInstance: insert_date.md_exchange_rate_d manual__2025-01-12T16:55:04.477943+00:00 [running]> on host 711845a6becd
[2025-01-12T16:55:10.195+0000] {taskinstance.py:2480} INFO - Exporting env vars: AIRFLOW_CTX_DAG_OWNER='budanovsa' AIRFLOW_CTX_DAG_ID='insert_date' AIRFLOW_CTX_TASK_ID='md_exchange_rate_d' AIRFLOW_CTX_EXECUTION_DATE='2025-01-12T16:55:04.477943+00:00' AIRFLOW_CTX_TRY_NUMBER='1' AIRFLOW_CTX_DAG_RUN_ID='manual__2025-01-12T16:55:04.477943+00:00'
[2025-01-12T16:55:10.214+0000] {base.py:83} INFO - Using connection ID 'postgres-db' for task execution.
[2025-01-12T16:55:10.352+0000] {python.py:201} INFO - Done. Returned value was: None
[2025-01-12T16:55:10.366+0000] {taskinstance.py:1138} INFO - Marking task as SUCCESS. dag_id=insert_date, task_id=md_exchange_rate_d, execution_date=20250112T165504, start_date=20250112T165509, end_date=20250112T165510
[2025-01-12T16:55:10.371+0000] {base.py:83} INFO - Using connection ID 'postgres-db' for task execution.
[2025-01-12T16:55:10.441+0000] {sql.py:450} INFO - Running statement: 
        INSERT INTO log.logt (execution_datetime, event_datetime, event_name)
        VALUES ('2025-01-12 16:55:04.477943', '2025-01-12T16:55:10.367533', 'md_exchange_rate_d');
    , parameters: None
[2025-01-12T16:55:10.445+0000] {sql.py:459} INFO - Rows affected: 1
[2025-01-12T16:55:10.510+0000] {local_task_job_runner.py:234} INFO - Task exited with return code 0
[2025-01-12T16:55:10.578+0000] {taskinstance.py:3280} INFO - 0 downstream tasks scheduled from follow-on schedule check
