[2025-01-13T15:41:27.057+0000] {processor.py:161} INFO - Started process (PID=55) to work on /opt/airflow/dags/insert_data.py
[2025-01-13T15:41:27.059+0000] {processor.py:830} INFO - Processing file /opt/airflow/dags/insert_data.py for tasks to queue
[2025-01-13T15:41:27.063+0000] {logging_mixin.py:188} INFO - [2025-01-13T15:41:27.062+0000] {dagbag.py:538} INFO - Filling up the DagBag from /opt/airflow/dags/insert_data.py
[2025-01-13T15:41:27.989+0000] {logging_mixin.py:188} INFO - [2025-01-13T15:41:27.988+0000] {base.py:83} INFO - Using connection ID 'postgres-db' for task execution.
[2025-01-13T15:41:28.008+0000] {logging_mixin.py:188} INFO - [2025-01-13T15:41:28.006+0000] {templater.py:95} ERROR - Failed to resolve template field 'sql'
Traceback (most recent call last):
  File "/home/airflow/.local/lib/python3.8/site-packages/airflow/template/templater.py", line 93, in resolve_template_files
    setattr(self, field, env.loader.get_source(env, content)[0])  # type: ignore
  File "/home/airflow/.local/lib/python3.8/site-packages/jinja2/loaders.py", line 204, in get_source
    raise TemplateNotFound(template)
jinja2.exceptions.TemplateNotFound: sql/ft_balance_f.sql
[2025-01-13T15:41:28.010+0000] {logging_mixin.py:188} INFO - [2025-01-13T15:41:28.010+0000] {templater.py:95} ERROR - Failed to resolve template field 'sql'
Traceback (most recent call last):
  File "/home/airflow/.local/lib/python3.8/site-packages/airflow/template/templater.py", line 93, in resolve_template_files
    setattr(self, field, env.loader.get_source(env, content)[0])  # type: ignore
  File "/home/airflow/.local/lib/python3.8/site-packages/jinja2/loaders.py", line 204, in get_source
    raise TemplateNotFound(template)
jinja2.exceptions.TemplateNotFound: sql/ft_posting_f.sql
[2025-01-13T15:41:28.012+0000] {logging_mixin.py:188} INFO - [2025-01-13T15:41:28.011+0000] {templater.py:95} ERROR - Failed to resolve template field 'sql'
Traceback (most recent call last):
  File "/home/airflow/.local/lib/python3.8/site-packages/airflow/template/templater.py", line 93, in resolve_template_files
    setattr(self, field, env.loader.get_source(env, content)[0])  # type: ignore
  File "/home/airflow/.local/lib/python3.8/site-packages/jinja2/loaders.py", line 204, in get_source
    raise TemplateNotFound(template)
jinja2.exceptions.TemplateNotFound: sql/md_account_d.sql
[2025-01-13T15:41:28.013+0000] {logging_mixin.py:188} INFO - [2025-01-13T15:41:28.013+0000] {templater.py:95} ERROR - Failed to resolve template field 'sql'
Traceback (most recent call last):
  File "/home/airflow/.local/lib/python3.8/site-packages/airflow/template/templater.py", line 93, in resolve_template_files
    setattr(self, field, env.loader.get_source(env, content)[0])  # type: ignore
  File "/home/airflow/.local/lib/python3.8/site-packages/jinja2/loaders.py", line 204, in get_source
    raise TemplateNotFound(template)
jinja2.exceptions.TemplateNotFound: sql/md_currency_d.sql
[2025-01-13T15:41:28.014+0000] {logging_mixin.py:188} INFO - [2025-01-13T15:41:28.014+0000] {templater.py:95} ERROR - Failed to resolve template field 'sql'
Traceback (most recent call last):
  File "/home/airflow/.local/lib/python3.8/site-packages/airflow/template/templater.py", line 93, in resolve_template_files
    setattr(self, field, env.loader.get_source(env, content)[0])  # type: ignore
  File "/home/airflow/.local/lib/python3.8/site-packages/jinja2/loaders.py", line 204, in get_source
    raise TemplateNotFound(template)
jinja2.exceptions.TemplateNotFound: sql/md_exchange_rate_d.sql
[2025-01-13T15:41:28.015+0000] {logging_mixin.py:188} INFO - [2025-01-13T15:41:28.015+0000] {templater.py:95} ERROR - Failed to resolve template field 'sql'
Traceback (most recent call last):
  File "/home/airflow/.local/lib/python3.8/site-packages/airflow/template/templater.py", line 93, in resolve_template_files
    setattr(self, field, env.loader.get_source(env, content)[0])  # type: ignore
  File "/home/airflow/.local/lib/python3.8/site-packages/jinja2/loaders.py", line 204, in get_source
    raise TemplateNotFound(template)
jinja2.exceptions.TemplateNotFound: sql/md_ledger_account_s.sql
[2025-01-13T15:41:28.017+0000] {logging_mixin.py:188} INFO - [2025-01-13T15:41:28.017+0000] {templater.py:95} ERROR - Failed to resolve template field 'sql'
Traceback (most recent call last):
  File "/home/airflow/.local/lib/python3.8/site-packages/airflow/template/templater.py", line 93, in resolve_template_files
    setattr(self, field, env.loader.get_source(env, content)[0])  # type: ignore
  File "/home/airflow/.local/lib/python3.8/site-packages/jinja2/loaders.py", line 204, in get_source
    raise TemplateNotFound(template)
jinja2.exceptions.TemplateNotFound: sql/create_log_sheme.sql
[2025-01-13T15:41:28.018+0000] {logging_mixin.py:188} INFO - [2025-01-13T15:41:28.018+0000] {templater.py:95} ERROR - Failed to resolve template field 'sql'
Traceback (most recent call last):
  File "/home/airflow/.local/lib/python3.8/site-packages/airflow/template/templater.py", line 93, in resolve_template_files
    setattr(self, field, env.loader.get_source(env, content)[0])  # type: ignore
  File "/home/airflow/.local/lib/python3.8/site-packages/jinja2/loaders.py", line 204, in get_source
    raise TemplateNotFound(template)
jinja2.exceptions.TemplateNotFound: sql/create_schema_ds.sql
[2025-01-13T15:41:28.027+0000] {processor.py:840} INFO - DAG(s) 'insert_date' retrieved from /opt/airflow/dags/insert_data.py
[2025-01-13T15:41:28.598+0000] {logging_mixin.py:188} INFO - [2025-01-13T15:41:28.597+0000] {dag.py:3036} INFO - Sync 1 DAGs
[2025-01-13T15:41:28.649+0000] {logging_mixin.py:188} INFO - [2025-01-13T15:41:28.648+0000] {dag.py:3823} INFO - Setting next_dagrun for insert_date to 2025-01-14 00:00:00+00:00, run_after=2025-01-15 00:00:00+00:00
[2025-01-13T15:41:28.729+0000] {processor.py:183} INFO - Processing /opt/airflow/dags/insert_data.py took 1.676 seconds
[2025-01-13T15:41:59.195+0000] {processor.py:161} INFO - Started process (PID=63) to work on /opt/airflow/dags/insert_data.py
[2025-01-13T15:41:59.197+0000] {processor.py:830} INFO - Processing file /opt/airflow/dags/insert_data.py for tasks to queue
[2025-01-13T15:41:59.201+0000] {logging_mixin.py:188} INFO - [2025-01-13T15:41:59.200+0000] {dagbag.py:538} INFO - Filling up the DagBag from /opt/airflow/dags/insert_data.py
[2025-01-13T15:41:59.937+0000] {logging_mixin.py:188} INFO - [2025-01-13T15:41:59.936+0000] {base.py:83} INFO - Using connection ID 'postgres-db' for task execution.
[2025-01-13T15:41:59.953+0000] {logging_mixin.py:188} INFO - [2025-01-13T15:41:59.952+0000] {templater.py:95} ERROR - Failed to resolve template field 'sql'
Traceback (most recent call last):
  File "/home/airflow/.local/lib/python3.8/site-packages/airflow/template/templater.py", line 93, in resolve_template_files
    setattr(self, field, env.loader.get_source(env, content)[0])  # type: ignore
  File "/home/airflow/.local/lib/python3.8/site-packages/jinja2/loaders.py", line 204, in get_source
    raise TemplateNotFound(template)
jinja2.exceptions.TemplateNotFound: sql/ft_balance_f.sql
[2025-01-13T15:41:59.955+0000] {logging_mixin.py:188} INFO - [2025-01-13T15:41:59.955+0000] {templater.py:95} ERROR - Failed to resolve template field 'sql'
Traceback (most recent call last):
  File "/home/airflow/.local/lib/python3.8/site-packages/airflow/template/templater.py", line 93, in resolve_template_files
    setattr(self, field, env.loader.get_source(env, content)[0])  # type: ignore
  File "/home/airflow/.local/lib/python3.8/site-packages/jinja2/loaders.py", line 204, in get_source
    raise TemplateNotFound(template)
jinja2.exceptions.TemplateNotFound: sql/ft_posting_f.sql
[2025-01-13T15:41:59.958+0000] {logging_mixin.py:188} INFO - [2025-01-13T15:41:59.957+0000] {templater.py:95} ERROR - Failed to resolve template field 'sql'
Traceback (most recent call last):
  File "/home/airflow/.local/lib/python3.8/site-packages/airflow/template/templater.py", line 93, in resolve_template_files
    setattr(self, field, env.loader.get_source(env, content)[0])  # type: ignore
  File "/home/airflow/.local/lib/python3.8/site-packages/jinja2/loaders.py", line 204, in get_source
    raise TemplateNotFound(template)
jinja2.exceptions.TemplateNotFound: sql/md_account_d.sql
[2025-01-13T15:41:59.959+0000] {logging_mixin.py:188} INFO - [2025-01-13T15:41:59.959+0000] {templater.py:95} ERROR - Failed to resolve template field 'sql'
Traceback (most recent call last):
  File "/home/airflow/.local/lib/python3.8/site-packages/airflow/template/templater.py", line 93, in resolve_template_files
    setattr(self, field, env.loader.get_source(env, content)[0])  # type: ignore
  File "/home/airflow/.local/lib/python3.8/site-packages/jinja2/loaders.py", line 204, in get_source
    raise TemplateNotFound(template)
jinja2.exceptions.TemplateNotFound: sql/md_currency_d.sql
[2025-01-13T15:41:59.961+0000] {logging_mixin.py:188} INFO - [2025-01-13T15:41:59.961+0000] {templater.py:95} ERROR - Failed to resolve template field 'sql'
Traceback (most recent call last):
  File "/home/airflow/.local/lib/python3.8/site-packages/airflow/template/templater.py", line 93, in resolve_template_files
    setattr(self, field, env.loader.get_source(env, content)[0])  # type: ignore
  File "/home/airflow/.local/lib/python3.8/site-packages/jinja2/loaders.py", line 204, in get_source
    raise TemplateNotFound(template)
jinja2.exceptions.TemplateNotFound: sql/md_exchange_rate_d.sql
[2025-01-13T15:41:59.963+0000] {logging_mixin.py:188} INFO - [2025-01-13T15:41:59.962+0000] {templater.py:95} ERROR - Failed to resolve template field 'sql'
Traceback (most recent call last):
  File "/home/airflow/.local/lib/python3.8/site-packages/airflow/template/templater.py", line 93, in resolve_template_files
    setattr(self, field, env.loader.get_source(env, content)[0])  # type: ignore
  File "/home/airflow/.local/lib/python3.8/site-packages/jinja2/loaders.py", line 204, in get_source
    raise TemplateNotFound(template)
jinja2.exceptions.TemplateNotFound: sql/md_ledger_account_s.sql
[2025-01-13T15:41:59.965+0000] {logging_mixin.py:188} INFO - [2025-01-13T15:41:59.965+0000] {templater.py:95} ERROR - Failed to resolve template field 'sql'
Traceback (most recent call last):
  File "/home/airflow/.local/lib/python3.8/site-packages/airflow/template/templater.py", line 93, in resolve_template_files
    setattr(self, field, env.loader.get_source(env, content)[0])  # type: ignore
  File "/home/airflow/.local/lib/python3.8/site-packages/jinja2/loaders.py", line 204, in get_source
    raise TemplateNotFound(template)
jinja2.exceptions.TemplateNotFound: sql/create_log_sheme.sql
[2025-01-13T15:41:59.967+0000] {logging_mixin.py:188} INFO - [2025-01-13T15:41:59.967+0000] {templater.py:95} ERROR - Failed to resolve template field 'sql'
Traceback (most recent call last):
  File "/home/airflow/.local/lib/python3.8/site-packages/airflow/template/templater.py", line 93, in resolve_template_files
    setattr(self, field, env.loader.get_source(env, content)[0])  # type: ignore
  File "/home/airflow/.local/lib/python3.8/site-packages/jinja2/loaders.py", line 204, in get_source
    raise TemplateNotFound(template)
jinja2.exceptions.TemplateNotFound: sql/create_schema_ds.sql
[2025-01-13T15:41:59.973+0000] {processor.py:840} INFO - DAG(s) 'insert_date' retrieved from /opt/airflow/dags/insert_data.py
[2025-01-13T15:42:00.226+0000] {logging_mixin.py:188} INFO - [2025-01-13T15:42:00.225+0000] {dag.py:3036} INFO - Sync 1 DAGs
[2025-01-13T15:42:00.265+0000] {logging_mixin.py:188} INFO - [2025-01-13T15:42:00.264+0000] {dag.py:3823} INFO - Setting next_dagrun for insert_date to 2025-01-14 00:00:00+00:00, run_after=2025-01-15 00:00:00+00:00
[2025-01-13T15:42:00.304+0000] {processor.py:183} INFO - Processing /opt/airflow/dags/insert_data.py took 1.115 seconds
[2025-01-13T15:42:31.182+0000] {processor.py:161} INFO - Started process (PID=71) to work on /opt/airflow/dags/insert_data.py
[2025-01-13T15:42:31.184+0000] {processor.py:830} INFO - Processing file /opt/airflow/dags/insert_data.py for tasks to queue
[2025-01-13T15:42:31.189+0000] {logging_mixin.py:188} INFO - [2025-01-13T15:42:31.188+0000] {dagbag.py:538} INFO - Filling up the DagBag from /opt/airflow/dags/insert_data.py
[2025-01-13T15:42:31.891+0000] {logging_mixin.py:188} INFO - [2025-01-13T15:42:31.890+0000] {base.py:83} INFO - Using connection ID 'postgres-db' for task execution.
[2025-01-13T15:42:31.911+0000] {logging_mixin.py:188} INFO - [2025-01-13T15:42:31.910+0000] {templater.py:95} ERROR - Failed to resolve template field 'sql'
Traceback (most recent call last):
  File "/home/airflow/.local/lib/python3.8/site-packages/airflow/template/templater.py", line 93, in resolve_template_files
    setattr(self, field, env.loader.get_source(env, content)[0])  # type: ignore
  File "/home/airflow/.local/lib/python3.8/site-packages/jinja2/loaders.py", line 204, in get_source
    raise TemplateNotFound(template)
jinja2.exceptions.TemplateNotFound: sql/ft_balance_f.sql
[2025-01-13T15:42:31.913+0000] {logging_mixin.py:188} INFO - [2025-01-13T15:42:31.912+0000] {templater.py:95} ERROR - Failed to resolve template field 'sql'
Traceback (most recent call last):
  File "/home/airflow/.local/lib/python3.8/site-packages/airflow/template/templater.py", line 93, in resolve_template_files
    setattr(self, field, env.loader.get_source(env, content)[0])  # type: ignore
  File "/home/airflow/.local/lib/python3.8/site-packages/jinja2/loaders.py", line 204, in get_source
    raise TemplateNotFound(template)
jinja2.exceptions.TemplateNotFound: sql/ft_posting_f.sql
[2025-01-13T15:42:31.916+0000] {logging_mixin.py:188} INFO - [2025-01-13T15:42:31.915+0000] {templater.py:95} ERROR - Failed to resolve template field 'sql'
Traceback (most recent call last):
  File "/home/airflow/.local/lib/python3.8/site-packages/airflow/template/templater.py", line 93, in resolve_template_files
    setattr(self, field, env.loader.get_source(env, content)[0])  # type: ignore
  File "/home/airflow/.local/lib/python3.8/site-packages/jinja2/loaders.py", line 204, in get_source
    raise TemplateNotFound(template)
jinja2.exceptions.TemplateNotFound: sql/md_account_d.sql
[2025-01-13T15:42:31.921+0000] {logging_mixin.py:188} INFO - [2025-01-13T15:42:31.920+0000] {templater.py:95} ERROR - Failed to resolve template field 'sql'
Traceback (most recent call last):
  File "/home/airflow/.local/lib/python3.8/site-packages/airflow/template/templater.py", line 93, in resolve_template_files
    setattr(self, field, env.loader.get_source(env, content)[0])  # type: ignore
  File "/home/airflow/.local/lib/python3.8/site-packages/jinja2/loaders.py", line 204, in get_source
    raise TemplateNotFound(template)
jinja2.exceptions.TemplateNotFound: sql/md_currency_d.sql
[2025-01-13T15:42:31.926+0000] {logging_mixin.py:188} INFO - [2025-01-13T15:42:31.925+0000] {templater.py:95} ERROR - Failed to resolve template field 'sql'
Traceback (most recent call last):
  File "/home/airflow/.local/lib/python3.8/site-packages/airflow/template/templater.py", line 93, in resolve_template_files
    setattr(self, field, env.loader.get_source(env, content)[0])  # type: ignore
  File "/home/airflow/.local/lib/python3.8/site-packages/jinja2/loaders.py", line 204, in get_source
    raise TemplateNotFound(template)
jinja2.exceptions.TemplateNotFound: sql/md_exchange_rate_d.sql
[2025-01-13T15:42:31.931+0000] {logging_mixin.py:188} INFO - [2025-01-13T15:42:31.930+0000] {templater.py:95} ERROR - Failed to resolve template field 'sql'
Traceback (most recent call last):
  File "/home/airflow/.local/lib/python3.8/site-packages/airflow/template/templater.py", line 93, in resolve_template_files
    setattr(self, field, env.loader.get_source(env, content)[0])  # type: ignore
  File "/home/airflow/.local/lib/python3.8/site-packages/jinja2/loaders.py", line 204, in get_source
    raise TemplateNotFound(template)
jinja2.exceptions.TemplateNotFound: sql/md_ledger_account_s.sql
[2025-01-13T15:42:31.937+0000] {logging_mixin.py:188} INFO - [2025-01-13T15:42:31.933+0000] {templater.py:95} ERROR - Failed to resolve template field 'sql'
Traceback (most recent call last):
  File "/home/airflow/.local/lib/python3.8/site-packages/airflow/template/templater.py", line 93, in resolve_template_files
    setattr(self, field, env.loader.get_source(env, content)[0])  # type: ignore
  File "/home/airflow/.local/lib/python3.8/site-packages/jinja2/loaders.py", line 204, in get_source
    raise TemplateNotFound(template)
jinja2.exceptions.TemplateNotFound: sql/create_log_sheme.sql
[2025-01-13T15:42:31.944+0000] {logging_mixin.py:188} INFO - [2025-01-13T15:42:31.943+0000] {templater.py:95} ERROR - Failed to resolve template field 'sql'
Traceback (most recent call last):
  File "/home/airflow/.local/lib/python3.8/site-packages/airflow/template/templater.py", line 93, in resolve_template_files
    setattr(self, field, env.loader.get_source(env, content)[0])  # type: ignore
  File "/home/airflow/.local/lib/python3.8/site-packages/jinja2/loaders.py", line 204, in get_source
    raise TemplateNotFound(template)
jinja2.exceptions.TemplateNotFound: sql/create_schema_ds.sql
[2025-01-13T15:42:31.960+0000] {processor.py:840} INFO - DAG(s) 'insert_date' retrieved from /opt/airflow/dags/insert_data.py
[2025-01-13T15:42:32.422+0000] {logging_mixin.py:188} INFO - [2025-01-13T15:42:32.421+0000] {dag.py:3036} INFO - Sync 1 DAGs
[2025-01-13T15:42:32.457+0000] {logging_mixin.py:188} INFO - [2025-01-13T15:42:32.456+0000] {dag.py:3823} INFO - Setting next_dagrun for insert_date to 2025-01-14 00:00:00+00:00, run_after=2025-01-15 00:00:00+00:00
[2025-01-13T15:42:32.493+0000] {processor.py:183} INFO - Processing /opt/airflow/dags/insert_data.py took 1.319 seconds
[2025-01-13T15:43:03.277+0000] {processor.py:161} INFO - Started process (PID=85) to work on /opt/airflow/dags/insert_data.py
[2025-01-13T15:43:03.279+0000] {processor.py:830} INFO - Processing file /opt/airflow/dags/insert_data.py for tasks to queue
[2025-01-13T15:43:03.298+0000] {logging_mixin.py:188} INFO - [2025-01-13T15:43:03.297+0000] {dagbag.py:538} INFO - Filling up the DagBag from /opt/airflow/dags/insert_data.py
[2025-01-13T15:43:03.887+0000] {logging_mixin.py:188} INFO - [2025-01-13T15:43:03.886+0000] {base.py:83} INFO - Using connection ID 'postgres-db' for task execution.
[2025-01-13T15:43:03.901+0000] {logging_mixin.py:188} INFO - [2025-01-13T15:43:03.900+0000] {templater.py:95} ERROR - Failed to resolve template field 'sql'
Traceback (most recent call last):
  File "/home/airflow/.local/lib/python3.8/site-packages/airflow/template/templater.py", line 93, in resolve_template_files
    setattr(self, field, env.loader.get_source(env, content)[0])  # type: ignore
  File "/home/airflow/.local/lib/python3.8/site-packages/jinja2/loaders.py", line 204, in get_source
    raise TemplateNotFound(template)
jinja2.exceptions.TemplateNotFound: sql/ft_balance_f.sql
[2025-01-13T15:43:03.902+0000] {logging_mixin.py:188} INFO - [2025-01-13T15:43:03.902+0000] {templater.py:95} ERROR - Failed to resolve template field 'sql'
Traceback (most recent call last):
  File "/home/airflow/.local/lib/python3.8/site-packages/airflow/template/templater.py", line 93, in resolve_template_files
    setattr(self, field, env.loader.get_source(env, content)[0])  # type: ignore
  File "/home/airflow/.local/lib/python3.8/site-packages/jinja2/loaders.py", line 204, in get_source
    raise TemplateNotFound(template)
jinja2.exceptions.TemplateNotFound: sql/ft_posting_f.sql
[2025-01-13T15:43:03.904+0000] {logging_mixin.py:188} INFO - [2025-01-13T15:43:03.903+0000] {templater.py:95} ERROR - Failed to resolve template field 'sql'
Traceback (most recent call last):
  File "/home/airflow/.local/lib/python3.8/site-packages/airflow/template/templater.py", line 93, in resolve_template_files
    setattr(self, field, env.loader.get_source(env, content)[0])  # type: ignore
  File "/home/airflow/.local/lib/python3.8/site-packages/jinja2/loaders.py", line 204, in get_source
    raise TemplateNotFound(template)
jinja2.exceptions.TemplateNotFound: sql/md_account_d.sql
[2025-01-13T15:43:03.905+0000] {logging_mixin.py:188} INFO - [2025-01-13T15:43:03.905+0000] {templater.py:95} ERROR - Failed to resolve template field 'sql'
Traceback (most recent call last):
  File "/home/airflow/.local/lib/python3.8/site-packages/airflow/template/templater.py", line 93, in resolve_template_files
    setattr(self, field, env.loader.get_source(env, content)[0])  # type: ignore
  File "/home/airflow/.local/lib/python3.8/site-packages/jinja2/loaders.py", line 204, in get_source
    raise TemplateNotFound(template)
jinja2.exceptions.TemplateNotFound: sql/md_currency_d.sql
[2025-01-13T15:43:03.906+0000] {logging_mixin.py:188} INFO - [2025-01-13T15:43:03.906+0000] {templater.py:95} ERROR - Failed to resolve template field 'sql'
Traceback (most recent call last):
  File "/home/airflow/.local/lib/python3.8/site-packages/airflow/template/templater.py", line 93, in resolve_template_files
    setattr(self, field, env.loader.get_source(env, content)[0])  # type: ignore
  File "/home/airflow/.local/lib/python3.8/site-packages/jinja2/loaders.py", line 204, in get_source
    raise TemplateNotFound(template)
jinja2.exceptions.TemplateNotFound: sql/md_exchange_rate_d.sql
[2025-01-13T15:43:03.908+0000] {logging_mixin.py:188} INFO - [2025-01-13T15:43:03.907+0000] {templater.py:95} ERROR - Failed to resolve template field 'sql'
Traceback (most recent call last):
  File "/home/airflow/.local/lib/python3.8/site-packages/airflow/template/templater.py", line 93, in resolve_template_files
    setattr(self, field, env.loader.get_source(env, content)[0])  # type: ignore
  File "/home/airflow/.local/lib/python3.8/site-packages/jinja2/loaders.py", line 204, in get_source
    raise TemplateNotFound(template)
jinja2.exceptions.TemplateNotFound: sql/md_ledger_account_s.sql
[2025-01-13T15:43:03.909+0000] {logging_mixin.py:188} INFO - [2025-01-13T15:43:03.909+0000] {templater.py:95} ERROR - Failed to resolve template field 'sql'
Traceback (most recent call last):
  File "/home/airflow/.local/lib/python3.8/site-packages/airflow/template/templater.py", line 93, in resolve_template_files
    setattr(self, field, env.loader.get_source(env, content)[0])  # type: ignore
  File "/home/airflow/.local/lib/python3.8/site-packages/jinja2/loaders.py", line 204, in get_source
    raise TemplateNotFound(template)
jinja2.exceptions.TemplateNotFound: sql/create_log_sheme.sql
[2025-01-13T15:43:03.910+0000] {logging_mixin.py:188} INFO - [2025-01-13T15:43:03.910+0000] {templater.py:95} ERROR - Failed to resolve template field 'sql'
Traceback (most recent call last):
  File "/home/airflow/.local/lib/python3.8/site-packages/airflow/template/templater.py", line 93, in resolve_template_files
    setattr(self, field, env.loader.get_source(env, content)[0])  # type: ignore
  File "/home/airflow/.local/lib/python3.8/site-packages/jinja2/loaders.py", line 204, in get_source
    raise TemplateNotFound(template)
jinja2.exceptions.TemplateNotFound: sql/create_schema_ds.sql
[2025-01-13T15:43:03.915+0000] {processor.py:840} INFO - DAG(s) 'insert_date' retrieved from /opt/airflow/dags/insert_data.py
[2025-01-13T15:43:04.109+0000] {logging_mixin.py:188} INFO - [2025-01-13T15:43:04.109+0000] {dag.py:3036} INFO - Sync 1 DAGs
[2025-01-13T15:43:04.141+0000] {logging_mixin.py:188} INFO - [2025-01-13T15:43:04.140+0000] {dag.py:3823} INFO - Setting next_dagrun for insert_date to 2025-01-14 00:00:00+00:00, run_after=2025-01-15 00:00:00+00:00
[2025-01-13T15:43:04.171+0000] {processor.py:183} INFO - Processing /opt/airflow/dags/insert_data.py took 0.899 seconds
[2025-01-13T15:43:34.284+0000] {processor.py:161} INFO - Started process (PID=93) to work on /opt/airflow/dags/insert_data.py
[2025-01-13T15:43:34.285+0000] {processor.py:830} INFO - Processing file /opt/airflow/dags/insert_data.py for tasks to queue
[2025-01-13T15:43:34.288+0000] {logging_mixin.py:188} INFO - [2025-01-13T15:43:34.287+0000] {dagbag.py:538} INFO - Filling up the DagBag from /opt/airflow/dags/insert_data.py
[2025-01-13T15:43:34.845+0000] {logging_mixin.py:188} INFO - [2025-01-13T15:43:34.844+0000] {base.py:83} INFO - Using connection ID 'postgres-db' for task execution.
[2025-01-13T15:43:34.857+0000] {logging_mixin.py:188} INFO - [2025-01-13T15:43:34.857+0000] {templater.py:95} ERROR - Failed to resolve template field 'sql'
Traceback (most recent call last):
  File "/home/airflow/.local/lib/python3.8/site-packages/airflow/template/templater.py", line 93, in resolve_template_files
    setattr(self, field, env.loader.get_source(env, content)[0])  # type: ignore
  File "/home/airflow/.local/lib/python3.8/site-packages/jinja2/loaders.py", line 204, in get_source
    raise TemplateNotFound(template)
jinja2.exceptions.TemplateNotFound: sql/ft_balance_f.sql
[2025-01-13T15:43:34.859+0000] {logging_mixin.py:188} INFO - [2025-01-13T15:43:34.859+0000] {templater.py:95} ERROR - Failed to resolve template field 'sql'
Traceback (most recent call last):
  File "/home/airflow/.local/lib/python3.8/site-packages/airflow/template/templater.py", line 93, in resolve_template_files
    setattr(self, field, env.loader.get_source(env, content)[0])  # type: ignore
  File "/home/airflow/.local/lib/python3.8/site-packages/jinja2/loaders.py", line 204, in get_source
    raise TemplateNotFound(template)
jinja2.exceptions.TemplateNotFound: sql/ft_posting_f.sql
[2025-01-13T15:43:34.861+0000] {logging_mixin.py:188} INFO - [2025-01-13T15:43:34.860+0000] {templater.py:95} ERROR - Failed to resolve template field 'sql'
Traceback (most recent call last):
  File "/home/airflow/.local/lib/python3.8/site-packages/airflow/template/templater.py", line 93, in resolve_template_files
    setattr(self, field, env.loader.get_source(env, content)[0])  # type: ignore
  File "/home/airflow/.local/lib/python3.8/site-packages/jinja2/loaders.py", line 204, in get_source
    raise TemplateNotFound(template)
jinja2.exceptions.TemplateNotFound: sql/md_account_d.sql
[2025-01-13T15:43:34.863+0000] {logging_mixin.py:188} INFO - [2025-01-13T15:43:34.862+0000] {templater.py:95} ERROR - Failed to resolve template field 'sql'
Traceback (most recent call last):
  File "/home/airflow/.local/lib/python3.8/site-packages/airflow/template/templater.py", line 93, in resolve_template_files
    setattr(self, field, env.loader.get_source(env, content)[0])  # type: ignore
  File "/home/airflow/.local/lib/python3.8/site-packages/jinja2/loaders.py", line 204, in get_source
    raise TemplateNotFound(template)
jinja2.exceptions.TemplateNotFound: sql/md_currency_d.sql
[2025-01-13T15:43:34.864+0000] {logging_mixin.py:188} INFO - [2025-01-13T15:43:34.864+0000] {templater.py:95} ERROR - Failed to resolve template field 'sql'
Traceback (most recent call last):
  File "/home/airflow/.local/lib/python3.8/site-packages/airflow/template/templater.py", line 93, in resolve_template_files
    setattr(self, field, env.loader.get_source(env, content)[0])  # type: ignore
  File "/home/airflow/.local/lib/python3.8/site-packages/jinja2/loaders.py", line 204, in get_source
    raise TemplateNotFound(template)
jinja2.exceptions.TemplateNotFound: sql/md_exchange_rate_d.sql
[2025-01-13T15:43:34.866+0000] {logging_mixin.py:188} INFO - [2025-01-13T15:43:34.865+0000] {templater.py:95} ERROR - Failed to resolve template field 'sql'
Traceback (most recent call last):
  File "/home/airflow/.local/lib/python3.8/site-packages/airflow/template/templater.py", line 93, in resolve_template_files
    setattr(self, field, env.loader.get_source(env, content)[0])  # type: ignore
  File "/home/airflow/.local/lib/python3.8/site-packages/jinja2/loaders.py", line 204, in get_source
    raise TemplateNotFound(template)
jinja2.exceptions.TemplateNotFound: sql/md_ledger_account_s.sql
[2025-01-13T15:43:34.867+0000] {logging_mixin.py:188} INFO - [2025-01-13T15:43:34.867+0000] {templater.py:95} ERROR - Failed to resolve template field 'sql'
Traceback (most recent call last):
  File "/home/airflow/.local/lib/python3.8/site-packages/airflow/template/templater.py", line 93, in resolve_template_files
    setattr(self, field, env.loader.get_source(env, content)[0])  # type: ignore
  File "/home/airflow/.local/lib/python3.8/site-packages/jinja2/loaders.py", line 204, in get_source
    raise TemplateNotFound(template)
jinja2.exceptions.TemplateNotFound: sql/create_log_sheme.sql
[2025-01-13T15:43:34.869+0000] {logging_mixin.py:188} INFO - [2025-01-13T15:43:34.868+0000] {templater.py:95} ERROR - Failed to resolve template field 'sql'
Traceback (most recent call last):
  File "/home/airflow/.local/lib/python3.8/site-packages/airflow/template/templater.py", line 93, in resolve_template_files
    setattr(self, field, env.loader.get_source(env, content)[0])  # type: ignore
  File "/home/airflow/.local/lib/python3.8/site-packages/jinja2/loaders.py", line 204, in get_source
    raise TemplateNotFound(template)
jinja2.exceptions.TemplateNotFound: sql/create_schema_ds.sql
[2025-01-13T15:43:34.873+0000] {processor.py:840} INFO - DAG(s) 'insert_date' retrieved from /opt/airflow/dags/insert_data.py
[2025-01-13T15:43:35.023+0000] {logging_mixin.py:188} INFO - [2025-01-13T15:43:35.022+0000] {dag.py:3036} INFO - Sync 1 DAGs
[2025-01-13T15:43:35.048+0000] {logging_mixin.py:188} INFO - [2025-01-13T15:43:35.048+0000] {dag.py:3823} INFO - Setting next_dagrun for insert_date to 2025-01-14 00:00:00+00:00, run_after=2025-01-15 00:00:00+00:00
[2025-01-13T15:43:35.094+0000] {processor.py:183} INFO - Processing /opt/airflow/dags/insert_data.py took 0.814 seconds
[2025-01-13T15:44:05.206+0000] {processor.py:161} INFO - Started process (PID=101) to work on /opt/airflow/dags/insert_data.py
[2025-01-13T15:44:05.208+0000] {processor.py:830} INFO - Processing file /opt/airflow/dags/insert_data.py for tasks to queue
[2025-01-13T15:44:05.210+0000] {logging_mixin.py:188} INFO - [2025-01-13T15:44:05.210+0000] {dagbag.py:538} INFO - Filling up the DagBag from /opt/airflow/dags/insert_data.py
[2025-01-13T15:44:05.673+0000] {logging_mixin.py:188} INFO - [2025-01-13T15:44:05.672+0000] {base.py:83} INFO - Using connection ID 'postgres-db' for task execution.
[2025-01-13T15:44:05.681+0000] {logging_mixin.py:188} INFO - [2025-01-13T15:44:05.681+0000] {templater.py:95} ERROR - Failed to resolve template field 'sql'
Traceback (most recent call last):
  File "/home/airflow/.local/lib/python3.8/site-packages/airflow/template/templater.py", line 93, in resolve_template_files
    setattr(self, field, env.loader.get_source(env, content)[0])  # type: ignore
  File "/home/airflow/.local/lib/python3.8/site-packages/jinja2/loaders.py", line 204, in get_source
    raise TemplateNotFound(template)
jinja2.exceptions.TemplateNotFound: sql/ft_balance_f.sql
[2025-01-13T15:44:05.683+0000] {logging_mixin.py:188} INFO - [2025-01-13T15:44:05.682+0000] {templater.py:95} ERROR - Failed to resolve template field 'sql'
Traceback (most recent call last):
  File "/home/airflow/.local/lib/python3.8/site-packages/airflow/template/templater.py", line 93, in resolve_template_files
    setattr(self, field, env.loader.get_source(env, content)[0])  # type: ignore
  File "/home/airflow/.local/lib/python3.8/site-packages/jinja2/loaders.py", line 204, in get_source
    raise TemplateNotFound(template)
jinja2.exceptions.TemplateNotFound: sql/ft_posting_f.sql
[2025-01-13T15:44:05.683+0000] {logging_mixin.py:188} INFO - [2025-01-13T15:44:05.683+0000] {templater.py:95} ERROR - Failed to resolve template field 'sql'
Traceback (most recent call last):
  File "/home/airflow/.local/lib/python3.8/site-packages/airflow/template/templater.py", line 93, in resolve_template_files
    setattr(self, field, env.loader.get_source(env, content)[0])  # type: ignore
  File "/home/airflow/.local/lib/python3.8/site-packages/jinja2/loaders.py", line 204, in get_source
    raise TemplateNotFound(template)
jinja2.exceptions.TemplateNotFound: sql/md_account_d.sql
[2025-01-13T15:44:05.684+0000] {logging_mixin.py:188} INFO - [2025-01-13T15:44:05.684+0000] {templater.py:95} ERROR - Failed to resolve template field 'sql'
Traceback (most recent call last):
  File "/home/airflow/.local/lib/python3.8/site-packages/airflow/template/templater.py", line 93, in resolve_template_files
    setattr(self, field, env.loader.get_source(env, content)[0])  # type: ignore
  File "/home/airflow/.local/lib/python3.8/site-packages/jinja2/loaders.py", line 204, in get_source
    raise TemplateNotFound(template)
jinja2.exceptions.TemplateNotFound: sql/md_currency_d.sql
[2025-01-13T15:44:05.686+0000] {logging_mixin.py:188} INFO - [2025-01-13T15:44:05.685+0000] {templater.py:95} ERROR - Failed to resolve template field 'sql'
Traceback (most recent call last):
  File "/home/airflow/.local/lib/python3.8/site-packages/airflow/template/templater.py", line 93, in resolve_template_files
    setattr(self, field, env.loader.get_source(env, content)[0])  # type: ignore
  File "/home/airflow/.local/lib/python3.8/site-packages/jinja2/loaders.py", line 204, in get_source
    raise TemplateNotFound(template)
jinja2.exceptions.TemplateNotFound: sql/md_exchange_rate_d.sql
[2025-01-13T15:44:05.688+0000] {logging_mixin.py:188} INFO - [2025-01-13T15:44:05.687+0000] {templater.py:95} ERROR - Failed to resolve template field 'sql'
Traceback (most recent call last):
  File "/home/airflow/.local/lib/python3.8/site-packages/airflow/template/templater.py", line 93, in resolve_template_files
    setattr(self, field, env.loader.get_source(env, content)[0])  # type: ignore
  File "/home/airflow/.local/lib/python3.8/site-packages/jinja2/loaders.py", line 204, in get_source
    raise TemplateNotFound(template)
jinja2.exceptions.TemplateNotFound: sql/md_ledger_account_s.sql
[2025-01-13T15:44:05.689+0000] {logging_mixin.py:188} INFO - [2025-01-13T15:44:05.688+0000] {templater.py:95} ERROR - Failed to resolve template field 'sql'
Traceback (most recent call last):
  File "/home/airflow/.local/lib/python3.8/site-packages/airflow/template/templater.py", line 93, in resolve_template_files
    setattr(self, field, env.loader.get_source(env, content)[0])  # type: ignore
  File "/home/airflow/.local/lib/python3.8/site-packages/jinja2/loaders.py", line 204, in get_source
    raise TemplateNotFound(template)
jinja2.exceptions.TemplateNotFound: sql/create_log_sheme.sql
[2025-01-13T15:44:05.690+0000] {logging_mixin.py:188} INFO - [2025-01-13T15:44:05.690+0000] {templater.py:95} ERROR - Failed to resolve template field 'sql'
Traceback (most recent call last):
  File "/home/airflow/.local/lib/python3.8/site-packages/airflow/template/templater.py", line 93, in resolve_template_files
    setattr(self, field, env.loader.get_source(env, content)[0])  # type: ignore
  File "/home/airflow/.local/lib/python3.8/site-packages/jinja2/loaders.py", line 204, in get_source
    raise TemplateNotFound(template)
jinja2.exceptions.TemplateNotFound: sql/create_schema_ds.sql
[2025-01-13T15:44:05.693+0000] {processor.py:840} INFO - DAG(s) 'insert_date' retrieved from /opt/airflow/dags/insert_data.py
[2025-01-13T15:44:05.815+0000] {logging_mixin.py:188} INFO - [2025-01-13T15:44:05.815+0000] {dag.py:3036} INFO - Sync 1 DAGs
[2025-01-13T15:44:05.836+0000] {logging_mixin.py:188} INFO - [2025-01-13T15:44:05.836+0000] {dag.py:3823} INFO - Setting next_dagrun for insert_date to 2025-01-14 00:00:00+00:00, run_after=2025-01-15 00:00:00+00:00
[2025-01-13T15:44:05.861+0000] {processor.py:183} INFO - Processing /opt/airflow/dags/insert_data.py took 0.659 seconds
[2025-01-13T15:44:35.967+0000] {processor.py:161} INFO - Started process (PID=108) to work on /opt/airflow/dags/insert_data.py
[2025-01-13T15:44:35.968+0000] {processor.py:830} INFO - Processing file /opt/airflow/dags/insert_data.py for tasks to queue
[2025-01-13T15:44:35.969+0000] {logging_mixin.py:188} INFO - [2025-01-13T15:44:35.969+0000] {dagbag.py:538} INFO - Filling up the DagBag from /opt/airflow/dags/insert_data.py
[2025-01-13T15:44:36.467+0000] {logging_mixin.py:188} INFO - [2025-01-13T15:44:36.467+0000] {base.py:83} INFO - Using connection ID 'postgres-db' for task execution.
[2025-01-13T15:44:36.475+0000] {logging_mixin.py:188} INFO - [2025-01-13T15:44:36.474+0000] {templater.py:95} ERROR - Failed to resolve template field 'sql'
Traceback (most recent call last):
  File "/home/airflow/.local/lib/python3.8/site-packages/airflow/template/templater.py", line 93, in resolve_template_files
    setattr(self, field, env.loader.get_source(env, content)[0])  # type: ignore
  File "/home/airflow/.local/lib/python3.8/site-packages/jinja2/loaders.py", line 204, in get_source
    raise TemplateNotFound(template)
jinja2.exceptions.TemplateNotFound: sql/ft_balance_f.sql
[2025-01-13T15:44:36.476+0000] {logging_mixin.py:188} INFO - [2025-01-13T15:44:36.476+0000] {templater.py:95} ERROR - Failed to resolve template field 'sql'
Traceback (most recent call last):
  File "/home/airflow/.local/lib/python3.8/site-packages/airflow/template/templater.py", line 93, in resolve_template_files
    setattr(self, field, env.loader.get_source(env, content)[0])  # type: ignore
  File "/home/airflow/.local/lib/python3.8/site-packages/jinja2/loaders.py", line 204, in get_source
    raise TemplateNotFound(template)
jinja2.exceptions.TemplateNotFound: sql/ft_posting_f.sql
[2025-01-13T15:44:36.478+0000] {logging_mixin.py:188} INFO - [2025-01-13T15:44:36.477+0000] {templater.py:95} ERROR - Failed to resolve template field 'sql'
Traceback (most recent call last):
  File "/home/airflow/.local/lib/python3.8/site-packages/airflow/template/templater.py", line 93, in resolve_template_files
    setattr(self, field, env.loader.get_source(env, content)[0])  # type: ignore
  File "/home/airflow/.local/lib/python3.8/site-packages/jinja2/loaders.py", line 204, in get_source
    raise TemplateNotFound(template)
jinja2.exceptions.TemplateNotFound: sql/md_account_d.sql
[2025-01-13T15:44:36.480+0000] {logging_mixin.py:188} INFO - [2025-01-13T15:44:36.479+0000] {templater.py:95} ERROR - Failed to resolve template field 'sql'
Traceback (most recent call last):
  File "/home/airflow/.local/lib/python3.8/site-packages/airflow/template/templater.py", line 93, in resolve_template_files
    setattr(self, field, env.loader.get_source(env, content)[0])  # type: ignore
  File "/home/airflow/.local/lib/python3.8/site-packages/jinja2/loaders.py", line 204, in get_source
    raise TemplateNotFound(template)
jinja2.exceptions.TemplateNotFound: sql/md_currency_d.sql
[2025-01-13T15:44:36.481+0000] {logging_mixin.py:188} INFO - [2025-01-13T15:44:36.481+0000] {templater.py:95} ERROR - Failed to resolve template field 'sql'
Traceback (most recent call last):
  File "/home/airflow/.local/lib/python3.8/site-packages/airflow/template/templater.py", line 93, in resolve_template_files
    setattr(self, field, env.loader.get_source(env, content)[0])  # type: ignore
  File "/home/airflow/.local/lib/python3.8/site-packages/jinja2/loaders.py", line 204, in get_source
    raise TemplateNotFound(template)
jinja2.exceptions.TemplateNotFound: sql/md_exchange_rate_d.sql
[2025-01-13T15:44:36.482+0000] {logging_mixin.py:188} INFO - [2025-01-13T15:44:36.482+0000] {templater.py:95} ERROR - Failed to resolve template field 'sql'
Traceback (most recent call last):
  File "/home/airflow/.local/lib/python3.8/site-packages/airflow/template/templater.py", line 93, in resolve_template_files
    setattr(self, field, env.loader.get_source(env, content)[0])  # type: ignore
  File "/home/airflow/.local/lib/python3.8/site-packages/jinja2/loaders.py", line 204, in get_source
    raise TemplateNotFound(template)
jinja2.exceptions.TemplateNotFound: sql/md_ledger_account_s.sql
[2025-01-13T15:44:36.483+0000] {logging_mixin.py:188} INFO - [2025-01-13T15:44:36.482+0000] {templater.py:95} ERROR - Failed to resolve template field 'sql'
Traceback (most recent call last):
  File "/home/airflow/.local/lib/python3.8/site-packages/airflow/template/templater.py", line 93, in resolve_template_files
    setattr(self, field, env.loader.get_source(env, content)[0])  # type: ignore
  File "/home/airflow/.local/lib/python3.8/site-packages/jinja2/loaders.py", line 204, in get_source
    raise TemplateNotFound(template)
jinja2.exceptions.TemplateNotFound: sql/create_log_sheme.sql
[2025-01-13T15:44:36.483+0000] {logging_mixin.py:188} INFO - [2025-01-13T15:44:36.483+0000] {templater.py:95} ERROR - Failed to resolve template field 'sql'
Traceback (most recent call last):
  File "/home/airflow/.local/lib/python3.8/site-packages/airflow/template/templater.py", line 93, in resolve_template_files
    setattr(self, field, env.loader.get_source(env, content)[0])  # type: ignore
  File "/home/airflow/.local/lib/python3.8/site-packages/jinja2/loaders.py", line 204, in get_source
    raise TemplateNotFound(template)
jinja2.exceptions.TemplateNotFound: sql/create_schema_ds.sql
[2025-01-13T15:44:36.486+0000] {processor.py:840} INFO - DAG(s) 'insert_date' retrieved from /opt/airflow/dags/insert_data.py
[2025-01-13T15:44:36.593+0000] {logging_mixin.py:188} INFO - [2025-01-13T15:44:36.593+0000] {dag.py:3036} INFO - Sync 1 DAGs
[2025-01-13T15:44:36.612+0000] {logging_mixin.py:188} INFO - [2025-01-13T15:44:36.612+0000] {dag.py:3823} INFO - Setting next_dagrun for insert_date to 2025-01-14 00:00:00+00:00, run_after=2025-01-15 00:00:00+00:00
[2025-01-13T15:44:36.632+0000] {processor.py:183} INFO - Processing /opt/airflow/dags/insert_data.py took 0.667 seconds
[2025-01-13T15:45:06.729+0000] {processor.py:161} INFO - Started process (PID=116) to work on /opt/airflow/dags/insert_data.py
[2025-01-13T15:45:06.729+0000] {processor.py:830} INFO - Processing file /opt/airflow/dags/insert_data.py for tasks to queue
[2025-01-13T15:45:06.731+0000] {logging_mixin.py:188} INFO - [2025-01-13T15:45:06.731+0000] {dagbag.py:538} INFO - Filling up the DagBag from /opt/airflow/dags/insert_data.py
[2025-01-13T15:45:06.980+0000] {logging_mixin.py:188} INFO - [2025-01-13T15:45:06.979+0000] {base.py:83} INFO - Using connection ID 'postgres-db' for task execution.
[2025-01-13T15:45:07.111+0000] {logging_mixin.py:188} INFO - [2025-01-13T15:45:07.110+0000] {templater.py:95} ERROR - Failed to resolve template field 'sql'
Traceback (most recent call last):
  File "/home/airflow/.local/lib/python3.8/site-packages/airflow/template/templater.py", line 93, in resolve_template_files
    setattr(self, field, env.loader.get_source(env, content)[0])  # type: ignore
  File "/home/airflow/.local/lib/python3.8/site-packages/jinja2/loaders.py", line 204, in get_source
    raise TemplateNotFound(template)
jinja2.exceptions.TemplateNotFound: sql/ft_balance_f.sql
[2025-01-13T15:45:07.112+0000] {logging_mixin.py:188} INFO - [2025-01-13T15:45:07.112+0000] {templater.py:95} ERROR - Failed to resolve template field 'sql'
Traceback (most recent call last):
  File "/home/airflow/.local/lib/python3.8/site-packages/airflow/template/templater.py", line 93, in resolve_template_files
    setattr(self, field, env.loader.get_source(env, content)[0])  # type: ignore
  File "/home/airflow/.local/lib/python3.8/site-packages/jinja2/loaders.py", line 204, in get_source
    raise TemplateNotFound(template)
jinja2.exceptions.TemplateNotFound: sql/ft_posting_f.sql
[2025-01-13T15:45:07.113+0000] {logging_mixin.py:188} INFO - [2025-01-13T15:45:07.113+0000] {templater.py:95} ERROR - Failed to resolve template field 'sql'
Traceback (most recent call last):
  File "/home/airflow/.local/lib/python3.8/site-packages/airflow/template/templater.py", line 93, in resolve_template_files
    setattr(self, field, env.loader.get_source(env, content)[0])  # type: ignore
  File "/home/airflow/.local/lib/python3.8/site-packages/jinja2/loaders.py", line 204, in get_source
    raise TemplateNotFound(template)
jinja2.exceptions.TemplateNotFound: sql/md_account_d.sql
[2025-01-13T15:45:07.114+0000] {logging_mixin.py:188} INFO - [2025-01-13T15:45:07.114+0000] {templater.py:95} ERROR - Failed to resolve template field 'sql'
Traceback (most recent call last):
  File "/home/airflow/.local/lib/python3.8/site-packages/airflow/template/templater.py", line 93, in resolve_template_files
    setattr(self, field, env.loader.get_source(env, content)[0])  # type: ignore
  File "/home/airflow/.local/lib/python3.8/site-packages/jinja2/loaders.py", line 204, in get_source
    raise TemplateNotFound(template)
jinja2.exceptions.TemplateNotFound: sql/md_currency_d.sql
[2025-01-13T15:45:07.115+0000] {logging_mixin.py:188} INFO - [2025-01-13T15:45:07.115+0000] {templater.py:95} ERROR - Failed to resolve template field 'sql'
Traceback (most recent call last):
  File "/home/airflow/.local/lib/python3.8/site-packages/airflow/template/templater.py", line 93, in resolve_template_files
    setattr(self, field, env.loader.get_source(env, content)[0])  # type: ignore
  File "/home/airflow/.local/lib/python3.8/site-packages/jinja2/loaders.py", line 204, in get_source
    raise TemplateNotFound(template)
jinja2.exceptions.TemplateNotFound: sql/md_exchange_rate_d.sql
[2025-01-13T15:45:07.116+0000] {logging_mixin.py:188} INFO - [2025-01-13T15:45:07.116+0000] {templater.py:95} ERROR - Failed to resolve template field 'sql'
Traceback (most recent call last):
  File "/home/airflow/.local/lib/python3.8/site-packages/airflow/template/templater.py", line 93, in resolve_template_files
    setattr(self, field, env.loader.get_source(env, content)[0])  # type: ignore
  File "/home/airflow/.local/lib/python3.8/site-packages/jinja2/loaders.py", line 204, in get_source
    raise TemplateNotFound(template)
jinja2.exceptions.TemplateNotFound: sql/md_ledger_account_s.sql
[2025-01-13T15:45:07.117+0000] {logging_mixin.py:188} INFO - [2025-01-13T15:45:07.117+0000] {templater.py:95} ERROR - Failed to resolve template field 'sql'
Traceback (most recent call last):
  File "/home/airflow/.local/lib/python3.8/site-packages/airflow/template/templater.py", line 93, in resolve_template_files
    setattr(self, field, env.loader.get_source(env, content)[0])  # type: ignore
  File "/home/airflow/.local/lib/python3.8/site-packages/jinja2/loaders.py", line 204, in get_source
    raise TemplateNotFound(template)
jinja2.exceptions.TemplateNotFound: sql/create_log_sheme.sql
[2025-01-13T15:45:07.117+0000] {logging_mixin.py:188} INFO - [2025-01-13T15:45:07.117+0000] {templater.py:95} ERROR - Failed to resolve template field 'sql'
Traceback (most recent call last):
  File "/home/airflow/.local/lib/python3.8/site-packages/airflow/template/templater.py", line 93, in resolve_template_files
    setattr(self, field, env.loader.get_source(env, content)[0])  # type: ignore
  File "/home/airflow/.local/lib/python3.8/site-packages/jinja2/loaders.py", line 204, in get_source
    raise TemplateNotFound(template)
jinja2.exceptions.TemplateNotFound: sql/create_schema_ds.sql
[2025-01-13T15:45:07.120+0000] {processor.py:840} INFO - DAG(s) 'insert_date' retrieved from /opt/airflow/dags/insert_data.py
[2025-01-13T15:45:07.219+0000] {logging_mixin.py:188} INFO - [2025-01-13T15:45:07.219+0000] {dag.py:3036} INFO - Sync 1 DAGs
[2025-01-13T15:45:07.237+0000] {logging_mixin.py:188} INFO - [2025-01-13T15:45:07.237+0000] {dag.py:3823} INFO - Setting next_dagrun for insert_date to 2025-01-14 00:00:00+00:00, run_after=2025-01-15 00:00:00+00:00
[2025-01-13T15:45:07.267+0000] {processor.py:183} INFO - Processing /opt/airflow/dags/insert_data.py took 0.542 seconds
[2025-01-13T15:45:37.449+0000] {processor.py:161} INFO - Started process (PID=124) to work on /opt/airflow/dags/insert_data.py
[2025-01-13T15:45:37.451+0000] {processor.py:830} INFO - Processing file /opt/airflow/dags/insert_data.py for tasks to queue
[2025-01-13T15:45:37.452+0000] {logging_mixin.py:188} INFO - [2025-01-13T15:45:37.452+0000] {dagbag.py:538} INFO - Filling up the DagBag from /opt/airflow/dags/insert_data.py
[2025-01-13T15:45:37.791+0000] {logging_mixin.py:188} INFO - [2025-01-13T15:45:37.791+0000] {base.py:83} INFO - Using connection ID 'postgres-db' for task execution.
[2025-01-13T15:45:37.800+0000] {logging_mixin.py:188} INFO - [2025-01-13T15:45:37.799+0000] {templater.py:95} ERROR - Failed to resolve template field 'sql'
Traceback (most recent call last):
  File "/home/airflow/.local/lib/python3.8/site-packages/airflow/template/templater.py", line 93, in resolve_template_files
    setattr(self, field, env.loader.get_source(env, content)[0])  # type: ignore
  File "/home/airflow/.local/lib/python3.8/site-packages/jinja2/loaders.py", line 204, in get_source
    raise TemplateNotFound(template)
jinja2.exceptions.TemplateNotFound: sql/ft_balance_f.sql
[2025-01-13T15:45:37.801+0000] {logging_mixin.py:188} INFO - [2025-01-13T15:45:37.801+0000] {templater.py:95} ERROR - Failed to resolve template field 'sql'
Traceback (most recent call last):
  File "/home/airflow/.local/lib/python3.8/site-packages/airflow/template/templater.py", line 93, in resolve_template_files
    setattr(self, field, env.loader.get_source(env, content)[0])  # type: ignore
  File "/home/airflow/.local/lib/python3.8/site-packages/jinja2/loaders.py", line 204, in get_source
    raise TemplateNotFound(template)
jinja2.exceptions.TemplateNotFound: sql/ft_posting_f.sql
[2025-01-13T15:45:37.802+0000] {logging_mixin.py:188} INFO - [2025-01-13T15:45:37.802+0000] {templater.py:95} ERROR - Failed to resolve template field 'sql'
Traceback (most recent call last):
  File "/home/airflow/.local/lib/python3.8/site-packages/airflow/template/templater.py", line 93, in resolve_template_files
    setattr(self, field, env.loader.get_source(env, content)[0])  # type: ignore
  File "/home/airflow/.local/lib/python3.8/site-packages/jinja2/loaders.py", line 204, in get_source
    raise TemplateNotFound(template)
jinja2.exceptions.TemplateNotFound: sql/md_account_d.sql
[2025-01-13T15:45:37.803+0000] {logging_mixin.py:188} INFO - [2025-01-13T15:45:37.802+0000] {templater.py:95} ERROR - Failed to resolve template field 'sql'
Traceback (most recent call last):
  File "/home/airflow/.local/lib/python3.8/site-packages/airflow/template/templater.py", line 93, in resolve_template_files
    setattr(self, field, env.loader.get_source(env, content)[0])  # type: ignore
  File "/home/airflow/.local/lib/python3.8/site-packages/jinja2/loaders.py", line 204, in get_source
    raise TemplateNotFound(template)
jinja2.exceptions.TemplateNotFound: sql/md_currency_d.sql
[2025-01-13T15:45:37.804+0000] {logging_mixin.py:188} INFO - [2025-01-13T15:45:37.803+0000] {templater.py:95} ERROR - Failed to resolve template field 'sql'
Traceback (most recent call last):
  File "/home/airflow/.local/lib/python3.8/site-packages/airflow/template/templater.py", line 93, in resolve_template_files
    setattr(self, field, env.loader.get_source(env, content)[0])  # type: ignore
  File "/home/airflow/.local/lib/python3.8/site-packages/jinja2/loaders.py", line 204, in get_source
    raise TemplateNotFound(template)
jinja2.exceptions.TemplateNotFound: sql/md_exchange_rate_d.sql
[2025-01-13T15:45:37.804+0000] {logging_mixin.py:188} INFO - [2025-01-13T15:45:37.804+0000] {templater.py:95} ERROR - Failed to resolve template field 'sql'
Traceback (most recent call last):
  File "/home/airflow/.local/lib/python3.8/site-packages/airflow/template/templater.py", line 93, in resolve_template_files
    setattr(self, field, env.loader.get_source(env, content)[0])  # type: ignore
  File "/home/airflow/.local/lib/python3.8/site-packages/jinja2/loaders.py", line 204, in get_source
    raise TemplateNotFound(template)
jinja2.exceptions.TemplateNotFound: sql/md_ledger_account_s.sql
[2025-01-13T15:45:37.805+0000] {logging_mixin.py:188} INFO - [2025-01-13T15:45:37.805+0000] {templater.py:95} ERROR - Failed to resolve template field 'sql'
Traceback (most recent call last):
  File "/home/airflow/.local/lib/python3.8/site-packages/airflow/template/templater.py", line 93, in resolve_template_files
    setattr(self, field, env.loader.get_source(env, content)[0])  # type: ignore
  File "/home/airflow/.local/lib/python3.8/site-packages/jinja2/loaders.py", line 204, in get_source
    raise TemplateNotFound(template)
jinja2.exceptions.TemplateNotFound: sql/create_log_sheme.sql
[2025-01-13T15:45:37.806+0000] {logging_mixin.py:188} INFO - [2025-01-13T15:45:37.806+0000] {templater.py:95} ERROR - Failed to resolve template field 'sql'
Traceback (most recent call last):
  File "/home/airflow/.local/lib/python3.8/site-packages/airflow/template/templater.py", line 93, in resolve_template_files
    setattr(self, field, env.loader.get_source(env, content)[0])  # type: ignore
  File "/home/airflow/.local/lib/python3.8/site-packages/jinja2/loaders.py", line 204, in get_source
    raise TemplateNotFound(template)
jinja2.exceptions.TemplateNotFound: sql/create_schema_ds.sql
[2025-01-13T15:45:37.809+0000] {processor.py:840} INFO - DAG(s) 'insert_date' retrieved from /opt/airflow/dags/insert_data.py
[2025-01-13T15:45:37.912+0000] {logging_mixin.py:188} INFO - [2025-01-13T15:45:37.911+0000] {dag.py:3036} INFO - Sync 1 DAGs
[2025-01-13T15:45:37.930+0000] {logging_mixin.py:188} INFO - [2025-01-13T15:45:37.930+0000] {dag.py:3823} INFO - Setting next_dagrun for insert_date to 2025-01-14 00:00:00+00:00, run_after=2025-01-15 00:00:00+00:00
[2025-01-13T15:45:37.963+0000] {processor.py:183} INFO - Processing /opt/airflow/dags/insert_data.py took 0.518 seconds
