[2025-01-12T16:55:09.756+0000] {taskinstance.py:1956} INFO - Dependencies all met for dep_context=non-requeueable deps ti=<TaskInstance: insert_date.md_account_d manual__2025-01-12T16:55:04.477943+00:00 [queued]>
[2025-01-12T16:55:09.994+0000] {taskinstance.py:1956} INFO - Dependencies all met for dep_context=requeueable deps ti=<TaskInstance: insert_date.md_account_d manual__2025-01-12T16:55:04.477943+00:00 [queued]>
[2025-01-12T16:55:09.995+0000] {taskinstance.py:2170} INFO - Starting attempt 1 of 3
[2025-01-12T16:55:10.012+0000] {taskinstance.py:2191} INFO - Executing <Task(PythonOperator): md_account_d> on 2025-01-12 16:55:04.477943+00:00
[2025-01-12T16:55:10.020+0000] {standard_task_runner.py:60} INFO - Started process 4378 to run task
[2025-01-12T16:55:10.028+0000] {standard_task_runner.py:87} INFO - Running: ['***', 'tasks', 'run', 'insert_date', 'md_account_d', 'manual__2025-01-12T16:55:04.477943+00:00', '--job-id', '2432', '--raw', '--subdir', 'DAGS_FOLDER/insert_data.py', '--cfg-path', '/tmp/tmpccy05hci']
[2025-01-12T16:55:10.032+0000] {standard_task_runner.py:88} INFO - Job 2432: Subtask md_account_d
[2025-01-12T16:55:10.097+0000] {task_command.py:423} INFO - Running <TaskInstance: insert_date.md_account_d manual__2025-01-12T16:55:04.477943+00:00 [running]> on host 711845a6becd
[2025-01-12T16:55:10.196+0000] {taskinstance.py:2480} INFO - Exporting env vars: AIRFLOW_CTX_DAG_OWNER='budanovsa' AIRFLOW_CTX_DAG_ID='insert_date' AIRFLOW_CTX_TASK_ID='md_account_d' AIRFLOW_CTX_EXECUTION_DATE='2025-01-12T16:55:04.477943+00:00' AIRFLOW_CTX_TRY_NUMBER='1' AIRFLOW_CTX_DAG_RUN_ID='manual__2025-01-12T16:55:04.477943+00:00'
[2025-01-12T16:55:10.220+0000] {base.py:83} INFO - Using connection ID 'postgres-db' for task execution.
[2025-01-12T16:55:10.333+0000] {python.py:201} INFO - Done. Returned value was: None
[2025-01-12T16:55:10.346+0000] {taskinstance.py:1138} INFO - Marking task as SUCCESS. dag_id=insert_date, task_id=md_account_d, execution_date=20250112T165504, start_date=20250112T165509, end_date=20250112T165510
[2025-01-12T16:55:10.351+0000] {base.py:83} INFO - Using connection ID 'postgres-db' for task execution.
[2025-01-12T16:55:10.425+0000] {sql.py:450} INFO - Running statement: 
        INSERT INTO log.logt (execution_datetime, event_datetime, event_name)
        VALUES ('2025-01-12 16:55:04.477943', '2025-01-12T16:55:10.347866', 'md_account_d');
    , parameters: None
[2025-01-12T16:55:10.429+0000] {sql.py:459} INFO - Rows affected: 1
[2025-01-12T16:55:10.480+0000] {local_task_job_runner.py:234} INFO - Task exited with return code 0
[2025-01-12T16:55:10.556+0000] {taskinstance.py:3280} INFO - 0 downstream tasks scheduled from follow-on schedule check
