[2025-01-07T09:48:19.935+0000] {taskinstance.py:1956} INFO - Dependencies all met for dep_context=non-requeueable deps ti=<TaskInstance: insert_date.call_get_posting_data_by_date manual__2025-01-07T09:33:43.073719+00:00 [queued]>
[2025-01-07T09:48:19.956+0000] {taskinstance.py:1956} INFO - Dependencies all met for dep_context=requeueable deps ti=<TaskInstance: insert_date.call_get_posting_data_by_date manual__2025-01-07T09:33:43.073719+00:00 [queued]>
[2025-01-07T09:48:19.957+0000] {taskinstance.py:2170} INFO - Starting attempt 2 of 3
[2025-01-07T09:48:20.253+0000] {taskinstance.py:2191} INFO - Executing <Task(SQLExecuteQueryOperator): call_get_posting_data_by_date> on 2025-01-07 09:33:43.073719+00:00
[2025-01-07T09:48:20.265+0000] {standard_task_runner.py:60} INFO - Started process 135 to run task
[2025-01-07T09:48:20.271+0000] {standard_task_runner.py:87} INFO - Running: ['***', 'tasks', 'run', 'insert_date', 'call_get_posting_data_by_date', 'manual__2025-01-07T09:33:43.073719+00:00', '--job-id', '688', '--raw', '--subdir', 'DAGS_FOLDER/insert_data.py', '--cfg-path', '/tmp/tmpsaacv9pw']
[2025-01-07T09:48:20.275+0000] {standard_task_runner.py:88} INFO - Job 688: Subtask call_get_posting_data_by_date
[2025-01-07T09:48:20.367+0000] {task_command.py:423} INFO - Running <TaskInstance: insert_date.call_get_posting_data_by_date manual__2025-01-07T09:33:43.073719+00:00 [running]> on host 25a397655cc7
[2025-01-07T09:48:20.541+0000] {taskinstance.py:2480} INFO - Exporting env vars: AIRFLOW_CTX_DAG_OWNER='budanovsa' AIRFLOW_CTX_DAG_ID='insert_date' AIRFLOW_CTX_TASK_ID='call_get_posting_data_by_date' AIRFLOW_CTX_EXECUTION_DATE='2025-01-07T09:33:43.073719+00:00' AIRFLOW_CTX_TRY_NUMBER='2' AIRFLOW_CTX_DAG_RUN_ID='manual__2025-01-07T09:33:43.073719+00:00'
[2025-01-07T09:48:20.545+0000] {sql.py:276} INFO - Executing: CALL dm.get_posting_data_by_date()
[2025-01-07T09:48:20.564+0000] {base.py:83} INFO - Using connection ID 'postgres-db' for task execution.
[2025-01-07T09:48:20.582+0000] {base.py:83} INFO - Using connection ID 'postgres-db' for task execution.
[2025-01-07T09:48:20.723+0000] {sql.py:450} INFO - Running statement: CALL dm.get_posting_data_by_date(), parameters: None
[2025-01-07T09:48:20.734+0000] {taskinstance.py:2698} ERROR - Task failed with exception
Traceback (most recent call last):
  File "/home/airflow/.local/lib/python3.8/site-packages/airflow/models/taskinstance.py", line 433, in _execute_task
    result = execute_callable(context=context, **execute_callable_kwargs)
  File "/home/airflow/.local/lib/python3.8/site-packages/airflow/providers/common/sql/operators/sql.py", line 282, in execute
    output = hook.run(
  File "/home/airflow/.local/lib/python3.8/site-packages/airflow/providers/common/sql/hooks/sql.py", line 398, in run
    self._run_command(cur, sql_statement, parameters)
  File "/home/airflow/.local/lib/python3.8/site-packages/airflow/providers/common/sql/hooks/sql.py", line 455, in _run_command
    cur.execute(sql_statement)
psycopg2.errors.UndefinedTable: ОШИБКА:  отношение "dm.posting_data_by_date" не существует
LINE 5:     INSERT INTO dm.posting_data_by_date(
                        ^
QUERY:  
    
    TRUNCATE TABLE dm.posting_data_by_date;

    INSERT INTO dm.posting_data_by_date(
          operation_date
        , debit_amount
        , credit_amount
        , row_timestamp
    )
    SELECT fpf.oper_date 
         , SUM(fpf.credit_amount)   AS credit_amount
         , SUM(fpf.debet_amount)    AS debet_amount 
         , NOW()                    AS row_timestamp
      FROM dsl.ft_posting_f fpf
     GROUP BY fpf.oper_date;


CONTEXT:  SQL-функция "get_posting_data_by_date" (при старте)

[2025-01-07T09:48:20.757+0000] {taskinstance.py:1138} INFO - Marking task as UP_FOR_RETRY. dag_id=insert_date, task_id=call_get_posting_data_by_date, execution_date=20250107T093343, start_date=20250107T094819, end_date=20250107T094820
[2025-01-07T09:48:20.787+0000] {standard_task_runner.py:107} ERROR - Failed to execute job 688 for task call_get_posting_data_by_date (ОШИБКА:  отношение "dm.posting_data_by_date" не существует
LINE 5:     INSERT INTO dm.posting_data_by_date(
                        ^
QUERY:  
    
    TRUNCATE TABLE dm.posting_data_by_date;

    INSERT INTO dm.posting_data_by_date(
          operation_date
        , debit_amount
        , credit_amount
        , row_timestamp
    )
    SELECT fpf.oper_date 
         , SUM(fpf.credit_amount)   AS credit_amount
         , SUM(fpf.debet_amount)    AS debet_amount 
         , NOW()                    AS row_timestamp
      FROM dsl.ft_posting_f fpf
     GROUP BY fpf.oper_date;


CONTEXT:  SQL-функция "get_posting_data_by_date" (при старте)
; 135)
[2025-01-07T09:48:20.806+0000] {local_task_job_runner.py:234} INFO - Task exited with return code 1
[2025-01-07T09:48:20.845+0000] {taskinstance.py:3280} INFO - 0 downstream tasks scheduled from follow-on schedule check
