[2025-01-07T06:40:06.131+0000] {taskinstance.py:1946} INFO - Dependencies not met for <TaskInstance: insert_date.md_exchange_rate_d scheduled__2025-01-06T00:00:00+00:00 [failed]>, dependency 'Task Instance State' FAILED: Task is in the 'failed' state.
[2025-01-07T06:40:06.144+0000] {local_task_job_runner.py:160} INFO - Task is not able to be run
[2025-01-07T06:40:06.178+0000] {taskinstance.py:1946} INFO - Dependencies not met for <TaskInstance: insert_date.md_exchange_rate_d scheduled__2025-01-06T00:00:00+00:00 [failed]>, dependency 'Task Instance State' FAILED: Task is in the 'failed' state.
[2025-01-07T06:40:06.188+0000] {local_task_job_runner.py:160} INFO - Task is not able to be run
[2025-01-07T06:40:06.926+0000] {taskinstance.py:1946} INFO - Dependencies not met for <TaskInstance: insert_date.md_exchange_rate_d scheduled__2025-01-06T00:00:00+00:00 [failed]>, dependency 'Task Instance State' FAILED: Task is in the 'failed' state.
[2025-01-07T06:40:06.929+0000] {local_task_job_runner.py:160} INFO - Task is not able to be run
[2025-01-07T09:32:31.055+0000] {taskinstance.py:1956} INFO - Dependencies all met for dep_context=non-requeueable deps ti=<TaskInstance: insert_date.md_exchange_rate_d scheduled__2025-01-06T00:00:00+00:00 [queued]>
[2025-01-07T09:32:31.095+0000] {taskinstance.py:1956} INFO - Dependencies all met for dep_context=requeueable deps ti=<TaskInstance: insert_date.md_exchange_rate_d scheduled__2025-01-06T00:00:00+00:00 [queued]>
[2025-01-07T09:32:31.097+0000] {taskinstance.py:2170} INFO - Starting attempt 3 of 5
[2025-01-07T09:32:31.703+0000] {taskinstance.py:2191} INFO - Executing <Task(PythonOperator): md_exchange_rate_d> on 2025-01-06 00:00:00+00:00
[2025-01-07T09:32:31.729+0000] {standard_task_runner.py:60} INFO - Started process 405 to run task
[2025-01-07T09:32:31.743+0000] {standard_task_runner.py:87} INFO - Running: ['***', 'tasks', 'run', 'insert_date', 'md_exchange_rate_d', 'scheduled__2025-01-06T00:00:00+00:00', '--job-id', '482', '--raw', '--subdir', 'DAGS_FOLDER/insert_data.py', '--cfg-path', '/tmp/tmpqu2aij3g']
[2025-01-07T09:32:31.775+0000] {standard_task_runner.py:88} INFO - Job 482: Subtask md_exchange_rate_d
[2025-01-07T09:32:32.130+0000] {task_command.py:423} INFO - Running <TaskInstance: insert_date.md_exchange_rate_d scheduled__2025-01-06T00:00:00+00:00 [running]> on host 25a397655cc7
[2025-01-07T09:32:32.591+0000] {taskinstance.py:2480} INFO - Exporting env vars: AIRFLOW_CTX_DAG_OWNER='budanovsa' AIRFLOW_CTX_DAG_ID='insert_date' AIRFLOW_CTX_TASK_ID='md_exchange_rate_d' AIRFLOW_CTX_EXECUTION_DATE='2025-01-06T00:00:00+00:00' AIRFLOW_CTX_TRY_NUMBER='3' AIRFLOW_CTX_DAG_RUN_ID='scheduled__2025-01-06T00:00:00+00:00'
[2025-01-07T09:32:32.689+0000] {base.py:83} INFO - Using connection ID 'postgres-db' for task execution.
[2025-01-07T09:32:33.242+0000] {python.py:201} INFO - Done. Returned value was: None
[2025-01-07T09:32:33.304+0000] {taskinstance.py:1138} INFO - Marking task as SUCCESS. dag_id=insert_date, task_id=md_exchange_rate_d, execution_date=20250106T000000, start_date=20250107T093231, end_date=20250107T093233
[2025-01-07T09:32:33.435+0000] {local_task_job_runner.py:234} INFO - Task exited with return code 0
[2025-01-07T09:32:33.709+0000] {taskinstance.py:3280} INFO - 0 downstream tasks scheduled from follow-on schedule check
