[2025-01-10T15:28:31.788+0000] {taskinstance.py:1956} INFO - Dependencies all met for dep_context=non-requeueable deps ti=<TaskInstance: insert_date.sql_ft_posting_f manual__2025-01-10T15:28:25.262161+00:00 [queued]>
[2025-01-10T15:28:31.800+0000] {taskinstance.py:1956} INFO - Dependencies all met for dep_context=requeueable deps ti=<TaskInstance: insert_date.sql_ft_posting_f manual__2025-01-10T15:28:25.262161+00:00 [queued]>
[2025-01-10T15:28:31.801+0000] {taskinstance.py:2170} INFO - Starting attempt 1 of 3
[2025-01-10T15:28:32.006+0000] {taskinstance.py:2191} INFO - Executing <Task(SQLExecuteQueryOperator): sql_ft_posting_f> on 2025-01-10 15:28:25.262161+00:00
[2025-01-10T15:28:32.013+0000] {standard_task_runner.py:60} INFO - Started process 1901 to run task
[2025-01-10T15:28:32.017+0000] {standard_task_runner.py:87} INFO - Running: ['***', 'tasks', 'run', 'insert_date', 'sql_ft_posting_f', 'manual__2025-01-10T15:28:25.262161+00:00', '--job-id', '1682', '--raw', '--subdir', 'DAGS_FOLDER/insert_data.py', '--cfg-path', '/tmp/tmp5ey8tvwe']
[2025-01-10T15:28:32.020+0000] {standard_task_runner.py:88} INFO - Job 1682: Subtask sql_ft_posting_f
[2025-01-10T15:28:32.074+0000] {task_command.py:423} INFO - Running <TaskInstance: insert_date.sql_ft_posting_f manual__2025-01-10T15:28:25.262161+00:00 [running]> on host 711845a6becd
[2025-01-10T15:28:32.158+0000] {taskinstance.py:2480} INFO - Exporting env vars: AIRFLOW_CTX_DAG_OWNER='budanovsa' AIRFLOW_CTX_DAG_ID='insert_date' AIRFLOW_CTX_TASK_ID='sql_ft_posting_f' AIRFLOW_CTX_EXECUTION_DATE='2025-01-10T15:28:25.262161+00:00' AIRFLOW_CTX_TRY_NUMBER='1' AIRFLOW_CTX_DAG_RUN_ID='manual__2025-01-10T15:28:25.262161+00:00'
[2025-01-10T15:28:32.160+0000] {sql.py:276} INFO - Executing: truncate table ds.ft_posting_f;

INSERT INTO ds.ft_posting_f(
      credit_account_rk
    , debet_account_rk
    , credit_amount
    , debet_amount
    , oper_date
)
SELECT fpf."CREDIT_ACCOUNT_RK"
    , fpf."DEBET_ACCOUNT_RK" 
    , fpf."CREDIT_AMOUNT" 
    , fpf."DEBET_AMOUNT" 
    , to_date(fpf."OPER_DATE", 'dd.mm.YYYY')
  FROM stage.ft_posting_f fpf
 WHERE fpf."CREDIT_ACCOUNT_RK" IS NOT NULL
   AND fpf."DEBET_ACCOUNT_RK" IS NOT NULL; 
[2025-01-10T15:28:32.168+0000] {base.py:83} INFO - Using connection ID 'postgres-db' for task execution.
[2025-01-10T15:28:32.184+0000] {base.py:83} INFO - Using connection ID 'postgres-db' for task execution.
[2025-01-10T15:28:32.249+0000] {sql.py:450} INFO - Running statement: truncate table ds.ft_posting_f;

INSERT INTO ds.ft_posting_f(
      credit_account_rk
    , debet_account_rk
    , credit_amount
    , debet_amount
    , oper_date
)
SELECT fpf."CREDIT_ACCOUNT_RK"
    , fpf."DEBET_ACCOUNT_RK" 
    , fpf."CREDIT_AMOUNT" 
    , fpf."DEBET_AMOUNT" 
    , to_date(fpf."OPER_DATE", 'dd.mm.YYYY')
  FROM stage.ft_posting_f fpf
 WHERE fpf."CREDIT_ACCOUNT_RK" IS NOT NULL
   AND fpf."DEBET_ACCOUNT_RK" IS NOT NULL; , parameters: None
[2025-01-10T15:28:32.373+0000] {sql.py:459} INFO - Rows affected: 33892
[2025-01-10T15:28:32.390+0000] {taskinstance.py:1138} INFO - Marking task as SUCCESS. dag_id=insert_date, task_id=sql_ft_posting_f, execution_date=20250110T152825, start_date=20250110T152831, end_date=20250110T152832
[2025-01-10T15:28:32.394+0000] {base.py:83} INFO - Using connection ID 'postgres-db' for task execution.
[2025-01-10T15:28:32.441+0000] {sql.py:450} INFO - Running statement: 
        INSERT INTO log.logt (execution_datetime, event_datetime, event_name)
        VALUES ('2025-01-10T15:28:25.262161', '2025-01-10T15:28:32.391022', 'sql_ft_posting_f');
    , parameters: None
[2025-01-10T15:28:32.444+0000] {taskinstance.py:1116} ERROR - Error when executing uploading_logs callback
Traceback (most recent call last):
  File "/home/airflow/.local/lib/python3.8/site-packages/airflow/models/taskinstance.py", line 1113, in _run_finished_callback
    callback(context)
  File "/opt/airflow/dags/insert_data.py", line 51, in uploading_logs
    postgres_hook.run(query)
  File "/home/airflow/.local/lib/python3.8/site-packages/airflow/providers/common/sql/hooks/sql.py", line 398, in run
    self._run_command(cur, sql_statement, parameters)
  File "/home/airflow/.local/lib/python3.8/site-packages/airflow/providers/common/sql/hooks/sql.py", line 455, in _run_command
    cur.execute(sql_statement)
psycopg2.errors.UndefinedTable: ОШИБКА:  отношение "log.logt" не существует
LINE 2:         INSERT INTO log.logt (execution_datetime, event_date...
                            ^

[2025-01-10T15:28:32.469+0000] {local_task_job_runner.py:234} INFO - Task exited with return code 0
[2025-01-10T15:28:32.487+0000] {taskinstance.py:3280} INFO - 0 downstream tasks scheduled from follow-on schedule check
