[2025-01-10T16:20:06.588+0000] {taskinstance.py:1956} INFO - Dependencies all met for dep_context=non-requeueable deps ti=<TaskInstance: insert_date.split manual__2025-01-10T16:20:00.563212+00:00 [queued]>
[2025-01-10T16:20:06.595+0000] {taskinstance.py:1956} INFO - Dependencies all met for dep_context=requeueable deps ti=<TaskInstance: insert_date.split manual__2025-01-10T16:20:00.563212+00:00 [queued]>
[2025-01-10T16:20:06.596+0000] {taskinstance.py:2170} INFO - Starting attempt 1 of 3
[2025-01-10T16:20:06.735+0000] {taskinstance.py:2191} INFO - Executing <Task(EmptyOperator): split> on 2025-01-10 16:20:00.563212+00:00
[2025-01-10T16:20:06.740+0000] {standard_task_runner.py:60} INFO - Started process 3327 to run task
[2025-01-10T16:20:06.744+0000] {standard_task_runner.py:87} INFO - Running: ['***', 'tasks', 'run', 'insert_date', 'split', 'manual__2025-01-10T16:20:00.563212+00:00', '--job-id', '1919', '--raw', '--subdir', 'DAGS_FOLDER/insert_data.py', '--cfg-path', '/tmp/tmppd975_p4']
[2025-01-10T16:20:06.747+0000] {standard_task_runner.py:88} INFO - Job 1919: Subtask split
[2025-01-10T16:20:06.793+0000] {task_command.py:423} INFO - Running <TaskInstance: insert_date.split manual__2025-01-10T16:20:00.563212+00:00 [running]> on host 711845a6becd
[2025-01-10T16:20:06.872+0000] {taskinstance.py:2480} INFO - Exporting env vars: AIRFLOW_CTX_DAG_OWNER='budanovsa' AIRFLOW_CTX_DAG_ID='insert_date' AIRFLOW_CTX_TASK_ID='split' AIRFLOW_CTX_EXECUTION_DATE='2025-01-10T16:20:00.563212+00:00' AIRFLOW_CTX_TRY_NUMBER='1' AIRFLOW_CTX_DAG_RUN_ID='manual__2025-01-10T16:20:00.563212+00:00'
[2025-01-10T16:20:06.881+0000] {taskinstance.py:1138} INFO - Marking task as SUCCESS. dag_id=insert_date, task_id=split, execution_date=20250110T162000, start_date=20250110T162006, end_date=20250110T162006
[2025-01-10T16:20:06.887+0000] {base.py:83} INFO - Using connection ID 'postgres-db' for task execution.
[2025-01-10T16:20:06.931+0000] {sql.py:450} INFO - Running statement: 
        INSERT INTO log.logt (execution_datetime, event_datetime, event_name)
        VALUES ('2025-01-10T16:20:00.563212', '2025-01-10T16:20:06.882740', 'split');
    , parameters: None
[2025-01-10T16:20:06.934+0000] {taskinstance.py:1116} ERROR - Error when executing uploading_logs callback
Traceback (most recent call last):
  File "/home/airflow/.local/lib/python3.8/site-packages/airflow/models/taskinstance.py", line 1113, in _run_finished_callback
    callback(context)
  File "/opt/airflow/dags/insert_data.py", line 53, in uploading_logs
    postgres_hook.run(query)
  File "/home/airflow/.local/lib/python3.8/site-packages/airflow/providers/common/sql/hooks/sql.py", line 398, in run
    self._run_command(cur, sql_statement, parameters)
  File "/home/airflow/.local/lib/python3.8/site-packages/airflow/providers/common/sql/hooks/sql.py", line 455, in _run_command
    cur.execute(sql_statement)
psycopg2.errors.UndefinedTable: ОШИБКА:  отношение "log.logt" не существует
LINE 2:         INSERT INTO log.logt (execution_datetime, event_date...
                            ^

[2025-01-10T16:20:06.957+0000] {local_task_job_runner.py:234} INFO - Task exited with return code 0
[2025-01-10T16:20:06.980+0000] {taskinstance.py:3280} INFO - 6 downstream tasks scheduled from follow-on schedule check
