[2025-01-07T06:40:06.093+0000] {taskinstance.py:1946} INFO - Dependencies not met for <TaskInstance: insert_date.ft_balance_f scheduled__2025-01-06T00:00:00+00:00 [failed]>, dependency 'Task Instance State' FAILED: Task is in the 'failed' state.
[2025-01-07T06:40:06.103+0000] {local_task_job_runner.py:160} INFO - Task is not able to be run
[2025-01-07T06:40:06.186+0000] {taskinstance.py:1946} INFO - Dependencies not met for <TaskInstance: insert_date.ft_balance_f scheduled__2025-01-06T00:00:00+00:00 [failed]>, dependency 'Task Instance State' FAILED: Task is in the 'failed' state.
[2025-01-07T06:40:06.205+0000] {local_task_job_runner.py:160} INFO - Task is not able to be run
[2025-01-07T06:40:06.919+0000] {taskinstance.py:1946} INFO - Dependencies not met for <TaskInstance: insert_date.ft_balance_f scheduled__2025-01-06T00:00:00+00:00 [failed]>, dependency 'Task Instance State' FAILED: Task is in the 'failed' state.
[2025-01-07T06:40:06.925+0000] {local_task_job_runner.py:160} INFO - Task is not able to be run
[2025-01-07T09:32:32.906+0000] {taskinstance.py:1956} INFO - Dependencies all met for dep_context=non-requeueable deps ti=<TaskInstance: insert_date.ft_balance_f scheduled__2025-01-06T00:00:00+00:00 [queued]>
[2025-01-07T09:32:33.027+0000] {taskinstance.py:1956} INFO - Dependencies all met for dep_context=requeueable deps ti=<TaskInstance: insert_date.ft_balance_f scheduled__2025-01-06T00:00:00+00:00 [queued]>
[2025-01-07T09:32:33.036+0000] {taskinstance.py:2170} INFO - Starting attempt 3 of 5
[2025-01-07T09:32:33.789+0000] {taskinstance.py:2191} INFO - Executing <Task(PythonOperator): ft_balance_f> on 2025-01-06 00:00:00+00:00
[2025-01-07T09:32:33.823+0000] {standard_task_runner.py:60} INFO - Started process 417 to run task
[2025-01-07T09:32:33.845+0000] {standard_task_runner.py:87} INFO - Running: ['***', 'tasks', 'run', 'insert_date', 'ft_balance_f', 'scheduled__2025-01-06T00:00:00+00:00', '--job-id', '485', '--raw', '--subdir', 'DAGS_FOLDER/insert_data.py', '--cfg-path', '/tmp/tmpcexnyxho']
[2025-01-07T09:32:33.910+0000] {standard_task_runner.py:88} INFO - Job 485: Subtask ft_balance_f
[2025-01-07T09:32:34.217+0000] {task_command.py:423} INFO - Running <TaskInstance: insert_date.ft_balance_f scheduled__2025-01-06T00:00:00+00:00 [running]> on host 25a397655cc7
[2025-01-07T09:32:34.767+0000] {taskinstance.py:2480} INFO - Exporting env vars: AIRFLOW_CTX_DAG_OWNER='budanovsa' AIRFLOW_CTX_DAG_ID='insert_date' AIRFLOW_CTX_TASK_ID='ft_balance_f' AIRFLOW_CTX_EXECUTION_DATE='2025-01-06T00:00:00+00:00' AIRFLOW_CTX_TRY_NUMBER='3' AIRFLOW_CTX_DAG_RUN_ID='scheduled__2025-01-06T00:00:00+00:00'
[2025-01-07T09:32:34.885+0000] {base.py:83} INFO - Using connection ID 'postgres-db' for task execution.
[2025-01-07T09:32:35.169+0000] {python.py:201} INFO - Done. Returned value was: None
[2025-01-07T09:32:35.219+0000] {taskinstance.py:1138} INFO - Marking task as SUCCESS. dag_id=insert_date, task_id=ft_balance_f, execution_date=20250106T000000, start_date=20250107T093232, end_date=20250107T093235
[2025-01-07T09:32:35.383+0000] {local_task_job_runner.py:234} INFO - Task exited with return code 0
[2025-01-07T09:32:35.618+0000] {taskinstance.py:3280} INFO - 0 downstream tasks scheduled from follow-on schedule check
