[2025-01-08T13:20:50.587+0000] {taskinstance.py:1956} INFO - Dependencies all met for dep_context=non-requeueable deps ti=<TaskInstance: insert_date.create_logs_sheme manual__2025-01-08T13:20:48.128974+00:00 [queued]>
[2025-01-08T13:20:50.602+0000] {taskinstance.py:1956} INFO - Dependencies all met for dep_context=requeueable deps ti=<TaskInstance: insert_date.create_logs_sheme manual__2025-01-08T13:20:48.128974+00:00 [queued]>
[2025-01-08T13:20:50.603+0000] {taskinstance.py:2170} INFO - Starting attempt 1 of 3
[2025-01-08T13:20:50.868+0000] {taskinstance.py:2191} INFO - Executing <Task(SQLExecuteQueryOperator): create_logs_sheme> on 2025-01-08 13:20:48.128974+00:00
[2025-01-08T13:20:50.874+0000] {standard_task_runner.py:60} INFO - Started process 250 to run task
[2025-01-08T13:20:50.879+0000] {standard_task_runner.py:87} INFO - Running: ['***', 'tasks', 'run', 'insert_date', 'create_logs_sheme', 'manual__2025-01-08T13:20:48.128974+00:00', '--job-id', '1302', '--raw', '--subdir', 'DAGS_FOLDER/insert_data.py', '--cfg-path', '/tmp/tmpu4quulik']
[2025-01-08T13:20:50.883+0000] {standard_task_runner.py:88} INFO - Job 1302: Subtask create_logs_sheme
[2025-01-08T13:20:50.962+0000] {task_command.py:423} INFO - Running <TaskInstance: insert_date.create_logs_sheme manual__2025-01-08T13:20:48.128974+00:00 [running]> on host 779bfbde52bc
[2025-01-08T13:20:51.101+0000] {taskinstance.py:2480} INFO - Exporting env vars: AIRFLOW_CTX_DAG_OWNER='budanovsa' AIRFLOW_CTX_DAG_ID='insert_date' AIRFLOW_CTX_TASK_ID='create_logs_sheme' AIRFLOW_CTX_EXECUTION_DATE='2025-01-08T13:20:48.128974+00:00' AIRFLOW_CTX_TRY_NUMBER='1' AIRFLOW_CTX_DAG_RUN_ID='manual__2025-01-08T13:20:48.128974+00:00'
[2025-01-08T13:20:51.102+0000] {sql.py:276} INFO - Executing: create schema if not exists "logs";

create table if not exists
	logs.csv_to_dag (
		execution_datetime TIMESTAMP not null,
		event_datetime TIMESTAMP not null,
		event_name VARCHAR(30) not null,
		event_status VARCHAR(30)
);
[2025-01-08T13:20:51.115+0000] {base.py:83} INFO - Using connection ID 'postgres-db' for task execution.
[2025-01-08T13:20:51.127+0000] {base.py:83} INFO - Using connection ID 'postgres-db' for task execution.
[2025-01-08T13:20:51.202+0000] {sql.py:450} INFO - Running statement: create schema if not exists "logs";

create table if not exists
	logs.csv_to_dag (
		execution_datetime TIMESTAMP not null,
		event_datetime TIMESTAMP not null,
		event_name VARCHAR(30) not null,
		event_status VARCHAR(30)
);, parameters: None
[2025-01-08T13:20:51.229+0000] {taskinstance.py:1138} INFO - Marking task as SUCCESS. dag_id=insert_date, task_id=create_logs_sheme, execution_date=20250108T132048, start_date=20250108T132050, end_date=20250108T132051
[2025-01-08T13:20:51.236+0000] {base.py:83} INFO - Using connection ID 'postgres-db' for task execution.
[2025-01-08T13:20:51.316+0000] {sql.py:450} INFO - Running statement: 
        INSERT INTO logs.csv_to_dag (execution_datetime, event_datetime, event_name)
        VALUES ('2025-01-08T13:20:48.128974', '2025-01-08T13:20:51.231060', 'create_logs_sheme');
    , parameters: None
[2025-01-08T13:20:51.320+0000] {sql.py:459} INFO - Rows affected: 1
[2025-01-08T13:20:51.376+0000] {local_task_job_runner.py:234} INFO - Task exited with return code 0
[2025-01-08T13:20:51.433+0000] {taskinstance.py:3280} INFO - 0 downstream tasks scheduled from follow-on schedule check
